<?xml version="1.0" encoding="UTF-8"?>
<!-- Generated by org.testng.reporters.JUnitReportReporter -->
<testsuite skipped="0" hostname="yinons-MBP" name="Tests.EditStyleForMenTests" tests="11" failures="0" timestamp="12 Apr 2018 15:37:46 GMT" time="1809.378" errors="1">
  <testcase name="DoSignUp" time="196.091" classname="Tests.EditStyleForMenTests"/>
  <testcase name="EditStyle" time="77.639" classname="Tests.EditStyleForMenTests"/>
  <testcase name="EditBodyType" time="125.499" classname="Tests.EditStyleForMenTests"/>
  <testcase name="EditHeight" time="92.800" classname="Tests.EditStyleForMenTests"/>
  <testcase name="EditSize" time="94.958" classname="Tests.EditStyleForMenTests"/>
  <testcase name="EditFitTop" time="92.252" classname="Tests.EditStyleForMenTests"/>
  <testcase name="EditFitBottom" time="90.389" classname="Tests.EditStyleForMenTests"/>
  <testcase name="EditBudget" time="160.441" classname="Tests.EditStyleForMenTests">
    <error type="org.openqa.selenium.NoSuchElementException" message="An element could not be located on the page using the given search parameters. (WARNING: The server did not provide any stacktrace information)
Command duration or timeout: 0 milliseconds
For documentation on this error, please visit: http://seleniumhq.org/exceptions/no_such_element.html
Build info: version: &#039;3.8.1&#039;, revision: &#039;6e95a6684b&#039;, time: &#039;2017-12-01T19:05:32.194Z&#039;
System info: host: &#039;yinons-MBP&#039;, ip: &#039;fdcd:5716:bbf2:0:ad02:56c9:a442:acad&#039;, os.name: &#039;Mac OS X&#039;, os.arch: &#039;x86_64&#039;, os.version: &#039;10.12.6&#039;, java.version: &#039;1.8.0_151&#039;
Driver info: io.appium.java_client.ios.IOSDriver
Capabilities {app: /Users/yinonwishi/Desktop/W..., automationName: XCuiTest, browserName: , databaseEnabled: false, deviceName: iPhone X, javascriptEnabled: true, locationContextEnabled: false, networkConnectionEnabled: false, newCommandTimeout: 5000, platform: MAC, platformName: MAC, platformVersion: 11.1, startIWDP: true, takesScreenshot: true, udid: 239532F5-4C8E-4067-B5A3-914..., webStorageEnabled: false}
Session ID: 6915daf0-ef28-4146-9d15-8a8229fa3a81
*** Element info: {Using=xpath, value=//*[@value=&#039;200&#039;]}">
      <![CDATA[org.openqa.selenium.NoSuchElementException: An element could not be located on the page using the given search parameters. (WARNING: The server did not provide any stacktrace information)Command duration or timeout: 0 millisecondsFor documentation on this error, please visit: http://seleniumhq.org/exceptions/no_such_element.htmlBuild info: version: '3.8.1', revision: '6e95a6684b', time: '2017-12-01T19:05:32.194Z'System info: host: 'yinons-MBP', ip: 'fdcd:5716:bbf2:0:ad02:56c9:a442:acad', os.name: 'Mac OS X', os.arch: 'x86_64', os.version: '10.12.6', java.version: '1.8.0_151'Driver info: io.appium.java_client.ios.IOSDriverCapabilities {app: /Users/yinonwishi/Desktop/W..., automationName: XCuiTest, browserName: , databaseEnabled: false, deviceName: iPhone X, javascriptEnabled: true, locationContextEnabled: false, networkConnectionEnabled: false, newCommandTimeout: 5000, platform: MAC, platformName: MAC, platformVersion: 11.1, startIWDP: true, takesScreenshot: true, udid: 239532F5-4C8E-4067-B5A3-914..., webStorageEnabled: false}Session ID: 6915daf0-ef28-4146-9d15-8a8229fa3a81*** Element info: {Using=xpath, value=//*[@value='200']}at sun.reflect.NativeConstructorAccessorImpl.newInstance0(Native Method)at sun.reflect.NativeConstructorAccessorImpl.newInstance(NativeConstructorAccessorImpl.java:62)at sun.reflect.DelegatingConstructorAccessorImpl.newInstance(DelegatingConstructorAccessorImpl.java:45)at java.lang.reflect.Constructor.newInstance(Constructor.java:423)at org.openqa.selenium.remote.ErrorHandler.createThrowable(ErrorHandler.java:214)at org.openqa.selenium.remote.ErrorHandler.throwIfResponseFailed(ErrorHandler.java:166)at org.openqa.selenium.remote.http.JsonHttpResponseCodec.reconstructValue(JsonHttpResponseCodec.java:40)at org.openqa.selenium.remote.http.AbstractHttpResponseCodec.decode(AbstractHttpResponseCodec.java:80)at org.openqa.selenium.remote.http.AbstractHttpResponseCodec.decode(AbstractHttpResponseCodec.java:44)at org.openqa.selenium.remote.HttpCommandExecutor.execute(HttpCommandExecutor.java:164)at io.appium.java_client.remote.AppiumCommandExecutor.execute(AppiumCommandExecutor.java:89)at org.openqa.selenium.remote.RemoteWebDriver.execute(RemoteWebDriver.java:601)at io.appium.java_client.DefaultGenericMobileDriver.execute(DefaultGenericMobileDriver.java:42)at io.appium.java_client.AppiumDriver.execute(AppiumDriver.java:1)at io.appium.java_client.ios.IOSDriver.execute(IOSDriver.java:1)at org.openqa.selenium.remote.RemoteWebDriver.findElement(RemoteWebDriver.java:371)at io.appium.java_client.DefaultGenericMobileDriver.findElement(DefaultGenericMobileDriver.java:62)at io.appium.java_client.AppiumDriver.findElement(AppiumDriver.java:1)at io.appium.java_client.ios.IOSDriver.findElement(IOSDriver.java:1)at org.openqa.selenium.remote.RemoteWebDriver.findElementByXPath(RemoteWebDriver.java:473)at io.appium.java_client.DefaultGenericMobileDriver.findElementByXPath(DefaultGenericMobileDriver.java:140)at io.appium.java_client.AppiumDriver.findElementByXPath(AppiumDriver.java:1)at io.appium.java_client.ios.IOSDriver.findElementByXPath(IOSDriver.java:1)at org.openqa.selenium.By$ByXPath.findElement(By.java:361)at org.openqa.selenium.remote.RemoteWebDriver.findElement(RemoteWebDriver.java:363)at io.appium.java_client.DefaultGenericMobileDriver.findElement(DefaultGenericMobileDriver.java:58)at io.appium.java_client.AppiumDriver.findElement(AppiumDriver.java:1)at io.appium.java_client.ios.IOSDriver.findElement(IOSDriver.java:1)at PageObjects.BasePage.ElementDisplay(BasePage.java:67)at Tests.EditStyleForMenTests.EditBudget(EditStyleForMenTests.java:163)at sun.reflect.NativeMethodAccessorImpl.invoke0(Native Method)at sun.reflect.NativeMethodAccessorImpl.invoke(NativeMethodAccessorImpl.java:62)at sun.reflect.DelegatingMethodAccessorImpl.invoke(DelegatingMethodAccessorImpl.java:43)at java.lang.reflect.Method.invoke(Method.java:498)at org.testng.internal.MethodInvocationHelper.invokeMethod(MethodInvocationHelper.java:124)at org.testng.internal.Invoker.invokeMethod(Invoker.java:571)at org.testng.internal.Invoker.invokeTestMethod(Invoker.java:707)at org.testng.internal.Invoker.invokeTestMethods(Invoker.java:979)at org.testng.internal.TestMethodWorker.invokeTestMethods(TestMethodWorker.java:125)at org.testng.internal.TestMethodWorker.run(TestMethodWorker.java:109)at org.testng.TestRunner.privateRun(TestRunner.java:648)at org.testng.TestRunner.run(TestRunner.java:505)at org.testng.SuiteRunner.runTest(SuiteRunner.java:455)at org.testng.SuiteRunner.runSequentially(SuiteRunner.java:450)at org.testng.SuiteRunner.privateRun(SuiteRunner.java:415)at org.testng.SuiteRunner.run(SuiteRunner.java:364)at org.testng.SuiteRunnerWorker.runSuite(SuiteRunnerWorker.java:52)at org.testng.SuiteRunnerWorker.run(SuiteRunnerWorker.java:84)at org.testng.TestNG.runSuitesSequentially(TestNG.java:1187)at org.testng.TestNG.runSuitesLocally(TestNG.java:1116)at org.testng.TestNG.runSuites(TestNG.java:1028)at org.testng.TestNG.run(TestNG.java:996)at org.testng.remote.AbstractRemoteTestNG.run(AbstractRemoteTestNG.java:114)at org.testng.remote.RemoteTestNG.initAndRun(RemoteTestNG.java:251)at org.testng.remote.RemoteTestNG.main(RemoteTestNG.java:77)]]>
    </error>
  </testcase> <!-- EditBudget -->
  <testcase name="EditColor" time="258.006" classname="Tests.EditStyleForMenTests"/>
  <testcase name="EditZone" time="120.999" classname="Tests.EditStyleForMenTests"/>
  <testcase name="EditSocialMedia" time="500.304" classname="Tests.EditStyleForMenTests"/>
</testsuite> <!-- Tests.EditStyleForMenTests -->
