<?xml version="1.0" encoding="UTF-8"?>
<!-- Generated by org.testng.reporters.JUnitReportReporter -->
<testsuite skipped="20" hostname="yinons-MBP" name="Tests.EndSessionTest" tests="21" failures="0" timestamp="12 Jun 2018 16:22:59 GMT" time="76.713" errors="1">
  <testcase name="setup" time="76.713" classname="Tests.EndSessionTest">
    <error type="org.openqa.selenium.WebDriverException" message="An unknown server-side error occurred while processing the command. Original error: An error occurred (WARNING: The server did not provide any stacktrace information)
Command duration or timeout: 0 milliseconds
Build info: version: &#039;3.8.1&#039;, revision: &#039;6e95a6684b&#039;, time: &#039;2017-12-01T19:05:32.194Z&#039;
System info: host: &#039;yinons-MBP&#039;, ip: &#039;fdcd:5716:bbf2:0:80ea:29e5:88a1:c4de&#039;, os.name: &#039;Mac OS X&#039;, os.arch: &#039;x86_64&#039;, os.version: &#039;10.13.4&#039;, java.version: &#039;1.8.0_151&#039;
Driver info: io.appium.java_client.ios.IOSDriver
Capabilities {app: /Users/yinonwishi/Desktop/W..., automationName: XCuiTest, browserName: , databaseEnabled: false, deviceName: iPhone 8 Plus, javascriptEnabled: true, locationContextEnabled: false, networkConnectionEnabled: false, newCommandTimeout: 5000, platform: MAC, platformName: MAC, platformVersion: 11.1, startIWDP: true, takesScreenshot: true, udid: 4530BCA8-31FA-4DDB-816B-CE3..., webStorageEnabled: false}
Session ID: 732ab608-b3b4-4e75-bd21-2a5c2d3abec6">
      <![CDATA[org.openqa.selenium.WebDriverException: An unknown server-side error occurred while processing the command. Original error: An error occurred (WARNING: The server did not provide any stacktrace information)
Command duration or timeout: 0 milliseconds
Build info: version: '3.8.1', revision: '6e95a6684b', time: '2017-12-01T19:05:32.194Z'
System info: host: 'yinons-MBP', ip: 'fdcd:5716:bbf2:0:80ea:29e5:88a1:c4de', os.name: 'Mac OS X', os.arch: 'x86_64', os.version: '10.13.4', java.version: '1.8.0_151'
Driver info: io.appium.java_client.ios.IOSDriver
Capabilities {app: /Users/yinonwishi/Desktop/W..., automationName: XCuiTest, browserName: , databaseEnabled: false, deviceName: iPhone 8 Plus, javascriptEnabled: true, locationContextEnabled: false, networkConnectionEnabled: false, newCommandTimeout: 5000, platform: MAC, platformName: MAC, platformVersion: 11.1, startIWDP: true, takesScreenshot: true, udid: 4530BCA8-31FA-4DDB-816B-CE3..., webStorageEnabled: false}
Session ID: 732ab608-b3b4-4e75-bd21-2a5c2d3abec6
at sun.reflect.NativeConstructorAccessorImpl.newInstance0(Native Method)
at sun.reflect.NativeConstructorAccessorImpl.newInstance(NativeConstructorAccessorImpl.java:62)
at sun.reflect.DelegatingConstructorAccessorImpl.newInstance(DelegatingConstructorAccessorImpl.java:45)
at java.lang.reflect.Constructor.newInstance(Constructor.java:423)
at org.openqa.selenium.remote.ErrorHandler.createThrowable(ErrorHandler.java:214)
at org.openqa.selenium.remote.ErrorHandler.throwIfResponseFailed(ErrorHandler.java:166)
at org.openqa.selenium.remote.http.JsonHttpResponseCodec.reconstructValue(JsonHttpResponseCodec.java:40)
at org.openqa.selenium.remote.http.AbstractHttpResponseCodec.decode(AbstractHttpResponseCodec.java:80)
at org.openqa.selenium.remote.http.AbstractHttpResponseCodec.decode(AbstractHttpResponseCodec.java:44)
at org.openqa.selenium.remote.HttpCommandExecutor.execute(HttpCommandExecutor.java:164)
at io.appium.java_client.remote.AppiumCommandExecutor.execute(AppiumCommandExecutor.java:129)
at org.openqa.selenium.remote.RemoteWebDriver.execute(RemoteWebDriver.java:601)
at io.appium.java_client.DefaultGenericMobileDriver.execute(DefaultGenericMobileDriver.java:46)
at io.appium.java_client.AppiumDriver.execute(AppiumDriver.java:1)
at io.appium.java_client.ios.IOSDriver.execute(IOSDriver.java:1)
at io.appium.java_client.HasSessionDetails.getSessionDetails(HasSessionDetails.java:39)
at io.appium.java_client.HasSessionDetails.getSessionDetail(HasSessionDetails.java:56)
at io.appium.java_client.HasSessionDetails.getAutomationName(HasSessionDetails.java:76)
at io.appium.java_client.internal.JsonToMobileElementConverter.<init>(JsonToMobileElementConverter.java:50)
at io.appium.java_client.AppiumDriver.<init>(AppiumDriver.java:89)
at io.appium.java_client.AppiumDriver.<init>(AppiumDriver.java:94)
at io.appium.java_client.ios.IOSDriver.<init>(IOSDriver.java:82)
at Tests.BaseTest.capabileties(BaseTest.java:48)
at Tests.BaseTest.setup(BaseTest.java:98)
at sun.reflect.NativeMethodAccessorImpl.invoke0(Native Method)
at sun.reflect.NativeMethodAccessorImpl.invoke(NativeMethodAccessorImpl.java:62)
at sun.reflect.DelegatingMethodAccessorImpl.invoke(DelegatingMethodAccessorImpl.java:43)
at java.lang.reflect.Method.invoke(Method.java:498)
at org.testng.internal.MethodInvocationHelper.invokeMethod(MethodInvocationHelper.java:124)
at org.testng.internal.MethodInvocationHelper.invokeMethodConsideringTimeout(MethodInvocationHelper.java:59)
at org.testng.internal.Invoker.invokeConfigurationMethod(Invoker.java:458)
at org.testng.internal.Invoker.invokeConfigurations(Invoker.java:222)
at org.testng.internal.Invoker.invokeConfigurations(Invoker.java:142)
at org.testng.TestRunner.beforeRun(TestRunner.java:529)
at org.testng.TestRunner.run(TestRunner.java:497)
at org.testng.SuiteRunner.runTest(SuiteRunner.java:455)
at org.testng.SuiteRunner.runSequentially(SuiteRunner.java:450)
at org.testng.SuiteRunner.privateRun(SuiteRunner.java:415)
at org.testng.SuiteRunner.run(SuiteRunner.java:364)
at org.testng.SuiteRunnerWorker.runSuite(SuiteRunnerWorker.java:52)
at org.testng.SuiteRunnerWorker.run(SuiteRunnerWorker.java:84)
at org.testng.TestNG.runSuitesSequentially(TestNG.java:1208)
at org.testng.TestNG.runSuitesLocally(TestNG.java:1137)
at org.testng.TestNG.runSuites(TestNG.java:1049)
at org.testng.TestNG.run(TestNG.java:1017)
at org.testng.remote.AbstractRemoteTestNG.run(AbstractRemoteTestNG.java:114)
at org.testng.remote.RemoteTestNG.initAndRun(RemoteTestNG.java:251)
at org.testng.remote.RemoteTestNG.main(RemoteTestNG.java:77)
]]>
    </error>
  </testcase> <!-- setup -->
  <testcase name="DoLogin" time="0.000" classname="Tests.EndSessionTest">
    <skipped/>
  </testcase> <!-- DoLogin -->
  <testcase name="SearchStylist" time="0.000" classname="Tests.EndSessionTest">
    <skipped/>
  </testcase> <!-- SearchStylist -->
  <testcase name="SelectEvents" time="0.000" classname="Tests.EndSessionTest">
    <skipped/>
  </testcase> <!-- SelectEvents -->
  <testcase name="SelectSession" time="0.000" classname="Tests.EndSessionTest">
    <skipped/>
  </testcase> <!-- SelectSession -->
  <testcase name="CompileBooking" time="0.000" classname="Tests.EndSessionTest">
    <skipped/>
  </testcase> <!-- CompileBooking -->
  <testcase name="CreateMoodBoard" time="0.000" classname="Tests.EndSessionTest">
    <skipped/>
  </testcase> <!-- CreateMoodBoard -->
  <testcase name="VerifyMoodBoard" time="0.000" classname="Tests.EndSessionTest">
    <skipped/>
  </testcase> <!-- VerifyMoodBoard -->
  <testcase name="CreateLook" time="0.000" classname="Tests.EndSessionTest">
    <skipped/>
  </testcase> <!-- CreateLook -->
  <testcase name="VerifyCreateLook" time="0.000" classname="Tests.EndSessionTest">
    <skipped/>
  </testcase> <!-- VerifyCreateLook -->
  <testcase name="CreateMoodBoard2" time="0.000" classname="Tests.EndSessionTest">
    <skipped/>
  </testcase> <!-- CreateMoodBoard2 -->
  <testcase name="VerifyMoodBoard2" time="0.000" classname="Tests.EndSessionTest">
    <skipped/>
  </testcase> <!-- VerifyMoodBoard2 -->
  <testcase name="CreateLook2" time="0.000" classname="Tests.EndSessionTest">
    <skipped/>
  </testcase> <!-- CreateLook2 -->
  <testcase name="VerifyCreateLook2" time="0.000" classname="Tests.EndSessionTest">
    <skipped/>
  </testcase> <!-- VerifyCreateLook2 -->
  <testcase name="CreateMoodBoard3" time="0.000" classname="Tests.EndSessionTest">
    <skipped/>
  </testcase> <!-- CreateMoodBoard3 -->
  <testcase name="VerifyMoodBoard3" time="0.000" classname="Tests.EndSessionTest">
    <skipped/>
  </testcase> <!-- VerifyMoodBoard3 -->
  <testcase name="CreateLook3" time="0.000" classname="Tests.EndSessionTest">
    <skipped/>
  </testcase> <!-- CreateLook3 -->
  <testcase name="VerifyCreateLook3" time="0.000" classname="Tests.EndSessionTest">
    <skipped/>
  </testcase> <!-- VerifyCreateLook3 -->
  <testcase name="EndSession" time="0.000" classname="Tests.EndSessionTest">
    <skipped/>
  </testcase> <!-- EndSession -->
  <testcase name="ClientEndSession" time="0.000" classname="Tests.EndSessionTest">
    <skipped/>
  </testcase> <!-- ClientEndSession -->
  <testcase name="VerifyEndSession" time="0.000" classname="Tests.EndSessionTest">
    <skipped/>
  </testcase> <!-- VerifyEndSession -->
</testsuite> <!-- Tests.EndSessionTest -->
