<?xml version="1.0" encoding="UTF-8"?>
<!-- Generated by org.testng.reporters.JUnitXMLReporter -->
<testsuite ignored="0" hostname="yinons-MacBook-Pro.local" failures="3" tests="4" name="BookingStylistTests" time="34.683" errors="0" timestamp="21 Dec 2017 16:22:17 GMT">
  <testcase classname="WishiTests.BookingStylistTests" name="Login" time="1.033"/>
  <testcase classname="WishiTests.BookingStylistTests" name="CheckoutUnlimited" time="1.454">
    <failure type="org.openqa.selenium.WebDriverException" message="unknown error: Element &amp;lt;div class=&amp;quot;filter-name ng-binding&amp;quot; ng-class=&amp;quot;{&amp;apos;name-selected&amp;apos;:filterItem.selected.name===item.name}&amp;quot;&amp;gt;...&amp;lt;/div&amp;gt; is not clickable at point (54, 247). Other element would receive the click: &amp;lt;div uib-modal-window=&amp;quot;modal-window&amp;quot; class=&amp;quot;modal userPop fade ng-scope ng-isolate-scope ng-animate ng-leave ng-leave-active&amp;quot; role=&amp;quot;dialog&amp;quot; index=&amp;quot;0&amp;quot; animate=&amp;quot;animate&amp;quot; ng-style=&amp;quot;{&amp;apos;z-index&amp;apos;: 1050 + $$topModalIndex*10, display: &amp;apos;block&amp;apos;}&amp;quot; tabindex=&amp;quot;-1&amp;quot; uib-modal-animation-class=&amp;quot;fade&amp;quot; modal-in-class=&amp;quot;in&amp;quot; modal-animation=&amp;quot;true&amp;quot; data-ng-animate=&amp;quot;2&amp;quot; style=&amp;quot;z-index: 1050; display: block;&amp;quot;&amp;gt;...&amp;lt;/div&amp;gt;
  (Session info: chrome=63.0.3239.108)
  (Driver info: chromedriver=2.34.522932 (4140ab217e1ca1bec0c4b4d1b148f3361eb3a03e),platform=Mac OS X 10.12.6 x86_64) (WARNING: The server did not provide any stacktrace information)
Command duration or timeout: 0 milliseconds
Build info: version: &amp;apos;3.8.1&amp;apos;, revision: &amp;apos;6e95a6684b&amp;apos;, time: &amp;apos;2017-12-01T19:05:32.194Z&amp;apos;
System info: host: &amp;apos;yinons-MacBook-Pro.local&amp;apos;, ip: &amp;apos;fe80:0:0:0:14fe:b959:8f06:d7c8%en0&amp;apos;, os.name: &amp;apos;Mac OS X&amp;apos;, os.arch: &amp;apos;x86_64&amp;apos;, os.version: &amp;apos;10.12.6&amp;apos;, java.version: &amp;apos;9.0.1&amp;apos;
Driver info: org.openqa.selenium.chrome.ChromeDriver
Capabilities {acceptSslCerts: true, applicationCacheEnabled: false, browserConnectionEnabled: false, browserName: chrome, chrome: {chromedriverVersion: 2.34.522932 (4140ab217e1ca1..., userDataDir: /var/folders/xz/jk5hy2jd3sb...}, cssSelectorsEnabled: true, databaseEnabled: false, handlesAlerts: true, hasTouchScreen: false, javascriptEnabled: true, locationContextEnabled: true, mobileEmulationEnabled: false, nativeEvents: true, networkConnectionEnabled: false, pageLoadStrategy: normal, platform: MAC, platformName: MAC, rotatable: false, setWindowRect: true, takesHeapSnapshot: true, takesScreenshot: true, unexpectedAlertBehaviour: , unhandledPromptBehavior: , version: 63.0.3239.108, webStorageEnabled: true}
Session ID: e6fa2de4766b9c835a67feb1c617c1ed">
      <![CDATA[org.openqa.selenium.WebDriverException: unknown error: Element <div class="filter-name ng-binding" ng-class="{'name-selected':filterItem.selected.name===item.name}">...</div> is not clickable at point (54, 247). Other element would receive the click: <div uib-modal-window="modal-window" class="modal userPop fade ng-scope ng-isolate-scope ng-animate ng-leave ng-leave-active" role="dialog" index="0" animate="animate" ng-style="{'z-index': 1050 + $$topModalIndex*10, display: 'block'}" tabindex="-1" uib-modal-animation-class="fade" modal-in-class="in" modal-animation="true" data-ng-animate="2" style="z-index: 1050; display: block;">...</div>  (Session info: chrome=63.0.3239.108)  (Driver info: chromedriver=2.34.522932 (4140ab217e1ca1bec0c4b4d1b148f3361eb3a03e),platform=Mac OS X 10.12.6 x86_64) (WARNING: The server did not provide any stacktrace information)Command duration or timeout: 0 millisecondsBuild info: version: '3.8.1', revision: '6e95a6684b', time: '2017-12-01T19:05:32.194Z'System info: host: 'yinons-MacBook-Pro.local', ip: 'fe80:0:0:0:14fe:b959:8f06:d7c8%en0', os.name: 'Mac OS X', os.arch: 'x86_64', os.version: '10.12.6', java.version: '9.0.1'Driver info: org.openqa.selenium.chrome.ChromeDriverCapabilities {acceptSslCerts: true, applicationCacheEnabled: false, browserConnectionEnabled: false, browserName: chrome, chrome: {chromedriverVersion: 2.34.522932 (4140ab217e1ca1..., userDataDir: /var/folders/xz/jk5hy2jd3sb...}, cssSelectorsEnabled: true, databaseEnabled: false, handlesAlerts: true, hasTouchScreen: false, javascriptEnabled: true, locationContextEnabled: true, mobileEmulationEnabled: false, nativeEvents: true, networkConnectionEnabled: false, pageLoadStrategy: normal, platform: MAC, platformName: MAC, rotatable: false, setWindowRect: true, takesHeapSnapshot: true, takesScreenshot: true, unexpectedAlertBehaviour: , unhandledPromptBehavior: , version: 63.0.3239.108, webStorageEnabled: true}Session ID: e6fa2de4766b9c835a67feb1c617c1edat org.openqa.selenium.remote.ErrorHandler.createThrowable(ErrorHandler.java:214)at org.openqa.selenium.remote.ErrorHandler.throwIfResponseFailed(ErrorHandler.java:166)at org.openqa.selenium.remote.http.JsonHttpResponseCodec.reconstructValue(JsonHttpResponseCodec.java:40)at org.openqa.selenium.remote.http.AbstractHttpResponseCodec.decode(AbstractHttpResponseCodec.java:80)at org.openqa.selenium.remote.http.AbstractHttpResponseCodec.decode(AbstractHttpResponseCodec.java:44)at org.openqa.selenium.remote.HttpCommandExecutor.execute(HttpCommandExecutor.java:164)at org.openqa.selenium.remote.service.DriverCommandExecutor.execute(DriverCommandExecutor.java:83)at org.openqa.selenium.remote.RemoteWebDriver.execute(RemoteWebDriver.java:601)at org.openqa.selenium.remote.RemoteWebElement.execute(RemoteWebElement.java:279)at org.openqa.selenium.remote.RemoteWebElement.click(RemoteWebElement.java:83)at org.openqa.selenium.support.pagefactory.internal.LocatingElementHandler.invoke(LocatingElementHandler.java:51)at com.sun.proxy.$Proxy11.click(Unknown Source)at PageObject.BasePage.click(BasePage.java:67)at PageObject.BookingPage.SelectService(BookingPage.java:162)at WishiTests.BookingStylistTests.CheckoutUnlimited(BookingStylistTests.java:46)... Removed 32 stack frames]]>
    </failure>
  </testcase> <!-- CheckoutUnlimited -->
  <testcase classname="WishiTests.BookingStylistTests" name="CheckoutByCreditCard" time="15.171">
    <failure type="org.openqa.selenium.WebDriverException" message="unknown error: Element &amp;lt;div class=&amp;quot;thank-u-btn&amp;quot; ng-click=&amp;quot;goToQuiz()&amp;quot;&amp;gt;...&amp;lt;/div&amp;gt; is not clickable at point (593, 577). Other element would receive the click: &amp;lt;div class=&amp;quot;loader_fade ng-isolate-scope show_loader_fade&amp;quot; ng-class=&amp;quot;{show_loader_fade: !condition}&amp;quot; condition=&amp;quot;notSubmitted&amp;quot; style=&amp;quot;&amp;quot;&amp;gt;...&amp;lt;/div&amp;gt;
  (Session info: chrome=63.0.3239.108)
  (Driver info: chromedriver=2.34.522932 (4140ab217e1ca1bec0c4b4d1b148f3361eb3a03e),platform=Mac OS X 10.12.6 x86_64) (WARNING: The server did not provide any stacktrace information)
Command duration or timeout: 0 milliseconds
Build info: version: &amp;apos;3.8.1&amp;apos;, revision: &amp;apos;6e95a6684b&amp;apos;, time: &amp;apos;2017-12-01T19:05:32.194Z&amp;apos;
System info: host: &amp;apos;yinons-MacBook-Pro.local&amp;apos;, ip: &amp;apos;fe80:0:0:0:14fe:b959:8f06:d7c8%en0&amp;apos;, os.name: &amp;apos;Mac OS X&amp;apos;, os.arch: &amp;apos;x86_64&amp;apos;, os.version: &amp;apos;10.12.6&amp;apos;, java.version: &amp;apos;9.0.1&amp;apos;
Driver info: org.openqa.selenium.chrome.ChromeDriver
Capabilities {acceptSslCerts: true, applicationCacheEnabled: false, browserConnectionEnabled: false, browserName: chrome, chrome: {chromedriverVersion: 2.34.522932 (4140ab217e1ca1..., userDataDir: /var/folders/xz/jk5hy2jd3sb...}, cssSelectorsEnabled: true, databaseEnabled: false, handlesAlerts: true, hasTouchScreen: false, javascriptEnabled: true, locationContextEnabled: true, mobileEmulationEnabled: false, nativeEvents: true, networkConnectionEnabled: false, pageLoadStrategy: normal, platform: MAC, platformName: MAC, rotatable: false, setWindowRect: true, takesHeapSnapshot: true, takesScreenshot: true, unexpectedAlertBehaviour: , unhandledPromptBehavior: , version: 63.0.3239.108, webStorageEnabled: true}
Session ID: e6fa2de4766b9c835a67feb1c617c1ed">
      <![CDATA[org.openqa.selenium.WebDriverException: unknown error: Element <div class="thank-u-btn" ng-click="goToQuiz()">...</div> is not clickable at point (593, 577). Other element would receive the click: <div class="loader_fade ng-isolate-scope show_loader_fade" ng-class="{show_loader_fade: !condition}" condition="notSubmitted" style="">...</div>  (Session info: chrome=63.0.3239.108)  (Driver info: chromedriver=2.34.522932 (4140ab217e1ca1bec0c4b4d1b148f3361eb3a03e),platform=Mac OS X 10.12.6 x86_64) (WARNING: The server did not provide any stacktrace information)Command duration or timeout: 0 millisecondsBuild info: version: '3.8.1', revision: '6e95a6684b', time: '2017-12-01T19:05:32.194Z'System info: host: 'yinons-MacBook-Pro.local', ip: 'fe80:0:0:0:14fe:b959:8f06:d7c8%en0', os.name: 'Mac OS X', os.arch: 'x86_64', os.version: '10.12.6', java.version: '9.0.1'Driver info: org.openqa.selenium.chrome.ChromeDriverCapabilities {acceptSslCerts: true, applicationCacheEnabled: false, browserConnectionEnabled: false, browserName: chrome, chrome: {chromedriverVersion: 2.34.522932 (4140ab217e1ca1..., userDataDir: /var/folders/xz/jk5hy2jd3sb...}, cssSelectorsEnabled: true, databaseEnabled: false, handlesAlerts: true, hasTouchScreen: false, javascriptEnabled: true, locationContextEnabled: true, mobileEmulationEnabled: false, nativeEvents: true, networkConnectionEnabled: false, pageLoadStrategy: normal, platform: MAC, platformName: MAC, rotatable: false, setWindowRect: true, takesHeapSnapshot: true, takesScreenshot: true, unexpectedAlertBehaviour: , unhandledPromptBehavior: , version: 63.0.3239.108, webStorageEnabled: true}Session ID: e6fa2de4766b9c835a67feb1c617c1edat org.openqa.selenium.remote.ErrorHandler.createThrowable(ErrorHandler.java:214)at org.openqa.selenium.remote.ErrorHandler.throwIfResponseFailed(ErrorHandler.java:166)at org.openqa.selenium.remote.http.JsonHttpResponseCodec.reconstructValue(JsonHttpResponseCodec.java:40)at org.openqa.selenium.remote.http.AbstractHttpResponseCodec.decode(AbstractHttpResponseCodec.java:80)at org.openqa.selenium.remote.http.AbstractHttpResponseCodec.decode(AbstractHttpResponseCodec.java:44)at org.openqa.selenium.remote.HttpCommandExecutor.execute(HttpCommandExecutor.java:164)at org.openqa.selenium.remote.service.DriverCommandExecutor.execute(DriverCommandExecutor.java:83)at org.openqa.selenium.remote.RemoteWebDriver.execute(RemoteWebDriver.java:601)at org.openqa.selenium.remote.RemoteWebElement.execute(RemoteWebElement.java:279)at org.openqa.selenium.remote.RemoteWebElement.click(RemoteWebElement.java:83)at org.openqa.selenium.support.pagefactory.internal.LocatingElementHandler.invoke(LocatingElementHandler.java:51)at com.sun.proxy.$Proxy11.click(Unknown Source)at PageObject.BasePage.click(BasePage.java:67)at PageObject.BookingPage.ClickTakeYourStyleQuiz(BookingPage.java:207)at WishiTests.BookingStylistTests.CheckoutByCreditCard(BookingStylistTests.java:75)... Removed 32 stack frames]]>
    </failure>
  </testcase> <!-- CheckoutByCreditCard -->
  <testcase classname="WishiTests.BookingStylistTests" name="CheckOutSession" time="3.056">
    <failure type="org.openqa.selenium.WebDriverException" message="unknown error: Element &amp;lt;input class=&amp;quot;form-control&amp;quot; type=&amp;quot;text&amp;quot; placeholder=&amp;quot;First Name&amp;quot; required=&amp;quot;&amp;quot;&amp;gt; is not clickable at point (355, 284). Other element would receive the click: &amp;lt;div class=&amp;quot;loader_fade ng-isolate-scope show_loader_fade&amp;quot; ng-class=&amp;quot;{show_loader_fade: !condition}&amp;quot; condition=&amp;quot;notSubmitted&amp;quot; style=&amp;quot;&amp;quot;&amp;gt;...&amp;lt;/div&amp;gt;
  (Session info: chrome=63.0.3239.108)
  (Driver info: chromedriver=2.34.522932 (4140ab217e1ca1bec0c4b4d1b148f3361eb3a03e),platform=Mac OS X 10.12.6 x86_64) (WARNING: The server did not provide any stacktrace information)
Command duration or timeout: 0 milliseconds
Build info: version: &amp;apos;3.8.1&amp;apos;, revision: &amp;apos;6e95a6684b&amp;apos;, time: &amp;apos;2017-12-01T19:05:32.194Z&amp;apos;
System info: host: &amp;apos;yinons-MacBook-Pro.local&amp;apos;, ip: &amp;apos;fe80:0:0:0:14fe:b959:8f06:d7c8%en0&amp;apos;, os.name: &amp;apos;Mac OS X&amp;apos;, os.arch: &amp;apos;x86_64&amp;apos;, os.version: &amp;apos;10.12.6&amp;apos;, java.version: &amp;apos;9.0.1&amp;apos;
Driver info: org.openqa.selenium.chrome.ChromeDriver
Capabilities {acceptSslCerts: true, applicationCacheEnabled: false, browserConnectionEnabled: false, browserName: chrome, chrome: {chromedriverVersion: 2.34.522932 (4140ab217e1ca1..., userDataDir: /var/folders/xz/jk5hy2jd3sb...}, cssSelectorsEnabled: true, databaseEnabled: false, handlesAlerts: true, hasTouchScreen: false, javascriptEnabled: true, locationContextEnabled: true, mobileEmulationEnabled: false, nativeEvents: true, networkConnectionEnabled: false, pageLoadStrategy: normal, platform: MAC, platformName: MAC, rotatable: false, setWindowRect: true, takesHeapSnapshot: true, takesScreenshot: true, unexpectedAlertBehaviour: , unhandledPromptBehavior: , version: 63.0.3239.108, webStorageEnabled: true}
Session ID: e6fa2de4766b9c835a67feb1c617c1ed">
      <![CDATA[org.openqa.selenium.WebDriverException: unknown error: Element <input class="form-control" type="text" placeholder="First Name" required=""> is not clickable at point (355, 284). Other element would receive the click: <div class="loader_fade ng-isolate-scope show_loader_fade" ng-class="{show_loader_fade: !condition}" condition="notSubmitted" style="">...</div>  (Session info: chrome=63.0.3239.108)  (Driver info: chromedriver=2.34.522932 (4140ab217e1ca1bec0c4b4d1b148f3361eb3a03e),platform=Mac OS X 10.12.6 x86_64) (WARNING: The server did not provide any stacktrace information)Command duration or timeout: 0 millisecondsBuild info: version: '3.8.1', revision: '6e95a6684b', time: '2017-12-01T19:05:32.194Z'System info: host: 'yinons-MacBook-Pro.local', ip: 'fe80:0:0:0:14fe:b959:8f06:d7c8%en0', os.name: 'Mac OS X', os.arch: 'x86_64', os.version: '10.12.6', java.version: '9.0.1'Driver info: org.openqa.selenium.chrome.ChromeDriverCapabilities {acceptSslCerts: true, applicationCacheEnabled: false, browserConnectionEnabled: false, browserName: chrome, chrome: {chromedriverVersion: 2.34.522932 (4140ab217e1ca1..., userDataDir: /var/folders/xz/jk5hy2jd3sb...}, cssSelectorsEnabled: true, databaseEnabled: false, handlesAlerts: true, hasTouchScreen: false, javascriptEnabled: true, locationContextEnabled: true, mobileEmulationEnabled: false, nativeEvents: true, networkConnectionEnabled: false, pageLoadStrategy: normal, platform: MAC, platformName: MAC, rotatable: false, setWindowRect: true, takesHeapSnapshot: true, takesScreenshot: true, unexpectedAlertBehaviour: , unhandledPromptBehavior: , version: 63.0.3239.108, webStorageEnabled: true}Session ID: e6fa2de4766b9c835a67feb1c617c1edat org.openqa.selenium.remote.ErrorHandler.createThrowable(ErrorHandler.java:214)at org.openqa.selenium.remote.ErrorHandler.throwIfResponseFailed(ErrorHandler.java:166)at org.openqa.selenium.remote.http.JsonHttpResponseCodec.reconstructValue(JsonHttpResponseCodec.java:40)at org.openqa.selenium.remote.http.AbstractHttpResponseCodec.decode(AbstractHttpResponseCodec.java:80)at org.openqa.selenium.remote.http.AbstractHttpResponseCodec.decode(AbstractHttpResponseCodec.java:44)at org.openqa.selenium.remote.HttpCommandExecutor.execute(HttpCommandExecutor.java:164)at org.openqa.selenium.remote.service.DriverCommandExecutor.execute(DriverCommandExecutor.java:83)at org.openqa.selenium.remote.RemoteWebDriver.execute(RemoteWebDriver.java:601)at org.openqa.selenium.remote.RemoteWebElement.execute(RemoteWebElement.java:279)at org.openqa.selenium.remote.RemoteWebElement.click(RemoteWebElement.java:83)at org.openqa.selenium.support.pagefactory.internal.LocatingElementHandler.invoke(LocatingElementHandler.java:51)at com.sun.proxy.$Proxy11.click(Unknown Source)at PageObject.BasePage.click(BasePage.java:67)at PageObject.BookingPage.SearchStylist(BookingPage.java:103)at WishiTests.BookingStylistTests.CheckOutSession(BookingStylistTests.java:34)... Removed 32 stack frames]]>
    </failure>
  </testcase> <!-- CheckOutSession -->
</testsuite> <!-- BookingStylistTests -->
