<?xml version="1.0" encoding="UTF-8"?>
<testng-results ignored="0" total="59" passed="56" failed="3" skipped="0">
  <reporter-output>
  </reporter-output>
  <suite started-at="2017-12-25T16:15:59Z" name="Suite" finished-at="2017-12-25T16:24:49Z" duration-ms="529633">
    <groups>
      <group name="sanity-group">
        <method signature="LoginTest.ClickLoginwWithOutToFillAnyFields()[pri:5, instance:WishiTests.LoginTest@3232a28a]" name="ClickLoginwWithOutToFillAnyFields" class="WishiTests.LoginTest"/>
        <method signature="LoginTest.DoLogin()[pri:2, instance:WishiTests.LoginTest@3232a28a]" name="DoLogin" class="WishiTests.LoginTest"/>
        <method signature="LoginTest.FillCorrectEmailWithWrongPassword()[pri:6, instance:WishiTests.LoginTest@3232a28a]" name="FillCorrectEmailWithWrongPassword" class="WishiTests.LoginTest"/>
        <method signature="LoginTest.FillCorrectPasswordWithWrongEmail()[pri:7, instance:WishiTests.LoginTest@3232a28a]" name="FillCorrectPasswordWithWrongEmail" class="WishiTests.LoginTest"/>
        <method signature="LoginTest.FillEmailWithOutToFillPassword()[pri:4, instance:WishiTests.LoginTest@3232a28a]" name="FillEmailWithOutToFillPassword" class="WishiTests.LoginTest"/>
        <method signature="LoginTest.FillPasswordWithOutToFillEmail()[pri:3, instance:WishiTests.LoginTest@3232a28a]" name="FillPasswordWithOutToFillEmail" class="WishiTests.LoginTest"/>
        <method signature="LoginTest.LoginClickable()[pri:1, instance:WishiTests.LoginTest@3232a28a]" name="LoginClickable" class="WishiTests.LoginTest"/>
        <method signature="SignUpTest.DoSignUp()[pri:5, instance:WishiTests.SignUpTest@6392827e]" name="DoSignUp" class="WishiTests.SignUpTest"/>
        <method signature="SignUpTest.FillEmailWithoutDotCom()[pri:3, instance:WishiTests.SignUpTest@6392827e]" name="FillEmailWithoutDotCom" class="WishiTests.SignUpTest"/>
        <method signature="SignUpTest.FillEmailWitoutShtudel()[pri:2, instance:WishiTests.SignUpTest@6392827e]" name="FillEmailWitoutShtudel" class="WishiTests.SignUpTest"/>
        <method signature="SignUpTest.FillPsswordWithLessthan6Characters()[pri:4, instance:WishiTests.SignUpTest@6392827e]" name="FillPsswordWithLessthan6Characters" class="WishiTests.SignUpTest"/>
        <method signature="SignUpTest.SignUpClickable()[pri:1, instance:WishiTests.SignUpTest@6392827e]" name="SignUpClickable" class="WishiTests.SignUpTest"/>
        <method signature="LoginWithFacbookTests.LoginWithFacbook()[pri:3, instance:WishiTests.LoginWithFacbookTests@5a56cdac]" name="LoginWithFacbook" class="WishiTests.LoginWithFacbookTests"/>
        <method signature="LoginWithFacbookTests.LoginWithFacbookWrongPassword()[pri:2, instance:WishiTests.LoginWithFacbookTests@5a56cdac]" name="LoginWithFacbookWrongPassword" class="WishiTests.LoginWithFacbookTests"/>
        <method signature="LoginWithFacbookTests.LoginWithFacbookWrongUserName()[pri:1, instance:WishiTests.LoginWithFacbookTests@5a56cdac]" name="LoginWithFacbookWrongUserName" class="WishiTests.LoginWithFacbookTests"/>
        <method signature="SignUpByFacbook.SignUpWithFacbook()[pri:5, instance:WishiTests.SignUpByFacbook@17497425]" name="SignUpWithFacbook" class="WishiTests.SignUpByFacbook"/>
        <method signature="SignUpByFacbook.SignUpWithFacbookWitOutEmail()[pri:2, instance:WishiTests.SignUpByFacbook@17497425]" name="SignUpWithFacbookWitOutEmail" class="WishiTests.SignUpByFacbook"/>
        <method signature="SignUpByFacbook.SignUpWithFacbookWitOutPassword()[pri:3, instance:WishiTests.SignUpByFacbook@17497425]" name="SignUpWithFacbookWitOutPassword" class="WishiTests.SignUpByFacbook"/>
        <method signature="SignUpByFacbook.SignUpWithFacbookWrongPassword()[pri:4, instance:WishiTests.SignUpByFacbook@17497425]" name="SignUpWithFacbookWrongPassword" class="WishiTests.SignUpByFacbook"/>
        <method signature="SignUpByFacbook.SignUpWithFacbookWrongUserName()[pri:1, instance:WishiTests.SignUpByFacbook@17497425]" name="SignUpWithFacbookWrongUserName" class="WishiTests.SignUpByFacbook"/>
        <method signature="CrateLookTests.CrateRegularLook()[pri:2, instance:WishiTests.CrateLookTests@957e06]" name="CrateRegularLook" class="WishiTests.CrateLookTests"/>
        <method signature="CrateLookTests.LoginAsStylist()[pri:1, instance:WishiTests.CrateLookTests@957e06]" name="LoginAsStylist" class="WishiTests.CrateLookTests"/>
        <method signature="CrateLookTests.PersonalShopping()[pri:3, instance:WishiTests.CrateLookTests@957e06]" name="PersonalShopping" class="WishiTests.CrateLookTests"/>
        <method signature="ChatTests.LoginAsStylist()[pri:1, instance:WishiTests.ChatTests@23c30a20]" name="LoginAsStylist" class="WishiTests.ChatTests"/>
        <method signature="ChatTests.SendChatToStylist()[pri:3, instance:WishiTests.ChatTests@23c30a20]" name="SendChatToStylist" class="WishiTests.ChatTests"/>
        <method signature="ChatTests.SendChatToclient()[pri:2, instance:WishiTests.ChatTests@23c30a20]" name="SendChatToclient" class="WishiTests.ChatTests"/>
        <method signature="OnBoadingTests.DoSignUp()[pri:1, instance:WishiTests.OnBoadingTests@61001b64]" name="DoSignUp" class="WishiTests.OnBoadingTests"/>
        <method signature="OnBoadingTests.FillPersonalInformation()[pri:2, instance:WishiTests.OnBoadingTests@61001b64]" name="FillPersonalInformation" class="WishiTests.OnBoadingTests"/>
        <method signature="OnBoadingTests.SelectBrands()[pri:7, instance:WishiTests.OnBoadingTests@61001b64]" name="SelectBrands" class="WishiTests.OnBoadingTests"/>
        <method signature="OnBoadingTests.SelectInspiration()[pri:5, instance:WishiTests.OnBoadingTests@61001b64]" name="SelectInspiration" class="WishiTests.OnBoadingTests"/>
        <method signature="OnBoadingTests.SelectLevel()[pri:8, instance:WishiTests.OnBoadingTests@61001b64]" name="SelectLevel" class="WishiTests.OnBoadingTests"/>
        <method signature="OnBoadingTests.SelectLocation()[pri:6, instance:WishiTests.OnBoadingTests@61001b64]" name="SelectLocation" class="WishiTests.OnBoadingTests"/>
        <method signature="OnBoadingTests.SelectStyle()[pri:3, instance:WishiTests.OnBoadingTests@61001b64]" name="SelectStyle" class="WishiTests.OnBoadingTests"/>
        <method signature="OnBoadingTests.SelectStyleGoal()[pri:4, instance:WishiTests.OnBoadingTests@61001b64]" name="SelectStyleGoal" class="WishiTests.OnBoadingTests"/>
        <method signature="BookingStylistTests.CheckOutSession()[pri:2, instance:WishiTests.BookingStylistTests@55634720]" name="CheckOutSession" class="WishiTests.BookingStylistTests"/>
        <method signature="BookingStylistTests.CheckoutByCreditCard()[pri:4, instance:WishiTests.BookingStylistTests@55634720]" name="CheckoutByCreditCard" class="WishiTests.BookingStylistTests"/>
        <method signature="BookingStylistTests.CheckoutUnlimited()[pri:3, instance:WishiTests.BookingStylistTests@55634720]" name="CheckoutUnlimited" class="WishiTests.BookingStylistTests"/>
        <method signature="BookingStylistTests.DoSignUp()[pri:1, instance:WishiTests.BookingStylistTests@55634720]" name="DoSignUp" class="WishiTests.BookingStylistTests"/>
        <method signature="QwizTests.CheckOutSession()[pri:2, instance:WishiTests.QwizTests@783a467b]" name="CheckOutSession" class="WishiTests.QwizTests"/>
        <method signature="QwizTests.DoSignUp()[pri:1, instance:WishiTests.QwizTests@783a467b]" name="DoSignUp" class="WishiTests.QwizTests"/>
        <method signature="QwizTests.SelectBodyType()[pri:4, instance:WishiTests.QwizTests@783a467b]" name="SelectBodyType" class="WishiTests.QwizTests"/>
        <method signature="QwizTests.SelectBrands()[pri:15, instance:WishiTests.QwizTests@783a467b]" name="SelectBrands" class="WishiTests.QwizTests"/>
        <method signature="QwizTests.SelectClothingPreferences()[pri:8, instance:WishiTests.QwizTests@783a467b]" name="SelectClothingPreferences" class="WishiTests.QwizTests"/>
        <method signature="QwizTests.SelectColors()[pri:6, instance:WishiTests.QwizTests@783a467b]" name="SelectColors" class="WishiTests.QwizTests"/>
        <method signature="QwizTests.SelectComfortZone()[pri:13, instance:WishiTests.QwizTests@783a467b]" name="SelectComfortZone" class="WishiTests.QwizTests"/>
        <method signature="QwizTests.SelectEvent()[pri:3, instance:WishiTests.QwizTests@783a467b]" name="SelectEvent" class="WishiTests.QwizTests"/>
        <method signature="QwizTests.SelectFabrics()[pri:10, instance:WishiTests.QwizTests@783a467b]" name="SelectFabrics" class="WishiTests.QwizTests"/>
        <method signature="QwizTests.SelectHeels()[pri:9, instance:WishiTests.QwizTests@783a467b]" name="SelectHeels" class="WishiTests.QwizTests"/>
        <method signature="QwizTests.SelectHeight()[pri:5, instance:WishiTests.QwizTests@783a467b]" name="SelectHeight" class="WishiTests.QwizTests"/>
        <method signature="QwizTests.SelectHighlight()[pri:7, instance:WishiTests.QwizTests@783a467b]" name="SelectHighlight" class="WishiTests.QwizTests"/>
        <method signature="QwizTests.SelectInventory()[pri:16, instance:WishiTests.QwizTests@783a467b]" name="SelectInventory" class="WishiTests.QwizTests"/>
        <method signature="QwizTests.SelectJEWELRY()[pri:14, instance:WishiTests.QwizTests@783a467b]" name="SelectJEWELRY" class="WishiTests.QwizTests"/>
        <method signature="QwizTests.SelectPrints()[pri:11, instance:WishiTests.QwizTests@783a467b]" name="SelectPrints" class="WishiTests.QwizTests"/>
        <method signature="QwizTests.SelectSize()[pri:12, instance:WishiTests.QwizTests@783a467b]" name="SelectSize" class="WishiTests.QwizTests"/>
        <method signature="QwizSkipedTests.CheckOutSessionskip()[pri:2, instance:WishiTests.QwizSkipedTests@534a5a98]" name="CheckOutSessionskip" class="WishiTests.QwizSkipedTests"/>
        <method signature="QwizSkipedTests.ClickSkip()[pri:3, instance:WishiTests.QwizSkipedTests@534a5a98]" name="ClickSkip" class="WishiTests.QwizSkipedTests"/>
        <method signature="QwizSkipedTests.DoSignUp2()[pri:1, instance:WishiTests.QwizSkipedTests@534a5a98]" name="DoSignUp2" class="WishiTests.QwizSkipedTests"/>
        <method signature="UploadItemTest.DoLogin()[pri:1, instance:WishiTests.UploadItemTest@70e9c95d]" name="DoLogin" class="WishiTests.UploadItemTest"/>
        <method signature="UploadItemTest.Uploaditem()[pri:2, instance:WishiTests.UploadItemTest@70e9c95d]" name="Uploaditem" class="WishiTests.UploadItemTest"/>
      </group> <!-- sanity-group -->
    </groups>
    <test started-at="2017-12-25T16:15:59Z" name="Login" finished-at="2017-12-25T16:16:18Z" duration-ms="18759">
      <class name="WishiTests.LoginTest">
        <test-method is-config="true" signature="setup()[pri:0, instance:WishiTests.LoginTest@3232a28a]" started-at="2017-12-25T18:15:59Z" name="setup" finished-at="2017-12-25T18:16:11Z" duration-ms="11928" status="PASS">
          <reporter-output>
          </reporter-output>
        </test-method> <!-- setup -->
        <test-method signature="LoginClickable()[pri:1, instance:WishiTests.LoginTest@3232a28a]" started-at="2017-12-25T18:16:11Z" name="LoginClickable" finished-at="2017-12-25T18:16:12Z" duration-ms="1375" status="PASS">
          <reporter-output>
          </reporter-output>
        </test-method> <!-- LoginClickable -->
        <test-method signature="DoLogin()[pri:2, instance:WishiTests.LoginTest@3232a28a]" started-at="2017-12-25T18:16:12Z" name="DoLogin" finished-at="2017-12-25T18:16:13Z" duration-ms="1044" status="PASS">
          <reporter-output>
          </reporter-output>
        </test-method> <!-- DoLogin -->
        <test-method signature="FillPasswordWithOutToFillEmail()[pri:3, instance:WishiTests.LoginTest@3232a28a]" started-at="2017-12-25T18:16:13Z" name="FillPasswordWithOutToFillEmail" finished-at="2017-12-25T18:16:14Z" duration-ms="927" status="PASS">
          <reporter-output>
          </reporter-output>
        </test-method> <!-- FillPasswordWithOutToFillEmail -->
        <test-method signature="FillEmailWithOutToFillPassword()[pri:4, instance:WishiTests.LoginTest@3232a28a]" started-at="2017-12-25T18:16:14Z" name="FillEmailWithOutToFillPassword" finished-at="2017-12-25T18:16:15Z" duration-ms="967" status="PASS">
          <reporter-output>
          </reporter-output>
        </test-method> <!-- FillEmailWithOutToFillPassword -->
        <test-method signature="ClickLoginwWithOutToFillAnyFields()[pri:5, instance:WishiTests.LoginTest@3232a28a]" started-at="2017-12-25T18:16:15Z" name="ClickLoginwWithOutToFillAnyFields" finished-at="2017-12-25T18:16:16Z" duration-ms="861" status="PASS">
          <reporter-output>
          </reporter-output>
        </test-method> <!-- ClickLoginwWithOutToFillAnyFields -->
        <test-method signature="FillCorrectEmailWithWrongPassword()[pri:6, instance:WishiTests.LoginTest@3232a28a]" started-at="2017-12-25T18:16:16Z" name="FillCorrectEmailWithWrongPassword" finished-at="2017-12-25T18:16:16Z" duration-ms="27" status="FAIL">
          <exception class="org.openqa.selenium.InvalidElementStateException">
            <message>
              <![CDATA[invalid element state: Element is not currently interactable and may not be manipulated  (Session info: chrome=63.0.3239.108)  (Driver info: chromedriver=2.34.522932 (4140ab217e1ca1bec0c4b4d1b148f3361eb3a03e),platform=Mac OS X 10.12.6 x86_64) (WARNING: The server did not provide any stacktrace information)Command duration or timeout: 0 millisecondsBuild info: version: '3.8.1', revision: '6e95a6684b', time: '2017-12-01T19:05:32.194Z'System info: host: 'yinons-MacBook-Pro.local', ip: 'fe80:0:0:0:187b:51fa:d62a:bb1b%en0', os.name: 'Mac OS X', os.arch: 'x86_64', os.version: '10.12.6', java.version: '9.0.1'Driver info: org.openqa.selenium.chrome.ChromeDriverCapabilities {acceptSslCerts: true, applicationCacheEnabled: false, browserConnectionEnabled: false, browserName: chrome, chrome: {chromedriverVersion: 2.34.522932 (4140ab217e1ca1..., userDataDir: /var/folders/xz/jk5hy2jd3sb...}, cssSelectorsEnabled: true, databaseEnabled: false, handlesAlerts: true, hasTouchScreen: false, javascriptEnabled: true, locationContextEnabled: true, mobileEmulationEnabled: false, nativeEvents: true, networkConnectionEnabled: false, pageLoadStrategy: normal, platform: MAC, platformName: MAC, rotatable: false, setWindowRect: true, takesHeapSnapshot: true, takesScreenshot: true, unexpectedAlertBehaviour: , unhandledPromptBehavior: , version: 63.0.3239.108, webStorageEnabled: true}Session ID: 9b3dfa73d979cafb1347bde8df45f2f8]]>
            </message>
            <full-stacktrace>
              <![CDATA[org.openqa.selenium.InvalidElementStateException: invalid element state: Element is not currently interactable and may not be manipulated  (Session info: chrome=63.0.3239.108)  (Driver info: chromedriver=2.34.522932 (4140ab217e1ca1bec0c4b4d1b148f3361eb3a03e),platform=Mac OS X 10.12.6 x86_64) (WARNING: The server did not provide any stacktrace information)Command duration or timeout: 0 millisecondsBuild info: version: '3.8.1', revision: '6e95a6684b', time: '2017-12-01T19:05:32.194Z'System info: host: 'yinons-MacBook-Pro.local', ip: 'fe80:0:0:0:187b:51fa:d62a:bb1b%en0', os.name: 'Mac OS X', os.arch: 'x86_64', os.version: '10.12.6', java.version: '9.0.1'Driver info: org.openqa.selenium.chrome.ChromeDriverCapabilities {acceptSslCerts: true, applicationCacheEnabled: false, browserConnectionEnabled: false, browserName: chrome, chrome: {chromedriverVersion: 2.34.522932 (4140ab217e1ca1..., userDataDir: /var/folders/xz/jk5hy2jd3sb...}, cssSelectorsEnabled: true, databaseEnabled: false, handlesAlerts: true, hasTouchScreen: false, javascriptEnabled: true, locationContextEnabled: true, mobileEmulationEnabled: false, nativeEvents: true, networkConnectionEnabled: false, pageLoadStrategy: normal, platform: MAC, platformName: MAC, rotatable: false, setWindowRect: true, takesHeapSnapshot: true, takesScreenshot: true, unexpectedAlertBehaviour: , unhandledPromptBehavior: , version: 63.0.3239.108, webStorageEnabled: true}Session ID: 9b3dfa73d979cafb1347bde8df45f2f8at java.base/jdk.internal.reflect.NativeConstructorAccessorImpl.newInstance0(Native Method)at java.base/jdk.internal.reflect.NativeConstructorAccessorImpl.newInstance(NativeConstructorAccessorImpl.java:62)at java.base/jdk.internal.reflect.DelegatingConstructorAccessorImpl.newInstance(DelegatingConstructorAccessorImpl.java:45)at java.base/java.lang.reflect.Constructor.newInstance(Constructor.java:488)at org.openqa.selenium.remote.ErrorHandler.createThrowable(ErrorHandler.java:214)at org.openqa.selenium.remote.ErrorHandler.throwIfResponseFailed(ErrorHandler.java:166)at org.openqa.selenium.remote.http.JsonHttpResponseCodec.reconstructValue(JsonHttpResponseCodec.java:40)at org.openqa.selenium.remote.http.AbstractHttpResponseCodec.decode(AbstractHttpResponseCodec.java:80)at org.openqa.selenium.remote.http.AbstractHttpResponseCodec.decode(AbstractHttpResponseCodec.java:44)at org.openqa.selenium.remote.HttpCommandExecutor.execute(HttpCommandExecutor.java:164)at org.openqa.selenium.remote.service.DriverCommandExecutor.execute(DriverCommandExecutor.java:83)at org.openqa.selenium.remote.RemoteWebDriver.execute(RemoteWebDriver.java:601)at org.openqa.selenium.remote.RemoteWebElement.execute(RemoteWebElement.java:279)at org.openqa.selenium.remote.RemoteWebElement.clear(RemoteWebElement.java:118)at java.base/jdk.internal.reflect.NativeMethodAccessorImpl.invoke0(Native Method)at java.base/jdk.internal.reflect.NativeMethodAccessorImpl.invoke(NativeMethodAccessorImpl.java:62)at java.base/jdk.internal.reflect.DelegatingMethodAccessorImpl.invoke(DelegatingMethodAccessorImpl.java:43)at java.base/java.lang.reflect.Method.invoke(Method.java:564)at org.openqa.selenium.support.pagefactory.internal.LocatingElementHandler.invoke(LocatingElementHandler.java:51)at com.sun.proxy.$Proxy11.clear(Unknown Source)at PageObject.BasePage.clear(BasePage.java:84)at PageObject.LoginPage.Clearpassword(LoginPage.java:104)at WishiTests.LoginTest.FillCorrectEmailWithWrongPassword(LoginTest.java:78)at java.base/jdk.internal.reflect.NativeMethodAccessorImpl.invoke0(Native Method)at java.base/jdk.internal.reflect.NativeMethodAccessorImpl.invoke(NativeMethodAccessorImpl.java:62)at java.base/jdk.internal.reflect.DelegatingMethodAccessorImpl.invoke(DelegatingMethodAccessorImpl.java:43)at java.base/java.lang.reflect.Method.invoke(Method.java:564)at org.testng.internal.MethodInvocationHelper.invokeMethod(MethodInvocationHelper.java:124)at org.testng.internal.Invoker.invokeMethod(Invoker.java:571)at org.testng.internal.Invoker.invokeTestMethod(Invoker.java:707)at org.testng.internal.Invoker.invokeTestMethods(Invoker.java:979)at org.testng.internal.TestMethodWorker.invokeTestMethods(TestMethodWorker.java:125)at org.testng.internal.TestMethodWorker.run(TestMethodWorker.java:109)at org.testng.TestRunner.privateRun(TestRunner.java:648)at org.testng.TestRunner.run(TestRunner.java:505)at org.testng.SuiteRunner.runTest(SuiteRunner.java:455)at org.testng.SuiteRunner.runSequentially(SuiteRunner.java:450)at org.testng.SuiteRunner.privateRun(SuiteRunner.java:415)at org.testng.SuiteRunner.run(SuiteRunner.java:364)at org.testng.SuiteRunnerWorker.runSuite(SuiteRunnerWorker.java:52)at org.testng.SuiteRunnerWorker.run(SuiteRunnerWorker.java:84)at org.testng.TestNG.runSuitesSequentially(TestNG.java:1187)at org.testng.TestNG.runSuitesLocally(TestNG.java:1116)at org.testng.TestNG.runSuites(TestNG.java:1028)at org.testng.TestNG.run(TestNG.java:996)at org.testng.remote.AbstractRemoteTestNG.run(AbstractRemoteTestNG.java:114)at org.testng.remote.RemoteTestNG.initAndRun(RemoteTestNG.java:251)at org.testng.remote.RemoteTestNG.main(RemoteTestNG.java:77)]]>
            </full-stacktrace>
          </exception> <!-- org.openqa.selenium.InvalidElementStateException -->
          <reporter-output>
          </reporter-output>
        </test-method> <!-- FillCorrectEmailWithWrongPassword -->
        <test-method signature="FillCorrectPasswordWithWrongEmail()[pri:7, instance:WishiTests.LoginTest@3232a28a]" started-at="2017-12-25T18:16:16Z" name="FillCorrectPasswordWithWrongEmail" finished-at="2017-12-25T18:16:18Z" duration-ms="1602" status="PASS">
          <reporter-output>
          </reporter-output>
        </test-method> <!-- FillCorrectPasswordWithWrongEmail -->
        <test-method is-config="true" signature="tearDown()[pri:0, instance:WishiTests.LoginTest@3232a28a]" started-at="2017-12-25T18:16:18Z" name="tearDown" finished-at="2017-12-25T18:16:18Z" duration-ms="0" status="PASS">
          <reporter-output>
          </reporter-output>
        </test-method> <!-- tearDown -->
      </class> <!-- WishiTests.LoginTest -->
    </test> <!-- Login -->
    <test started-at="2017-12-25T16:16:23Z" name="SignUp" finished-at="2017-12-25T16:16:40Z" duration-ms="16757">
      <class name="WishiTests.SignUpTest">
        <test-method is-config="true" signature="setup()[pri:0, instance:WishiTests.SignUpTest@6392827e]" started-at="2017-12-25T18:16:23Z" name="setup" finished-at="2017-12-25T18:16:34Z" duration-ms="11135" status="PASS">
          <reporter-output>
          </reporter-output>
        </test-method> <!-- setup -->
        <test-method signature="SignUpClickable()[pri:1, instance:WishiTests.SignUpTest@6392827e]" started-at="2017-12-25T18:16:34Z" name="SignUpClickable" finished-at="2017-12-25T18:16:34Z" duration-ms="444" status="PASS">
          <reporter-output>
          </reporter-output>
        </test-method> <!-- SignUpClickable -->
        <test-method signature="FillEmailWitoutShtudel()[pri:2, instance:WishiTests.SignUpTest@6392827e]" started-at="2017-12-25T18:16:34Z" name="FillEmailWitoutShtudel" finished-at="2017-12-25T18:16:35Z" duration-ms="861" status="PASS">
          <reporter-output>
          </reporter-output>
        </test-method> <!-- FillEmailWitoutShtudel -->
        <test-method signature="FillEmailWithoutDotCom()[pri:3, instance:WishiTests.SignUpTest@6392827e]" started-at="2017-12-25T18:16:35Z" name="FillEmailWithoutDotCom" finished-at="2017-12-25T18:16:36Z" duration-ms="539" status="PASS">
          <reporter-output>
          </reporter-output>
        </test-method> <!-- FillEmailWithoutDotCom -->
        <test-method signature="FillPsswordWithLessthan6Characters()[pri:4, instance:WishiTests.SignUpTest@6392827e]" started-at="2017-12-25T18:16:36Z" name="FillPsswordWithLessthan6Characters" finished-at="2017-12-25T18:16:36Z" duration-ms="494" status="PASS">
          <reporter-output>
          </reporter-output>
        </test-method> <!-- FillPsswordWithLessthan6Characters -->
        <test-method signature="DoSignUp()[pri:5, instance:WishiTests.SignUpTest@6392827e]" started-at="2017-12-25T18:16:36Z" name="DoSignUp" finished-at="2017-12-25T18:16:40Z" duration-ms="3277" status="PASS">
          <reporter-output>
          </reporter-output>
        </test-method> <!-- DoSignUp -->
        <test-method is-config="true" signature="tearDown()[pri:0, instance:WishiTests.SignUpTest@6392827e]" started-at="2017-12-25T18:16:40Z" name="tearDown" finished-at="2017-12-25T18:16:40Z" duration-ms="1" status="PASS">
          <reporter-output>
          </reporter-output>
        </test-method> <!-- tearDown -->
      </class> <!-- WishiTests.SignUpTest -->
    </test> <!-- SignUp -->
    <test started-at="2017-12-25T16:16:45Z" name="LoginWithFacbookTests" finished-at="2017-12-25T16:17:05Z" duration-ms="20646">
      <class name="WishiTests.LoginWithFacbookTests">
        <test-method is-config="true" signature="setup()[pri:0, instance:WishiTests.LoginWithFacbookTests@5a56cdac]" started-at="2017-12-25T18:16:45Z" name="setup" finished-at="2017-12-25T18:16:55Z" duration-ms="10589" status="PASS">
          <reporter-output>
          </reporter-output>
        </test-method> <!-- setup -->
        <test-method signature="LoginWithFacbookWrongUserName()[pri:1, instance:WishiTests.LoginWithFacbookTests@5a56cdac]" started-at="2017-12-25T18:16:55Z" name="LoginWithFacbookWrongUserName" finished-at="2017-12-25T18:17:00Z" duration-ms="4991" status="PASS">
          <reporter-output>
          </reporter-output>
        </test-method> <!-- LoginWithFacbookWrongUserName -->
        <test-method signature="LoginWithFacbookWrongPassword()[pri:2, instance:WishiTests.LoginWithFacbookTests@5a56cdac]" started-at="2017-12-25T18:17:00Z" name="LoginWithFacbookWrongPassword" finished-at="2017-12-25T18:17:02Z" duration-ms="2273" status="PASS">
          <reporter-output>
          </reporter-output>
        </test-method> <!-- LoginWithFacbookWrongPassword -->
        <test-method signature="LoginWithFacbook()[pri:3, instance:WishiTests.LoginWithFacbookTests@5a56cdac]" started-at="2017-12-25T18:17:02Z" name="LoginWithFacbook" finished-at="2017-12-25T18:17:05Z" duration-ms="2792" status="PASS">
          <reporter-output>
          </reporter-output>
        </test-method> <!-- LoginWithFacbook -->
        <test-method is-config="true" signature="tearDown()[pri:0, instance:WishiTests.LoginWithFacbookTests@5a56cdac]" started-at="2017-12-25T18:17:05Z" name="tearDown" finished-at="2017-12-25T18:17:05Z" duration-ms="0" status="PASS">
          <reporter-output>
          </reporter-output>
        </test-method> <!-- tearDown -->
      </class> <!-- WishiTests.LoginWithFacbookTests -->
    </test> <!-- LoginWithFacbookTests -->
    <test started-at="2017-12-25T16:17:10Z" name="SignUpByFacbook" finished-at="2017-12-25T16:17:32Z" duration-ms="21566">
      <class name="WishiTests.SignUpByFacbook">
        <test-method is-config="true" signature="setup()[pri:0, instance:WishiTests.SignUpByFacbook@17497425]" started-at="2017-12-25T18:17:10Z" name="setup" finished-at="2017-12-25T18:17:21Z" duration-ms="10881" status="PASS">
          <reporter-output>
          </reporter-output>
        </test-method> <!-- setup -->
        <test-method signature="SignUpWithFacbookWrongUserName()[pri:1, instance:WishiTests.SignUpByFacbook@17497425]" started-at="2017-12-25T18:17:21Z" name="SignUpWithFacbookWrongUserName" finished-at="2017-12-25T18:17:25Z" duration-ms="3919" status="PASS">
          <reporter-output>
          </reporter-output>
        </test-method> <!-- SignUpWithFacbookWrongUserName -->
        <test-method signature="SignUpWithFacbookWitOutEmail()[pri:2, instance:WishiTests.SignUpByFacbook@17497425]" started-at="2017-12-25T18:17:25Z" name="SignUpWithFacbookWitOutEmail" finished-at="2017-12-25T18:17:26Z" duration-ms="625" status="PASS">
          <reporter-output>
          </reporter-output>
        </test-method> <!-- SignUpWithFacbookWitOutEmail -->
        <test-method signature="SignUpWithFacbookWitOutPassword()[pri:3, instance:WishiTests.SignUpByFacbook@17497425]" started-at="2017-12-25T18:17:26Z" name="SignUpWithFacbookWitOutPassword" finished-at="2017-12-25T18:17:27Z" duration-ms="1747" status="PASS">
          <reporter-output>
          </reporter-output>
        </test-method> <!-- SignUpWithFacbookWitOutPassword -->
        <test-method signature="SignUpWithFacbookWrongPassword()[pri:4, instance:WishiTests.SignUpByFacbook@17497425]" started-at="2017-12-25T18:17:27Z" name="SignUpWithFacbookWrongPassword" finished-at="2017-12-25T18:17:29Z" duration-ms="1638" status="PASS">
          <reporter-output>
          </reporter-output>
        </test-method> <!-- SignUpWithFacbookWrongPassword -->
        <test-method signature="SignUpWithFacbook()[pri:5, instance:WishiTests.SignUpByFacbook@17497425]" started-at="2017-12-25T18:17:29Z" name="SignUpWithFacbook" finished-at="2017-12-25T18:17:32Z" duration-ms="2752" status="PASS">
          <reporter-output>
          </reporter-output>
        </test-method> <!-- SignUpWithFacbook -->
        <test-method is-config="true" signature="tearDown()[pri:0, instance:WishiTests.SignUpByFacbook@17497425]" started-at="2017-12-25T18:17:32Z" name="tearDown" finished-at="2017-12-25T18:17:32Z" duration-ms="0" status="PASS">
          <reporter-output>
          </reporter-output>
        </test-method> <!-- tearDown -->
      </class> <!-- WishiTests.SignUpByFacbook -->
    </test> <!-- SignUpByFacbook -->
    <test started-at="2017-12-25T16:17:37Z" name="CrateLookTests" finished-at="2017-12-25T16:19:30Z" duration-ms="112842">
      <class name="WishiTests.CrateLookTests">
        <test-method is-config="true" signature="setup()[pri:0, instance:WishiTests.CrateLookTests@957e06]" started-at="2017-12-25T18:17:37Z" name="setup" finished-at="2017-12-25T18:17:48Z" duration-ms="11322" status="PASS">
          <reporter-output>
          </reporter-output>
        </test-method> <!-- setup -->
        <test-method signature="LoginAsStylist()[pri:1, instance:WishiTests.CrateLookTests@957e06]" started-at="2017-12-25T18:17:48Z" name="LoginAsStylist" finished-at="2017-12-25T18:17:49Z" duration-ms="1051" status="PASS">
          <reporter-output>
          </reporter-output>
        </test-method> <!-- LoginAsStylist -->
        <test-method signature="CrateRegularLook()[pri:2, instance:WishiTests.CrateLookTests@957e06]" started-at="2017-12-25T18:17:49Z" name="CrateRegularLook" finished-at="2017-12-25T18:18:24Z" duration-ms="34846" status="FAIL">
          <exception class="org.openqa.selenium.NoSuchElementException">
            <message>
              <![CDATA[no such element: Unable to locate element: {"method":"xpath","selector":"//button[@class='input_btn']"}  (Session info: chrome=63.0.3239.108)  (Driver info: chromedriver=2.34.522932 (4140ab217e1ca1bec0c4b4d1b148f3361eb3a03e),platform=Mac OS X 10.12.6 x86_64) (WARNING: The server did not provide any stacktrace information)Command duration or timeout: 0 millisecondsFor documentation on this error, please visit: http://seleniumhq.org/exceptions/no_such_element.htmlBuild info: version: '3.8.1', revision: '6e95a6684b', time: '2017-12-01T19:05:32.194Z'System info: host: 'yinons-MacBook-Pro.local', ip: 'fe80:0:0:0:187b:51fa:d62a:bb1b%en0', os.name: 'Mac OS X', os.arch: 'x86_64', os.version: '10.12.6', java.version: '9.0.1'Driver info: org.openqa.selenium.chrome.ChromeDriverCapabilities {acceptSslCerts: true, applicationCacheEnabled: false, browserConnectionEnabled: false, browserName: chrome, chrome: {chromedriverVersion: 2.34.522932 (4140ab217e1ca1..., userDataDir: /var/folders/xz/jk5hy2jd3sb...}, cssSelectorsEnabled: true, databaseEnabled: false, handlesAlerts: true, hasTouchScreen: false, javascriptEnabled: true, locationContextEnabled: true, mobileEmulationEnabled: false, nativeEvents: true, networkConnectionEnabled: false, pageLoadStrategy: normal, platform: MAC, platformName: MAC, rotatable: false, setWindowRect: true, takesHeapSnapshot: true, takesScreenshot: true, unexpectedAlertBehaviour: , unhandledPromptBehavior: , version: 63.0.3239.108, webStorageEnabled: true}Session ID: 851a028e3f9ace541d3d912298dd1d9a*** Element info: {Using=xpath, value=//button[@class='input_btn']}]]>
            </message>
            <full-stacktrace>
              <![CDATA[org.openqa.selenium.NoSuchElementException: no such element: Unable to locate element: {"method":"xpath","selector":"//button[@class='input_btn']"}  (Session info: chrome=63.0.3239.108)  (Driver info: chromedriver=2.34.522932 (4140ab217e1ca1bec0c4b4d1b148f3361eb3a03e),platform=Mac OS X 10.12.6 x86_64) (WARNING: The server did not provide any stacktrace information)Command duration or timeout: 0 millisecondsFor documentation on this error, please visit: http://seleniumhq.org/exceptions/no_such_element.htmlBuild info: version: '3.8.1', revision: '6e95a6684b', time: '2017-12-01T19:05:32.194Z'System info: host: 'yinons-MacBook-Pro.local', ip: 'fe80:0:0:0:187b:51fa:d62a:bb1b%en0', os.name: 'Mac OS X', os.arch: 'x86_64', os.version: '10.12.6', java.version: '9.0.1'Driver info: org.openqa.selenium.chrome.ChromeDriverCapabilities {acceptSslCerts: true, applicationCacheEnabled: false, browserConnectionEnabled: false, browserName: chrome, chrome: {chromedriverVersion: 2.34.522932 (4140ab217e1ca1..., userDataDir: /var/folders/xz/jk5hy2jd3sb...}, cssSelectorsEnabled: true, databaseEnabled: false, handlesAlerts: true, hasTouchScreen: false, javascriptEnabled: true, locationContextEnabled: true, mobileEmulationEnabled: false, nativeEvents: true, networkConnectionEnabled: false, pageLoadStrategy: normal, platform: MAC, platformName: MAC, rotatable: false, setWindowRect: true, takesHeapSnapshot: true, takesScreenshot: true, unexpectedAlertBehaviour: , unhandledPromptBehavior: , version: 63.0.3239.108, webStorageEnabled: true}Session ID: 851a028e3f9ace541d3d912298dd1d9a*** Element info: {Using=xpath, value=//button[@class='input_btn']}at java.base/jdk.internal.reflect.NativeConstructorAccessorImpl.newInstance0(Native Method)at java.base/jdk.internal.reflect.NativeConstructorAccessorImpl.newInstance(NativeConstructorAccessorImpl.java:62)at java.base/jdk.internal.reflect.DelegatingConstructorAccessorImpl.newInstance(DelegatingConstructorAccessorImpl.java:45)at java.base/java.lang.reflect.Constructor.newInstance(Constructor.java:488)at org.openqa.selenium.remote.ErrorHandler.createThrowable(ErrorHandler.java:214)at org.openqa.selenium.remote.ErrorHandler.throwIfResponseFailed(ErrorHandler.java:166)at org.openqa.selenium.remote.http.JsonHttpResponseCodec.reconstructValue(JsonHttpResponseCodec.java:40)at org.openqa.selenium.remote.http.AbstractHttpResponseCodec.decode(AbstractHttpResponseCodec.java:80)at org.openqa.selenium.remote.http.AbstractHttpResponseCodec.decode(AbstractHttpResponseCodec.java:44)at org.openqa.selenium.remote.HttpCommandExecutor.execute(HttpCommandExecutor.java:164)at org.openqa.selenium.remote.service.DriverCommandExecutor.execute(DriverCommandExecutor.java:83)at org.openqa.selenium.remote.RemoteWebDriver.execute(RemoteWebDriver.java:601)at org.openqa.selenium.remote.RemoteWebDriver.findElement(RemoteWebDriver.java:371)at org.openqa.selenium.remote.RemoteWebDriver.findElementByXPath(RemoteWebDriver.java:473)at org.openqa.selenium.By$ByXPath.findElement(By.java:361)at org.openqa.selenium.remote.RemoteWebDriver.findElement(RemoteWebDriver.java:363)at PageObject.BasePage.ElementIsDisplyed(BasePage.java:88)at PageObject.BasePage.ElementDisplay(BasePage.java:93)at WishiTests.CrateLookTests.CrateRegularLook(CrateLookTests.java:44)at java.base/jdk.internal.reflect.NativeMethodAccessorImpl.invoke0(Native Method)at java.base/jdk.internal.reflect.NativeMethodAccessorImpl.invoke(NativeMethodAccessorImpl.java:62)at java.base/jdk.internal.reflect.DelegatingMethodAccessorImpl.invoke(DelegatingMethodAccessorImpl.java:43)at java.base/java.lang.reflect.Method.invoke(Method.java:564)at org.testng.internal.MethodInvocationHelper.invokeMethod(MethodInvocationHelper.java:124)at org.testng.internal.Invoker.invokeMethod(Invoker.java:571)at org.testng.internal.Invoker.invokeTestMethod(Invoker.java:707)at org.testng.internal.Invoker.invokeTestMethods(Invoker.java:979)at org.testng.internal.TestMethodWorker.invokeTestMethods(TestMethodWorker.java:125)at org.testng.internal.TestMethodWorker.run(TestMethodWorker.java:109)at org.testng.TestRunner.privateRun(TestRunner.java:648)at org.testng.TestRunner.run(TestRunner.java:505)at org.testng.SuiteRunner.runTest(SuiteRunner.java:455)at org.testng.SuiteRunner.runSequentially(SuiteRunner.java:450)at org.testng.SuiteRunner.privateRun(SuiteRunner.java:415)at org.testng.SuiteRunner.run(SuiteRunner.java:364)at org.testng.SuiteRunnerWorker.runSuite(SuiteRunnerWorker.java:52)at org.testng.SuiteRunnerWorker.run(SuiteRunnerWorker.java:84)at org.testng.TestNG.runSuitesSequentially(TestNG.java:1187)at org.testng.TestNG.runSuitesLocally(TestNG.java:1116)at org.testng.TestNG.runSuites(TestNG.java:1028)at org.testng.TestNG.run(TestNG.java:996)at org.testng.remote.AbstractRemoteTestNG.run(AbstractRemoteTestNG.java:114)at org.testng.remote.RemoteTestNG.initAndRun(RemoteTestNG.java:251)at org.testng.remote.RemoteTestNG.main(RemoteTestNG.java:77)]]>
            </full-stacktrace>
          </exception> <!-- org.openqa.selenium.NoSuchElementException -->
          <reporter-output>
          </reporter-output>
        </test-method> <!-- CrateRegularLook -->
        <test-method signature="PersonalShopping()[pri:3, instance:WishiTests.CrateLookTests@957e06]" started-at="2017-12-25T18:18:24Z" name="PersonalShopping" finished-at="2017-12-25T18:19:30Z" duration-ms="65619" status="PASS">
          <reporter-output>
          </reporter-output>
        </test-method> <!-- PersonalShopping -->
        <test-method is-config="true" signature="tearDown()[pri:0, instance:WishiTests.CrateLookTests@957e06]" started-at="2017-12-25T18:19:30Z" name="tearDown" finished-at="2017-12-25T18:19:30Z" duration-ms="0" status="PASS">
          <reporter-output>
          </reporter-output>
        </test-method> <!-- tearDown -->
      </class> <!-- WishiTests.CrateLookTests -->
    </test> <!-- CrateLookTests -->
    <test started-at="2017-12-25T16:19:35Z" name="ChatTests" finished-at="2017-12-25T16:20:22Z" duration-ms="47797">
      <class name="WishiTests.ChatTests">
        <test-method is-config="true" signature="setup()[pri:0, instance:WishiTests.ChatTests@23c30a20]" started-at="2017-12-25T18:19:35Z" name="setup" finished-at="2017-12-25T18:19:45Z" duration-ms="10685" status="PASS">
          <reporter-output>
          </reporter-output>
        </test-method> <!-- setup -->
        <test-method signature="LoginAsStylist()[pri:1, instance:WishiTests.ChatTests@23c30a20]" started-at="2017-12-25T18:19:45Z" name="LoginAsStylist" finished-at="2017-12-25T18:19:46Z" duration-ms="1109" status="PASS">
          <reporter-output>
          </reporter-output>
        </test-method> <!-- LoginAsStylist -->
        <test-method signature="SendChatToclient()[pri:2, instance:WishiTests.ChatTests@23c30a20]" started-at="2017-12-25T18:19:46Z" name="SendChatToclient" finished-at="2017-12-25T18:20:08Z" duration-ms="21974" status="PASS">
          <reporter-output>
          </reporter-output>
        </test-method> <!-- SendChatToclient -->
        <test-method signature="SendChatToStylist()[pri:3, instance:WishiTests.ChatTests@23c30a20]" started-at="2017-12-25T18:20:08Z" name="SendChatToStylist" finished-at="2017-12-25T18:20:22Z" duration-ms="14027" status="PASS">
          <reporter-output>
          </reporter-output>
        </test-method> <!-- SendChatToStylist -->
        <test-method is-config="true" signature="tearDown()[pri:0, instance:WishiTests.ChatTests@23c30a20]" started-at="2017-12-25T18:20:22Z" name="tearDown" finished-at="2017-12-25T18:20:22Z" duration-ms="0" status="PASS">
          <reporter-output>
          </reporter-output>
        </test-method> <!-- tearDown -->
      </class> <!-- WishiTests.ChatTests -->
    </test> <!-- ChatTests -->
    <test started-at="2017-12-25T16:20:27Z" name="OnBoadingTests" finished-at="2017-12-25T16:20:57Z" duration-ms="29968">
      <class name="WishiTests.OnBoadingTests">
        <test-method is-config="true" signature="setup()[pri:0, instance:WishiTests.OnBoadingTests@61001b64]" started-at="2017-12-25T18:20:27Z" name="setup" finished-at="2017-12-25T18:20:38Z" duration-ms="10993" status="PASS">
          <reporter-output>
          </reporter-output>
        </test-method> <!-- setup -->
        <test-method signature="DoSignUp()[pri:1, instance:WishiTests.OnBoadingTests@61001b64]" started-at="2017-12-25T18:20:38Z" name="DoSignUp" finished-at="2017-12-25T18:20:45Z" duration-ms="6478" status="PASS">
          <reporter-output>
          </reporter-output>
        </test-method> <!-- DoSignUp -->
        <test-method signature="FillPersonalInformation()[pri:2, instance:WishiTests.OnBoadingTests@61001b64]" started-at="2017-12-25T18:20:45Z" name="FillPersonalInformation" finished-at="2017-12-25T18:20:48Z" duration-ms="3094" status="PASS">
          <reporter-output>
          </reporter-output>
        </test-method> <!-- FillPersonalInformation -->
        <test-method signature="SelectStyle()[pri:3, instance:WishiTests.OnBoadingTests@61001b64]" started-at="2017-12-25T18:20:48Z" name="SelectStyle" finished-at="2017-12-25T18:20:49Z" duration-ms="525" status="PASS">
          <reporter-output>
          </reporter-output>
        </test-method> <!-- SelectStyle -->
        <test-method signature="SelectStyleGoal()[pri:4, instance:WishiTests.OnBoadingTests@61001b64]" started-at="2017-12-25T18:20:49Z" name="SelectStyleGoal" finished-at="2017-12-25T18:20:49Z" duration-ms="960" status="PASS">
          <reporter-output>
          </reporter-output>
        </test-method> <!-- SelectStyleGoal -->
        <test-method signature="SelectInspiration()[pri:5, instance:WishiTests.OnBoadingTests@61001b64]" started-at="2017-12-25T18:20:49Z" name="SelectInspiration" finished-at="2017-12-25T18:20:55Z" duration-ms="5516" status="PASS">
          <reporter-output>
          </reporter-output>
        </test-method> <!-- SelectInspiration -->
        <test-method signature="SelectLocation()[pri:6, instance:WishiTests.OnBoadingTests@61001b64]" started-at="2017-12-25T18:20:55Z" name="SelectLocation" finished-at="2017-12-25T18:20:56Z" duration-ms="539" status="PASS">
          <reporter-output>
          </reporter-output>
        </test-method> <!-- SelectLocation -->
        <test-method signature="SelectBrands()[pri:7, instance:WishiTests.OnBoadingTests@61001b64]" started-at="2017-12-25T18:20:56Z" name="SelectBrands" finished-at="2017-12-25T18:20:56Z" duration-ms="424" status="PASS">
          <reporter-output>
          </reporter-output>
        </test-method> <!-- SelectBrands -->
        <test-method signature="SelectLevel()[pri:8, instance:WishiTests.OnBoadingTests@61001b64]" started-at="2017-12-25T18:20:56Z" name="SelectLevel" finished-at="2017-12-25T18:20:57Z" duration-ms="1433" status="PASS">
          <reporter-output>
          </reporter-output>
        </test-method> <!-- SelectLevel -->
        <test-method is-config="true" signature="tearDown()[pri:0, instance:WishiTests.OnBoadingTests@61001b64]" started-at="2017-12-25T18:20:57Z" name="tearDown" finished-at="2017-12-25T18:20:57Z" duration-ms="0" status="PASS">
          <reporter-output>
          </reporter-output>
        </test-method> <!-- tearDown -->
      </class> <!-- WishiTests.OnBoadingTests -->
    </test> <!-- OnBoadingTests -->
    <test started-at="2017-12-25T16:21:02Z" name="BookingStylistTests" finished-at="2017-12-25T16:22:02Z" duration-ms="59690">
      <class name="WishiTests.BookingStylistTests">
        <test-method is-config="true" signature="setup()[pri:0, instance:WishiTests.BookingStylistTests@55634720]" started-at="2017-12-25T18:21:02Z" name="setup" finished-at="2017-12-25T18:21:13Z" duration-ms="10749" status="PASS">
          <reporter-output>
          </reporter-output>
        </test-method> <!-- setup -->
        <test-method signature="DoSignUp()[pri:1, instance:WishiTests.BookingStylistTests@55634720]" started-at="2017-12-25T18:21:13Z" name="DoSignUp" finished-at="2017-12-25T18:21:15Z" duration-ms="1429" status="PASS">
          <reporter-output>
          </reporter-output>
        </test-method> <!-- DoSignUp -->
        <test-method signature="CheckOutSession()[pri:2, instance:WishiTests.BookingStylistTests@55634720]" started-at="2017-12-25T18:21:15Z" name="CheckOutSession" finished-at="2017-12-25T18:21:30Z" duration-ms="15158" status="PASS">
          <reporter-output>
          </reporter-output>
        </test-method> <!-- CheckOutSession -->
        <test-method signature="CheckoutUnlimited()[pri:3, instance:WishiTests.BookingStylistTests@55634720]" started-at="2017-12-25T18:21:30Z" name="CheckoutUnlimited" finished-at="2017-12-25T18:21:46Z" duration-ms="15778" status="PASS">
          <reporter-output>
          </reporter-output>
        </test-method> <!-- CheckoutUnlimited -->
        <test-method signature="CheckoutByCreditCard()[pri:4, instance:WishiTests.BookingStylistTests@55634720]" started-at="2017-12-25T18:21:46Z" name="CheckoutByCreditCard" finished-at="2017-12-25T18:22:02Z" duration-ms="16570" status="PASS">
          <reporter-output>
          </reporter-output>
        </test-method> <!-- CheckoutByCreditCard -->
        <test-method is-config="true" signature="tearDown()[pri:0, instance:WishiTests.BookingStylistTests@55634720]" started-at="2017-12-25T18:22:02Z" name="tearDown" finished-at="2017-12-25T18:22:02Z" duration-ms="0" status="PASS">
          <reporter-output>
          </reporter-output>
        </test-method> <!-- tearDown -->
      </class> <!-- WishiTests.BookingStylistTests -->
    </test> <!-- BookingStylistTests -->
    <test started-at="2017-12-25T16:22:07Z" name="QwizTests" finished-at="2017-12-25T16:23:25Z" duration-ms="77600">
      <class name="WishiTests.QwizTests">
        <test-method is-config="true" signature="setup()[pri:0, instance:WishiTests.QwizTests@783a467b]" started-at="2017-12-25T18:22:07Z" name="setup" finished-at="2017-12-25T18:22:24Z" duration-ms="16392" status="PASS">
          <reporter-output>
          </reporter-output>
        </test-method> <!-- setup -->
        <test-method signature="DoSignUp()[pri:1, instance:WishiTests.QwizTests@783a467b]" started-at="2017-12-25T18:22:24Z" name="DoSignUp" finished-at="2017-12-25T18:22:25Z" duration-ms="1404" status="PASS">
          <reporter-output>
          </reporter-output>
        </test-method> <!-- DoSignUp -->
        <test-method signature="CheckOutSession()[pri:2, instance:WishiTests.QwizTests@783a467b]" started-at="2017-12-25T18:22:25Z" name="CheckOutSession" finished-at="2017-12-25T18:22:41Z" duration-ms="15626" status="PASS">
          <reporter-output>
          </reporter-output>
        </test-method> <!-- CheckOutSession -->
        <test-method signature="SelectEvent()[pri:3, instance:WishiTests.QwizTests@783a467b]" started-at="2017-12-25T18:22:41Z" name="SelectEvent" finished-at="2017-12-25T18:22:43Z" duration-ms="2199" status="PASS">
          <reporter-output>
          </reporter-output>
        </test-method> <!-- SelectEvent -->
        <test-method signature="SelectBodyType()[pri:4, instance:WishiTests.QwizTests@783a467b]" started-at="2017-12-25T18:22:43Z" name="SelectBodyType" finished-at="2017-12-25T18:22:44Z" duration-ms="1167" status="PASS">
          <reporter-output>
          </reporter-output>
        </test-method> <!-- SelectBodyType -->
        <test-method signature="SelectHeight()[pri:5, instance:WishiTests.QwizTests@783a467b]" started-at="2017-12-25T18:22:44Z" name="SelectHeight" finished-at="2017-12-25T18:22:47Z" duration-ms="3341" status="PASS">
          <reporter-output>
          </reporter-output>
        </test-method> <!-- SelectHeight -->
        <test-method signature="SelectColors()[pri:6, instance:WishiTests.QwizTests@783a467b]" started-at="2017-12-25T18:22:47Z" name="SelectColors" finished-at="2017-12-25T18:22:51Z" duration-ms="3483" status="PASS">
          <reporter-output>
          </reporter-output>
        </test-method> <!-- SelectColors -->
        <test-method signature="SelectHighlight()[pri:7, instance:WishiTests.QwizTests@783a467b]" started-at="2017-12-25T18:22:51Z" name="SelectHighlight" finished-at="2017-12-25T18:22:54Z" duration-ms="3326" status="PASS">
          <reporter-output>
          </reporter-output>
        </test-method> <!-- SelectHighlight -->
        <test-method signature="SelectClothingPreferences()[pri:8, instance:WishiTests.QwizTests@783a467b]" started-at="2017-12-25T18:22:54Z" name="SelectClothingPreferences" finished-at="2017-12-25T18:22:57Z" duration-ms="3317" status="PASS">
          <reporter-output>
          </reporter-output>
        </test-method> <!-- SelectClothingPreferences -->
        <test-method signature="SelectHeels()[pri:9, instance:WishiTests.QwizTests@783a467b]" started-at="2017-12-25T18:22:57Z" name="SelectHeels" finished-at="2017-12-25T18:23:01Z" duration-ms="3311" status="PASS">
          <reporter-output>
          </reporter-output>
        </test-method> <!-- SelectHeels -->
        <test-method signature="SelectFabrics()[pri:10, instance:WishiTests.QwizTests@783a467b]" started-at="2017-12-25T18:23:01Z" name="SelectFabrics" finished-at="2017-12-25T18:23:04Z" duration-ms="3313" status="PASS">
          <reporter-output>
          </reporter-output>
        </test-method> <!-- SelectFabrics -->
        <test-method signature="SelectPrints()[pri:11, instance:WishiTests.QwizTests@783a467b]" started-at="2017-12-25T18:23:04Z" name="SelectPrints" finished-at="2017-12-25T18:23:07Z" duration-ms="3320" status="PASS">
          <reporter-output>
          </reporter-output>
        </test-method> <!-- SelectPrints -->
        <test-method signature="SelectSize()[pri:12, instance:WishiTests.QwizTests@783a467b]" started-at="2017-12-25T18:23:07Z" name="SelectSize" finished-at="2017-12-25T18:23:11Z" duration-ms="3469" status="PASS">
          <reporter-output>
          </reporter-output>
        </test-method> <!-- SelectSize -->
        <test-method signature="SelectComfortZone()[pri:13, instance:WishiTests.QwizTests@783a467b]" started-at="2017-12-25T18:23:11Z" name="SelectComfortZone" finished-at="2017-12-25T18:23:14Z" duration-ms="3311" status="PASS">
          <reporter-output>
          </reporter-output>
        </test-method> <!-- SelectComfortZone -->
        <test-method signature="SelectJEWELRY()[pri:14, instance:WishiTests.QwizTests@783a467b]" started-at="2017-12-25T18:23:14Z" name="SelectJEWELRY" finished-at="2017-12-25T18:23:17Z" duration-ms="3366" status="PASS">
          <reporter-output>
          </reporter-output>
        </test-method> <!-- SelectJEWELRY -->
        <test-method signature="SelectBrands()[pri:15, instance:WishiTests.QwizTests@783a467b]" started-at="2017-12-25T18:23:17Z" name="SelectBrands" finished-at="2017-12-25T18:23:21Z" duration-ms="3426" status="PASS">
          <reporter-output>
          </reporter-output>
        </test-method> <!-- SelectBrands -->
        <test-method signature="SelectInventory()[pri:16, instance:WishiTests.QwizTests@783a467b]" started-at="2017-12-25T18:23:21Z" name="SelectInventory" finished-at="2017-12-25T18:23:25Z" duration-ms="3815" status="PASS">
          <reporter-output>
          </reporter-output>
        </test-method> <!-- SelectInventory -->
        <test-method is-config="true" signature="tearDown()[pri:0, instance:WishiTests.QwizTests@783a467b]" started-at="2017-12-25T18:23:25Z" name="tearDown" finished-at="2017-12-25T18:23:25Z" duration-ms="0" status="PASS">
          <reporter-output>
          </reporter-output>
        </test-method> <!-- tearDown -->
      </class> <!-- WishiTests.QwizTests -->
    </test> <!-- QwizTests -->
    <test started-at="2017-12-25T16:23:30Z" name="QwizSkipedTests" finished-at="2017-12-25T16:24:29Z" duration-ms="59117">
      <class name="WishiTests.QwizSkipedTests">
        <test-method is-config="true" signature="setup()[pri:0, instance:WishiTests.QwizSkipedTests@534a5a98]" started-at="2017-12-25T18:23:30Z" name="setup" finished-at="2017-12-25T18:23:49Z" duration-ms="19318" status="PASS">
          <reporter-output>
          </reporter-output>
        </test-method> <!-- setup -->
        <test-method signature="DoSignUp2()[pri:1, instance:WishiTests.QwizSkipedTests@534a5a98]" started-at="2017-12-25T18:23:49Z" name="DoSignUp2" finished-at="2017-12-25T18:23:50Z" duration-ms="1408" status="PASS">
          <reporter-output>
          </reporter-output>
        </test-method> <!-- DoSignUp2 -->
        <test-method signature="CheckOutSessionskip()[pri:2, instance:WishiTests.QwizSkipedTests@534a5a98]" started-at="2017-12-25T18:23:50Z" name="CheckOutSessionskip" finished-at="2017-12-25T18:24:08Z" duration-ms="17134" status="PASS">
          <reporter-output>
          </reporter-output>
        </test-method> <!-- CheckOutSessionskip -->
        <test-method signature="ClickSkip()[pri:3, instance:WishiTests.QwizSkipedTests@534a5a98]" started-at="2017-12-25T18:24:08Z" name="ClickSkip" finished-at="2017-12-25T18:24:29Z" duration-ms="21255" status="PASS">
          <reporter-output>
          </reporter-output>
        </test-method> <!-- ClickSkip -->
        <test-method is-config="true" signature="tearDown()[pri:0, instance:WishiTests.QwizSkipedTests@534a5a98]" started-at="2017-12-25T18:24:29Z" name="tearDown" finished-at="2017-12-25T18:24:29Z" duration-ms="0" status="PASS">
          <reporter-output>
          </reporter-output>
        </test-method> <!-- tearDown -->
      </class> <!-- WishiTests.QwizSkipedTests -->
    </test> <!-- QwizSkipedTests -->
    <test started-at="2017-12-25T16:24:34Z" name="UploadItemTest" finished-at="2017-12-25T16:24:49Z" duration-ms="14718">
      <class name="WishiTests.UploadItemTest">
        <test-method is-config="true" signature="setup()[pri:0, instance:WishiTests.UploadItemTest@70e9c95d]" started-at="2017-12-25T18:24:34Z" name="setup" finished-at="2017-12-25T18:24:45Z" duration-ms="11389" status="PASS">
          <reporter-output>
          </reporter-output>
        </test-method> <!-- setup -->
        <test-method signature="DoLogin()[pri:1, instance:WishiTests.UploadItemTest@70e9c95d]" started-at="2017-12-25T18:24:45Z" name="DoLogin" finished-at="2017-12-25T18:24:48Z" duration-ms="3014" status="PASS">
          <reporter-output>
          </reporter-output>
        </test-method> <!-- DoLogin -->
        <test-method signature="Uploaditem()[pri:2, instance:WishiTests.UploadItemTest@70e9c95d]" started-at="2017-12-25T18:24:48Z" name="Uploaditem" finished-at="2017-12-25T18:24:49Z" duration-ms="312" status="FAIL">
          <exception class="org.openqa.selenium.InvalidElementStateException">
            <message>
              <![CDATA[invalid element state: Element is not currently interactable and may not be manipulated  (Session info: chrome=63.0.3239.108)  (Driver info: chromedriver=2.34.522932 (4140ab217e1ca1bec0c4b4d1b148f3361eb3a03e),platform=Mac OS X 10.12.6 x86_64) (WARNING: The server did not provide any stacktrace information)Command duration or timeout: 0 millisecondsBuild info: version: '3.8.1', revision: '6e95a6684b', time: '2017-12-01T19:05:32.194Z'System info: host: 'yinons-MacBook-Pro.local', ip: 'fe80:0:0:0:187b:51fa:d62a:bb1b%en0', os.name: 'Mac OS X', os.arch: 'x86_64', os.version: '10.12.6', java.version: '9.0.1'Driver info: org.openqa.selenium.chrome.ChromeDriverCapabilities {acceptSslCerts: true, applicationCacheEnabled: false, browserConnectionEnabled: false, browserName: chrome, chrome: {chromedriverVersion: 2.34.522932 (4140ab217e1ca1..., userDataDir: /var/folders/xz/jk5hy2jd3sb...}, cssSelectorsEnabled: true, databaseEnabled: false, handlesAlerts: true, hasTouchScreen: false, javascriptEnabled: true, locationContextEnabled: true, mobileEmulationEnabled: false, nativeEvents: true, networkConnectionEnabled: false, pageLoadStrategy: normal, platform: MAC, platformName: MAC, rotatable: false, setWindowRect: true, takesHeapSnapshot: true, takesScreenshot: true, unexpectedAlertBehaviour: , unhandledPromptBehavior: , version: 63.0.3239.108, webStorageEnabled: true}Session ID: 874db71f313793fd967906a4cd2f6ee6]]>
            </message>
            <full-stacktrace>
              <![CDATA[org.openqa.selenium.InvalidElementStateException: invalid element state: Element is not currently interactable and may not be manipulated  (Session info: chrome=63.0.3239.108)  (Driver info: chromedriver=2.34.522932 (4140ab217e1ca1bec0c4b4d1b148f3361eb3a03e),platform=Mac OS X 10.12.6 x86_64) (WARNING: The server did not provide any stacktrace information)Command duration or timeout: 0 millisecondsBuild info: version: '3.8.1', revision: '6e95a6684b', time: '2017-12-01T19:05:32.194Z'System info: host: 'yinons-MacBook-Pro.local', ip: 'fe80:0:0:0:187b:51fa:d62a:bb1b%en0', os.name: 'Mac OS X', os.arch: 'x86_64', os.version: '10.12.6', java.version: '9.0.1'Driver info: org.openqa.selenium.chrome.ChromeDriverCapabilities {acceptSslCerts: true, applicationCacheEnabled: false, browserConnectionEnabled: false, browserName: chrome, chrome: {chromedriverVersion: 2.34.522932 (4140ab217e1ca1..., userDataDir: /var/folders/xz/jk5hy2jd3sb...}, cssSelectorsEnabled: true, databaseEnabled: false, handlesAlerts: true, hasTouchScreen: false, javascriptEnabled: true, locationContextEnabled: true, mobileEmulationEnabled: false, nativeEvents: true, networkConnectionEnabled: false, pageLoadStrategy: normal, platform: MAC, platformName: MAC, rotatable: false, setWindowRect: true, takesHeapSnapshot: true, takesScreenshot: true, unexpectedAlertBehaviour: , unhandledPromptBehavior: , version: 63.0.3239.108, webStorageEnabled: true}Session ID: 874db71f313793fd967906a4cd2f6ee6at java.base/jdk.internal.reflect.NativeConstructorAccessorImpl.newInstance0(Native Method)at java.base/jdk.internal.reflect.NativeConstructorAccessorImpl.newInstance(NativeConstructorAccessorImpl.java:62)at java.base/jdk.internal.reflect.DelegatingConstructorAccessorImpl.newInstance(DelegatingConstructorAccessorImpl.java:45)at java.base/java.lang.reflect.Constructor.newInstance(Constructor.java:488)at org.openqa.selenium.remote.ErrorHandler.createThrowable(ErrorHandler.java:214)at org.openqa.selenium.remote.ErrorHandler.throwIfResponseFailed(ErrorHandler.java:166)at org.openqa.selenium.remote.http.JsonHttpResponseCodec.reconstructValue(JsonHttpResponseCodec.java:40)at org.openqa.selenium.remote.http.AbstractHttpResponseCodec.decode(AbstractHttpResponseCodec.java:80)at org.openqa.selenium.remote.http.AbstractHttpResponseCodec.decode(AbstractHttpResponseCodec.java:44)at org.openqa.selenium.remote.HttpCommandExecutor.execute(HttpCommandExecutor.java:164)at org.openqa.selenium.remote.service.DriverCommandExecutor.execute(DriverCommandExecutor.java:83)at org.openqa.selenium.remote.RemoteWebDriver.execute(RemoteWebDriver.java:601)at org.openqa.selenium.remote.RemoteWebElement.execute(RemoteWebElement.java:279)at org.openqa.selenium.remote.RemoteWebElement.clear(RemoteWebElement.java:118)at jdk.internal.reflect.GeneratedMethodAccessor1.invoke(Unknown Source)at java.base/jdk.internal.reflect.DelegatingMethodAccessorImpl.invoke(DelegatingMethodAccessorImpl.java:43)at java.base/java.lang.reflect.Method.invoke(Method.java:564)at org.openqa.selenium.support.pagefactory.internal.LocatingElementHandler.invoke(LocatingElementHandler.java:51)at com.sun.proxy.$Proxy11.clear(Unknown Source)at PageObject.BasePage.filltext(BasePage.java:119)at PageObject.UploadItemsPage.SelectItem(UploadItemsPage.java:59)at WishiTests.UploadItemTest.Uploaditem(UploadItemTest.java:25)at java.base/jdk.internal.reflect.NativeMethodAccessorImpl.invoke0(Native Method)at java.base/jdk.internal.reflect.NativeMethodAccessorImpl.invoke(NativeMethodAccessorImpl.java:62)at java.base/jdk.internal.reflect.DelegatingMethodAccessorImpl.invoke(DelegatingMethodAccessorImpl.java:43)at java.base/java.lang.reflect.Method.invoke(Method.java:564)at org.testng.internal.MethodInvocationHelper.invokeMethod(MethodInvocationHelper.java:124)at org.testng.internal.Invoker.invokeMethod(Invoker.java:571)at org.testng.internal.Invoker.invokeTestMethod(Invoker.java:707)at org.testng.internal.Invoker.invokeTestMethods(Invoker.java:979)at org.testng.internal.TestMethodWorker.invokeTestMethods(TestMethodWorker.java:125)at org.testng.internal.TestMethodWorker.run(TestMethodWorker.java:109)at org.testng.TestRunner.privateRun(TestRunner.java:648)at org.testng.TestRunner.run(TestRunner.java:505)at org.testng.SuiteRunner.runTest(SuiteRunner.java:455)at org.testng.SuiteRunner.runSequentially(SuiteRunner.java:450)at org.testng.SuiteRunner.privateRun(SuiteRunner.java:415)at org.testng.SuiteRunner.run(SuiteRunner.java:364)at org.testng.SuiteRunnerWorker.runSuite(SuiteRunnerWorker.java:52)at org.testng.SuiteRunnerWorker.run(SuiteRunnerWorker.java:84)at org.testng.TestNG.runSuitesSequentially(TestNG.java:1187)at org.testng.TestNG.runSuitesLocally(TestNG.java:1116)at org.testng.TestNG.runSuites(TestNG.java:1028)at org.testng.TestNG.run(TestNG.java:996)at org.testng.remote.AbstractRemoteTestNG.run(AbstractRemoteTestNG.java:114)at org.testng.remote.RemoteTestNG.initAndRun(RemoteTestNG.java:251)at org.testng.remote.RemoteTestNG.main(RemoteTestNG.java:77)]]>
            </full-stacktrace>
          </exception> <!-- org.openqa.selenium.InvalidElementStateException -->
          <reporter-output>
          </reporter-output>
        </test-method> <!-- Uploaditem -->
        <test-method is-config="true" signature="tearDown()[pri:0, instance:WishiTests.UploadItemTest@70e9c95d]" started-at="2017-12-25T18:24:49Z" name="tearDown" finished-at="2017-12-25T18:24:49Z" duration-ms="0" status="PASS">
          <reporter-output>
          </reporter-output>
        </test-method> <!-- tearDown -->
      </class> <!-- WishiTests.UploadItemTest -->
    </test> <!-- UploadItemTest -->
  </suite> <!-- Suite -->
</testng-results>
