<?xml version="1.0" encoding="UTF-8"?>
<!-- Generated by org.testng.reporters.JUnitReportReporter -->
<testsuite hostname="yinons-MBP" failures="0" tests="21" name="WishiTests.CrateLookTests" time="0.001" errors="1" timestamp="17 Jul 2018 10:17:49 GMT" skipped="20">
  <testcase classname="WishiTests.CrateLookTests" name="setup" time="0.001">
    <error message="The driver executable does not exist: /Users/yinonwishi/git/yinonAuto/workspace/WishiProjectss/C:\Users\inon\Downloads\Wishi\chromedriver.exe" type="java.lang.IllegalStateException">
      <![CDATA[java.lang.IllegalStateException: The driver executable does not exist: /Users/yinonwishi/git/yinonAuto/workspace/WishiProjectss/C:\Users\inon\Downloads\Wishi\chromedriver.exe
at com.google.common.base.Preconditions.checkState(Preconditions.java:585)
at org.openqa.selenium.remote.service.DriverService.checkExecutable(DriverService.java:137)
at org.openqa.selenium.remote.service.DriverService.findExecutable(DriverService.java:132)
at org.openqa.selenium.chrome.ChromeDriverService.access$000(ChromeDriverService.java:35)
at org.openqa.selenium.chrome.ChromeDriverService$Builder.findDefaultExecutable(ChromeDriverService.java:156)
at org.openqa.selenium.remote.service.DriverService$Builder.build(DriverService.java:346)
at org.openqa.selenium.chrome.ChromeDriverService.createDefaultService(ChromeDriverService.java:91)
at org.openqa.selenium.chrome.ChromeDriver.<init>(ChromeDriver.java:123)
at WishiTests.BaseTest.setup(BaseTest.java:25)
at java.base/jdk.internal.reflect.NativeMethodAccessorImpl.invoke0(Native Method)
at java.base/jdk.internal.reflect.NativeMethodAccessorImpl.invoke(NativeMethodAccessorImpl.java:62)
at java.base/jdk.internal.reflect.DelegatingMethodAccessorImpl.invoke(DelegatingMethodAccessorImpl.java:43)
at java.base/java.lang.reflect.Method.invoke(Method.java:564)
at org.testng.internal.MethodInvocationHelper.invokeMethod(MethodInvocationHelper.java:124)
at org.testng.internal.MethodInvocationHelper.invokeMethodConsideringTimeout(MethodInvocationHelper.java:59)
at org.testng.internal.Invoker.invokeConfigurationMethod(Invoker.java:458)
at org.testng.internal.Invoker.invokeConfigurations(Invoker.java:222)
at org.testng.internal.Invoker.invokeConfigurations(Invoker.java:142)
at org.testng.internal.TestMethodWorker.invokeBeforeClassMethods(TestMethodWorker.java:168)
at org.testng.internal.TestMethodWorker.run(TestMethodWorker.java:105)
at org.testng.TestRunner.privateRun(TestRunner.java:648)
at org.testng.TestRunner.run(TestRunner.java:505)
at org.testng.SuiteRunner.runTest(SuiteRunner.java:455)
at org.testng.SuiteRunner.runSequentially(SuiteRunner.java:450)
at org.testng.SuiteRunner.privateRun(SuiteRunner.java:415)
at org.testng.SuiteRunner.run(SuiteRunner.java:364)
at org.testng.SuiteRunnerWorker.runSuite(SuiteRunnerWorker.java:52)
at org.testng.SuiteRunnerWorker.run(SuiteRunnerWorker.java:84)
at org.testng.TestNG.runSuitesSequentially(TestNG.java:1208)
at org.testng.TestNG.runSuitesLocally(TestNG.java:1137)
at org.testng.TestNG.runSuites(TestNG.java:1049)
at org.testng.TestNG.run(TestNG.java:1017)
at org.testng.remote.AbstractRemoteTestNG.run(AbstractRemoteTestNG.java:114)
at org.testng.remote.RemoteTestNG.initAndRun(RemoteTestNG.java:251)
at org.testng.remote.RemoteTestNG.main(RemoteTestNG.java:77)
]]>
    </error>
  </testcase> <!-- setup -->
  <testcase classname="WishiTests.CrateLookTests" name="LoginAsClient" time="0.000">
    <skipped/>
  </testcase> <!-- LoginAsClient -->
  <testcase classname="WishiTests.CrateLookTests" name="CheckOutSession" time="0.000">
    <skipped/>
  </testcase> <!-- CheckOutSession -->
  <testcase classname="WishiTests.CrateLookTests" name="LoginAsStylist" time="0.000">
    <skipped/>
  </testcase> <!-- LoginAsStylist -->
  <testcase classname="WishiTests.CrateLookTests" name="CreateMoodBoard" time="0.000">
    <skipped/>
  </testcase> <!-- CreateMoodBoard -->
  <testcase classname="WishiTests.CrateLookTests" name="VerifyMoodBoard" time="0.000">
    <skipped/>
  </testcase> <!-- VerifyMoodBoard -->
  <testcase classname="WishiTests.CrateLookTests" name="CreatePS" time="0.000">
    <skipped/>
  </testcase> <!-- CreatePS -->
  <testcase classname="WishiTests.CrateLookTests" name="AskRevise" time="0.000">
    <skipped/>
  </testcase> <!-- AskRevise -->
  <testcase classname="WishiTests.CrateLookTests" name="CreateLook1" time="0.000">
    <skipped/>
  </testcase> <!-- CreateLook1 -->
  <testcase classname="WishiTests.CrateLookTests" name="VerifyLook1" time="0.000">
    <skipped/>
  </testcase> <!-- VerifyLook1 -->
  <testcase classname="WishiTests.CrateLookTests" name="CreateMoodBoard2" time="0.000">
    <skipped/>
  </testcase> <!-- CreateMoodBoard2 -->
  <testcase classname="WishiTests.CrateLookTests" name="VerifyMoodBoard2" time="0.000">
    <skipped/>
  </testcase> <!-- VerifyMoodBoard2 -->
  <testcase classname="WishiTests.CrateLookTests" name="CreateLook2" time="0.000">
    <skipped/>
  </testcase> <!-- CreateLook2 -->
  <testcase classname="WishiTests.CrateLookTests" name="VerifyLook2" time="0.000">
    <skipped/>
  </testcase> <!-- VerifyLook2 -->
  <testcase classname="WishiTests.CrateLookTests" name="CreateMoodBoard3" time="0.000">
    <skipped/>
  </testcase> <!-- CreateMoodBoard3 -->
  <testcase classname="WishiTests.CrateLookTests" name="VerifyMoodBoard3" time="0.000">
    <skipped/>
  </testcase> <!-- VerifyMoodBoard3 -->
  <testcase classname="WishiTests.CrateLookTests" name="CreateLook3" time="0.000">
    <skipped/>
  </testcase> <!-- CreateLook3 -->
  <testcase classname="WishiTests.CrateLookTests" name="VerifyLook3" time="0.000">
    <skipped/>
  </testcase> <!-- VerifyLook3 -->
  <testcase classname="WishiTests.CrateLookTests" name="AskEndSession" time="0.000">
    <skipped/>
  </testcase> <!-- AskEndSession -->
  <testcase classname="WishiTests.CrateLookTests" name="ClientEndSession" time="0.000">
    <skipped/>
  </testcase> <!-- ClientEndSession -->
  <testcase classname="WishiTests.CrateLookTests" name="VerifyEndSession" time="0.000">
    <skipped/>
  </testcase> <!-- VerifyEndSession -->
</testsuite> <!-- WishiTests.CrateLookTests -->
