<?xml version="1.0" encoding="UTF-8"?>
<!-- Generated by org.testng.reporters.JUnitXMLReporter -->
<testsuite ignored="0" hostname="yinons-MacBook-Pro.local" failures="1" tests="3" name="LoginWithFacbookTestsFail" time="35.766" errors="0" timestamp="29 Jan 2018 10:18:02 GMT">
  <testcase classname="Tests.LoginWithFacbookTestsFail" name="LoginWithFacbookWrongPassword" time="14.634"/>
  <testcase classname="Tests.LoginWithFacbookTestsFail" name="LoginWithFacbookWrongUserName" time="3.296"/>
  <testcase classname="Tests.LoginWithFacbookTestsFail" name="LoginWithFacbook" time="0.384">
    <failure type="org.openqa.selenium.WebDriverException" message="An unknown server-side error occurred while processing the command. Original error: Error while executing atom: Element does not exist in cache (status: 10) (WARNING: The server did not provide any stacktrace information)
Command duration or timeout: 0 milliseconds
Build info: version: &amp;apos;3.8.1&amp;apos;, revision: &amp;apos;6e95a6684b&amp;apos;, time: &amp;apos;2017-12-01T19:05:32.194Z&amp;apos;
System info: host: &amp;apos;yinons-MacBook-Pro.local&amp;apos;, ip: &amp;apos;fe80:0:0:0:101e:3aac:2080:e156%en0&amp;apos;, os.name: &amp;apos;Mac OS X&amp;apos;, os.arch: &amp;apos;x86_64&amp;apos;, os.version: &amp;apos;10.12.6&amp;apos;, java.version: &amp;apos;9.0.1&amp;apos;
Driver info: io.appium.java_client.ios.IOSDriver
Capabilities {automationName: XCUITest, browserName: Safari, databaseEnabled: false, deviceName: iPhone X, javascriptEnabled: true, locationContextEnabled: false, nativeWebTap: true, networkConnectionEnabled: false, platform: MAC, platformName: MAC, platformVersion: 11.1, takesScreenshot: true, udid: 239532F5-4C8E-4067-B5A3-914..., webStorageEnabled: false}
Session ID: 0a3240bc-bf2d-49e9-8120-f4c860080c2a">
      <![CDATA[org.openqa.selenium.WebDriverException: An unknown server-side error occurred while processing the command. Original error: Error while executing atom: Element does not exist in cache (status: 10) (WARNING: The server did not provide any stacktrace information)Command duration or timeout: 0 millisecondsBuild info: version: '3.8.1', revision: '6e95a6684b', time: '2017-12-01T19:05:32.194Z'System info: host: 'yinons-MacBook-Pro.local', ip: 'fe80:0:0:0:101e:3aac:2080:e156%en0', os.name: 'Mac OS X', os.arch: 'x86_64', os.version: '10.12.6', java.version: '9.0.1'Driver info: io.appium.java_client.ios.IOSDriverCapabilities {automationName: XCUITest, browserName: Safari, databaseEnabled: false, deviceName: iPhone X, javascriptEnabled: true, locationContextEnabled: false, nativeWebTap: true, networkConnectionEnabled: false, platform: MAC, platformName: MAC, platformVersion: 11.1, takesScreenshot: true, udid: 239532F5-4C8E-4067-B5A3-914..., webStorageEnabled: false}Session ID: 0a3240bc-bf2d-49e9-8120-f4c860080c2aat org.openqa.selenium.remote.ErrorHandler.createThrowable(ErrorHandler.java:214)at org.openqa.selenium.remote.ErrorHandler.throwIfResponseFailed(ErrorHandler.java:166)at org.openqa.selenium.remote.http.JsonHttpResponseCodec.reconstructValue(JsonHttpResponseCodec.java:40)at org.openqa.selenium.remote.http.AbstractHttpResponseCodec.decode(AbstractHttpResponseCodec.java:80)at org.openqa.selenium.remote.http.AbstractHttpResponseCodec.decode(AbstractHttpResponseCodec.java:44)at org.openqa.selenium.remote.HttpCommandExecutor.execute(HttpCommandExecutor.java:164)at io.appium.java_client.remote.AppiumCommandExecutor.execute(AppiumCommandExecutor.java:89)at org.openqa.selenium.remote.RemoteWebDriver.execute(RemoteWebDriver.java:601)at io.appium.java_client.DefaultGenericMobileDriver.execute(DefaultGenericMobileDriver.java:42)at io.appium.java_client.AppiumDriver.execute(AppiumDriver.java:1)at io.appium.java_client.ios.IOSDriver.execute(IOSDriver.java:1)at org.openqa.selenium.remote.RemoteWebElement.execute(RemoteWebElement.java:279)at io.appium.java_client.DefaultGenericMobileElement.execute(DefaultGenericMobileElement.java:45)at io.appium.java_client.MobileElement.execute(MobileElement.java:1)at io.appium.java_client.ios.IOSElement.execute(IOSElement.java:1)at org.openqa.selenium.remote.RemoteWebElement.clear(RemoteWebElement.java:118)at org.openqa.selenium.support.pagefactory.internal.LocatingElementHandler.invoke(LocatingElementHandler.java:51)at com.sun.proxy.$Proxy10.clear(Unknown Source)at PageObjects.BasePage.filltext(BasePage.java:29)at PageObjects.LoginPage.FillusernameOfFacbook(LoginPage.java:86)at Tests.LoginWithFacbookTestsFail.LoginWithFacbook(LoginWithFacbookTestsFail.java:42)... Removed 33 stack frames]]>
    </failure>
  </testcase> <!-- LoginWithFacbook -->
</testsuite> <!-- LoginWithFacbookTestsFail -->
