<?xml version="1.0" encoding="UTF-8"?>
<!-- Generated by org.testng.reporters.JUnitReportReporter -->
<testsuite skipped="17" hostname="yinons-MacBook-Pro-2.local" name="Tests.qwizMaleTests" tests="18" failures="0" timestamp="08 Jun 2020 16:53:33 GMT" time="78.439" errors="1">
  <testcase name="setup" time="78.439" classname="Tests.qwizMaleTests">
    <error type="org.openqa.selenium.WebDriverException" message="An unknown server-side error occurred while processing the command. Original error: Could not proxy command to remote server. Original error: Error: socket hang up
Build info: version: &#039;3.8.1&#039;, revision: &#039;6e95a6684b&#039;, time: &#039;2017-12-01T19:05:32.194Z&#039;
System info: host: &#039;yinons-MacBook-Pro-2.local&#039;, ip: &#039;127.0.0.1&#039;, os.name: &#039;Mac OS X&#039;, os.arch: &#039;x86_64&#039;, os.version: &#039;10.15.4&#039;, java.version: &#039;1.8.0_181&#039;
Driver info: driver.version: AndroidDriver
remote stacktrace: UnknownError: An unknown server-side error occurred while processing the command. Original error: Could not proxy command to remote server. Original error: Error: socket hang up
    at JWProxy.command (/usr/local/lib/node_modules/appium/node_modules/appium-base-driver/lib/jsonwp-proxy/proxy.js:270:13)
    at &lt;anonymous&gt;">
      <![CDATA[org.openqa.selenium.WebDriverException: An unknown server-side error occurred while processing the command. Original error: Could not proxy command to remote server. Original error: Error: socket hang up
Build info: version: '3.8.1', revision: '6e95a6684b', time: '2017-12-01T19:05:32.194Z'
System info: host: 'yinons-MacBook-Pro-2.local', ip: '127.0.0.1', os.name: 'Mac OS X', os.arch: 'x86_64', os.version: '10.15.4', java.version: '1.8.0_181'
Driver info: driver.version: AndroidDriver
remote stacktrace: UnknownError: An unknown server-side error occurred while processing the command. Original error: Could not proxy command to remote server. Original error: Error: socket hang up
    at JWProxy.command (/usr/local/lib/node_modules/appium/node_modules/appium-base-driver/lib/jsonwp-proxy/proxy.js:270:13)
    at <anonymous>
at sun.reflect.NativeConstructorAccessorImpl.newInstance0(Native Method)
at sun.reflect.NativeConstructorAccessorImpl.newInstance(NativeConstructorAccessorImpl.java:62)
at sun.reflect.DelegatingConstructorAccessorImpl.newInstance(DelegatingConstructorAccessorImpl.java:45)
at java.lang.reflect.Constructor.newInstance(Constructor.java:423)
at org.openqa.selenium.remote.W3CHandshakeResponse.lambda$new$0(W3CHandshakeResponse.java:57)
at org.openqa.selenium.remote.W3CHandshakeResponse.lambda$getResponseFunction$2(W3CHandshakeResponse.java:104)
at org.openqa.selenium.remote.ProtocolHandshake.lambda$createSession$0(ProtocolHandshake.java:123)
at java.util.stream.ReferencePipeline$3$1.accept(ReferencePipeline.java:193)
at java.util.Spliterators$ArraySpliterator.tryAdvance(Spliterators.java:958)
at java.util.stream.ReferencePipeline.forEachWithCancel(ReferencePipeline.java:126)
at java.util.stream.AbstractPipeline.copyIntoWithCancel(AbstractPipeline.java:498)
at java.util.stream.AbstractPipeline.copyInto(AbstractPipeline.java:485)
at java.util.stream.AbstractPipeline.wrapAndCopyInto(AbstractPipeline.java:471)
at java.util.stream.FindOps$FindOp.evaluateSequential(FindOps.java:152)
at java.util.stream.AbstractPipeline.evaluate(AbstractPipeline.java:234)
at java.util.stream.ReferencePipeline.findFirst(ReferencePipeline.java:464)
at org.openqa.selenium.remote.ProtocolHandshake.createSession(ProtocolHandshake.java:126)
at org.openqa.selenium.remote.ProtocolHandshake.createSession(ProtocolHandshake.java:73)
at org.openqa.selenium.remote.HttpCommandExecutor.execute(HttpCommandExecutor.java:142)
at io.appium.java_client.remote.AppiumCommandExecutor.execute(AppiumCommandExecutor.java:129)
at org.openqa.selenium.remote.RemoteWebDriver.execute(RemoteWebDriver.java:601)
at io.appium.java_client.DefaultGenericMobileDriver.execute(DefaultGenericMobileDriver.java:42)
at io.appium.java_client.AppiumDriver.execute(AppiumDriver.java:1)
at io.appium.java_client.android.AndroidDriver.execute(AndroidDriver.java:1)
at org.openqa.selenium.remote.RemoteWebDriver.startSession(RemoteWebDriver.java:219)
at org.openqa.selenium.remote.RemoteWebDriver.<init>(RemoteWebDriver.java:142)
at io.appium.java_client.DefaultGenericMobileDriver.<init>(DefaultGenericMobileDriver.java:38)
at io.appium.java_client.AppiumDriver.<init>(AppiumDriver.java:84)
at io.appium.java_client.AppiumDriver.<init>(AppiumDriver.java:94)
at io.appium.java_client.android.AndroidDriver.<init>(AndroidDriver.java:79)
at Tests.BaseTest1.Capabilities(BaseTest1.java:35)
at Tests.BaseTest1.setup(BaseTest1.java:42)
at sun.reflect.NativeMethodAccessorImpl.invoke0(Native Method)
at sun.reflect.NativeMethodAccessorImpl.invoke(NativeMethodAccessorImpl.java:62)
at sun.reflect.DelegatingMethodAccessorImpl.invoke(DelegatingMethodAccessorImpl.java:43)
at java.lang.reflect.Method.invoke(Method.java:498)
at org.testng.internal.MethodInvocationHelper.invokeMethod(MethodInvocationHelper.java:124)
at org.testng.internal.MethodInvocationHelper.invokeMethodConsideringTimeout(MethodInvocationHelper.java:59)
at org.testng.internal.Invoker.invokeConfigurationMethod(Invoker.java:455)
at org.testng.internal.Invoker.invokeConfigurations(Invoker.java:222)
at org.testng.internal.Invoker.invokeConfigurations(Invoker.java:142)
at org.testng.TestRunner.beforeRun(TestRunner.java:529)
at org.testng.TestRunner.run(TestRunner.java:497)
at org.testng.SuiteRunner.runTest(SuiteRunner.java:455)
at org.testng.SuiteRunner.runSequentially(SuiteRunner.java:450)
at org.testng.SuiteRunner.privateRun(SuiteRunner.java:415)
at org.testng.SuiteRunner.run(SuiteRunner.java:364)
at org.testng.SuiteRunnerWorker.runSuite(SuiteRunnerWorker.java:52)
at org.testng.SuiteRunnerWorker.run(SuiteRunnerWorker.java:84)
at org.testng.TestNG.runSuitesSequentially(TestNG.java:1208)
at org.testng.TestNG.runSuitesLocally(TestNG.java:1137)
at org.testng.TestNG.runSuites(TestNG.java:1049)
at org.testng.TestNG.run(TestNG.java:1017)
at org.testng.remote.AbstractRemoteTestNG.run(AbstractRemoteTestNG.java:114)
at org.testng.remote.RemoteTestNG.initAndRun(RemoteTestNG.java:251)
at org.testng.remote.RemoteTestNG.main(RemoteTestNG.java:77)
]]>
    </error>
  </testcase> <!-- setup -->
  <testcase name="DoSignUp" time="0.000" classname="Tests.qwizMaleTests">
    <skipped/>
  </testcase> <!-- DoSignUp -->
  <testcase name="CheckOutSession" time="0.000" classname="Tests.qwizMaleTests">
    <skipped/>
  </testcase> <!-- CheckOutSession -->
  <testcase name="HowDidYouHear" time="0.000" classname="Tests.qwizMaleTests">
    <skipped/>
  </testcase> <!-- HowDidYouHear -->
  <testcase name="SelectBirthday" time="0.000" classname="Tests.qwizMaleTests">
    <skipped/>
  </testcase> <!-- SelectBirthday -->
  <testcase name="SelectSpecificNneed" time="0.000" classname="Tests.qwizMaleTests">
    <skipped/>
  </testcase> <!-- SelectSpecificNneed -->
  <testcase name="SelectCategories" time="0.000" classname="Tests.qwizMaleTests">
    <skipped/>
  </testcase> <!-- SelectCategories -->
  <testcase name="SelectColors" time="0.000" classname="Tests.qwizMaleTests">
    <skipped/>
  </testcase> <!-- SelectColors -->
  <testcase name="SelectHeight" time="0.000" classname="Tests.qwizMaleTests">
    <skipped/>
  </testcase> <!-- SelectHeight -->
  <testcase name="SelectSize" time="0.000" classname="Tests.qwizMaleTests">
    <skipped/>
  </testcase> <!-- SelectSize -->
  <testcase name="SelectBudget" time="0.000" classname="Tests.qwizMaleTests">
    <skipped/>
  </testcase> <!-- SelectBudget -->
  <testcase name="SelectWHAT_MATTERS" time="0.000" classname="Tests.qwizMaleTests">
    <skipped/>
  </testcase> <!-- SelectWHAT_MATTERS -->
  <testcase name="SelectIcon" time="0.000" classname="Tests.qwizMaleTests">
    <skipped/>
  </testcase> <!-- SelectIcon -->
  <testcase name="FillInstegram" time="0.000" classname="Tests.qwizMaleTests">
    <skipped/>
  </testcase> <!-- FillInstegram -->
  <testcase name="AddPhoto" time="0.000" classname="Tests.qwizMaleTests">
    <skipped/>
  </testcase> <!-- AddPhoto -->
  <testcase name="fillphone" time="0.000" classname="Tests.qwizMaleTests">
    <skipped/>
  </testcase> <!-- fillphone -->
  <testcase name="fillLocation" time="0.000" classname="Tests.qwizMaleTests">
    <skipped/>
  </testcase> <!-- fillLocation -->
  <testcase name="FinishQuiz" time="0.000" classname="Tests.qwizMaleTests">
    <skipped/>
  </testcase> <!-- FinishQuiz -->
</testsuite> <!-- Tests.qwizMaleTests -->
