<html>
<head>
<title>TestNG:  Default test</title>
<link href="../testng.css" rel="stylesheet" type="text/css" />
<link href="../my-testng.css" rel="stylesheet" type="text/css" />

<style type="text/css">
.log { display: none;} 
.stack-trace { display: none;} 
</style>
<script type="text/javascript">
<!--
function flip(e) {
  current = e.style.display;
  if (current == 'block') {
    e.style.display = 'none';
    return 0;
  }
  else {
    e.style.display = 'block';
    return 1;
  }
}

function toggleBox(szDivId, elem, msg1, msg2)
{
  var res = -1;  if (document.getElementById) {
    res = flip(document.getElementById(szDivId));
  }
  else if (document.all) {
    // this is the way old msie versions work
    res = flip(document.all[szDivId]);
  }
  if(elem) {
    if(res == 0) elem.innerHTML = msg1; else elem.innerHTML = msg2;
  }

}

function toggleAllBoxes() {
  if (document.getElementsByTagName) {
    d = document.getElementsByTagName('div');
    for (i = 0; i < d.length; i++) {
      if (d[i].className == 'log') {
        flip(d[i]);
      }
    }
  }
}

// -->
</script>

</head>
<body>
<h2 align='center'>Default test</h2><table border='1' align="center">
<tr>
<td>Tests passed/Failed/Skipped:</td><td>19/1/0</td>
</tr><tr>
<td>Started on:</td><td>Sun Jun 17 04:39:57 IDT 2018</td>
</tr>
<tr><td>Total time:</td><td>2307 seconds (2307953 ms)</td>
</tr><tr>
<td>Included groups:</td><td></td>
</tr><tr>
<td>Excluded groups:</td><td></td>
</tr>
</table><p/>
<small><i>(Hover the method name to see the test class name)</i></small><p/>
<table width='100%' border='1' class='invocation-failed'>
<tr><td colspan='4' align='center'><b>FAILED TESTS</b></td></tr>
<tr><td><b>Test method</b></td>
<td width="30%"><b>Exception</b></td>
<td width="10%"><b>Time (seconds)</b></td>
<td><b>Instance</b></td>
</tr>
<tr>
<td title='Tests.EndSessionTest.ClientEndSession()'><b>ClientEndSession</b><br>Test class: Tests.EndSessionTest</td>
<td><div><pre>org.openqa.selenium.TimeoutException: Expected condition failed: waiting for presence of element located by: By.xpath: //*[@name=&apos;Star grey&apos;])[5] (tried for 80 second(s) with 500 MILLISECONDS interval)
	at org.openqa.selenium.support.ui.WebDriverWait.timeoutException(WebDriverWait.java:82)
	at org.openqa.selenium.support.ui.FluentWait.until(FluentWait.java:231)
	at PageObjects.BasePage.WaitElementDisplay(BasePage.java:101)
	at PageObjects.BookingPage.ApproveEndSession(BookingPage.java:239)
	at Tests.EndSessionTest.ClientEndSession(EndSessionTest.java:482)
	at sun.reflect.NativeMethodAccessorImpl.invoke0(Native Method)
	at sun.reflect.NativeMethodAccessorImpl.invoke(NativeMethodAccessorImpl.java:62)
	at sun.reflect.DelegatingMethodAccessorImpl.invoke(DelegatingMethodAccessorImpl.java:43)
	at java.lang.reflect.Method.invoke(Method.java:498)
	at org.testng.internal.MethodInvocationHelper.invokeMethod(MethodInvocationHelper.java:124)
	at org.testng.internal.Invoker.invokeMethod(Invoker.java:583)
	at org.testng.internal.Invoker.invokeTestMethod(Invoker.java:719)
	at org.testng.internal.Invoker.invokeTestMethods(Invoker.java:989)
	at org.testng.internal.TestMethodWorker.invokeTestMethods(TestMethodWorker.java:125)
	at org.testng.internal.TestMethodWorker.run(TestMethodWorker.java:109)
	at org.testng.TestRunner.privateRun(TestRunner.java:648)
	at org.testng.TestRunner.run(TestRunner.java:505)
	at org.testng.SuiteRunner.runTest(SuiteRunner.java:455)
	at org.testng.SuiteRunner.runSequentially(SuiteRunner.java:450)
	at org.testng.SuiteRunner.privateRun(SuiteRunner.java:415)
	at org.testng.SuiteRunner.run(SuiteRunner.java:364)
	at org.testng.SuiteRunnerWorker.runSuite(SuiteRunnerWorker.java:52)
	at org.testng.SuiteRunnerWorker.run(SuiteRunnerWorker.java:84)
	at org.testng.TestNG.runSuitesSequentially(TestNG.java:1208)
	at org.testng.TestNG.runSuitesLocally(TestNG.java:1137)
	at org.testng.TestNG.runSuites(TestNG.java:1049)
	at org.testng.TestNG.run(TestNG.java:1017)
	at org.testng.remote.AbstractRemoteTestNG.run(AbstractRemoteTestNG.java:114)
	at org.testng.remote.RemoteTestNG.initAndRun(RemoteTestNG.java:251)
	at org.testng.remote.RemoteTestNG.main(RemoteTestNG.java:77)
Caused by: org.openqa.selenium.NoSuchElementException: Cannot locate an element using By.xpath: //*[@name=&apos;Star grey&apos;])[5]
For documentation on this error, please visit: http://seleniumhq.org/exceptions/no_such_element.html
Build info: version: &apos;3.8.1&apos;, revision: &apos;6e95a6684b&apos;, time: &apos;2017-12-01T19:05:32.194Z&apos;
System info: host: &apos;yinons-MBP&apos;, ip: &apos;fdbe:d9a0:9cdb:0:b9ae:81fa:5a53:8831&apos;, os.name: &apos;Mac OS X&apos;, os.arch: &apos;x86_64&apos;, os.version: &apos;10.13.4&apos;, java.version: &apos;1.8.0_151&apos;
Driver info: driver.version: unknown
	at org.openqa.selenium.support.ui.ExpectedConditions.lambda$findElement$0(ExpectedConditions.java:882)
	at java.util.Optional.orElseThrow(Optional.java:290)
	at org.openqa.selenium.support.ui.ExpectedConditions.findElement(ExpectedConditions.java:881)
	at org.openqa.selenium.support.ui.ExpectedConditions.access$000(ExpectedConditions.java:43)
	at org.openqa.selenium.support.ui.ExpectedConditions$6.apply(ExpectedConditions.java:182)
	at org.openqa.selenium.support.ui.ExpectedConditions$6.apply(ExpectedConditions.java:179)
	at org.openqa.selenium.support.ui.FluentWait.until(FluentWait.java:208)
	... 28 more
</pre></div><a href='#' onClick='toggleBox("stack-trace166454155", this, "Click to show all stack frames", "Click to hide stack frames")'>Click to show all stack frames</a>
<div class='stack-trace' id='stack-trace166454155'><pre>org.openqa.selenium.TimeoutException: Expected condition failed: waiting for presence of element located by: By.xpath: //*[@name=&apos;Star grey&apos;])[5] (tried for 80 second(s) with 500 MILLISECONDS interval)
	at org.openqa.selenium.support.ui.WebDriverWait.timeoutException(WebDriverWait.java:82)
	at org.openqa.selenium.support.ui.FluentWait.until(FluentWait.java:231)
	at PageObjects.BasePage.WaitElementDisplay(BasePage.java:101)
	at PageObjects.BookingPage.ApproveEndSession(BookingPage.java:239)
	at Tests.EndSessionTest.ClientEndSession(EndSessionTest.java:482)
	at sun.reflect.NativeMethodAccessorImpl.invoke0(Native Method)
	at sun.reflect.NativeMethodAccessorImpl.invoke(NativeMethodAccessorImpl.java:62)
	at sun.reflect.DelegatingMethodAccessorImpl.invoke(DelegatingMethodAccessorImpl.java:43)
	at java.lang.reflect.Method.invoke(Method.java:498)
	at org.testng.internal.MethodInvocationHelper.invokeMethod(MethodInvocationHelper.java:124)
	at org.testng.internal.Invoker.invokeMethod(Invoker.java:583)
	at org.testng.internal.Invoker.invokeTestMethod(Invoker.java:719)
	at org.testng.internal.Invoker.invokeTestMethods(Invoker.java:989)
	at org.testng.internal.TestMethodWorker.invokeTestMethods(TestMethodWorker.java:125)
	at org.testng.internal.TestMethodWorker.run(TestMethodWorker.java:109)
	at org.testng.TestRunner.privateRun(TestRunner.java:648)
	at org.testng.TestRunner.run(TestRunner.java:505)
	at org.testng.SuiteRunner.runTest(SuiteRunner.java:455)
	at org.testng.SuiteRunner.runSequentially(SuiteRunner.java:450)
	at org.testng.SuiteRunner.privateRun(SuiteRunner.java:415)
	at org.testng.SuiteRunner.run(SuiteRunner.java:364)
	at org.testng.SuiteRunnerWorker.runSuite(SuiteRunnerWorker.java:52)
	at org.testng.SuiteRunnerWorker.run(SuiteRunnerWorker.java:84)
	at org.testng.TestNG.runSuitesSequentially(TestNG.java:1208)
	at org.testng.TestNG.runSuitesLocally(TestNG.java:1137)
	at org.testng.TestNG.runSuites(TestNG.java:1049)
	at org.testng.TestNG.run(TestNG.java:1017)
	at org.testng.remote.AbstractRemoteTestNG.run(AbstractRemoteTestNG.java:114)
	at org.testng.remote.RemoteTestNG.initAndRun(RemoteTestNG.java:251)
	at org.testng.remote.RemoteTestNG.main(RemoteTestNG.java:77)
Caused by: org.openqa.selenium.NoSuchElementException: Cannot locate an element using By.xpath: //*[@name=&apos;Star grey&apos;])[5]
For documentation on this error, please visit: http://seleniumhq.org/exceptions/no_such_element.html
Build info: version: &apos;3.8.1&apos;, revision: &apos;6e95a6684b&apos;, time: &apos;2017-12-01T19:05:32.194Z&apos;
System info: host: &apos;yinons-MBP&apos;, ip: &apos;fdbe:d9a0:9cdb:0:b9ae:81fa:5a53:8831&apos;, os.name: &apos;Mac OS X&apos;, os.arch: &apos;x86_64&apos;, os.version: &apos;10.13.4&apos;, java.version: &apos;1.8.0_151&apos;
Driver info: driver.version: unknown
	at org.openqa.selenium.support.ui.ExpectedConditions.lambda$findElement$0(ExpectedConditions.java:882)
	at java.util.Optional.orElseThrow(Optional.java:290)
	at org.openqa.selenium.support.ui.ExpectedConditions.findElement(ExpectedConditions.java:881)
	at org.openqa.selenium.support.ui.ExpectedConditions.access$000(ExpectedConditions.java:43)
	at org.openqa.selenium.support.ui.ExpectedConditions$6.apply(ExpectedConditions.java:182)
	at org.openqa.selenium.support.ui.ExpectedConditions$6.apply(ExpectedConditions.java:179)
	at org.openqa.selenium.support.ui.FluentWait.until(FluentWait.java:208)
	... 28 more
</pre></div></td>
<td>189</td>
<td>Tests.EndSessionTest@11758f2a</td></tr>
</table><p>
<table width='100%' border='1' class='invocation-passed'>
<tr><td colspan='4' align='center'><b>PASSED TESTS</b></td></tr>
<tr><td><b>Test method</b></td>
<td width="30%"><b>Exception</b></td>
<td width="10%"><b>Time (seconds)</b></td>
<td><b>Instance</b></td>
</tr>
<tr>
<td title='Tests.EndSessionTest.CompileBooking()'><b>CompileBooking</b><br>Test class: Tests.EndSessionTest</td>
<td></td>
<td>109</td>
<td>Tests.EndSessionTest@11758f2a</td></tr>
<tr>
<td title='Tests.EndSessionTest.CreateLook()'><b>CreateLook</b><br>Test class: Tests.EndSessionTest</td>
<td></td>
<td>159</td>
<td>Tests.EndSessionTest@11758f2a</td></tr>
<tr>
<td title='Tests.EndSessionTest.CreateLook2()'><b>CreateLook2</b><br>Test class: Tests.EndSessionTest</td>
<td></td>
<td>159</td>
<td>Tests.EndSessionTest@11758f2a</td></tr>
<tr>
<td title='Tests.EndSessionTest.CreateLook3()'><b>CreateLook3</b><br>Test class: Tests.EndSessionTest</td>
<td></td>
<td>156</td>
<td>Tests.EndSessionTest@11758f2a</td></tr>
<tr>
<td title='Tests.EndSessionTest.CreateMoodBoard()'><b>CreateMoodBoard</b><br>Test class: Tests.EndSessionTest</td>
<td></td>
<td>140</td>
<td>Tests.EndSessionTest@11758f2a</td></tr>
<tr>
<td title='Tests.EndSessionTest.CreateMoodBoard2()'><b>CreateMoodBoard2</b><br>Test class: Tests.EndSessionTest</td>
<td></td>
<td>122</td>
<td>Tests.EndSessionTest@11758f2a</td></tr>
<tr>
<td title='Tests.EndSessionTest.CreateMoodBoard3()'><b>CreateMoodBoard3</b><br>Test class: Tests.EndSessionTest</td>
<td></td>
<td>119</td>
<td>Tests.EndSessionTest@11758f2a</td></tr>
<tr>
<td title='Tests.EndSessionTest.DoLogin()'><b>DoLogin</b><br>Test class: Tests.EndSessionTest</td>
<td></td>
<td>49</td>
<td>Tests.EndSessionTest@11758f2a</td></tr>
<tr>
<td title='Tests.EndSessionTest.EndSession()'><b>EndSession</b><br>Test class: Tests.EndSessionTest</td>
<td></td>
<td>106</td>
<td>Tests.EndSessionTest@11758f2a</td></tr>
<tr>
<td title='Tests.EndSessionTest.SearchStylist()'><b>SearchStylist</b><br>Test class: Tests.EndSessionTest</td>
<td></td>
<td>16</td>
<td>Tests.EndSessionTest@11758f2a</td></tr>
<tr>
<td title='Tests.EndSessionTest.SelectEvents()'><b>SelectEvents</b><br>Test class: Tests.EndSessionTest</td>
<td></td>
<td>33</td>
<td>Tests.EndSessionTest@11758f2a</td></tr>
<tr>
<td title='Tests.EndSessionTest.SelectSession()'><b>SelectSession</b><br>Test class: Tests.EndSessionTest</td>
<td></td>
<td>43</td>
<td>Tests.EndSessionTest@11758f2a</td></tr>
<tr>
<td title='Tests.EndSessionTest.VerifyCreateLook()'><b>VerifyCreateLook</b><br>Test class: Tests.EndSessionTest</td>
<td></td>
<td>146</td>
<td>Tests.EndSessionTest@11758f2a</td></tr>
<tr>
<td title='Tests.EndSessionTest.VerifyCreateLook2()'><b>VerifyCreateLook2</b><br>Test class: Tests.EndSessionTest</td>
<td></td>
<td>147</td>
<td>Tests.EndSessionTest@11758f2a</td></tr>
<tr>
<td title='Tests.EndSessionTest.VerifyCreateLook3()'><b>VerifyCreateLook3</b><br>Test class: Tests.EndSessionTest</td>
<td></td>
<td>129</td>
<td>Tests.EndSessionTest@11758f2a</td></tr>
<tr>
<td title='Tests.EndSessionTest.VerifyEndSession()'><b>VerifyEndSession</b><br>Test class: Tests.EndSessionTest</td>
<td></td>
<td>71</td>
<td>Tests.EndSessionTest@11758f2a</td></tr>
<tr>
<td title='Tests.EndSessionTest.VerifyMoodBoard()'><b>VerifyMoodBoard</b><br>Test class: Tests.EndSessionTest</td>
<td></td>
<td>131</td>
<td>Tests.EndSessionTest@11758f2a</td></tr>
<tr>
<td title='Tests.EndSessionTest.VerifyMoodBoard2()'><b>VerifyMoodBoard2</b><br>Test class: Tests.EndSessionTest</td>
<td></td>
<td>126</td>
<td>Tests.EndSessionTest@11758f2a</td></tr>
<tr>
<td title='Tests.EndSessionTest.VerifyMoodBoard3()'><b>VerifyMoodBoard3</b><br>Test class: Tests.EndSessionTest</td>
<td></td>
<td>126</td>
<td>Tests.EndSessionTest@11758f2a</td></tr>
</table><p>
</body>
</html>