<?xml version="1.0" encoding="UTF-8"?>
<!-- Generated by org.testng.reporters.JUnitXMLReporter -->
<testsuite hostname="yinons-MBP" ignored="0" name="BestMutch" tests="8" failures="1" timestamp="07 Aug 2018 17:21:57 GMT" time="1443.274" errors="0">
  <testcase name="BestMatchCheepFamle" time="173.465" classname="Tests.BestMutch"/>
  <testcase name="BestMatchFeMaleExpensive" time="196.214" classname="Tests.BestMutch"/>
  <testcase name="BestMatchFeMaleNormal" time="198.347" classname="Tests.BestMutch"/>
  <testcase name="BestMatchFeMaleCheepExpensive" time="198.903" classname="Tests.BestMutch"/>
  <testcase name="BestMatchExpensiveMale" time="178.157" classname="Tests.BestMutch"/>
  <testcase name="BestMatchNormalMale" time="185.246" classname="Tests.BestMutch"/>
  <testcase name="BestMatchCheepMale" time="183.549" classname="Tests.BestMutch"/>
  <testcase name="BestMatchSelfIdentity" time="110.833" classname="Tests.BestMutch">
    <failure type="org.openqa.selenium.NoSuchElementException" message="An element could not be located on the page using the given search parameters. (WARNING: The server did not provide any stacktrace information)
Command duration or timeout: 0 milliseconds
For documentation on this error, please visit: http://seleniumhq.org/exceptions/no_such_element.html
Build info: version: &amp;apos;3.8.1&amp;apos;, revision: &amp;apos;6e95a6684b&amp;apos;, time: &amp;apos;2017-12-01T19:05:32.194Z&amp;apos;
System info: host: &amp;apos;yinons-MBP&amp;apos;, ip: &amp;apos;fdae:dd1:2aa6:0:6d38:1f83:6a85:e66c&amp;apos;, os.name: &amp;apos;Mac OS X&amp;apos;, os.arch: &amp;apos;x86_64&amp;apos;, os.version: &amp;apos;10.13.4&amp;apos;, java.version: &amp;apos;1.8.0_151&amp;apos;
Driver info: io.appium.java_client.ios.IOSDriver
Capabilities {app: /Users/yinonwishi/Desktop/W..., automationName: XCuiTest, browserName: , databaseEnabled: false, deviceName: iPhone 8 Plus, javascriptEnabled: true, locationContextEnabled: false, networkConnectionEnabled: false, newCommandTimeout: 5000, platform: MAC, platformName: MAC, platformVersion: 11.3, startIWDP: true, takesScreenshot: true, udid: 5B321DD7-CF13-4D1F-A5AE-6E3..., webStorageEnabled: false}
Session ID: f6645b48-d8b7-42ac-bde8-99acc691d814
*** Element info: {Using=xpath, value=//*[@name=&amp;apos;viewProfileButtonID&amp;apos;]}">
      <![CDATA[org.openqa.selenium.NoSuchElementException: An element could not be located on the page using the given search parameters. (WARNING: The server did not provide any stacktrace information)
Command duration or timeout: 0 milliseconds
For documentation on this error, please visit: http://seleniumhq.org/exceptions/no_such_element.html
Build info: version: '3.8.1', revision: '6e95a6684b', time: '2017-12-01T19:05:32.194Z'
System info: host: 'yinons-MBP', ip: 'fdae:dd1:2aa6:0:6d38:1f83:6a85:e66c', os.name: 'Mac OS X', os.arch: 'x86_64', os.version: '10.13.4', java.version: '1.8.0_151'
Driver info: io.appium.java_client.ios.IOSDriver
Capabilities {app: /Users/yinonwishi/Desktop/W..., automationName: XCuiTest, browserName: , databaseEnabled: false, deviceName: iPhone 8 Plus, javascriptEnabled: true, locationContextEnabled: false, networkConnectionEnabled: false, newCommandTimeout: 5000, platform: MAC, platformName: MAC, platformVersion: 11.3, startIWDP: true, takesScreenshot: true, udid: 5B321DD7-CF13-4D1F-A5AE-6E3..., webStorageEnabled: false}
Session ID: f6645b48-d8b7-42ac-bde8-99acc691d814
*** Element info: {Using=xpath, value=//*[@name='viewProfileButtonID']}
at org.openqa.selenium.remote.ErrorHandler.createThrowable(ErrorHandler.java:214)
at org.openqa.selenium.remote.ErrorHandler.throwIfResponseFailed(ErrorHandler.java:166)
at org.openqa.selenium.remote.http.JsonHttpResponseCodec.reconstructValue(JsonHttpResponseCodec.java:40)
at org.openqa.selenium.remote.http.AbstractHttpResponseCodec.decode(AbstractHttpResponseCodec.java:80)
at org.openqa.selenium.remote.http.AbstractHttpResponseCodec.decode(AbstractHttpResponseCodec.java:44)
at org.openqa.selenium.remote.HttpCommandExecutor.execute(HttpCommandExecutor.java:164)
at io.appium.java_client.remote.AppiumCommandExecutor.execute(AppiumCommandExecutor.java:129)
at org.openqa.selenium.remote.RemoteWebDriver.execute(RemoteWebDriver.java:601)
at io.appium.java_client.DefaultGenericMobileDriver.execute(DefaultGenericMobileDriver.java:42)
at io.appium.java_client.AppiumDriver.execute(AppiumDriver.java:1)
at io.appium.java_client.ios.IOSDriver.execute(IOSDriver.java:1)
at org.openqa.selenium.remote.RemoteWebDriver.findElement(RemoteWebDriver.java:371)
at io.appium.java_client.DefaultGenericMobileDriver.findElement(DefaultGenericMobileDriver.java:62)
at io.appium.java_client.AppiumDriver.findElement(AppiumDriver.java:1)
at io.appium.java_client.ios.IOSDriver.findElement(IOSDriver.java:1)
at org.openqa.selenium.remote.RemoteWebDriver.findElementByXPath(RemoteWebDriver.java:473)
at io.appium.java_client.DefaultGenericMobileDriver.findElementByXPath(DefaultGenericMobileDriver.java:152)
at io.appium.java_client.AppiumDriver.findElementByXPath(AppiumDriver.java:1)
at io.appium.java_client.ios.IOSDriver.findElementByXPath(IOSDriver.java:1)
at org.openqa.selenium.By$ByXPath.findElement(By.java:361)
at org.openqa.selenium.remote.RemoteWebDriver.findElement(RemoteWebDriver.java:363)
at io.appium.java_client.DefaultGenericMobileDriver.findElement(DefaultGenericMobileDriver.java:58)
at io.appium.java_client.AppiumDriver.findElement(AppiumDriver.java:1)
at io.appium.java_client.ios.IOSDriver.findElement(IOSDriver.java:1)
at PageObjects.BasePage.CheckIfElementEnabled(BasePage.java:288)
at Tests.BestMutch.BestMatchSelfIdentity(BestMutch.java:311)
... Removed 29 stack frames]]>
    </failure>
  </testcase> <!-- BestMatchSelfIdentity -->
</testsuite> <!-- BestMutch -->
