<?xml version="1.0" encoding="UTF-8"?>
<!-- Generated by org.testng.reporters.JUnitXMLReporter -->
<testsuite hostname="yinons-MBP" ignored="0" name="EditStyleForWomenTests" tests="16" failures="1" timestamp="24 Apr 2018 11:41:33 GMT" time="1404.436" errors="0">
  <testcase name="DoSignUp" time="220.825" classname="Tests.EditStyleForWomenTests"/>
  <testcase name="EditSize" time="53.802" classname="Tests.EditStyleForWomenTests"/>
  <testcase name="EditBodyType" time="35.651" classname="Tests.EditStyleForWomenTests"/>
  <testcase name="EditHeight" time="38.645" classname="Tests.EditStyleForWomenTests"/>
  <testcase name="EditStyle" time="66.101" classname="Tests.EditStyleForWomenTests"/>
  <testcase name="EditHighlights" time="93.508" classname="Tests.EditStyleForWomenTests"/>
  <testcase name="EditFitBottom" time="39.64" classname="Tests.EditStyleForWomenTests"/>
  <testcase name="EditHeels" time="42.551" classname="Tests.EditStyleForWomenTests"/>
  <testcase name="EditFitTop" time="43.299" classname="Tests.EditStyleForWomenTests"/>
  <testcase name="EditJeans" time="40.8" classname="Tests.EditStyleForWomenTests"/>
  <testcase name="EditFabric" time="41.813" classname="Tests.EditStyleForWomenTests"/>
  <testcase name="EditBudget" time="162.1" classname="Tests.EditStyleForWomenTests">
    <failure type="org.openqa.selenium.NoSuchElementException" message="An element could not be located on the page using the given search parameters. (WARNING: The server did not provide any stacktrace information)
Command duration or timeout: 0 milliseconds
For documentation on this error, please visit: http://seleniumhq.org/exceptions/no_such_element.html
Build info: version: &amp;apos;3.8.1&amp;apos;, revision: &amp;apos;6e95a6684b&amp;apos;, time: &amp;apos;2017-12-01T19:05:32.194Z&amp;apos;
System info: host: &amp;apos;yinons-MBP&amp;apos;, ip: &amp;apos;fdcd:5716:bbf2:0:4d23:8751:491e:91d2&amp;apos;, os.name: &amp;apos;Mac OS X&amp;apos;, os.arch: &amp;apos;x86_64&amp;apos;, os.version: &amp;apos;10.12.6&amp;apos;, java.version: &amp;apos;1.8.0_151&amp;apos;
Driver info: io.appium.java_client.ios.IOSDriver
Capabilities {app: /Users/yinonwishi/Desktop/W..., automationName: XCuiTest, browserName: , databaseEnabled: false, deviceName: iPhone 7, javascriptEnabled: true, locationContextEnabled: false, networkConnectionEnabled: false, newCommandTimeout: 5000, platform: MAC, platformName: MAC, platformVersion: 11.1, startIWDP: true, takesScreenshot: true, udid: 7AE443F5-859C-4484-B01C-1BF..., webStorageEnabled: false}
Session ID: 2ce8ed9c-81e6-43f5-a8f4-17584900f028
*** Element info: {Using=xpath, value=//*[@value=&amp;apos;200&amp;apos;]}">
      <![CDATA[org.openqa.selenium.NoSuchElementException: An element could not be located on the page using the given search parameters. (WARNING: The server did not provide any stacktrace information)Command duration or timeout: 0 millisecondsFor documentation on this error, please visit: http://seleniumhq.org/exceptions/no_such_element.htmlBuild info: version: '3.8.1', revision: '6e95a6684b', time: '2017-12-01T19:05:32.194Z'System info: host: 'yinons-MBP', ip: 'fdcd:5716:bbf2:0:4d23:8751:491e:91d2', os.name: 'Mac OS X', os.arch: 'x86_64', os.version: '10.12.6', java.version: '1.8.0_151'Driver info: io.appium.java_client.ios.IOSDriverCapabilities {app: /Users/yinonwishi/Desktop/W..., automationName: XCuiTest, browserName: , databaseEnabled: false, deviceName: iPhone 7, javascriptEnabled: true, locationContextEnabled: false, networkConnectionEnabled: false, newCommandTimeout: 5000, platform: MAC, platformName: MAC, platformVersion: 11.1, startIWDP: true, takesScreenshot: true, udid: 7AE443F5-859C-4484-B01C-1BF..., webStorageEnabled: false}Session ID: 2ce8ed9c-81e6-43f5-a8f4-17584900f028*** Element info: {Using=xpath, value=//*[@value='200']}at org.openqa.selenium.remote.ErrorHandler.createThrowable(ErrorHandler.java:214)at org.openqa.selenium.remote.ErrorHandler.throwIfResponseFailed(ErrorHandler.java:166)at org.openqa.selenium.remote.http.JsonHttpResponseCodec.reconstructValue(JsonHttpResponseCodec.java:40)at org.openqa.selenium.remote.http.AbstractHttpResponseCodec.decode(AbstractHttpResponseCodec.java:80)at org.openqa.selenium.remote.http.AbstractHttpResponseCodec.decode(AbstractHttpResponseCodec.java:44)at org.openqa.selenium.remote.HttpCommandExecutor.execute(HttpCommandExecutor.java:164)at io.appium.java_client.remote.AppiumCommandExecutor.execute(AppiumCommandExecutor.java:89)at org.openqa.selenium.remote.RemoteWebDriver.execute(RemoteWebDriver.java:601)at io.appium.java_client.DefaultGenericMobileDriver.execute(DefaultGenericMobileDriver.java:42)at io.appium.java_client.AppiumDriver.execute(AppiumDriver.java:1)at io.appium.java_client.ios.IOSDriver.execute(IOSDriver.java:1)at org.openqa.selenium.remote.RemoteWebDriver.findElement(RemoteWebDriver.java:371)at io.appium.java_client.DefaultGenericMobileDriver.findElement(DefaultGenericMobileDriver.java:62)at io.appium.java_client.AppiumDriver.findElement(AppiumDriver.java:1)at io.appium.java_client.ios.IOSDriver.findElement(IOSDriver.java:1)at org.openqa.selenium.remote.RemoteWebDriver.findElementByXPath(RemoteWebDriver.java:473)at io.appium.java_client.DefaultGenericMobileDriver.findElementByXPath(DefaultGenericMobileDriver.java:140)at io.appium.java_client.AppiumDriver.findElementByXPath(AppiumDriver.java:1)at io.appium.java_client.ios.IOSDriver.findElementByXPath(IOSDriver.java:1)at org.openqa.selenium.By$ByXPath.findElement(By.java:361)at org.openqa.selenium.remote.RemoteWebDriver.findElement(RemoteWebDriver.java:363)at io.appium.java_client.DefaultGenericMobileDriver.findElement(DefaultGenericMobileDriver.java:58)at io.appium.java_client.AppiumDriver.findElement(AppiumDriver.java:1)at io.appium.java_client.ios.IOSDriver.findElement(IOSDriver.java:1)at PageObjects.BasePage.ElementDisplay(BasePage.java:67)at Tests.EditStyleForWomenTests.EditBudget(EditStyleForWomenTests.java:197)... Removed 29 stack frames]]>
    </failure>
  </testcase> <!-- EditBudget -->
  <testcase name="EditColor" time="30.746" classname="Tests.EditStyleForWomenTests"/>
  <testcase name="EditJewelry" time="71.541" classname="Tests.EditStyleForWomenTests"/>
  <testcase name="EditZone" time="56.355" classname="Tests.EditStyleForWomenTests"/>
  <testcase name="EditSocialMedia" time="346.175" classname="Tests.EditStyleForWomenTests"/>
</testsuite> <!-- EditStyleForWomenTests -->
