<?xml version="1.0" encoding="UTF-8"?>
<!-- Generated by org.testng.reporters.JUnitXMLReporter -->
<testsuite hostname="yinons-MBP" ignored="0" name="LoginTests" tests="6" failures="0" timestamp="11 Jun 2018 19:14:18 GMT" time="0.02" errors="0">
  <testcase name="@BeforeTest setup" time="0.012" classname="Tests.BaseTest">
    <failure type="org.openqa.selenium.SessionNotCreatedException" message="session not created (No device with the following information was found: //device[(@os=&amp;apos;ios&amp;apos; and (@version=&amp;apos;11.1&amp;apos; or starts-with(@version, &amp;apos;11.1.&amp;apos;))) and not(@emulator=&amp;apos;true&amp;apos;) ] Lock Device by query: @os=&amp;apos;ios&amp;apos; and @version=&amp;apos;11.1&amp;apos; )  (WARNING: The server did not provide any stacktrace information)
Command duration or timeout: 9 milliseconds
Build info: version: &amp;apos;3.8.1&amp;apos;, revision: &amp;apos;6e95a6684b&amp;apos;, time: &amp;apos;2017-12-01T19:05:32.194Z&amp;apos;
System info: host: &amp;apos;yinons-MBP&amp;apos;, ip: &amp;apos;fdcd:5716:bbf2:0:9db7:e0b9:e1c1:72d7&amp;apos;, os.name: &amp;apos;Mac OS X&amp;apos;, os.arch: &amp;apos;x86_64&amp;apos;, os.version: &amp;apos;10.13.4&amp;apos;, java.version: &amp;apos;1.8.0_151&amp;apos;
Driver info: driver.version: IOSDriver">
      <![CDATA[org.openqa.selenium.SessionNotCreatedException: session not created (No device with the following information was found: //device[(@os='ios' and (@version='11.1' or starts-with(@version, '11.1.'))) and not(@emulator='true') ] Lock Device by query: @os='ios' and @version='11.1' )  (WARNING: The server did not provide any stacktrace information)
Command duration or timeout: 9 milliseconds
Build info: version: '3.8.1', revision: '6e95a6684b', time: '2017-12-01T19:05:32.194Z'
System info: host: 'yinons-MBP', ip: 'fdcd:5716:bbf2:0:9db7:e0b9:e1c1:72d7', os.name: 'Mac OS X', os.arch: 'x86_64', os.version: '10.13.4', java.version: '1.8.0_151'
Driver info: driver.version: IOSDriver
at org.openqa.selenium.remote.ErrorHandler.createThrowable(ErrorHandler.java:214)
at org.openqa.selenium.remote.ErrorHandler.throwIfResponseFailed(ErrorHandler.java:166)
at org.openqa.selenium.remote.JsonWireProtocolResponse.lambda$new$0(JsonWireProtocolResponse.java:53)
at org.openqa.selenium.remote.JsonWireProtocolResponse.lambda$getResponseFunction$2(JsonWireProtocolResponse.java:91)
at org.openqa.selenium.remote.ProtocolHandshake.lambda$createSession$0(ProtocolHandshake.java:123)
at java.util.stream.ReferencePipeline$3$1.accept(ReferencePipeline.java:193)
at java.util.Spliterators$ArraySpliterator.tryAdvance(Spliterators.java:958)
at java.util.stream.ReferencePipeline.forEachWithCancel(ReferencePipeline.java:126)
at java.util.stream.AbstractPipeline.copyIntoWithCancel(AbstractPipeline.java:498)
at java.util.stream.AbstractPipeline.copyInto(AbstractPipeline.java:485)
at java.util.stream.AbstractPipeline.wrapAndCopyInto(AbstractPipeline.java:471)
at java.util.stream.FindOps$FindOp.evaluateSequential(FindOps.java:152)
at java.util.stream.AbstractPipeline.evaluate(AbstractPipeline.java:234)
at java.util.stream.ReferencePipeline.findFirst(ReferencePipeline.java:464)
at org.openqa.selenium.remote.ProtocolHandshake.createSession(ProtocolHandshake.java:126)
at org.openqa.selenium.remote.ProtocolHandshake.createSession(ProtocolHandshake.java:73)
at org.openqa.selenium.remote.HttpCommandExecutor.execute(HttpCommandExecutor.java:142)
at io.appium.java_client.remote.AppiumCommandExecutor.execute(AppiumCommandExecutor.java:129)
at org.openqa.selenium.remote.RemoteWebDriver.execute(RemoteWebDriver.java:601)
at io.appium.java_client.DefaultGenericMobileDriver.execute(DefaultGenericMobileDriver.java:42)
at io.appium.java_client.AppiumDriver.execute(AppiumDriver.java:1)
at io.appium.java_client.ios.IOSDriver.execute(IOSDriver.java:1)
at org.openqa.selenium.remote.RemoteWebDriver.startSession(RemoteWebDriver.java:219)
at org.openqa.selenium.remote.RemoteWebDriver.<init>(RemoteWebDriver.java:142)
at io.appium.java_client.DefaultGenericMobileDriver.<init>(DefaultGenericMobileDriver.java:38)
at io.appium.java_client.AppiumDriver.<init>(AppiumDriver.java:84)
at io.appium.java_client.AppiumDriver.<init>(AppiumDriver.java:94)
at io.appium.java_client.ios.IOSDriver.<init>(IOSDriver.java:82)
at Tests.BaseTest.capabileties(BaseTest.java:48)
at Tests.BaseTest.setup(BaseTest.java:98)
... Removed 28 stack frames]]>
    </failure>
  </testcase> <!-- @BeforeTest setup -->
  <testcase name="FillPasswordWithOutToFillEmail" time="0.0" classname="Tests.LoginTests">
    <skipped/>
  </testcase> <!-- FillPasswordWithOutToFillEmail -->
  <testcase name="FillPasswordWithOutToFillPassword" time="0.0" classname="Tests.LoginTests">
    <skipped/>
  </testcase> <!-- FillPasswordWithOutToFillPassword -->
  <testcase name="FillPasswordWithWrongEmail" time="0.0" classname="Tests.LoginTests">
    <skipped/>
  </testcase> <!-- FillPasswordWithWrongEmail -->
  <testcase name="FillPasswordWithWrongPassword" time="0.0" classname="Tests.LoginTests">
    <skipped/>
  </testcase> <!-- FillPasswordWithWrongPassword -->
  <testcase name="ClickLoginwWithOutToFillAnyFields" time="0.0" classname="Tests.LoginTests">
    <skipped/>
  </testcase> <!-- ClickLoginwWithOutToFillAnyFields -->
  <testcase name="DoLogin" time="0.0" classname="Tests.LoginTests">
    <skipped/>
  </testcase> <!-- DoLogin -->
</testsuite> <!-- LoginTests -->
