<html>
<head>
<title>TestNG:  CheckOutByCoponTest</title>
<link href="../testng.css" rel="stylesheet" type="text/css" />
<link href="../my-testng.css" rel="stylesheet" type="text/css" />

<style type="text/css">
.log { display: none;} 
.stack-trace { display: none;} 
</style>
<script type="text/javascript">
<!--
function flip(e) {
  current = e.style.display;
  if (current == 'block') {
    e.style.display = 'none';
    return 0;
  }
  else {
    e.style.display = 'block';
    return 1;
  }
}

function toggleBox(szDivId, elem, msg1, msg2)
{
  var res = -1;  if (document.getElementById) {
    res = flip(document.getElementById(szDivId));
  }
  else if (document.all) {
    // this is the way old msie versions work
    res = flip(document.all[szDivId]);
  }
  if(elem) {
    if(res == 0) elem.innerHTML = msg1; else elem.innerHTML = msg2;
  }

}

function toggleAllBoxes() {
  if (document.getElementsByTagName) {
    d = document.getElementsByTagName('div');
    for (i = 0; i < d.length; i++) {
      if (d[i].className == 'log') {
        flip(d[i]);
      }
    }
  }
}

// -->
</script>

</head>
<body>
<h2 align='center'>CheckOutByCoponTest</h2><table border='1' align="center">
<tr>
<td>Tests passed/Failed/Skipped:</td><td>3/1/0</td>
</tr><tr>
<td>Started on:</td><td>Sun Nov 18 00:16:39 IST 2018</td>
</tr>
<tr><td>Total time:</td><td>264 seconds (264048 ms)</td>
</tr><tr>
<td>Included groups:</td><td></td>
</tr><tr>
<td>Excluded groups:</td><td></td>
</tr>
</table><p/>
<small><i>(Hover the method name to see the test class name)</i></small><p/>
<table width='100%' border='1' class='invocation-failed'>
<tr><td colspan='4' align='center'><b>FAILED TESTS</b></td></tr>
<tr><td><b>Test method</b></td>
<td width="30%"><b>Exception</b></td>
<td width="10%"><b>Time (seconds)</b></td>
<td><b>Instance</b></td>
</tr>
<tr>
<td title='Tests.CheckOutByCoponTest.SelectSession()'><b>SelectSession</b><br>Test class: Tests.CheckOutByCoponTest<br/>
<a href="#Output-369805307" onClick='toggleBox("Output-369805307", this, "Show output", "Hide output");'>Show output</a>

<a href="#Output-369805307" onClick="toggleAllBoxes();">Show all outputs</a>
<div class='log' id="Output-369805307">
About to begin executing following method : CheckOutByCoponTest.SelectSession<br/>
Completed executing following method : CheckOutByCoponTest.SelectSession<br/>
About to Failure executing Suite SelectSession<br/>
Test Method resides in Tests.CheckOutByCoponTest<br/>
Test Status: Failed<br/>
About to Failure executing Suite SelectSession<br/>
Test Method resides in Tests.CheckOutByCoponTest<br/>
Test Status: Failed<br/>
</div>
</td>
<td><div><pre>org.openqa.selenium.NoSuchElementException: An element could not be located on the page using the given search parameters.
For documentation on this error, please visit: http://seleniumhq.org/exceptions/no_such_element.html
Build info: version: &apos;3.8.1&apos;, revision: &apos;6e95a6684b&apos;, time: &apos;2017-12-01T19:05:32.194Z&apos;
System info: host: &apos;yinons-MBP-2&apos;, ip: &apos;fe80:0:0:0:a8:f662:860:dc94%en0&apos;, os.name: &apos;Mac OS X&apos;, os.arch: &apos;x86_64&apos;, os.version: &apos;10.13.6&apos;, java.version: &apos;1.8.0_151&apos;
Driver info: io.appium.java_client.ios.IOSDriver
Capabilities {app: /Users/yinonwishi/Desktop/W..., automationName: XCuiTest, browserName: , databaseEnabled: false, deviceName: iPhone XS Max, javascriptEnabled: true, locationContextEnabled: false, networkConnectionEnabled: false, newCommandTimeout: 5000, platform: MAC, platformName: MAC, platformVersion: 12.0, startIWDP: true, takesScreenshot: true, udid: 3F0CEB71-FA1F-48BB-9D4E-087..., webStorageEnabled: false}
Session ID: 6f6b31b5-7ff4-45da-a428-32ae298410f8
*** Element info: {Using=xpath, value=(//*[@name=&apos;Skinny&apos;])[1]}
	at org.openqa.selenium.remote.http.W3CHttpResponseCodec.createException(W3CHttpResponseCodec.java:187)
	at org.openqa.selenium.remote.http.W3CHttpResponseCodec.decode(W3CHttpResponseCodec.java:122)
	at org.openqa.selenium.remote.http.W3CHttpResponseCodec.decode(W3CHttpResponseCodec.java:49)
	at org.openqa.selenium.remote.HttpCommandExecutor.execute(HttpCommandExecutor.java:164)
	at io.appium.java_client.remote.AppiumCommandExecutor.execute(AppiumCommandExecutor.java:129)
	at org.openqa.selenium.remote.RemoteWebDriver.execute(RemoteWebDriver.java:601)
	at io.appium.java_client.DefaultGenericMobileDriver.execute(DefaultGenericMobileDriver.java:42)
	at io.appium.java_client.AppiumDriver.execute(AppiumDriver.java:1)
	at io.appium.java_client.ios.IOSDriver.execute(IOSDriver.java:1)
	at org.openqa.selenium.remote.RemoteWebDriver.findElement(RemoteWebDriver.java:371)
	at io.appium.java_client.DefaultGenericMobileDriver.findElement(DefaultGenericMobileDriver.java:62)
	at io.appium.java_client.AppiumDriver.findElement(AppiumDriver.java:1)
	at io.appium.java_client.ios.IOSDriver.findElement(IOSDriver.java:1)
	at org.openqa.selenium.remote.RemoteWebDriver.findElementByXPath(RemoteWebDriver.java:473)
	at io.appium.java_client.DefaultGenericMobileDriver.findElementByXPath(DefaultGenericMobileDriver.java:152)
	at io.appium.java_client.AppiumDriver.findElementByXPath(AppiumDriver.java:1)
	at io.appium.java_client.ios.IOSDriver.findElementByXPath(IOSDriver.java:1)
	at org.openqa.selenium.By$ByXPath.findElement(By.java:361)
	at org.openqa.selenium.remote.RemoteWebDriver.findElement(RemoteWebDriver.java:363)
	at io.appium.java_client.DefaultGenericMobileDriver.findElement(DefaultGenericMobileDriver.java:58)
	at io.appium.java_client.AppiumDriver.findElement(AppiumDriver.java:1)
	at io.appium.java_client.ios.IOSDriver.findElement(IOSDriver.java:1)
	at PageObjects.QuizPage.SelectJeans(QuizPage.java:123)
	at Tests.CheckOutByCoponTest.SelectSession(CheckOutByCoponTest.java:86)
... Removed 29 stack frames</pre></div><a href='#' onClick='toggleBox("stack-trace369805307", this, "Click to show all stack frames", "Click to hide stack frames")'>Click to show all stack frames</a>
<div class='stack-trace' id='stack-trace369805307'><pre>org.openqa.selenium.NoSuchElementException: An element could not be located on the page using the given search parameters.
For documentation on this error, please visit: http://seleniumhq.org/exceptions/no_such_element.html
Build info: version: &apos;3.8.1&apos;, revision: &apos;6e95a6684b&apos;, time: &apos;2017-12-01T19:05:32.194Z&apos;
System info: host: &apos;yinons-MBP-2&apos;, ip: &apos;fe80:0:0:0:a8:f662:860:dc94%en0&apos;, os.name: &apos;Mac OS X&apos;, os.arch: &apos;x86_64&apos;, os.version: &apos;10.13.6&apos;, java.version: &apos;1.8.0_151&apos;
Driver info: io.appium.java_client.ios.IOSDriver
Capabilities {app: /Users/yinonwishi/Desktop/W..., automationName: XCuiTest, browserName: , databaseEnabled: false, deviceName: iPhone XS Max, javascriptEnabled: true, locationContextEnabled: false, networkConnectionEnabled: false, newCommandTimeout: 5000, platform: MAC, platformName: MAC, platformVersion: 12.0, startIWDP: true, takesScreenshot: true, udid: 3F0CEB71-FA1F-48BB-9D4E-087..., webStorageEnabled: false}
Session ID: 6f6b31b5-7ff4-45da-a428-32ae298410f8
*** Element info: {Using=xpath, value=(//*[@name=&apos;Skinny&apos;])[1]}
	at sun.reflect.NativeConstructorAccessorImpl.newInstance0(Native Method)
	at sun.reflect.NativeConstructorAccessorImpl.newInstance(NativeConstructorAccessorImpl.java:62)
	at sun.reflect.DelegatingConstructorAccessorImpl.newInstance(DelegatingConstructorAccessorImpl.java:45)
	at java.lang.reflect.Constructor.newInstance(Constructor.java:423)
	at org.openqa.selenium.remote.http.W3CHttpResponseCodec.createException(W3CHttpResponseCodec.java:187)
	at org.openqa.selenium.remote.http.W3CHttpResponseCodec.decode(W3CHttpResponseCodec.java:122)
	at org.openqa.selenium.remote.http.W3CHttpResponseCodec.decode(W3CHttpResponseCodec.java:49)
	at org.openqa.selenium.remote.HttpCommandExecutor.execute(HttpCommandExecutor.java:164)
	at io.appium.java_client.remote.AppiumCommandExecutor.execute(AppiumCommandExecutor.java:129)
	at org.openqa.selenium.remote.RemoteWebDriver.execute(RemoteWebDriver.java:601)
	at io.appium.java_client.DefaultGenericMobileDriver.execute(DefaultGenericMobileDriver.java:42)
	at io.appium.java_client.AppiumDriver.execute(AppiumDriver.java:1)
	at io.appium.java_client.ios.IOSDriver.execute(IOSDriver.java:1)
	at org.openqa.selenium.remote.RemoteWebDriver.findElement(RemoteWebDriver.java:371)
	at io.appium.java_client.DefaultGenericMobileDriver.findElement(DefaultGenericMobileDriver.java:62)
	at io.appium.java_client.AppiumDriver.findElement(AppiumDriver.java:1)
	at io.appium.java_client.ios.IOSDriver.findElement(IOSDriver.java:1)
	at org.openqa.selenium.remote.RemoteWebDriver.findElementByXPath(RemoteWebDriver.java:473)
	at io.appium.java_client.DefaultGenericMobileDriver.findElementByXPath(DefaultGenericMobileDriver.java:152)
	at io.appium.java_client.AppiumDriver.findElementByXPath(AppiumDriver.java:1)
	at io.appium.java_client.ios.IOSDriver.findElementByXPath(IOSDriver.java:1)
	at org.openqa.selenium.By$ByXPath.findElement(By.java:361)
	at org.openqa.selenium.remote.RemoteWebDriver.findElement(RemoteWebDriver.java:363)
	at io.appium.java_client.DefaultGenericMobileDriver.findElement(DefaultGenericMobileDriver.java:58)
	at io.appium.java_client.AppiumDriver.findElement(AppiumDriver.java:1)
	at io.appium.java_client.ios.IOSDriver.findElement(IOSDriver.java:1)
	at PageObjects.QuizPage.SelectJeans(QuizPage.java:123)
	at Tests.CheckOutByCoponTest.SelectSession(CheckOutByCoponTest.java:86)
	at sun.reflect.NativeMethodAccessorImpl.invoke0(Native Method)
	at sun.reflect.NativeMethodAccessorImpl.invoke(NativeMethodAccessorImpl.java:62)
	at sun.reflect.DelegatingMethodAccessorImpl.invoke(DelegatingMethodAccessorImpl.java:43)
	at java.lang.reflect.Method.invoke(Method.java:498)
	at org.testng.internal.MethodInvocationHelper.invokeMethod(MethodInvocationHelper.java:124)
	at org.testng.internal.Invoker.invokeMethod(Invoker.java:580)
	at org.testng.internal.Invoker.invokeTestMethod(Invoker.java:716)
	at org.testng.internal.Invoker.invokeTestMethods(Invoker.java:988)
	at org.testng.internal.TestMethodWorker.invokeTestMethods(TestMethodWorker.java:125)
	at org.testng.internal.TestMethodWorker.run(TestMethodWorker.java:109)
	at org.testng.TestRunner.privateRun(TestRunner.java:648)
	at org.testng.TestRunner.run(TestRunner.java:505)
	at org.testng.SuiteRunner.runTest(SuiteRunner.java:455)
	at org.testng.SuiteRunner.runSequentially(SuiteRunner.java:450)
	at org.testng.SuiteRunner.privateRun(SuiteRunner.java:415)
	at org.testng.SuiteRunner.run(SuiteRunner.java:364)
	at org.testng.SuiteRunnerWorker.runSuite(SuiteRunnerWorker.java:52)
	at org.testng.SuiteRunnerWorker.run(SuiteRunnerWorker.java:84)
	at org.testng.TestNG.runSuitesSequentially(TestNG.java:1208)
	at org.testng.TestNG.runSuitesLocally(TestNG.java:1137)
	at org.testng.TestNG.runSuites(TestNG.java:1049)
	at org.testng.TestNG.run(TestNG.java:1017)
	at org.testng.remote.AbstractRemoteTestNG.run(AbstractRemoteTestNG.java:114)
	at org.testng.remote.RemoteTestNG.initAndRun(RemoteTestNG.java:251)
	at org.testng.remote.RemoteTestNG.main(RemoteTestNG.java:77)
</pre></div></td>
<td>155</td>
<td>Tests.CheckOutByCoponTest@44f75083</td></tr>
</table><p>
<table width='100%' border='1' class='invocation-passed'>
<tr><td colspan='4' align='center'><b>PASSED TESTS</b></td></tr>
<tr><td><b>Test method</b></td>
<td width="30%"><b>Exception</b></td>
<td width="10%"><b>Time (seconds)</b></td>
<td><b>Instance</b></td>
</tr>
<tr>
<td title='Tests.CheckOutByCoponTest.DoLogin()'><b>DoLogin</b><br>Test class: Tests.CheckOutByCoponTest<br/>
<a href="#Output-1543146693" onClick='toggleBox("Output-1543146693", this, "Show output", "Hide output");'>Show output</a>

<a href="#Output-1543146693" onClick="toggleAllBoxes();">Show all outputs</a>
<div class='log' id="Output-1543146693">
About to begin executing following method : CheckOutByCoponTest.DoLogin<br/>
Completed executing following method : CheckOutByCoponTest.DoLogin<br/>
About to Success executing Suite DoLogin<br/>
Test Method resides in Tests.CheckOutByCoponTest<br/>
Test Status: Pass<br/>
About to Success executing Suite DoLogin<br/>
Test Method resides in Tests.CheckOutByCoponTest<br/>
Test Status: Pass<br/>
</div>
</td>
<td></td>
<td>44</td>
<td>Tests.CheckOutByCoponTest@44f75083</td></tr>
<tr>
<td title='Tests.CheckOutByCoponTest.SearchStylist()'><b>SearchStylist</b><br>Test class: Tests.CheckOutByCoponTest<br/>
<a href="#Output-992086987" onClick='toggleBox("Output-992086987", this, "Show output", "Hide output");'>Show output</a>

<a href="#Output-992086987" onClick="toggleAllBoxes();">Show all outputs</a>
<div class='log' id="Output-992086987">
About to begin executing following method : CheckOutByCoponTest.SearchStylist<br/>
Completed executing following method : CheckOutByCoponTest.SearchStylist<br/>
About to Success executing Suite SearchStylist<br/>
Test Method resides in Tests.CheckOutByCoponTest<br/>
Test Status: Pass<br/>
About to Success executing Suite SearchStylist<br/>
Test Method resides in Tests.CheckOutByCoponTest<br/>
Test Status: Pass<br/>
</div>
</td>
<td></td>
<td>11</td>
<td>Tests.CheckOutByCoponTest@44f75083</td></tr>
<tr>
<td title='Tests.CheckOutByCoponTest.SelectEvents()'><b>SelectEvents</b><br>Test class: Tests.CheckOutByCoponTest<br/>
<a href="#Output-1244867001" onClick='toggleBox("Output-1244867001", this, "Show output", "Hide output");'>Show output</a>

<a href="#Output-1244867001" onClick="toggleAllBoxes();">Show all outputs</a>
<div class='log' id="Output-1244867001">
About to begin executing following method : CheckOutByCoponTest.SelectEvents<br/>
Completed executing following method : CheckOutByCoponTest.SelectEvents<br/>
About to Success executing Suite SelectEvents<br/>
Test Method resides in Tests.CheckOutByCoponTest<br/>
Test Status: Pass<br/>
About to Success executing Suite SelectEvents<br/>
Test Method resides in Tests.CheckOutByCoponTest<br/>
Test Status: Pass<br/>
</div>
</td>
<td></td>
<td>37</td>
<td>Tests.CheckOutByCoponTest@44f75083</td></tr>
</table><p>
</body>
</html>