<?xml version="1.0" encoding="UTF-8"?>
<!-- Generated by org.testng.reporters.JUnitXMLReporter -->
<testsuite hostname="yinons-MBP-2" ignored="0" name="CheckOutByCoponTest" tests="4" failures="1" timestamp="20 Aug 2018 14:03:57 GMT" time="145.632" errors="0">
  <testcase name="DoLogin" time="43.469" classname="Tests.CheckOutByCoponTest"/>
  <testcase name="SearchStylist" time="12.048" classname="Tests.CheckOutByCoponTest"/>
  <testcase name="SelectEvents" time="31.764" classname="Tests.CheckOutByCoponTest"/>
  <testcase name="SelectSession" time="42.357" classname="Tests.CheckOutByCoponTest">
    <failure type="org.openqa.selenium.NoSuchElementException" message="An element could not be located on the page using the given search parameters. (WARNING: The server did not provide any stacktrace information)
Command duration or timeout: 0 milliseconds
For documentation on this error, please visit: http://seleniumhq.org/exceptions/no_such_element.html
Build info: version: &amp;apos;3.8.1&amp;apos;, revision: &amp;apos;6e95a6684b&amp;apos;, time: &amp;apos;2017-12-01T19:05:32.194Z&amp;apos;
System info: host: &amp;apos;yinons-MBP-2&amp;apos;, ip: &amp;apos;192.168.14.55&amp;apos;, os.name: &amp;apos;Mac OS X&amp;apos;, os.arch: &amp;apos;x86_64&amp;apos;, os.version: &amp;apos;10.13.4&amp;apos;, java.version: &amp;apos;1.8.0_151&amp;apos;
Driver info: io.appium.java_client.ios.IOSDriver
Capabilities {app: /Users/yinonwishi/Desktop/W..., automationName: XCuiTest, browserName: , databaseEnabled: false, deviceName: iPhone 8 Plus, javascriptEnabled: true, locationContextEnabled: false, networkConnectionEnabled: false, newCommandTimeout: 5000, platform: MAC, platformName: MAC, platformVersion: 11.3, startIWDP: true, takesScreenshot: true, udid: 5B321DD7-CF13-4D1F-A5AE-6E3..., webStorageEnabled: false}
Session ID: 600969df-e894-430b-a8b4-5505bd9b4b97
*** Element info: {Using=id, value=Take Your Style Quiz}">
      <![CDATA[org.openqa.selenium.NoSuchElementException: An element could not be located on the page using the given search parameters. (WARNING: The server did not provide any stacktrace information)
Command duration or timeout: 0 milliseconds
For documentation on this error, please visit: http://seleniumhq.org/exceptions/no_such_element.html
Build info: version: '3.8.1', revision: '6e95a6684b', time: '2017-12-01T19:05:32.194Z'
System info: host: 'yinons-MBP-2', ip: '192.168.14.55', os.name: 'Mac OS X', os.arch: 'x86_64', os.version: '10.13.4', java.version: '1.8.0_151'
Driver info: io.appium.java_client.ios.IOSDriver
Capabilities {app: /Users/yinonwishi/Desktop/W..., automationName: XCuiTest, browserName: , databaseEnabled: false, deviceName: iPhone 8 Plus, javascriptEnabled: true, locationContextEnabled: false, networkConnectionEnabled: false, newCommandTimeout: 5000, platform: MAC, platformName: MAC, platformVersion: 11.3, startIWDP: true, takesScreenshot: true, udid: 5B321DD7-CF13-4D1F-A5AE-6E3..., webStorageEnabled: false}
Session ID: 600969df-e894-430b-a8b4-5505bd9b4b97
*** Element info: {Using=id, value=Take Your Style Quiz}
at org.openqa.selenium.remote.ErrorHandler.createThrowable(ErrorHandler.java:214)
at org.openqa.selenium.remote.ErrorHandler.throwIfResponseFailed(ErrorHandler.java:166)
at org.openqa.selenium.remote.http.JsonHttpResponseCodec.reconstructValue(JsonHttpResponseCodec.java:40)
at org.openqa.selenium.remote.http.AbstractHttpResponseCodec.decode(AbstractHttpResponseCodec.java:80)
at org.openqa.selenium.remote.http.AbstractHttpResponseCodec.decode(AbstractHttpResponseCodec.java:44)
at org.openqa.selenium.remote.HttpCommandExecutor.execute(HttpCommandExecutor.java:164)
at io.appium.java_client.remote.AppiumCommandExecutor.execute(AppiumCommandExecutor.java:129)
at org.openqa.selenium.remote.RemoteWebDriver.execute(RemoteWebDriver.java:601)
at io.appium.java_client.DefaultGenericMobileDriver.execute(DefaultGenericMobileDriver.java:42)
at io.appium.java_client.AppiumDriver.execute(AppiumDriver.java:1)
at io.appium.java_client.ios.IOSDriver.execute(IOSDriver.java:1)
at org.openqa.selenium.remote.RemoteWebDriver.findElement(RemoteWebDriver.java:371)
at io.appium.java_client.DefaultGenericMobileDriver.findElement(DefaultGenericMobileDriver.java:62)
at io.appium.java_client.AppiumDriver.findElement(AppiumDriver.java:1)
at io.appium.java_client.ios.IOSDriver.findElement(IOSDriver.java:1)
at org.openqa.selenium.remote.RemoteWebDriver.findElementById(RemoteWebDriver.java:417)
at io.appium.java_client.DefaultGenericMobileDriver.findElementById(DefaultGenericMobileDriver.java:70)
at io.appium.java_client.AppiumDriver.findElementById(AppiumDriver.java:1)
at io.appium.java_client.ios.IOSDriver.findElementById(IOSDriver.java:1)
at org.openqa.selenium.By$ById.findElement(By.java:218)
at org.openqa.selenium.remote.RemoteWebDriver.findElement(RemoteWebDriver.java:363)
at io.appium.java_client.DefaultGenericMobileDriver.findElement(DefaultGenericMobileDriver.java:58)
at io.appium.java_client.AppiumDriver.findElement(AppiumDriver.java:1)
at io.appium.java_client.ios.IOSDriver.findElement(IOSDriver.java:1)
at org.openqa.selenium.support.pagefactory.DefaultElementLocator.findElement(DefaultElementLocator.java:69)
at org.openqa.selenium.support.pagefactory.internal.LocatingElementHandler.invoke(LocatingElementHandler.java:38)
at com.sun.proxy.$Proxy9.click(Unknown Source)
at PageObjects.BasePage.click(BasePage.java:37)
at PageObjects.CeckOutPage.ClickTakeYourStyleQwiz(CeckOutPage.java:114)
at Tests.CheckOutByCoponTest.SelectSession(CheckOutByCoponTest.java:71)
... Removed 29 stack frames]]>
    </failure>
  </testcase> <!-- SelectSession -->
</testsuite> <!-- CheckOutByCoponTest -->
