<html>
<head>
<title>TestNG:  EndSessionTest</title>
<link href="../testng.css" rel="stylesheet" type="text/css" />
<link href="../my-testng.css" rel="stylesheet" type="text/css" />

<style type="text/css">
.log { display: none;} 
.stack-trace { display: none;} 
</style>
<script type="text/javascript">
<!--
function flip(e) {
  current = e.style.display;
  if (current == 'block') {
    e.style.display = 'none';
    return 0;
  }
  else {
    e.style.display = 'block';
    return 1;
  }
}

function toggleBox(szDivId, elem, msg1, msg2)
{
  var res = -1;  if (document.getElementById) {
    res = flip(document.getElementById(szDivId));
  }
  else if (document.all) {
    // this is the way old msie versions work
    res = flip(document.all[szDivId]);
  }
  if(elem) {
    if(res == 0) elem.innerHTML = msg1; else elem.innerHTML = msg2;
  }

}

function toggleAllBoxes() {
  if (document.getElementsByTagName) {
    d = document.getElementsByTagName('div');
    for (i = 0; i < d.length; i++) {
      if (d[i].className == 'log') {
        flip(d[i]);
      }
    }
  }
}

// -->
</script>

</head>
<body>
<h2 align='center'>EndSessionTest</h2><table border='1' align="center">
<tr>
<td>Tests passed/Failed/Skipped:</td><td>17/3/0</td>
</tr><tr>
<td>Started on:</td><td>Tue Jul 31 09:45:22 IDT 2018</td>
</tr>
<tr><td>Total time:</td><td>2299 seconds (2299325 ms)</td>
</tr><tr>
<td>Included groups:</td><td></td>
</tr><tr>
<td>Excluded groups:</td><td></td>
</tr>
</table><p/>
<small><i>(Hover the method name to see the test class name)</i></small><p/>
<table width='100%' border='1' class='invocation-failed'>
<tr><td colspan='4' align='center'><b>FAILED TESTS</b></td></tr>
<tr><td><b>Test method</b></td>
<td width="30%"><b>Exception</b></td>
<td width="10%"><b>Time (seconds)</b></td>
<td><b>Instance</b></td>
</tr>
<tr>
<td title='Tests.EndSessionTest.ClientEndSession()'><b>ClientEndSession</b><br>Test class: Tests.EndSessionTest<br/>
<a href="#Output-1831010686" onClick='toggleBox("Output-1831010686", this, "Show output", "Hide output");'>Show output</a>

<a href="#Output-1831010686" onClick="toggleAllBoxes();">Show all outputs</a>
<div class='log' id="Output-1831010686">
About to begin executing following method : EndSessionTest.ClientEndSession<br/>
Completed executing following method : EndSessionTest.ClientEndSession<br/>
About to Failure executing Suite ClientEndSession<br/>
Test Method resides in Tests.EndSessionTest<br/>
Test Status: Failed<br/>
</div>
</td>
<td><div><pre>java.lang.ArrayIndexOutOfBoundsException: -1
	at java.util.ArrayList.elementData(ArrayList.java:422)
	at java.util.ArrayList.get(ArrayList.java:435)
	at PageObjects.BookingPage.ApproveEndSession(BookingPage.java:234)
	at Tests.EndSessionTest.ClientEndSession(EndSessionTest.java:488)
... Removed 25 stack frames</pre></div><a href='#' onClick='toggleBox("stack-trace1831010686", this, "Click to show all stack frames", "Click to hide stack frames")'>Click to show all stack frames</a>
<div class='stack-trace' id='stack-trace1831010686'><pre>java.lang.ArrayIndexOutOfBoundsException: -1
	at java.util.ArrayList.elementData(ArrayList.java:422)
	at java.util.ArrayList.get(ArrayList.java:435)
	at PageObjects.BookingPage.ApproveEndSession(BookingPage.java:234)
	at Tests.EndSessionTest.ClientEndSession(EndSessionTest.java:488)
	at sun.reflect.NativeMethodAccessorImpl.invoke0(Native Method)
	at sun.reflect.NativeMethodAccessorImpl.invoke(NativeMethodAccessorImpl.java:62)
	at sun.reflect.DelegatingMethodAccessorImpl.invoke(DelegatingMethodAccessorImpl.java:43)
	at java.lang.reflect.Method.invoke(Method.java:498)
	at org.testng.internal.MethodInvocationHelper.invokeMethod(MethodInvocationHelper.java:124)
	at org.testng.internal.Invoker.invokeMethod(Invoker.java:583)
	at org.testng.internal.Invoker.invokeTestMethod(Invoker.java:719)
	at org.testng.internal.Invoker.invokeTestMethods(Invoker.java:989)
	at org.testng.internal.TestMethodWorker.invokeTestMethods(TestMethodWorker.java:125)
	at org.testng.internal.TestMethodWorker.run(TestMethodWorker.java:109)
	at org.testng.TestRunner.privateRun(TestRunner.java:648)
	at org.testng.TestRunner.run(TestRunner.java:505)
	at org.testng.SuiteRunner.runTest(SuiteRunner.java:455)
	at org.testng.SuiteRunner.runSequentially(SuiteRunner.java:450)
	at org.testng.SuiteRunner.privateRun(SuiteRunner.java:415)
	at org.testng.SuiteRunner.run(SuiteRunner.java:364)
	at org.testng.SuiteRunnerWorker.runSuite(SuiteRunnerWorker.java:52)
	at org.testng.SuiteRunnerWorker.run(SuiteRunnerWorker.java:84)
	at org.testng.TestNG.runSuitesSequentially(TestNG.java:1208)
	at org.testng.TestNG.runSuitesLocally(TestNG.java:1137)
	at org.testng.TestNG.runSuites(TestNG.java:1049)
	at org.testng.TestNG.run(TestNG.java:1017)
	at org.testng.remote.AbstractRemoteTestNG.run(AbstractRemoteTestNG.java:114)
	at org.testng.remote.RemoteTestNG.initAndRun(RemoteTestNG.java:251)
	at org.testng.remote.RemoteTestNG.main(RemoteTestNG.java:77)
</pre></div></td>
<td>107</td>
<td>Tests.EndSessionTest@2de8284b</td></tr>
<tr>
<td title='Tests.EndSessionTest.EndSession()'><b>EndSession</b><br>Test class: Tests.EndSessionTest<br/>
<a href="#Output-909132503" onClick='toggleBox("Output-909132503", this, "Show output", "Hide output");'>Show output</a>

<a href="#Output-909132503" onClick="toggleAllBoxes();">Show all outputs</a>
<div class='log' id="Output-909132503">
About to begin executing following method : EndSessionTest.EndSession<br/>
Completed executing following method : EndSessionTest.EndSession<br/>
About to Failure executing Suite EndSession<br/>
Test Method resides in Tests.EndSessionTest<br/>
Test Status: Failed<br/>
</div>
</td>
<td><div><pre>org.openqa.selenium.NoSuchElementException: An element could not be located on the page using the given search parameters. (WARNING: The server did not provide any stacktrace information)
Command duration or timeout: 0 milliseconds
For documentation on this error, please visit: http://seleniumhq.org/exceptions/no_such_element.html
Build info: version: &apos;3.8.1&apos;, revision: &apos;6e95a6684b&apos;, time: &apos;2017-12-01T19:05:32.194Z&apos;
System info: host: &apos;yinons-MBP&apos;, ip: &apos;fdbe:d9a0:9cdb:0:9527:74c1:e2c6:93c5&apos;, os.name: &apos;Mac OS X&apos;, os.arch: &apos;x86_64&apos;, os.version: &apos;10.13.4&apos;, java.version: &apos;1.8.0_151&apos;
Driver info: io.appium.java_client.ios.IOSDriver
Capabilities {app: /Users/yinonwishi/Desktop/W..., automationName: XCuiTest, browserName: , databaseEnabled: false, deviceName: iPhone 8 Plus, javascriptEnabled: true, locationContextEnabled: false, networkConnectionEnabled: false, newCommandTimeout: 5000, platform: MAC, platformName: MAC, platformVersion: 11.3, startIWDP: true, takesScreenshot: true, udid: 5B321DD7-CF13-4D1F-A5AE-6E3..., webStorageEnabled: false}
Session ID: 8a994797-7146-44f9-889d-e1e972e81b46
*** Element info: {Using=xpath, value=//*[@name=&apos;Send&apos;]}
	at org.openqa.selenium.remote.ErrorHandler.createThrowable(ErrorHandler.java:214)
	at org.openqa.selenium.remote.ErrorHandler.throwIfResponseFailed(ErrorHandler.java:166)
	at org.openqa.selenium.remote.http.JsonHttpResponseCodec.reconstructValue(JsonHttpResponseCodec.java:40)
	at org.openqa.selenium.remote.http.AbstractHttpResponseCodec.decode(AbstractHttpResponseCodec.java:80)
	at org.openqa.selenium.remote.http.AbstractHttpResponseCodec.decode(AbstractHttpResponseCodec.java:44)
	at org.openqa.selenium.remote.HttpCommandExecutor.execute(HttpCommandExecutor.java:164)
	at io.appium.java_client.remote.AppiumCommandExecutor.execute(AppiumCommandExecutor.java:129)
	at org.openqa.selenium.remote.RemoteWebDriver.execute(RemoteWebDriver.java:601)
	at io.appium.java_client.DefaultGenericMobileDriver.execute(DefaultGenericMobileDriver.java:42)
	at io.appium.java_client.AppiumDriver.execute(AppiumDriver.java:1)
	at io.appium.java_client.ios.IOSDriver.execute(IOSDriver.java:1)
	at org.openqa.selenium.remote.RemoteWebDriver.findElement(RemoteWebDriver.java:371)
	at io.appium.java_client.DefaultGenericMobileDriver.findElement(DefaultGenericMobileDriver.java:62)
	at io.appium.java_client.AppiumDriver.findElement(AppiumDriver.java:1)
	at io.appium.java_client.ios.IOSDriver.findElement(IOSDriver.java:1)
	at org.openqa.selenium.remote.RemoteWebDriver.findElementByXPath(RemoteWebDriver.java:473)
	at io.appium.java_client.DefaultGenericMobileDriver.findElementByXPath(DefaultGenericMobileDriver.java:152)
	at io.appium.java_client.AppiumDriver.findElementByXPath(AppiumDriver.java:1)
	at io.appium.java_client.ios.IOSDriver.findElementByXPath(IOSDriver.java:1)
	at org.openqa.selenium.By$ByXPath.findElement(By.java:361)
	at org.openqa.selenium.remote.RemoteWebDriver.findElement(RemoteWebDriver.java:363)
	at io.appium.java_client.DefaultGenericMobileDriver.findElement(DefaultGenericMobileDriver.java:58)
	at io.appium.java_client.AppiumDriver.findElement(AppiumDriver.java:1)
	at io.appium.java_client.ios.IOSDriver.findElement(IOSDriver.java:1)
	at org.openqa.selenium.support.pagefactory.DefaultElementLocator.findElement(DefaultElementLocator.java:69)
	at org.openqa.selenium.support.pagefactory.internal.LocatingElementHandler.invoke(LocatingElementHandler.java:38)
	at com.sun.proxy.$Proxy9.click(Unknown Source)
	at PageObjects.BasePage.click(BasePage.java:37)
	at PageObjects.BookingPage.ClickSendEndSession(BookingPage.java:271)
	at Tests.EndSessionTest.EndSession(EndSessionTest.java:466)
... Removed 29 stack frames</pre></div><a href='#' onClick='toggleBox("stack-trace909132503", this, "Click to show all stack frames", "Click to hide stack frames")'>Click to show all stack frames</a>
<div class='stack-trace' id='stack-trace909132503'><pre>org.openqa.selenium.NoSuchElementException: An element could not be located on the page using the given search parameters. (WARNING: The server did not provide any stacktrace information)
Command duration or timeout: 0 milliseconds
For documentation on this error, please visit: http://seleniumhq.org/exceptions/no_such_element.html
Build info: version: &apos;3.8.1&apos;, revision: &apos;6e95a6684b&apos;, time: &apos;2017-12-01T19:05:32.194Z&apos;
System info: host: &apos;yinons-MBP&apos;, ip: &apos;fdbe:d9a0:9cdb:0:9527:74c1:e2c6:93c5&apos;, os.name: &apos;Mac OS X&apos;, os.arch: &apos;x86_64&apos;, os.version: &apos;10.13.4&apos;, java.version: &apos;1.8.0_151&apos;
Driver info: io.appium.java_client.ios.IOSDriver
Capabilities {app: /Users/yinonwishi/Desktop/W..., automationName: XCuiTest, browserName: , databaseEnabled: false, deviceName: iPhone 8 Plus, javascriptEnabled: true, locationContextEnabled: false, networkConnectionEnabled: false, newCommandTimeout: 5000, platform: MAC, platformName: MAC, platformVersion: 11.3, startIWDP: true, takesScreenshot: true, udid: 5B321DD7-CF13-4D1F-A5AE-6E3..., webStorageEnabled: false}
Session ID: 8a994797-7146-44f9-889d-e1e972e81b46
*** Element info: {Using=xpath, value=//*[@name=&apos;Send&apos;]}
	at sun.reflect.NativeConstructorAccessorImpl.newInstance0(Native Method)
	at sun.reflect.NativeConstructorAccessorImpl.newInstance(NativeConstructorAccessorImpl.java:62)
	at sun.reflect.DelegatingConstructorAccessorImpl.newInstance(DelegatingConstructorAccessorImpl.java:45)
	at java.lang.reflect.Constructor.newInstance(Constructor.java:423)
	at org.openqa.selenium.remote.ErrorHandler.createThrowable(ErrorHandler.java:214)
	at org.openqa.selenium.remote.ErrorHandler.throwIfResponseFailed(ErrorHandler.java:166)
	at org.openqa.selenium.remote.http.JsonHttpResponseCodec.reconstructValue(JsonHttpResponseCodec.java:40)
	at org.openqa.selenium.remote.http.AbstractHttpResponseCodec.decode(AbstractHttpResponseCodec.java:80)
	at org.openqa.selenium.remote.http.AbstractHttpResponseCodec.decode(AbstractHttpResponseCodec.java:44)
	at org.openqa.selenium.remote.HttpCommandExecutor.execute(HttpCommandExecutor.java:164)
	at io.appium.java_client.remote.AppiumCommandExecutor.execute(AppiumCommandExecutor.java:129)
	at org.openqa.selenium.remote.RemoteWebDriver.execute(RemoteWebDriver.java:601)
	at io.appium.java_client.DefaultGenericMobileDriver.execute(DefaultGenericMobileDriver.java:42)
	at io.appium.java_client.AppiumDriver.execute(AppiumDriver.java:1)
	at io.appium.java_client.ios.IOSDriver.execute(IOSDriver.java:1)
	at org.openqa.selenium.remote.RemoteWebDriver.findElement(RemoteWebDriver.java:371)
	at io.appium.java_client.DefaultGenericMobileDriver.findElement(DefaultGenericMobileDriver.java:62)
	at io.appium.java_client.AppiumDriver.findElement(AppiumDriver.java:1)
	at io.appium.java_client.ios.IOSDriver.findElement(IOSDriver.java:1)
	at org.openqa.selenium.remote.RemoteWebDriver.findElementByXPath(RemoteWebDriver.java:473)
	at io.appium.java_client.DefaultGenericMobileDriver.findElementByXPath(DefaultGenericMobileDriver.java:152)
	at io.appium.java_client.AppiumDriver.findElementByXPath(AppiumDriver.java:1)
	at io.appium.java_client.ios.IOSDriver.findElementByXPath(IOSDriver.java:1)
	at org.openqa.selenium.By$ByXPath.findElement(By.java:361)
	at org.openqa.selenium.remote.RemoteWebDriver.findElement(RemoteWebDriver.java:363)
	at io.appium.java_client.DefaultGenericMobileDriver.findElement(DefaultGenericMobileDriver.java:58)
	at io.appium.java_client.AppiumDriver.findElement(AppiumDriver.java:1)
	at io.appium.java_client.ios.IOSDriver.findElement(IOSDriver.java:1)
	at org.openqa.selenium.support.pagefactory.DefaultElementLocator.findElement(DefaultElementLocator.java:69)
	at org.openqa.selenium.support.pagefactory.internal.LocatingElementHandler.invoke(LocatingElementHandler.java:38)
	at com.sun.proxy.$Proxy9.click(Unknown Source)
	at PageObjects.BasePage.click(BasePage.java:37)
	at PageObjects.BookingPage.ClickSendEndSession(BookingPage.java:271)
	at Tests.EndSessionTest.EndSession(EndSessionTest.java:466)
	at sun.reflect.NativeMethodAccessorImpl.invoke0(Native Method)
	at sun.reflect.NativeMethodAccessorImpl.invoke(NativeMethodAccessorImpl.java:62)
	at sun.reflect.DelegatingMethodAccessorImpl.invoke(DelegatingMethodAccessorImpl.java:43)
	at java.lang.reflect.Method.invoke(Method.java:498)
	at org.testng.internal.MethodInvocationHelper.invokeMethod(MethodInvocationHelper.java:124)
	at org.testng.internal.Invoker.invokeMethod(Invoker.java:583)
	at org.testng.internal.Invoker.invokeTestMethod(Invoker.java:719)
	at org.testng.internal.Invoker.invokeTestMethods(Invoker.java:989)
	at org.testng.internal.TestMethodWorker.invokeTestMethods(TestMethodWorker.java:125)
	at org.testng.internal.TestMethodWorker.run(TestMethodWorker.java:109)
	at org.testng.TestRunner.privateRun(TestRunner.java:648)
	at org.testng.TestRunner.run(TestRunner.java:505)
	at org.testng.SuiteRunner.runTest(SuiteRunner.java:455)
	at org.testng.SuiteRunner.runSequentially(SuiteRunner.java:450)
	at org.testng.SuiteRunner.privateRun(SuiteRunner.java:415)
	at org.testng.SuiteRunner.run(SuiteRunner.java:364)
	at org.testng.SuiteRunnerWorker.runSuite(SuiteRunnerWorker.java:52)
	at org.testng.SuiteRunnerWorker.run(SuiteRunnerWorker.java:84)
	at org.testng.TestNG.runSuitesSequentially(TestNG.java:1208)
	at org.testng.TestNG.runSuitesLocally(TestNG.java:1137)
	at org.testng.TestNG.runSuites(TestNG.java:1049)
	at org.testng.TestNG.run(TestNG.java:1017)
	at org.testng.remote.AbstractRemoteTestNG.run(AbstractRemoteTestNG.java:114)
	at org.testng.remote.RemoteTestNG.initAndRun(RemoteTestNG.java:251)
	at org.testng.remote.RemoteTestNG.main(RemoteTestNG.java:77)
</pre></div></td>
<td>99</td>
<td>Tests.EndSessionTest@2de8284b</td></tr>
<tr>
<td title='Tests.EndSessionTest.VerifyEndSession()'><b>VerifyEndSession</b><br>Test class: Tests.EndSessionTest<br/>
<a href="#Output-908084672" onClick='toggleBox("Output-908084672", this, "Show output", "Hide output");'>Show output</a>

<a href="#Output-908084672" onClick="toggleAllBoxes();">Show all outputs</a>
<div class='log' id="Output-908084672">
About to begin executing following method : EndSessionTest.VerifyEndSession<br/>
Completed executing following method : EndSessionTest.VerifyEndSession<br/>
About to Failure executing Suite VerifyEndSession<br/>
Test Method resides in Tests.EndSessionTest<br/>
Test Status: Failed<br/>
</div>
</td>
<td><div><pre>java.lang.AssertionError: expected [true] but found [false]
	at Tests.EndSessionTest.VerifyEndSession(EndSessionTest.java:509)
... Removed 29 stack frames</pre></div><a href='#' onClick='toggleBox("stack-trace908084672", this, "Click to show all stack frames", "Click to hide stack frames")'>Click to show all stack frames</a>
<div class='stack-trace' id='stack-trace908084672'><pre>java.lang.AssertionError: expected [true] but found [false]
	at org.testng.Assert.fail(Assert.java:96)
	at org.testng.Assert.failNotEquals(Assert.java:776)
	at org.testng.Assert.assertTrue(Assert.java:44)
	at org.testng.Assert.assertTrue(Assert.java:54)
	at Tests.EndSessionTest.VerifyEndSession(EndSessionTest.java:509)
	at sun.reflect.NativeMethodAccessorImpl.invoke0(Native Method)
	at sun.reflect.NativeMethodAccessorImpl.invoke(NativeMethodAccessorImpl.java:62)
	at sun.reflect.DelegatingMethodAccessorImpl.invoke(DelegatingMethodAccessorImpl.java:43)
	at java.lang.reflect.Method.invoke(Method.java:498)
	at org.testng.internal.MethodInvocationHelper.invokeMethod(MethodInvocationHelper.java:124)
	at org.testng.internal.Invoker.invokeMethod(Invoker.java:583)
	at org.testng.internal.Invoker.invokeTestMethod(Invoker.java:719)
	at org.testng.internal.Invoker.invokeTestMethods(Invoker.java:989)
	at org.testng.internal.TestMethodWorker.invokeTestMethods(TestMethodWorker.java:125)
	at org.testng.internal.TestMethodWorker.run(TestMethodWorker.java:109)
	at org.testng.TestRunner.privateRun(TestRunner.java:648)
	at org.testng.TestRunner.run(TestRunner.java:505)
	at org.testng.SuiteRunner.runTest(SuiteRunner.java:455)
	at org.testng.SuiteRunner.runSequentially(SuiteRunner.java:450)
	at org.testng.SuiteRunner.privateRun(SuiteRunner.java:415)
	at org.testng.SuiteRunner.run(SuiteRunner.java:364)
	at org.testng.SuiteRunnerWorker.runSuite(SuiteRunnerWorker.java:52)
	at org.testng.SuiteRunnerWorker.run(SuiteRunnerWorker.java:84)
	at org.testng.TestNG.runSuitesSequentially(TestNG.java:1208)
	at org.testng.TestNG.runSuitesLocally(TestNG.java:1137)
	at org.testng.TestNG.runSuites(TestNG.java:1049)
	at org.testng.TestNG.run(TestNG.java:1017)
	at org.testng.remote.AbstractRemoteTestNG.run(AbstractRemoteTestNG.java:114)
	at org.testng.remote.RemoteTestNG.initAndRun(RemoteTestNG.java:251)
	at org.testng.remote.RemoteTestNG.main(RemoteTestNG.java:77)
</pre></div></td>
<td>77</td>
<td>Tests.EndSessionTest@2de8284b</td></tr>
</table><p>
<table width='100%' border='1' class='invocation-passed'>
<tr><td colspan='4' align='center'><b>PASSED TESTS</b></td></tr>
<tr><td><b>Test method</b></td>
<td width="30%"><b>Exception</b></td>
<td width="10%"><b>Time (seconds)</b></td>
<td><b>Instance</b></td>
</tr>
<tr>
<td title='Tests.EndSessionTest.CompileBooking()'><b>CompileBooking</b><br>Test class: Tests.EndSessionTest<br/>
<a href="#Output-2117173674" onClick='toggleBox("Output-2117173674", this, "Show output", "Hide output");'>Show output</a>

<a href="#Output-2117173674" onClick="toggleAllBoxes();">Show all outputs</a>
<div class='log' id="Output-2117173674">
About to begin executing following method : EndSessionTest.CompileBooking<br/>
Completed executing following method : EndSessionTest.CompileBooking<br/>
About to Success executing Suite CompileBooking<br/>
Test Method resides in Tests.EndSessionTest<br/>
Test Status: Pass<br/>
</div>
</td>
<td></td>
<td>107</td>
<td>Tests.EndSessionTest@2de8284b</td></tr>
<tr>
<td title='Tests.EndSessionTest.CreateLook()'><b>CreateLook</b><br>Test class: Tests.EndSessionTest<br/>
<a href="#Output-1429351083" onClick='toggleBox("Output-1429351083", this, "Show output", "Hide output");'>Show output</a>

<a href="#Output-1429351083" onClick="toggleAllBoxes();">Show all outputs</a>
<div class='log' id="Output-1429351083">
About to begin executing following method : EndSessionTest.CreateLook<br/>
Completed executing following method : EndSessionTest.CreateLook<br/>
About to Success executing Suite CreateLook<br/>
Test Method resides in Tests.EndSessionTest<br/>
Test Status: Pass<br/>
</div>
</td>
<td></td>
<td>166</td>
<td>Tests.EndSessionTest@2de8284b</td></tr>
<tr>
<td title='Tests.EndSessionTest.CreateLook2()'><b>CreateLook2</b><br>Test class: Tests.EndSessionTest<br/>
<a href="#Output-408069119" onClick='toggleBox("Output-408069119", this, "Show output", "Hide output");'>Show output</a>

<a href="#Output-408069119" onClick="toggleAllBoxes();">Show all outputs</a>
<div class='log' id="Output-408069119">
About to begin executing following method : EndSessionTest.CreateLook2<br/>
Completed executing following method : EndSessionTest.CreateLook2<br/>
About to Success executing Suite CreateLook2<br/>
Test Method resides in Tests.EndSessionTest<br/>
Test Status: Pass<br/>
</div>
</td>
<td></td>
<td>171</td>
<td>Tests.EndSessionTest@2de8284b</td></tr>
<tr>
<td title='Tests.EndSessionTest.CreateLook3()'><b>CreateLook3</b><br>Test class: Tests.EndSessionTest<br/>
<a href="#Output-1615617512" onClick='toggleBox("Output-1615617512", this, "Show output", "Hide output");'>Show output</a>

<a href="#Output-1615617512" onClick="toggleAllBoxes();">Show all outputs</a>
<div class='log' id="Output-1615617512">
About to begin executing following method : EndSessionTest.CreateLook3<br/>
Completed executing following method : EndSessionTest.CreateLook3<br/>
About to Success executing Suite CreateLook3<br/>
Test Method resides in Tests.EndSessionTest<br/>
Test Status: Pass<br/>
</div>
</td>
<td></td>
<td>181</td>
<td>Tests.EndSessionTest@2de8284b</td></tr>
<tr>
<td title='Tests.EndSessionTest.CreateMoodBoard()'><b>CreateMoodBoard</b><br>Test class: Tests.EndSessionTest<br/>
<a href="#Output-1636291061" onClick='toggleBox("Output-1636291061", this, "Show output", "Hide output");'>Show output</a>

<a href="#Output-1636291061" onClick="toggleAllBoxes();">Show all outputs</a>
<div class='log' id="Output-1636291061">
About to begin executing following method : EndSessionTest.CreateMoodBoard<br/>
Completed executing following method : EndSessionTest.CreateMoodBoard<br/>
About to Success executing Suite CreateMoodBoard<br/>
Test Method resides in Tests.EndSessionTest<br/>
Test Status: Pass<br/>
</div>
</td>
<td></td>
<td>144</td>
<td>Tests.EndSessionTest@2de8284b</td></tr>
<tr>
<td title='Tests.EndSessionTest.CreateMoodBoard2()'><b>CreateMoodBoard2</b><br>Test class: Tests.EndSessionTest<br/>
<a href="#Output-1290272762" onClick='toggleBox("Output-1290272762", this, "Show output", "Hide output");'>Show output</a>

<a href="#Output-1290272762" onClick="toggleAllBoxes();">Show all outputs</a>
<div class='log' id="Output-1290272762">
About to begin executing following method : EndSessionTest.CreateMoodBoard2<br/>
Completed executing following method : EndSessionTest.CreateMoodBoard2<br/>
About to Success executing Suite CreateMoodBoard2<br/>
Test Method resides in Tests.EndSessionTest<br/>
Test Status: Pass<br/>
</div>
</td>
<td></td>
<td>135</td>
<td>Tests.EndSessionTest@2de8284b</td></tr>
<tr>
<td title='Tests.EndSessionTest.CreateMoodBoard3()'><b>CreateMoodBoard3</b><br>Test class: Tests.EndSessionTest<br/>
<a href="#Output-1632497828" onClick='toggleBox("Output-1632497828", this, "Show output", "Hide output");'>Show output</a>

<a href="#Output-1632497828" onClick="toggleAllBoxes();">Show all outputs</a>
<div class='log' id="Output-1632497828">
About to begin executing following method : EndSessionTest.CreateMoodBoard3<br/>
Completed executing following method : EndSessionTest.CreateMoodBoard3<br/>
About to Success executing Suite CreateMoodBoard3<br/>
Test Method resides in Tests.EndSessionTest<br/>
Test Status: Pass<br/>
</div>
</td>
<td></td>
<td>138</td>
<td>Tests.EndSessionTest@2de8284b</td></tr>
<tr>
<td title='Tests.EndSessionTest.DoLogin()'><b>DoLogin</b><br>Test class: Tests.EndSessionTest<br/>
<a href="#Output-1361393151" onClick='toggleBox("Output-1361393151", this, "Show output", "Hide output");'>Show output</a>

<a href="#Output-1361393151" onClick="toggleAllBoxes();">Show all outputs</a>
<div class='log' id="Output-1361393151">
About to begin executing following method : EndSessionTest.DoLogin<br/>
Completed executing following method : EndSessionTest.DoLogin<br/>
About to Success executing Suite DoLogin<br/>
Test Method resides in Tests.EndSessionTest<br/>
Test Status: Pass<br/>
</div>
</td>
<td></td>
<td>47</td>
<td>Tests.EndSessionTest@2de8284b</td></tr>
<tr>
<td title='Tests.EndSessionTest.SearchStylist()'><b>SearchStylist</b><br>Test class: Tests.EndSessionTest<br/>
<a href="#Output-1059524106" onClick='toggleBox("Output-1059524106", this, "Show output", "Hide output");'>Show output</a>

<a href="#Output-1059524106" onClick="toggleAllBoxes();">Show all outputs</a>
<div class='log' id="Output-1059524106">
About to begin executing following method : EndSessionTest.SearchStylist<br/>
Completed executing following method : EndSessionTest.SearchStylist<br/>
About to Success executing Suite SearchStylist<br/>
Test Method resides in Tests.EndSessionTest<br/>
Test Status: Pass<br/>
</div>
</td>
<td></td>
<td>15</td>
<td>Tests.EndSessionTest@2de8284b</td></tr>
<tr>
<td title='Tests.EndSessionTest.SelectEvents()'><b>SelectEvents</b><br>Test class: Tests.EndSessionTest<br/>
<a href="#Output-1916904573" onClick='toggleBox("Output-1916904573", this, "Show output", "Hide output");'>Show output</a>

<a href="#Output-1916904573" onClick="toggleAllBoxes();">Show all outputs</a>
<div class='log' id="Output-1916904573">
About to begin executing following method : EndSessionTest.SelectEvents<br/>
Completed executing following method : EndSessionTest.SelectEvents<br/>
About to Success executing Suite SelectEvents<br/>
Test Method resides in Tests.EndSessionTest<br/>
Test Status: Pass<br/>
</div>
</td>
<td></td>
<td>33</td>
<td>Tests.EndSessionTest@2de8284b</td></tr>
<tr>
<td title='Tests.EndSessionTest.SelectSession()'><b>SelectSession</b><br>Test class: Tests.EndSessionTest<br/>
<a href="#Output-1998949977" onClick='toggleBox("Output-1998949977", this, "Show output", "Hide output");'>Show output</a>

<a href="#Output-1998949977" onClick="toggleAllBoxes();">Show all outputs</a>
<div class='log' id="Output-1998949977">
About to begin executing following method : EndSessionTest.SelectSession<br/>
Completed executing following method : EndSessionTest.SelectSession<br/>
About to Success executing Suite SelectSession<br/>
Test Method resides in Tests.EndSessionTest<br/>
Test Status: Pass<br/>
</div>
</td>
<td></td>
<td>43</td>
<td>Tests.EndSessionTest@2de8284b</td></tr>
<tr>
<td title='Tests.EndSessionTest.VerifyCreateLook()'><b>VerifyCreateLook</b><br>Test class: Tests.EndSessionTest<br/>
<a href="#Output-186061555" onClick='toggleBox("Output-186061555", this, "Show output", "Hide output");'>Show output</a>

<a href="#Output-186061555" onClick="toggleAllBoxes();">Show all outputs</a>
<div class='log' id="Output-186061555">
About to begin executing following method : EndSessionTest.VerifyCreateLook<br/>
Completed executing following method : EndSessionTest.VerifyCreateLook<br/>
About to Success executing Suite VerifyCreateLook<br/>
Test Method resides in Tests.EndSessionTest<br/>
Test Status: Pass<br/>
</div>
</td>
<td></td>
<td>146</td>
<td>Tests.EndSessionTest@2de8284b</td></tr>
<tr>
<td title='Tests.EndSessionTest.VerifyCreateLook2()'><b>VerifyCreateLook2</b><br>Test class: Tests.EndSessionTest<br/>
<a href="#Output-801569151" onClick='toggleBox("Output-801569151", this, "Show output", "Hide output");'>Show output</a>

<a href="#Output-801569151" onClick="toggleAllBoxes();">Show all outputs</a>
<div class='log' id="Output-801569151">
About to begin executing following method : EndSessionTest.VerifyCreateLook2<br/>
Completed executing following method : EndSessionTest.VerifyCreateLook2<br/>
About to Success executing Suite VerifyCreateLook2<br/>
Test Method resides in Tests.EndSessionTest<br/>
Test Status: Pass<br/>
</div>
</td>
<td></td>
<td>149</td>
<td>Tests.EndSessionTest@2de8284b</td></tr>
<tr>
<td title='Tests.EndSessionTest.VerifyCreateLook3()'><b>VerifyCreateLook3</b><br>Test class: Tests.EndSessionTest<br/>
<a href="#Output-267814113" onClick='toggleBox("Output-267814113", this, "Show output", "Hide output");'>Show output</a>

<a href="#Output-267814113" onClick="toggleAllBoxes();">Show all outputs</a>
<div class='log' id="Output-267814113">
About to begin executing following method : EndSessionTest.VerifyCreateLook3<br/>
Completed executing following method : EndSessionTest.VerifyCreateLook3<br/>
About to Success executing Suite VerifyCreateLook3<br/>
Test Method resides in Tests.EndSessionTest<br/>
Test Status: Pass<br/>
</div>
</td>
<td></td>
<td>134</td>
<td>Tests.EndSessionTest@2de8284b</td></tr>
<tr>
<td title='Tests.EndSessionTest.VerifyMoodBoard()'><b>VerifyMoodBoard</b><br>Test class: Tests.EndSessionTest<br/>
<a href="#Output-2043106095" onClick='toggleBox("Output-2043106095", this, "Show output", "Hide output");'>Show output</a>

<a href="#Output-2043106095" onClick="toggleAllBoxes();">Show all outputs</a>
<div class='log' id="Output-2043106095">
About to begin executing following method : EndSessionTest.VerifyMoodBoard<br/>
Completed executing following method : EndSessionTest.VerifyMoodBoard<br/>
About to Success executing Suite VerifyMoodBoard<br/>
Test Method resides in Tests.EndSessionTest<br/>
Test Status: Pass<br/>
</div>
</td>
<td></td>
<td>121</td>
<td>Tests.EndSessionTest@2de8284b</td></tr>
<tr>
<td title='Tests.EndSessionTest.VerifyMoodBoard2()'><b>VerifyMoodBoard2</b><br>Test class: Tests.EndSessionTest<br/>
<a href="#Output-1677207406" onClick='toggleBox("Output-1677207406", this, "Show output", "Hide output");'>Show output</a>

<a href="#Output-1677207406" onClick="toggleAllBoxes();">Show all outputs</a>
<div class='log' id="Output-1677207406">
About to begin executing following method : EndSessionTest.VerifyMoodBoard2<br/>
Completed executing following method : EndSessionTest.VerifyMoodBoard2<br/>
About to Success executing Suite VerifyMoodBoard2<br/>
Test Method resides in Tests.EndSessionTest<br/>
Test Status: Pass<br/>
</div>
</td>
<td></td>
<td>125</td>
<td>Tests.EndSessionTest@2de8284b</td></tr>
<tr>
<td title='Tests.EndSessionTest.VerifyMoodBoard3()'><b>VerifyMoodBoard3</b><br>Test class: Tests.EndSessionTest<br/>
<a href="#Output-764826684" onClick='toggleBox("Output-764826684", this, "Show output", "Hide output");'>Show output</a>

<a href="#Output-764826684" onClick="toggleAllBoxes();">Show all outputs</a>
<div class='log' id="Output-764826684">
About to begin executing following method : EndSessionTest.VerifyMoodBoard3<br/>
Completed executing following method : EndSessionTest.VerifyMoodBoard3<br/>
About to Success executing Suite VerifyMoodBoard3<br/>
Test Method resides in Tests.EndSessionTest<br/>
Test Status: Pass<br/>
</div>
</td>
<td></td>
<td>129</td>
<td>Tests.EndSessionTest@2de8284b</td></tr>
</table><p>
</body>
</html>