<?xml version="1.0" encoding="UTF-8"?>
<!-- Generated by org.testng.reporters.JUnitReportReporter -->
<testsuite skipped="1" hostname="yinons-MBP-2" name="Tests.BestMatchFemaleTest" tests="2" failures="0" timestamp="07 Apr 2020 12:40:24 GMT" time="51.854" errors="1">
  <testcase name="setup" time="51.854" classname="Tests.BestMatchFemaleTest">
    <error type="org.openqa.selenium.WebDriverException" message="An unknown server-side error occurred while processing the command. Original error: Unable to launch WebDriverAgent because of xcodebuild failure: xcodebuild failed with code 65
xcodebuild error message:

2020-04-07 15:40:14.518 xcodebuild[26362:797672] Error Domain=NSCocoaErrorDomain Code=260 &quot;The file “WebDriverAgentRunner-Runner.app” couldn’t be opened because there is no such file.&quot; UserInfo={NSFilePath=/Users/yinonwishi/Library/Developer/Xcode/DerivedData/WebDriverAgent-aiaejbhejflmruhkhsmeebmhbaia/Build/Products/Debug-iphoneos/WebDriverAgentRunner-Runner.app, NSUnderlyingError=0x7f94c96ad650 {Error Domain=NSPOSIXErrorDomain Code=2 &quot;No such file or directory&quot;}}
Test session results, code coverage, and logs:
	/Users/yinonwishi/Library/Developer/Xcode/DerivedData/WebDriverAgent-aiaejbhejflmruhkhsmeebmhbaia/Logs/Test/Test-WebDriverAgentRunner-2020.04.07_15-40-14-+0300.xcresult
Testing failed:
	No signing certificate &quot;iOS Development&quot; found: No &quot;iOS Development&quot; signing certificate matching team ID &quot;6Q9ZW4BRCA&quot; with a private key was found.
	No profiles for &#039;com.facebook.WebDriverAgentRunner.xctrunner&#039; were found: Xcode couldn&#039;t find any iOS App Development provisioning profiles matching &#039;com.facebook.WebDriverAgentRunner.xctrunner&#039;. Automatic signing is disabled and unable to generate a profile. To enable automatic signing, pass -allowProvisioningUpdates to xcodebuild.
	WebDriverAgentRunner:
		WebDriverAgentRunner-Runner.app encountered an error (Failed to install or launch the test runner. (Underlying error: The file “WebDriverAgentRunner-Runner.app” couldn’t be opened because there is no such file. The file doesn’t exist. (Underlying error: The operation couldn’t be completed. No such file or directory)))
** TEST EXECUTE FAILED **
Testing started on &#039;yinon’s iPhone&#039;. Make sure you follow the tutorial at https://github.com/appium/appium-xcuitest-driver/blob/master/docs/real-device-config.md. Try to remove the WebDriverAgentRunner application from the device if it is installed and reboot the device.
Build info: version: &#039;3.8.1&#039;, revision: &#039;6e95a6684b&#039;, time: &#039;2017-12-01T19:05:32.194Z&#039;
System info: host: &#039;yinons-MBP-2&#039;, ip: &#039;fe80:0:0:0:1820:bf8b:beb1:b384%en0&#039;, os.name: &#039;Mac OS X&#039;, os.arch: &#039;x86_64&#039;, os.version: &#039;10.15.3&#039;, java.version: &#039;1.8.0_181&#039;
Driver info: driver.version: IOSDriver
remote stacktrace: UnknownError: An unknown server-side error occurred while processing the command. Original error: Unable to launch WebDriverAgent because of xcodebuild failure: xcodebuild failed with code 65
xcodebuild error message:

2020-04-07 15:40:14.518 xcodebuild[26362:797672] Error Domain=NSCocoaErrorDomain Code=260 &quot;The file “WebDriverAgentRunner-Runner.app” couldn’t be opened because there is no such file.&quot; UserInfo={NSFilePath=/Users/yinonwishi/Library/Developer/Xcode/DerivedData/WebDriverAgent-aiaejbhejflmruhkhsmeebmhbaia/Build/Products/Debug-iphoneos/WebDriverAgentRunner-Runner.app, NSUnderlyingError=0x7f94c96ad650 {Error Domain=NSPOSIXErrorDomain Code=2 &quot;No such file or directory&quot;}}
Test session results, code coverage, and logs:
	/Users/yinonwishi/Library/Developer/Xcode/DerivedData/WebDriverAgent-aiaejbhejflmruhkhsmeebmhbaia/Logs/Test/Test-WebDriverAgentRunner-2020.04.07_15-40-14-+0300.xcresult
Testing failed:
	No signing certificate &quot;iOS Development&quot; found: No &quot;iOS Development&quot; signing certificate matching team ID &quot;6Q9ZW4BRCA&quot; with a private key was found.
	No profiles for &#039;com.facebook.WebDriverAgentRunner.xctrunner&#039; were found: Xcode couldn&#039;t find any iOS App Development provisioning profiles matching &#039;com.facebook.WebDriverAgentRunner.xctrunner&#039;. Automatic signing is disabled and unable to generate a profile. To enable automatic signing, pass -allowProvisioningUpdates to xcodebuild.
	WebDriverAgentRunner:
		WebDriverAgentRunner-Runner.app encountered an error (Failed to install or launch the test runner. (Underlying error: The file “WebDriverAgentRunner-Runner.app” couldn’t be opened because there is no such file. The file doesn’t exist. (Underlying error: The operation couldn’t be completed. No such file or directory)))
** TEST EXECUTE FAILED **
Testing started on &#039;yinon’s iPhone&#039;. Make sure you follow the tutorial at https://github.com/appium/appium-xcuitest-driver/blob/master/docs/real-device-config.md. Try to remove the WebDriverAgentRunner application from the device if it is installed and reboot the device.
    at getResponseForW3CError (/usr/local/lib/node_modules/appium/node_modules/appium-base-driver/lib/protocol/errors.js:804:9)
    at asyncHandler (/usr/local/lib/node_modules/appium/node_modules/appium-base-driver/lib/protocol/protocol.js:388:37)
    at &lt;anonymous&gt;">
      <![CDATA[org.openqa.selenium.WebDriverException: An unknown server-side error occurred while processing the command. Original error: Unable to launch WebDriverAgent because of xcodebuild failure: xcodebuild failed with code 65
xcodebuild error message:

2020-04-07 15:40:14.518 xcodebuild[26362:797672] Error Domain=NSCocoaErrorDomain Code=260 "The file “WebDriverAgentRunner-Runner.app” couldn’t be opened because there is no such file." UserInfo={NSFilePath=/Users/yinonwishi/Library/Developer/Xcode/DerivedData/WebDriverAgent-aiaejbhejflmruhkhsmeebmhbaia/Build/Products/Debug-iphoneos/WebDriverAgentRunner-Runner.app, NSUnderlyingError=0x7f94c96ad650 {Error Domain=NSPOSIXErrorDomain Code=2 "No such file or directory"}}
Test session results, code coverage, and logs:
/Users/yinonwishi/Library/Developer/Xcode/DerivedData/WebDriverAgent-aiaejbhejflmruhkhsmeebmhbaia/Logs/Test/Test-WebDriverAgentRunner-2020.04.07_15-40-14-+0300.xcresult
Testing failed:
No signing certificate "iOS Development" found: No "iOS Development" signing certificate matching team ID "6Q9ZW4BRCA" with a private key was found.
No profiles for 'com.facebook.WebDriverAgentRunner.xctrunner' were found: Xcode couldn't find any iOS App Development provisioning profiles matching 'com.facebook.WebDriverAgentRunner.xctrunner'. Automatic signing is disabled and unable to generate a profile. To enable automatic signing, pass -allowProvisioningUpdates to xcodebuild.
WebDriverAgentRunner:
WebDriverAgentRunner-Runner.app encountered an error (Failed to install or launch the test runner. (Underlying error: The file “WebDriverAgentRunner-Runner.app” couldn’t be opened because there is no such file. The file doesn’t exist. (Underlying error: The operation couldn’t be completed. No such file or directory)))
** TEST EXECUTE FAILED **
Testing started on 'yinon’s iPhone'. Make sure you follow the tutorial at https://github.com/appium/appium-xcuitest-driver/blob/master/docs/real-device-config.md. Try to remove the WebDriverAgentRunner application from the device if it is installed and reboot the device.
Build info: version: '3.8.1', revision: '6e95a6684b', time: '2017-12-01T19:05:32.194Z'
System info: host: 'yinons-MBP-2', ip: 'fe80:0:0:0:1820:bf8b:beb1:b384%en0', os.name: 'Mac OS X', os.arch: 'x86_64', os.version: '10.15.3', java.version: '1.8.0_181'
Driver info: driver.version: IOSDriver
remote stacktrace: UnknownError: An unknown server-side error occurred while processing the command. Original error: Unable to launch WebDriverAgent because of xcodebuild failure: xcodebuild failed with code 65
xcodebuild error message:

2020-04-07 15:40:14.518 xcodebuild[26362:797672] Error Domain=NSCocoaErrorDomain Code=260 "The file “WebDriverAgentRunner-Runner.app” couldn’t be opened because there is no such file." UserInfo={NSFilePath=/Users/yinonwishi/Library/Developer/Xcode/DerivedData/WebDriverAgent-aiaejbhejflmruhkhsmeebmhbaia/Build/Products/Debug-iphoneos/WebDriverAgentRunner-Runner.app, NSUnderlyingError=0x7f94c96ad650 {Error Domain=NSPOSIXErrorDomain Code=2 "No such file or directory"}}
Test session results, code coverage, and logs:
/Users/yinonwishi/Library/Developer/Xcode/DerivedData/WebDriverAgent-aiaejbhejflmruhkhsmeebmhbaia/Logs/Test/Test-WebDriverAgentRunner-2020.04.07_15-40-14-+0300.xcresult
Testing failed:
No signing certificate "iOS Development" found: No "iOS Development" signing certificate matching team ID "6Q9ZW4BRCA" with a private key was found.
No profiles for 'com.facebook.WebDriverAgentRunner.xctrunner' were found: Xcode couldn't find any iOS App Development provisioning profiles matching 'com.facebook.WebDriverAgentRunner.xctrunner'. Automatic signing is disabled and unable to generate a profile. To enable automatic signing, pass -allowProvisioningUpdates to xcodebuild.
WebDriverAgentRunner:
WebDriverAgentRunner-Runner.app encountered an error (Failed to install or launch the test runner. (Underlying error: The file “WebDriverAgentRunner-Runner.app” couldn’t be opened because there is no such file. The file doesn’t exist. (Underlying error: The operation couldn’t be completed. No such file or directory)))
** TEST EXECUTE FAILED **
Testing started on 'yinon’s iPhone'. Make sure you follow the tutorial at https://github.com/appium/appium-xcuitest-driver/blob/master/docs/real-device-config.md. Try to remove the WebDriverAgentRunner application from the device if it is installed and reboot the device.
    at getResponseForW3CError (/usr/local/lib/node_modules/appium/node_modules/appium-base-driver/lib/protocol/errors.js:804:9)
    at asyncHandler (/usr/local/lib/node_modules/appium/node_modules/appium-base-driver/lib/protocol/protocol.js:388:37)
    at <anonymous>
at sun.reflect.NativeConstructorAccessorImpl.newInstance0(Native Method)
at sun.reflect.NativeConstructorAccessorImpl.newInstance(NativeConstructorAccessorImpl.java:62)
at sun.reflect.DelegatingConstructorAccessorImpl.newInstance(DelegatingConstructorAccessorImpl.java:45)
at java.lang.reflect.Constructor.newInstance(Constructor.java:423)
at org.openqa.selenium.remote.W3CHandshakeResponse.lambda$new$0(W3CHandshakeResponse.java:57)
at org.openqa.selenium.remote.W3CHandshakeResponse.lambda$getResponseFunction$2(W3CHandshakeResponse.java:104)
at org.openqa.selenium.remote.ProtocolHandshake.lambda$createSession$0(ProtocolHandshake.java:123)
at java.util.stream.ReferencePipeline$3$1.accept(ReferencePipeline.java:193)
at java.util.Spliterators$ArraySpliterator.tryAdvance(Spliterators.java:958)
at java.util.stream.ReferencePipeline.forEachWithCancel(ReferencePipeline.java:126)
at java.util.stream.AbstractPipeline.copyIntoWithCancel(AbstractPipeline.java:498)
at java.util.stream.AbstractPipeline.copyInto(AbstractPipeline.java:485)
at java.util.stream.AbstractPipeline.wrapAndCopyInto(AbstractPipeline.java:471)
at java.util.stream.FindOps$FindOp.evaluateSequential(FindOps.java:152)
at java.util.stream.AbstractPipeline.evaluate(AbstractPipeline.java:234)
at java.util.stream.ReferencePipeline.findFirst(ReferencePipeline.java:464)
at org.openqa.selenium.remote.ProtocolHandshake.createSession(ProtocolHandshake.java:126)
at org.openqa.selenium.remote.ProtocolHandshake.createSession(ProtocolHandshake.java:73)
at org.openqa.selenium.remote.HttpCommandExecutor.execute(HttpCommandExecutor.java:142)
at io.appium.java_client.remote.AppiumCommandExecutor.execute(AppiumCommandExecutor.java:129)
at org.openqa.selenium.remote.RemoteWebDriver.execute(RemoteWebDriver.java:601)
at io.appium.java_client.DefaultGenericMobileDriver.execute(DefaultGenericMobileDriver.java:42)
at io.appium.java_client.AppiumDriver.execute(AppiumDriver.java:1)
at io.appium.java_client.ios.IOSDriver.execute(IOSDriver.java:1)
at org.openqa.selenium.remote.RemoteWebDriver.startSession(RemoteWebDriver.java:219)
at org.openqa.selenium.remote.RemoteWebDriver.<init>(RemoteWebDriver.java:142)
at io.appium.java_client.DefaultGenericMobileDriver.<init>(DefaultGenericMobileDriver.java:38)
at io.appium.java_client.AppiumDriver.<init>(AppiumDriver.java:84)
at io.appium.java_client.AppiumDriver.<init>(AppiumDriver.java:94)
at io.appium.java_client.ios.IOSDriver.<init>(IOSDriver.java:82)
at Tests.BaseTest2.capabileties(BaseTest2.java:37)
at Tests.BaseTest2.setup(BaseTest2.java:44)
at sun.reflect.NativeMethodAccessorImpl.invoke0(Native Method)
at sun.reflect.NativeMethodAccessorImpl.invoke(NativeMethodAccessorImpl.java:62)
at sun.reflect.DelegatingMethodAccessorImpl.invoke(DelegatingMethodAccessorImpl.java:43)
at java.lang.reflect.Method.invoke(Method.java:498)
at org.testng.internal.MethodInvocationHelper.invokeMethod(MethodInvocationHelper.java:124)
at org.testng.internal.MethodInvocationHelper.invokeMethodConsideringTimeout(MethodInvocationHelper.java:59)
at org.testng.internal.Invoker.invokeConfigurationMethod(Invoker.java:455)
at org.testng.internal.Invoker.invokeConfigurations(Invoker.java:222)
at org.testng.internal.Invoker.invokeConfigurations(Invoker.java:142)
at org.testng.TestRunner.beforeRun(TestRunner.java:529)
at org.testng.TestRunner.run(TestRunner.java:497)
at org.testng.SuiteRunner.runTest(SuiteRunner.java:455)
at org.testng.SuiteRunner.runSequentially(SuiteRunner.java:450)
at org.testng.SuiteRunner.privateRun(SuiteRunner.java:415)
at org.testng.SuiteRunner.run(SuiteRunner.java:364)
at org.testng.SuiteRunnerWorker.runSuite(SuiteRunnerWorker.java:52)
at org.testng.SuiteRunnerWorker.run(SuiteRunnerWorker.java:84)
at org.testng.TestNG.runSuitesSequentially(TestNG.java:1208)
at org.testng.TestNG.runSuitesLocally(TestNG.java:1137)
at org.testng.TestNG.runSuites(TestNG.java:1049)
at org.testng.TestNG.run(TestNG.java:1017)
at org.testng.remote.AbstractRemoteTestNG.run(AbstractRemoteTestNG.java:114)
at org.testng.remote.RemoteTestNG.initAndRun(RemoteTestNG.java:251)
at org.testng.remote.RemoteTestNG.main(RemoteTestNG.java:77)
]]>
    </error>
  </testcase> <!-- setup -->
  <testcase name="BestMatchFemaleTest" time="0.000" classname="Tests.BestMatchFemaleTest">
    <skipped/>
  </testcase> <!-- BestMatchFemaleTest -->
</testsuite> <!-- Tests.BestMatchFemaleTest -->
