<?xml version="1.0" encoding="UTF-8"?>
<!-- Generated by org.testng.reporters.JUnitXMLReporter -->
<testsuite hostname="yinons-MBP" ignored="0" name="EndSessionTest" tests="20" failures="3" timestamp="31 Jul 2018 07:23:41 GMT" time="2299.325" errors="0">
  <testcase name="DoLogin" time="47.974" classname="Tests.EndSessionTest"/>
  <testcase name="SearchStylist" time="15.606" classname="Tests.EndSessionTest"/>
  <testcase name="SelectEvents" time="33.518" classname="Tests.EndSessionTest"/>
  <testcase name="SelectSession" time="43.286" classname="Tests.EndSessionTest"/>
  <testcase name="CompileBooking" time="107.217" classname="Tests.EndSessionTest"/>
  <testcase name="CreateMoodBoard" time="144.357" classname="Tests.EndSessionTest"/>
  <testcase name="VerifyMoodBoard" time="121.984" classname="Tests.EndSessionTest"/>
  <testcase name="CreateLook" time="166.704" classname="Tests.EndSessionTest"/>
  <testcase name="VerifyCreateLook" time="146.545" classname="Tests.EndSessionTest"/>
  <testcase name="CreateMoodBoard2" time="135.092" classname="Tests.EndSessionTest"/>
  <testcase name="VerifyMoodBoard2" time="125.846" classname="Tests.EndSessionTest"/>
  <testcase name="CreateLook2" time="171.793" classname="Tests.EndSessionTest"/>
  <testcase name="VerifyCreateLook2" time="149.418" classname="Tests.EndSessionTest"/>
  <testcase name="CreateMoodBoard3" time="138.892" classname="Tests.EndSessionTest"/>
  <testcase name="VerifyMoodBoard3" time="129.999" classname="Tests.EndSessionTest"/>
  <testcase name="CreateLook3" time="181.631" classname="Tests.EndSessionTest"/>
  <testcase name="VerifyCreateLook3" time="134.685" classname="Tests.EndSessionTest"/>
  <testcase name="EndSession" time="99.839" classname="Tests.EndSessionTest">
    <failure type="org.openqa.selenium.NoSuchElementException" message="An element could not be located on the page using the given search parameters. (WARNING: The server did not provide any stacktrace information)
Command duration or timeout: 0 milliseconds
For documentation on this error, please visit: http://seleniumhq.org/exceptions/no_such_element.html
Build info: version: &amp;apos;3.8.1&amp;apos;, revision: &amp;apos;6e95a6684b&amp;apos;, time: &amp;apos;2017-12-01T19:05:32.194Z&amp;apos;
System info: host: &amp;apos;yinons-MBP&amp;apos;, ip: &amp;apos;fdbe:d9a0:9cdb:0:9527:74c1:e2c6:93c5&amp;apos;, os.name: &amp;apos;Mac OS X&amp;apos;, os.arch: &amp;apos;x86_64&amp;apos;, os.version: &amp;apos;10.13.4&amp;apos;, java.version: &amp;apos;1.8.0_151&amp;apos;
Driver info: io.appium.java_client.ios.IOSDriver
Capabilities {app: /Users/yinonwishi/Desktop/W..., automationName: XCuiTest, browserName: , databaseEnabled: false, deviceName: iPhone 8 Plus, javascriptEnabled: true, locationContextEnabled: false, networkConnectionEnabled: false, newCommandTimeout: 5000, platform: MAC, platformName: MAC, platformVersion: 11.3, startIWDP: true, takesScreenshot: true, udid: 5B321DD7-CF13-4D1F-A5AE-6E3..., webStorageEnabled: false}
Session ID: 8a994797-7146-44f9-889d-e1e972e81b46
*** Element info: {Using=xpath, value=//*[@name=&amp;apos;Send&amp;apos;]}">
      <![CDATA[org.openqa.selenium.NoSuchElementException: An element could not be located on the page using the given search parameters. (WARNING: The server did not provide any stacktrace information)
Command duration or timeout: 0 milliseconds
For documentation on this error, please visit: http://seleniumhq.org/exceptions/no_such_element.html
Build info: version: '3.8.1', revision: '6e95a6684b', time: '2017-12-01T19:05:32.194Z'
System info: host: 'yinons-MBP', ip: 'fdbe:d9a0:9cdb:0:9527:74c1:e2c6:93c5', os.name: 'Mac OS X', os.arch: 'x86_64', os.version: '10.13.4', java.version: '1.8.0_151'
Driver info: io.appium.java_client.ios.IOSDriver
Capabilities {app: /Users/yinonwishi/Desktop/W..., automationName: XCuiTest, browserName: , databaseEnabled: false, deviceName: iPhone 8 Plus, javascriptEnabled: true, locationContextEnabled: false, networkConnectionEnabled: false, newCommandTimeout: 5000, platform: MAC, platformName: MAC, platformVersion: 11.3, startIWDP: true, takesScreenshot: true, udid: 5B321DD7-CF13-4D1F-A5AE-6E3..., webStorageEnabled: false}
Session ID: 8a994797-7146-44f9-889d-e1e972e81b46
*** Element info: {Using=xpath, value=//*[@name='Send']}
at org.openqa.selenium.remote.ErrorHandler.createThrowable(ErrorHandler.java:214)
at org.openqa.selenium.remote.ErrorHandler.throwIfResponseFailed(ErrorHandler.java:166)
at org.openqa.selenium.remote.http.JsonHttpResponseCodec.reconstructValue(JsonHttpResponseCodec.java:40)
at org.openqa.selenium.remote.http.AbstractHttpResponseCodec.decode(AbstractHttpResponseCodec.java:80)
at org.openqa.selenium.remote.http.AbstractHttpResponseCodec.decode(AbstractHttpResponseCodec.java:44)
at org.openqa.selenium.remote.HttpCommandExecutor.execute(HttpCommandExecutor.java:164)
at io.appium.java_client.remote.AppiumCommandExecutor.execute(AppiumCommandExecutor.java:129)
at org.openqa.selenium.remote.RemoteWebDriver.execute(RemoteWebDriver.java:601)
at io.appium.java_client.DefaultGenericMobileDriver.execute(DefaultGenericMobileDriver.java:42)
at io.appium.java_client.AppiumDriver.execute(AppiumDriver.java:1)
at io.appium.java_client.ios.IOSDriver.execute(IOSDriver.java:1)
at org.openqa.selenium.remote.RemoteWebDriver.findElement(RemoteWebDriver.java:371)
at io.appium.java_client.DefaultGenericMobileDriver.findElement(DefaultGenericMobileDriver.java:62)
at io.appium.java_client.AppiumDriver.findElement(AppiumDriver.java:1)
at io.appium.java_client.ios.IOSDriver.findElement(IOSDriver.java:1)
at org.openqa.selenium.remote.RemoteWebDriver.findElementByXPath(RemoteWebDriver.java:473)
at io.appium.java_client.DefaultGenericMobileDriver.findElementByXPath(DefaultGenericMobileDriver.java:152)
at io.appium.java_client.AppiumDriver.findElementByXPath(AppiumDriver.java:1)
at io.appium.java_client.ios.IOSDriver.findElementByXPath(IOSDriver.java:1)
at org.openqa.selenium.By$ByXPath.findElement(By.java:361)
at org.openqa.selenium.remote.RemoteWebDriver.findElement(RemoteWebDriver.java:363)
at io.appium.java_client.DefaultGenericMobileDriver.findElement(DefaultGenericMobileDriver.java:58)
at io.appium.java_client.AppiumDriver.findElement(AppiumDriver.java:1)
at io.appium.java_client.ios.IOSDriver.findElement(IOSDriver.java:1)
at org.openqa.selenium.support.pagefactory.DefaultElementLocator.findElement(DefaultElementLocator.java:69)
at org.openqa.selenium.support.pagefactory.internal.LocatingElementHandler.invoke(LocatingElementHandler.java:38)
at com.sun.proxy.$Proxy9.click(Unknown Source)
at PageObjects.BasePage.click(BasePage.java:37)
at PageObjects.BookingPage.ClickSendEndSession(BookingPage.java:271)
at Tests.EndSessionTest.EndSession(EndSessionTest.java:466)
... Removed 29 stack frames]]>
    </failure>
  </testcase> <!-- EndSession -->
  <testcase name="ClientEndSession" time="107.729" classname="Tests.EndSessionTest">
    <failure type="java.lang.ArrayIndexOutOfBoundsException" message="-1">
      <![CDATA[java.lang.ArrayIndexOutOfBoundsException: -1
at java.util.ArrayList.elementData(ArrayList.java:422)
at java.util.ArrayList.get(ArrayList.java:435)
at PageObjects.BookingPage.ApproveEndSession(BookingPage.java:234)
at Tests.EndSessionTest.ClientEndSession(EndSessionTest.java:488)
... Removed 25 stack frames]]>
    </failure>
  </testcase> <!-- ClientEndSession -->
  <testcase name="VerifyEndSession" time="77.843" classname="Tests.EndSessionTest">
    <failure type="java.lang.AssertionError" message="expected [true] but found [false]">
      <![CDATA[java.lang.AssertionError: expected [true] but found [false]
at Tests.EndSessionTest.VerifyEndSession(EndSessionTest.java:509)
... Removed 29 stack frames]]>
    </failure>
  </testcase> <!-- VerifyEndSession -->
</testsuite> <!-- EndSessionTest -->
