<!DOCTYPE html PUBLIC "-//W3C//DTD XHTML 1.1//EN" "http://www.w3.org/TR/xhtml11/DTD/xhtml11.dtd">
<html xmlns="http://www.w3.org/1999/xhtml">
<head>
<meta http-equiv="content-type" content="text/html; charset=UTF-8"/>
<title>TestNG Report</title>
<style type="text/css">table {margin-bottom:10px;border-collapse:collapse;empty-cells:show}th,td {border:1px solid #009;padding:.25em .5em}th {vertical-align:bottom}td {vertical-align:top}table a {font-weight:bold}.stripe td {background-color: #E6EBF9}.num {text-align:right}.passedodd td {background-color: #3F3}.passedeven td {background-color: #0A0}.skippedodd td {background-color: #DDD}.skippedeven td {background-color: #CCC}.failedodd td,.attn {background-color: #F33}.failedeven td,.stripe .attn {background-color: #D00}.stacktrace {white-space:pre;font-family:monospace}.totop {font-size:85%;text-align:center;border-bottom:2px solid #000}.invisible {display:none}</style>
</head>
<body>
<table>
<tr><th>Test</th><th># Passed</th><th># Skipped</th><th># Failed</th><th>Time (ms)</th><th>Included Groups</th><th>Excluded Groups</th></tr>
<tr><th colspan="7">Suite</th></tr>
<tr><td><a href="#t0">LoginWithFacbookTests</a></td><td class="num">1</td><td class="num">0</td><td class="num">0</td><td class="num">36,345</td><td></td><td></td></tr>
<tr class="stripe"><td><a href="#t1">LoginWithFacbookTestsFail</a></td><td class="num">2</td><td class="num">0</td><td class="num">0</td><td class="num">36,261</td><td></td><td></td></tr>
<tr><td><a href="#t2">SignUpByFacbookTestsFail</a></td><td class="num">4</td><td class="num">0</td><td class="num">0</td><td class="num">35,602</td><td></td><td></td></tr>
<tr class="stripe"><td><a href="#t3">SignUpByFacbookTestsSucses</a></td><td class="num">1</td><td class="num">0</td><td class="num">0</td><td class="num">29,772</td><td></td><td></td></tr>
<tr><td><a href="#t4">BestExpensiveMaleMatchTests</a></td><td class="num">1</td><td class="num">0</td><td class="num">0</td><td class="num">144,130</td><td></td><td></td></tr>
<tr class="stripe"><td><a href="#t5">BestMatchExpensiveFeamleTests</a></td><td class="num">1</td><td class="num">0</td><td class="num">0</td><td class="num">176,225</td><td></td><td></td></tr>
<tr><td><a href="#t6">BestMatchLowFeamleTests</a></td><td class="num">1</td><td class="num">0</td><td class="num">0</td><td class="num">168,667</td><td></td><td></td></tr>
<tr class="stripe"><td><a href="#t7">BestMatchLowMaleTests</a></td><td class="num">1</td><td class="num">0</td><td class="num">0</td><td class="num">144,160</td><td></td><td></td></tr>
<tr><td><a href="#t8">BestMatchNaturalTests</a></td><td class="num">1</td><td class="num">0</td><td class="num">0</td><td class="num">100,651</td><td></td><td></td></tr>
<tr class="stripe"><td><a href="#t9">BestMatchNormalFeamleTests</a></td><td class="num">1</td><td class="num">0</td><td class="num">0</td><td class="num">175,239</td><td></td><td></td></tr>
<tr><td><a href="#t10">BestMatchNormalMaleTests</a></td><td class="num">1</td><td class="num">0</td><td class="num">0</td><td class="num">143,675</td><td></td><td></td></tr>
<tr class="stripe"><td><a href="#t11">ChatTests</a></td><td class="num">3</td><td class="num">0</td><td class="num">0</td><td class="num">104,186</td><td></td><td></td></tr>
<tr><td><a href="#t12">LoginTests2</a></td><td class="num">7</td><td class="num">0</td><td class="num">0</td><td class="num">55,366</td><td></td><td></td></tr>
<tr class="stripe"><td><a href="#t13">SignUpTest</a></td><td class="num">5</td><td class="num">0</td><td class="num">0</td><td class="num">43,986</td><td></td><td></td></tr>
<tr><td><a href="#t14">qwizTests</a></td><td class="num">16</td><td class="num">0</td><td class="num">0</td><td class="num">192,105</td><td></td><td></td></tr>
<tr class="stripe"><td><a href="#t15">BookingTests</a></td><td class="num">0</td><td class="num">0</td><td class="num attn">3</td><td class="num">124,052</td><td></td><td></td></tr>
<tr><th>Total</th><th class="num">46</th><th class="num">0</th><th class="num attn">3</th><th class="num">1,710,422</th><th colspan="2"></th></tr>
</table>
<table id='summary'><thead><tr><th>Class</th><th>Method</th><th>Start</th><th>Time (ms)</th></tr></thead><tbody><tr><th colspan="4">Suite</th></tr></tbody><tbody id="t0"><tr><th colspan="4">LoginWithFacbookTests &#8212; passed</th></tr><tr class="passedeven"><td rowspan="1">Tests.LoginWithFacbookTests</td><td><a href="#m0">LoginWithFacbook</a></td><td rowspan="1">1535370412875</td><td rowspan="1">13356</td></tr></tbody>
<tbody id="t1"><tr><th colspan="4">LoginWithFacbookTestsFail &#8212; passed</th></tr><tr class="passedeven"><td rowspan="2">Tests.LoginWithFacbookTestsFail</td><td><a href="#m1">LoginWithFacbookWrongPassword</a></td><td rowspan="1">1535370445675</td><td rowspan="1">14397</td></tr><tr class="passedeven"><td><a href="#m2">LoginWithFacbookWrongUserName</a></td><td rowspan="1">1535370460076</td><td rowspan="1">2441</td></tr></tbody>
<tbody id="t2"><tr><th colspan="4">SignUpByFacbookTestsFail &#8212; passed</th></tr><tr class="passedeven"><td rowspan="4">Tests.SignUpByFacbookTestsFail</td><td><a href="#m3">SignUpWithFacbookWitOutEmail</a></td><td rowspan="1">1535370480164</td><td rowspan="1">5943</td></tr><tr class="passedeven"><td><a href="#m4">SignUpWithFacbookWitOutPassword</a></td><td rowspan="1">1535370486108</td><td rowspan="1">1935</td></tr><tr class="passedeven"><td><a href="#m5">SignUpWithFacbookWrongPassword</a></td><td rowspan="1">1535370488044</td><td rowspan="1">5042</td></tr><tr class="passedeven"><td><a href="#m6">SignUpWithFacbookWrongUserName</a></td><td rowspan="1">1535370493087</td><td rowspan="1">5043</td></tr></tbody>
<tbody id="t3"><tr><th colspan="4">SignUpByFacbookTestsSucses &#8212; passed</th></tr><tr class="passedeven"><td rowspan="1">Tests.SignUpByFacbookTestsSucses</td><td><a href="#m7">SignUpWithFacbook</a></td><td rowspan="1">1535370515587</td><td rowspan="1">12329</td></tr></tbody>
<tbody id="t4"><tr><th colspan="4">BestExpensiveMaleMatchTests &#8212; passed</th></tr><tr class="passedeven"><td rowspan="1">Tests.BestExpensiveMaleMatchTests</td><td><a href="#m8">BMExpensiveMale</a></td><td rowspan="1">1535370546023</td><td rowspan="1">126028</td></tr></tbody>
<tbody id="t5"><tr><th colspan="4">BestMatchExpensiveFeamleTests &#8212; passed</th></tr><tr class="passedeven"><td rowspan="1">Tests.BestMatchExpensiveFeamleTests</td><td><a href="#m9">BMExpensiveFeamle</a></td><td rowspan="1">1535370694149</td><td rowspan="1">154136</td></tr></tbody>
<tbody id="t6"><tr><th colspan="4">BestMatchLowFeamleTests &#8212; passed</th></tr><tr class="passedeven"><td rowspan="1">Tests.BestMatchLowFeamleTests</td><td><a href="#m10">BMLowFeamle</a></td><td rowspan="1">1535370865599</td><td rowspan="1">151359</td></tr></tbody>
<tbody id="t7"><tr><th colspan="4">BestMatchLowMaleTests &#8212; passed</th></tr><tr class="passedeven"><td rowspan="1">Tests.BestMatchLowMaleTests</td><td><a href="#m11">BMLowMale</a></td><td rowspan="1">1535371035737</td><td rowspan="1">125386</td></tr></tbody>
<tbody id="t8"><tr><th colspan="4">BestMatchNaturalTests &#8212; passed</th></tr><tr class="passedeven"><td rowspan="1">Tests.BestMatchNaturalTests</td><td><a href="#m12">BMNatural</a></td><td rowspan="1">1535371179879</td><td rowspan="1">81902</td></tr></tbody>
<tbody id="t9"><tr><th colspan="4">BestMatchNormalFeamleTests &#8212; passed</th></tr><tr class="passedeven"><td rowspan="1">Tests.BestMatchNormalFeamleTests</td><td><a href="#m13">BMNormalFeamle</a></td><td rowspan="1">1535371281024</td><td rowspan="1">156003</td></tr></tbody>
<tbody id="t10"><tr><th colspan="4">BestMatchNormalMaleTests &#8212; passed</th></tr><tr class="passedeven"><td rowspan="1">Tests.BestMatchNormalMaleTests</td><td><a href="#m14">BMNormalMale</a></td><td rowspan="1">1535371454325</td><td rowspan="1">126390</td></tr></tbody>
<tbody id="t11"><tr><th colspan="4">ChatTests &#8212; passed</th></tr><tr class="passedeven"><td rowspan="3">Tests.ChatTests</td><td><a href="#m15">LoginAsStylist</a></td><td rowspan="1">1535371599351</td><td rowspan="1">5831</td></tr><tr class="passedeven"><td><a href="#m16">SendChatToStylist</a></td><td rowspan="1">1535371653511</td><td rowspan="1">31394</td></tr><tr class="passedeven"><td><a href="#m17">SendChatToclient</a></td><td rowspan="1">1535371605183</td><td rowspan="1">48327</td></tr></tbody>
<tbody id="t12"><tr><th colspan="4">LoginTests2 &#8212; passed</th></tr><tr class="passedeven"><td rowspan="7">Tests.LoginTests2</td><td><a href="#m18">ClickLoginwWithOutToFillAnyFields</a></td><td rowspan="1">1535371727653</td><td rowspan="1">2524</td></tr><tr class="passedeven"><td><a href="#m19">DoLogin</a></td><td rowspan="1">1535371713344</td><td rowspan="1">4090</td></tr><tr class="passedeven"><td><a href="#m20">FillCorrectEmailWithWrongPassword</a></td><td rowspan="1">1535371730178</td><td rowspan="1">6144</td></tr><tr class="passedeven"><td><a href="#m21">FillCorrectPasswordWithWrongEmail</a></td><td rowspan="1">1535371736324</td><td rowspan="1">3955</td></tr><tr class="passedeven"><td><a href="#m22">FillEmailWithOutToFillPassword</a></td><td rowspan="1">1535371722175</td><td rowspan="1">5476</td></tr><tr class="passedeven"><td><a href="#m23">FillPasswordWithOutToFillEmail</a></td><td rowspan="1">1535371717436</td><td rowspan="1">4737</td></tr><tr class="passedeven"><td><a href="#m24">LoginClickable</a></td><td rowspan="1">1535371710698</td><td rowspan="1">2645</td></tr></tbody>
<tbody id="t13"><tr><th colspan="4">SignUpTest &#8212; passed</th></tr><tr class="passedeven"><td rowspan="5">Tests.SignUpTest</td><td><a href="#m25">DoSignUp</a></td><td rowspan="1">1535371777228</td><td rowspan="1">7051</td></tr><tr class="passedeven"><td><a href="#m26">FillEmailWithoutDotCom</a></td><td rowspan="1">1535371764866</td><td rowspan="1">6121</td></tr><tr class="passedeven"><td><a href="#m27">FillEmailWitoutShtudel</a></td><td rowspan="1">1535371760088</td><td rowspan="1">4777</td></tr><tr class="passedeven"><td><a href="#m28">FillPsswordWithLessthan6Characters</a></td><td rowspan="1">1535371770989</td><td rowspan="1">6237</td></tr><tr class="passedeven"><td><a href="#m29">SignUpClickable</a></td><td rowspan="1">1535371758711</td><td rowspan="1">1376</td></tr></tbody>
<tbody id="t14"><tr><th colspan="4">qwizTests &#8212; passed</th></tr><tr class="passedeven"><td rowspan="16">Tests.qwizTests</td><td><a href="#m30">CheckOutSession</a></td><td rowspan="1">1535371872980</td><td rowspan="1">25274</td></tr><tr class="passedeven"><td><a href="#m31">DoSignUp</a></td><td rowspan="1">1535371803644</td><td rowspan="1">69335</td></tr><tr class="passedeven"><td><a href="#m32">SelectBodyType</a></td><td rowspan="1">1535371903207</td><td rowspan="1">2321</td></tr><tr class="passedeven"><td><a href="#m33">SelectBrands</a></td><td rowspan="1">1535371961969</td><td rowspan="1">5974</td></tr><tr class="passedeven"><td><a href="#m34">SelectClothingPreferences</a></td><td rowspan="1">1535371922125</td><td rowspan="1">5475</td></tr><tr class="passedeven"><td><a href="#m35">SelectColors</a></td><td rowspan="1">1535371911114</td><td rowspan="1">5537</td></tr><tr class="passedeven"><td><a href="#m36">SelectComfortZone</a></td><td rowspan="1">1535371950729</td><td rowspan="1">5441</td></tr><tr class="passedeven"><td><a href="#m37">SelectEvent</a></td><td rowspan="1">1535371898254</td><td rowspan="1">4951</td></tr><tr class="passedeven"><td><a href="#m38">SelectFabrics</a></td><td rowspan="1">1535371933217</td><td rowspan="1">5339</td></tr><tr class="passedeven"><td><a href="#m39">SelectHeels</a></td><td rowspan="1">1535371927601</td><td rowspan="1">5616</td></tr><tr class="passedeven"><td><a href="#m40">SelectHeight</a></td><td rowspan="1">1535371905529</td><td rowspan="1">5584</td></tr><tr class="passedeven"><td><a href="#m41">SelectHighlight</a></td><td rowspan="1">1535371916652</td><td rowspan="1">5473</td></tr><tr class="passedeven"><td><a href="#m42">SelectInventory</a></td><td rowspan="1">1535371967944</td><td rowspan="1">8445</td></tr><tr class="passedeven"><td><a href="#m43">SelectJEWELRY</a></td><td rowspan="1">1535371956171</td><td rowspan="1">5797</td></tr><tr class="passedeven"><td><a href="#m44">SelectPrints</a></td><td rowspan="1">1535371938557</td><td rowspan="1">5353</td></tr><tr class="passedeven"><td><a href="#m45">SelectSize</a></td><td rowspan="1">1535371943910</td><td rowspan="1">6818</td></tr></tbody>
<tbody id="t15"><tr><th colspan="4">BookingTests &#8212; failed</th></tr><tr class="failedeven"><td rowspan="3">Tests.BookingTests</td><td><a href="#m46">CheckOutSession</a></td><td rowspan="1">1535372073887</td><td rowspan="1">10137</td></tr><tr class="failedeven"><td><a href="#m47">CheckoutUnlimitedCreditCard</a></td><td rowspan="1">1535372085695</td><td rowspan="1">13094</td></tr><tr class="failedeven"><td><a href="#m48">DoSignUp</a></td><td rowspan="1">1535372001213</td><td rowspan="1">70954</td></tr></tbody>
</table>
<h2>LoginWithFacbookTests</h2><h3 id="m0">Tests.LoginWithFacbookTests#LoginWithFacbook</h3><table class="result"><tr><th>Messages</th></tr><tr><td><div class="messages">About to begin executing following method : LoginWithFacbookTests.LoginWithFacbook<br/>Completed executing following method : LoginWithFacbookTests.LoginWithFacbook<br/>About to Success executing Suite LoginWithFacbook<br/>Test Method resides in Tests.LoginWithFacbookTests<br/>Test Status: Pass<br/>About to Success executing Suite LoginWithFacbook<br/>Test Method resides in Tests.LoginWithFacbookTests<br/>Test Status: Pass</div></td></tr></table><p class="totop"><a href="#summary">back to summary</a></p>
<h2>LoginWithFacbookTestsFail</h2><h3 id="m1">Tests.LoginWithFacbookTestsFail#LoginWithFacbookWrongPassword</h3><table class="result"><tr><th>Messages</th></tr><tr><td><div class="messages">About to begin executing following method : LoginWithFacbookTestsFail.LoginWithFacbookWrongPassword<br/>Completed executing following method : LoginWithFacbookTestsFail.LoginWithFacbookWrongPassword<br/>About to Success executing Suite LoginWithFacbookWrongPassword<br/>Test Method resides in Tests.LoginWithFacbookTestsFail<br/>Test Status: Pass<br/>About to Success executing Suite LoginWithFacbookWrongPassword<br/>Test Method resides in Tests.LoginWithFacbookTestsFail<br/>Test Status: Pass</div></td></tr></table><p class="totop"><a href="#summary">back to summary</a></p>
<h3 id="m2">Tests.LoginWithFacbookTestsFail#LoginWithFacbookWrongUserName</h3><table class="result"><tr><th>Messages</th></tr><tr><td><div class="messages">About to begin executing following method : LoginWithFacbookTestsFail.LoginWithFacbookWrongUserName<br/>Completed executing following method : LoginWithFacbookTestsFail.LoginWithFacbookWrongUserName<br/>About to Success executing Suite LoginWithFacbookWrongUserName<br/>Test Method resides in Tests.LoginWithFacbookTestsFail<br/>Test Status: Pass<br/>About to Success executing Suite LoginWithFacbookWrongUserName<br/>Test Method resides in Tests.LoginWithFacbookTestsFail<br/>Test Status: Pass</div></td></tr></table><p class="totop"><a href="#summary">back to summary</a></p>
<h2>SignUpByFacbookTestsFail</h2><h3 id="m3">Tests.SignUpByFacbookTestsFail#SignUpWithFacbookWitOutEmail</h3><table class="result"><tr><th>Messages</th></tr><tr><td><div class="messages">About to begin executing following method : SignUpByFacbookTestsFail.SignUpWithFacbookWitOutEmail<br/>Completed executing following method : SignUpByFacbookTestsFail.SignUpWithFacbookWitOutEmail<br/>About to Success executing Suite SignUpWithFacbookWitOutEmail<br/>Test Method resides in Tests.SignUpByFacbookTestsFail<br/>Test Status: Pass<br/>About to Success executing Suite SignUpWithFacbookWitOutEmail<br/>Test Method resides in Tests.SignUpByFacbookTestsFail<br/>Test Status: Pass</div></td></tr></table><p class="totop"><a href="#summary">back to summary</a></p>
<h3 id="m4">Tests.SignUpByFacbookTestsFail#SignUpWithFacbookWitOutPassword</h3><table class="result"><tr><th>Messages</th></tr><tr><td><div class="messages">About to begin executing following method : SignUpByFacbookTestsFail.SignUpWithFacbookWitOutPassword<br/>Completed executing following method : SignUpByFacbookTestsFail.SignUpWithFacbookWitOutPassword<br/>About to Success executing Suite SignUpWithFacbookWitOutPassword<br/>Test Method resides in Tests.SignUpByFacbookTestsFail<br/>Test Status: Pass<br/>About to Success executing Suite SignUpWithFacbookWitOutPassword<br/>Test Method resides in Tests.SignUpByFacbookTestsFail<br/>Test Status: Pass</div></td></tr></table><p class="totop"><a href="#summary">back to summary</a></p>
<h3 id="m5">Tests.SignUpByFacbookTestsFail#SignUpWithFacbookWrongPassword</h3><table class="result"><tr><th>Messages</th></tr><tr><td><div class="messages">About to begin executing following method : SignUpByFacbookTestsFail.SignUpWithFacbookWrongPassword<br/>Completed executing following method : SignUpByFacbookTestsFail.SignUpWithFacbookWrongPassword<br/>About to Success executing Suite SignUpWithFacbookWrongPassword<br/>Test Method resides in Tests.SignUpByFacbookTestsFail<br/>Test Status: Pass<br/>About to Success executing Suite SignUpWithFacbookWrongPassword<br/>Test Method resides in Tests.SignUpByFacbookTestsFail<br/>Test Status: Pass</div></td></tr></table><p class="totop"><a href="#summary">back to summary</a></p>
<h3 id="m6">Tests.SignUpByFacbookTestsFail#SignUpWithFacbookWrongUserName</h3><table class="result"><tr><th>Messages</th></tr><tr><td><div class="messages">About to begin executing following method : SignUpByFacbookTestsFail.SignUpWithFacbookWrongUserName<br/>Completed executing following method : SignUpByFacbookTestsFail.SignUpWithFacbookWrongUserName<br/>About to Success executing Suite SignUpWithFacbookWrongUserName<br/>Test Method resides in Tests.SignUpByFacbookTestsFail<br/>Test Status: Pass<br/>About to Success executing Suite SignUpWithFacbookWrongUserName<br/>Test Method resides in Tests.SignUpByFacbookTestsFail<br/>Test Status: Pass</div></td></tr></table><p class="totop"><a href="#summary">back to summary</a></p>
<h2>SignUpByFacbookTestsSucses</h2><h3 id="m7">Tests.SignUpByFacbookTestsSucses#SignUpWithFacbook</h3><table class="result"><tr><th>Messages</th></tr><tr><td><div class="messages">About to begin executing following method : SignUpByFacbookTestsSucses.SignUpWithFacbook<br/>Completed executing following method : SignUpByFacbookTestsSucses.SignUpWithFacbook<br/>About to Success executing Suite SignUpWithFacbook<br/>Test Method resides in Tests.SignUpByFacbookTestsSucses<br/>Test Status: Pass<br/>About to Success executing Suite SignUpWithFacbook<br/>Test Method resides in Tests.SignUpByFacbookTestsSucses<br/>Test Status: Pass</div></td></tr></table><p class="totop"><a href="#summary">back to summary</a></p>
<h2>BestExpensiveMaleMatchTests</h2><h3 id="m8">Tests.BestExpensiveMaleMatchTests#BMExpensiveMale</h3><table class="result"><tr><th>Messages</th></tr><tr><td><div class="messages">About to begin executing following method : BestExpensiveMaleMatchTests.BMExpensiveMale<br/>Completed executing following method : BestExpensiveMaleMatchTests.BMExpensiveMale<br/>About to Success executing Suite BMExpensiveMale<br/>Test Method resides in Tests.BestExpensiveMaleMatchTests<br/>Test Status: Pass<br/>About to Success executing Suite BMExpensiveMale<br/>Test Method resides in Tests.BestExpensiveMaleMatchTests<br/>Test Status: Pass</div></td></tr></table><p class="totop"><a href="#summary">back to summary</a></p>
<h2>BestMatchExpensiveFeamleTests</h2><h3 id="m9">Tests.BestMatchExpensiveFeamleTests#BMExpensiveFeamle</h3><table class="result"><tr><th>Messages</th></tr><tr><td><div class="messages">About to begin executing following method : BestMatchExpensiveFeamleTests.BMExpensiveFeamle<br/>Completed executing following method : BestMatchExpensiveFeamleTests.BMExpensiveFeamle<br/>About to Success executing Suite BMExpensiveFeamle<br/>Test Method resides in Tests.BestMatchExpensiveFeamleTests<br/>Test Status: Pass<br/>About to Success executing Suite BMExpensiveFeamle<br/>Test Method resides in Tests.BestMatchExpensiveFeamleTests<br/>Test Status: Pass</div></td></tr></table><p class="totop"><a href="#summary">back to summary</a></p>
<h2>BestMatchLowFeamleTests</h2><h3 id="m10">Tests.BestMatchLowFeamleTests#BMLowFeamle</h3><table class="result"><tr><th>Messages</th></tr><tr><td><div class="messages">About to begin executing following method : BestMatchLowFeamleTests.BMLowFeamle<br/>Completed executing following method : BestMatchLowFeamleTests.BMLowFeamle<br/>About to Success executing Suite BMLowFeamle<br/>Test Method resides in Tests.BestMatchLowFeamleTests<br/>Test Status: Pass<br/>About to Success executing Suite BMLowFeamle<br/>Test Method resides in Tests.BestMatchLowFeamleTests<br/>Test Status: Pass</div></td></tr></table><p class="totop"><a href="#summary">back to summary</a></p>
<h2>BestMatchLowMaleTests</h2><h3 id="m11">Tests.BestMatchLowMaleTests#BMLowMale</h3><table class="result"><tr><th>Messages</th></tr><tr><td><div class="messages">About to begin executing following method : BestMatchLowMaleTests.BMLowMale<br/>Completed executing following method : BestMatchLowMaleTests.BMLowMale<br/>About to Success executing Suite BMLowMale<br/>Test Method resides in Tests.BestMatchLowMaleTests<br/>Test Status: Pass<br/>About to Success executing Suite BMLowMale<br/>Test Method resides in Tests.BestMatchLowMaleTests<br/>Test Status: Pass</div></td></tr></table><p class="totop"><a href="#summary">back to summary</a></p>
<h2>BestMatchNaturalTests</h2><h3 id="m12">Tests.BestMatchNaturalTests#BMNatural</h3><table class="result"><tr><th>Messages</th></tr><tr><td><div class="messages">About to begin executing following method : BestMatchNaturalTests.BMNatural<br/>Completed executing following method : BestMatchNaturalTests.BMNatural<br/>About to Success executing Suite BMNatural<br/>Test Method resides in Tests.BestMatchNaturalTests<br/>Test Status: Pass<br/>About to Success executing Suite BMNatural<br/>Test Method resides in Tests.BestMatchNaturalTests<br/>Test Status: Pass</div></td></tr></table><p class="totop"><a href="#summary">back to summary</a></p>
<h2>BestMatchNormalFeamleTests</h2><h3 id="m13">Tests.BestMatchNormalFeamleTests#BMNormalFeamle</h3><table class="result"><tr><th>Messages</th></tr><tr><td><div class="messages">About to begin executing following method : BestMatchNormalFeamleTests.BMNormalFeamle<br/>Completed executing following method : BestMatchNormalFeamleTests.BMNormalFeamle<br/>About to Success executing Suite BMNormalFeamle<br/>Test Method resides in Tests.BestMatchNormalFeamleTests<br/>Test Status: Pass<br/>About to Success executing Suite BMNormalFeamle<br/>Test Method resides in Tests.BestMatchNormalFeamleTests<br/>Test Status: Pass</div></td></tr></table><p class="totop"><a href="#summary">back to summary</a></p>
<h2>BestMatchNormalMaleTests</h2><h3 id="m14">Tests.BestMatchNormalMaleTests#BMNormalMale</h3><table class="result"><tr><th>Messages</th></tr><tr><td><div class="messages">About to begin executing following method : BestMatchNormalMaleTests.BMNormalMale<br/>Completed executing following method : BestMatchNormalMaleTests.BMNormalMale<br/>About to Success executing Suite BMNormalMale<br/>Test Method resides in Tests.BestMatchNormalMaleTests<br/>Test Status: Pass<br/>About to Success executing Suite BMNormalMale<br/>Test Method resides in Tests.BestMatchNormalMaleTests<br/>Test Status: Pass</div></td></tr></table><p class="totop"><a href="#summary">back to summary</a></p>
<h2>ChatTests</h2><h3 id="m15">Tests.ChatTests#LoginAsStylist</h3><table class="result"><tr><th>Messages</th></tr><tr><td><div class="messages">About to begin executing following method : ChatTests.LoginAsStylist<br/>Completed executing following method : ChatTests.LoginAsStylist<br/>About to Success executing Suite LoginAsStylist<br/>Test Method resides in Tests.ChatTests<br/>Test Status: Pass<br/>About to Success executing Suite LoginAsStylist<br/>Test Method resides in Tests.ChatTests<br/>Test Status: Pass</div></td></tr></table><p class="totop"><a href="#summary">back to summary</a></p>
<h3 id="m16">Tests.ChatTests#SendChatToStylist</h3><table class="result"><tr><th>Messages</th></tr><tr><td><div class="messages">About to begin executing following method : ChatTests.SendChatToStylist<br/>Completed executing following method : ChatTests.SendChatToStylist<br/>About to Success executing Suite SendChatToStylist<br/>Test Method resides in Tests.ChatTests<br/>Test Status: Pass<br/>About to Success executing Suite SendChatToStylist<br/>Test Method resides in Tests.ChatTests<br/>Test Status: Pass</div></td></tr></table><p class="totop"><a href="#summary">back to summary</a></p>
<h3 id="m17">Tests.ChatTests#SendChatToclient</h3><table class="result"><tr><th>Messages</th></tr><tr><td><div class="messages">About to begin executing following method : ChatTests.SendChatToclient<br/>Completed executing following method : ChatTests.SendChatToclient<br/>About to Success executing Suite SendChatToclient<br/>Test Method resides in Tests.ChatTests<br/>Test Status: Pass<br/>About to Success executing Suite SendChatToclient<br/>Test Method resides in Tests.ChatTests<br/>Test Status: Pass</div></td></tr></table><p class="totop"><a href="#summary">back to summary</a></p>
<h2>LoginTests2</h2><h3 id="m18">Tests.LoginTests2#ClickLoginwWithOutToFillAnyFields</h3><table class="result"><tr><th>Messages</th></tr><tr><td><div class="messages">About to begin executing following method : LoginTests2.ClickLoginwWithOutToFillAnyFields<br/>Completed executing following method : LoginTests2.ClickLoginwWithOutToFillAnyFields<br/>About to Success executing Suite ClickLoginwWithOutToFillAnyFields<br/>Test Method resides in Tests.LoginTests2<br/>Test Status: Pass<br/>About to Success executing Suite ClickLoginwWithOutToFillAnyFields<br/>Test Method resides in Tests.LoginTests2<br/>Test Status: Pass</div></td></tr></table><p class="totop"><a href="#summary">back to summary</a></p>
<h3 id="m19">Tests.LoginTests2#DoLogin</h3><table class="result"><tr><th>Messages</th></tr><tr><td><div class="messages">About to begin executing following method : LoginTests2.DoLogin<br/>Completed executing following method : LoginTests2.DoLogin<br/>About to Success executing Suite DoLogin<br/>Test Method resides in Tests.LoginTests2<br/>Test Status: Pass<br/>About to Success executing Suite DoLogin<br/>Test Method resides in Tests.LoginTests2<br/>Test Status: Pass</div></td></tr></table><p class="totop"><a href="#summary">back to summary</a></p>
<h3 id="m20">Tests.LoginTests2#FillCorrectEmailWithWrongPassword</h3><table class="result"><tr><th>Messages</th></tr><tr><td><div class="messages">About to begin executing following method : LoginTests2.FillCorrectEmailWithWrongPassword<br/>Completed executing following method : LoginTests2.FillCorrectEmailWithWrongPassword<br/>About to Success executing Suite FillCorrectEmailWithWrongPassword<br/>Test Method resides in Tests.LoginTests2<br/>Test Status: Pass<br/>About to Success executing Suite FillCorrectEmailWithWrongPassword<br/>Test Method resides in Tests.LoginTests2<br/>Test Status: Pass</div></td></tr></table><p class="totop"><a href="#summary">back to summary</a></p>
<h3 id="m21">Tests.LoginTests2#FillCorrectPasswordWithWrongEmail</h3><table class="result"><tr><th>Messages</th></tr><tr><td><div class="messages">About to begin executing following method : LoginTests2.FillCorrectPasswordWithWrongEmail<br/>Completed executing following method : LoginTests2.FillCorrectPasswordWithWrongEmail<br/>About to Success executing Suite FillCorrectPasswordWithWrongEmail<br/>Test Method resides in Tests.LoginTests2<br/>Test Status: Pass<br/>About to Success executing Suite FillCorrectPasswordWithWrongEmail<br/>Test Method resides in Tests.LoginTests2<br/>Test Status: Pass</div></td></tr></table><p class="totop"><a href="#summary">back to summary</a></p>
<h3 id="m22">Tests.LoginTests2#FillEmailWithOutToFillPassword</h3><table class="result"><tr><th>Messages</th></tr><tr><td><div class="messages">About to begin executing following method : LoginTests2.FillEmailWithOutToFillPassword<br/>Completed executing following method : LoginTests2.FillEmailWithOutToFillPassword<br/>About to Success executing Suite FillEmailWithOutToFillPassword<br/>Test Method resides in Tests.LoginTests2<br/>Test Status: Pass<br/>About to Success executing Suite FillEmailWithOutToFillPassword<br/>Test Method resides in Tests.LoginTests2<br/>Test Status: Pass</div></td></tr></table><p class="totop"><a href="#summary">back to summary</a></p>
<h3 id="m23">Tests.LoginTests2#FillPasswordWithOutToFillEmail</h3><table class="result"><tr><th>Messages</th></tr><tr><td><div class="messages">About to begin executing following method : LoginTests2.FillPasswordWithOutToFillEmail<br/>Completed executing following method : LoginTests2.FillPasswordWithOutToFillEmail<br/>About to Success executing Suite FillPasswordWithOutToFillEmail<br/>Test Method resides in Tests.LoginTests2<br/>Test Status: Pass<br/>About to Success executing Suite FillPasswordWithOutToFillEmail<br/>Test Method resides in Tests.LoginTests2<br/>Test Status: Pass</div></td></tr></table><p class="totop"><a href="#summary">back to summary</a></p>
<h3 id="m24">Tests.LoginTests2#LoginClickable</h3><table class="result"><tr><th>Messages</th></tr><tr><td><div class="messages">About to begin executing following method : LoginTests2.LoginClickable<br/>Completed executing following method : LoginTests2.LoginClickable<br/>About to Success executing Suite LoginClickable<br/>Test Method resides in Tests.LoginTests2<br/>Test Status: Pass<br/>About to Success executing Suite LoginClickable<br/>Test Method resides in Tests.LoginTests2<br/>Test Status: Pass</div></td></tr></table><p class="totop"><a href="#summary">back to summary</a></p>
<h2>SignUpTest</h2><h3 id="m25">Tests.SignUpTest#DoSignUp</h3><table class="result"><tr><th>Messages</th></tr><tr><td><div class="messages">About to begin executing following method : SignUpTest.DoSignUp<br/>Completed executing following method : SignUpTest.DoSignUp<br/>About to Success executing Suite DoSignUp<br/>Test Method resides in Tests.SignUpTest<br/>Test Status: Pass<br/>About to Success executing Suite DoSignUp<br/>Test Method resides in Tests.SignUpTest<br/>Test Status: Pass</div></td></tr></table><p class="totop"><a href="#summary">back to summary</a></p>
<h3 id="m26">Tests.SignUpTest#FillEmailWithoutDotCom</h3><table class="result"><tr><th>Messages</th></tr><tr><td><div class="messages">About to begin executing following method : SignUpTest.FillEmailWithoutDotCom<br/>Completed executing following method : SignUpTest.FillEmailWithoutDotCom<br/>About to Success executing Suite FillEmailWithoutDotCom<br/>Test Method resides in Tests.SignUpTest<br/>Test Status: Pass<br/>About to Success executing Suite FillEmailWithoutDotCom<br/>Test Method resides in Tests.SignUpTest<br/>Test Status: Pass</div></td></tr></table><p class="totop"><a href="#summary">back to summary</a></p>
<h3 id="m27">Tests.SignUpTest#FillEmailWitoutShtudel</h3><table class="result"><tr><th>Messages</th></tr><tr><td><div class="messages">About to begin executing following method : SignUpTest.FillEmailWitoutShtudel<br/>Completed executing following method : SignUpTest.FillEmailWitoutShtudel<br/>About to Success executing Suite FillEmailWitoutShtudel<br/>Test Method resides in Tests.SignUpTest<br/>Test Status: Pass<br/>About to Success executing Suite FillEmailWitoutShtudel<br/>Test Method resides in Tests.SignUpTest<br/>Test Status: Pass</div></td></tr></table><p class="totop"><a href="#summary">back to summary</a></p>
<h3 id="m28">Tests.SignUpTest#FillPsswordWithLessthan6Characters</h3><table class="result"><tr><th>Messages</th></tr><tr><td><div class="messages">About to begin executing following method : SignUpTest.FillPsswordWithLessthan6Characters<br/>Completed executing following method : SignUpTest.FillPsswordWithLessthan6Characters<br/>About to Success executing Suite FillPsswordWithLessthan6Characters<br/>Test Method resides in Tests.SignUpTest<br/>Test Status: Pass<br/>About to Success executing Suite FillPsswordWithLessthan6Characters<br/>Test Method resides in Tests.SignUpTest<br/>Test Status: Pass</div></td></tr></table><p class="totop"><a href="#summary">back to summary</a></p>
<h3 id="m29">Tests.SignUpTest#SignUpClickable</h3><table class="result"><tr><th>Messages</th></tr><tr><td><div class="messages">About to begin executing following method : SignUpTest.SignUpClickable<br/>Completed executing following method : SignUpTest.SignUpClickable<br/>About to Success executing Suite SignUpClickable<br/>Test Method resides in Tests.SignUpTest<br/>Test Status: Pass<br/>About to Success executing Suite SignUpClickable<br/>Test Method resides in Tests.SignUpTest<br/>Test Status: Pass</div></td></tr></table><p class="totop"><a href="#summary">back to summary</a></p>
<h2>qwizTests</h2><h3 id="m30">Tests.qwizTests#CheckOutSession</h3><table class="result"><tr><th>Messages</th></tr><tr><td><div class="messages">About to begin executing following method : qwizTests.CheckOutSession<br/>Completed executing following method : qwizTests.CheckOutSession<br/>About to Success executing Suite CheckOutSession<br/>Test Method resides in Tests.qwizTests<br/>Test Status: Pass<br/>About to Success executing Suite CheckOutSession<br/>Test Method resides in Tests.qwizTests<br/>Test Status: Pass</div></td></tr></table><p class="totop"><a href="#summary">back to summary</a></p>
<h3 id="m31">Tests.qwizTests#DoSignUp</h3><table class="result"><tr><th>Messages</th></tr><tr><td><div class="messages">About to begin executing following method : qwizTests.DoSignUp<br/>Completed executing following method : qwizTests.DoSignUp<br/>About to Success executing Suite DoSignUp<br/>Test Method resides in Tests.qwizTests<br/>Test Status: Pass<br/>About to Success executing Suite DoSignUp<br/>Test Method resides in Tests.qwizTests<br/>Test Status: Pass</div></td></tr></table><p class="totop"><a href="#summary">back to summary</a></p>
<h3 id="m32">Tests.qwizTests#SelectBodyType</h3><table class="result"><tr><th>Messages</th></tr><tr><td><div class="messages">About to begin executing following method : qwizTests.SelectBodyType<br/>Completed executing following method : qwizTests.SelectBodyType<br/>About to Success executing Suite SelectBodyType<br/>Test Method resides in Tests.qwizTests<br/>Test Status: Pass<br/>About to Success executing Suite SelectBodyType<br/>Test Method resides in Tests.qwizTests<br/>Test Status: Pass</div></td></tr></table><p class="totop"><a href="#summary">back to summary</a></p>
<h3 id="m33">Tests.qwizTests#SelectBrands</h3><table class="result"><tr><th>Messages</th></tr><tr><td><div class="messages">About to begin executing following method : qwizTests.SelectBrands<br/>Completed executing following method : qwizTests.SelectBrands<br/>About to Success executing Suite SelectBrands<br/>Test Method resides in Tests.qwizTests<br/>Test Status: Pass<br/>About to Success executing Suite SelectBrands<br/>Test Method resides in Tests.qwizTests<br/>Test Status: Pass</div></td></tr></table><p class="totop"><a href="#summary">back to summary</a></p>
<h3 id="m34">Tests.qwizTests#SelectClothingPreferences</h3><table class="result"><tr><th>Messages</th></tr><tr><td><div class="messages">About to begin executing following method : qwizTests.SelectClothingPreferences<br/>Completed executing following method : qwizTests.SelectClothingPreferences<br/>About to Success executing Suite SelectClothingPreferences<br/>Test Method resides in Tests.qwizTests<br/>Test Status: Pass<br/>About to Success executing Suite SelectClothingPreferences<br/>Test Method resides in Tests.qwizTests<br/>Test Status: Pass</div></td></tr></table><p class="totop"><a href="#summary">back to summary</a></p>
<h3 id="m35">Tests.qwizTests#SelectColors</h3><table class="result"><tr><th>Messages</th></tr><tr><td><div class="messages">About to begin executing following method : qwizTests.SelectColors<br/>Completed executing following method : qwizTests.SelectColors<br/>About to Success executing Suite SelectColors<br/>Test Method resides in Tests.qwizTests<br/>Test Status: Pass<br/>About to Success executing Suite SelectColors<br/>Test Method resides in Tests.qwizTests<br/>Test Status: Pass</div></td></tr></table><p class="totop"><a href="#summary">back to summary</a></p>
<h3 id="m36">Tests.qwizTests#SelectComfortZone</h3><table class="result"><tr><th>Messages</th></tr><tr><td><div class="messages">About to begin executing following method : qwizTests.SelectComfortZone<br/>Completed executing following method : qwizTests.SelectComfortZone<br/>About to Success executing Suite SelectComfortZone<br/>Test Method resides in Tests.qwizTests<br/>Test Status: Pass<br/>About to Success executing Suite SelectComfortZone<br/>Test Method resides in Tests.qwizTests<br/>Test Status: Pass</div></td></tr></table><p class="totop"><a href="#summary">back to summary</a></p>
<h3 id="m37">Tests.qwizTests#SelectEvent</h3><table class="result"><tr><th>Messages</th></tr><tr><td><div class="messages">About to begin executing following method : qwizTests.SelectEvent<br/>Completed executing following method : qwizTests.SelectEvent<br/>About to Success executing Suite SelectEvent<br/>Test Method resides in Tests.qwizTests<br/>Test Status: Pass<br/>About to Success executing Suite SelectEvent<br/>Test Method resides in Tests.qwizTests<br/>Test Status: Pass</div></td></tr></table><p class="totop"><a href="#summary">back to summary</a></p>
<h3 id="m38">Tests.qwizTests#SelectFabrics</h3><table class="result"><tr><th>Messages</th></tr><tr><td><div class="messages">About to begin executing following method : qwizTests.SelectFabrics<br/>Completed executing following method : qwizTests.SelectFabrics<br/>About to Success executing Suite SelectFabrics<br/>Test Method resides in Tests.qwizTests<br/>Test Status: Pass<br/>About to Success executing Suite SelectFabrics<br/>Test Method resides in Tests.qwizTests<br/>Test Status: Pass</div></td></tr></table><p class="totop"><a href="#summary">back to summary</a></p>
<h3 id="m39">Tests.qwizTests#SelectHeels</h3><table class="result"><tr><th>Messages</th></tr><tr><td><div class="messages">About to begin executing following method : qwizTests.SelectHeels<br/>Completed executing following method : qwizTests.SelectHeels<br/>About to Success executing Suite SelectHeels<br/>Test Method resides in Tests.qwizTests<br/>Test Status: Pass<br/>About to Success executing Suite SelectHeels<br/>Test Method resides in Tests.qwizTests<br/>Test Status: Pass</div></td></tr></table><p class="totop"><a href="#summary">back to summary</a></p>
<h3 id="m40">Tests.qwizTests#SelectHeight</h3><table class="result"><tr><th>Messages</th></tr><tr><td><div class="messages">About to begin executing following method : qwizTests.SelectHeight<br/>Completed executing following method : qwizTests.SelectHeight<br/>About to Success executing Suite SelectHeight<br/>Test Method resides in Tests.qwizTests<br/>Test Status: Pass<br/>About to Success executing Suite SelectHeight<br/>Test Method resides in Tests.qwizTests<br/>Test Status: Pass</div></td></tr></table><p class="totop"><a href="#summary">back to summary</a></p>
<h3 id="m41">Tests.qwizTests#SelectHighlight</h3><table class="result"><tr><th>Messages</th></tr><tr><td><div class="messages">About to begin executing following method : qwizTests.SelectHighlight<br/>Completed executing following method : qwizTests.SelectHighlight<br/>About to Success executing Suite SelectHighlight<br/>Test Method resides in Tests.qwizTests<br/>Test Status: Pass<br/>About to Success executing Suite SelectHighlight<br/>Test Method resides in Tests.qwizTests<br/>Test Status: Pass</div></td></tr></table><p class="totop"><a href="#summary">back to summary</a></p>
<h3 id="m42">Tests.qwizTests#SelectInventory</h3><table class="result"><tr><th>Messages</th></tr><tr><td><div class="messages">About to begin executing following method : qwizTests.SelectInventory<br/>Completed executing following method : qwizTests.SelectInventory<br/>About to Success executing Suite SelectInventory<br/>Test Method resides in Tests.qwizTests<br/>Test Status: Pass<br/>About to Success executing Suite SelectInventory<br/>Test Method resides in Tests.qwizTests<br/>Test Status: Pass</div></td></tr></table><p class="totop"><a href="#summary">back to summary</a></p>
<h3 id="m43">Tests.qwizTests#SelectJEWELRY</h3><table class="result"><tr><th>Messages</th></tr><tr><td><div class="messages">About to begin executing following method : qwizTests.SelectJEWELRY<br/>Completed executing following method : qwizTests.SelectJEWELRY<br/>About to Success executing Suite SelectJEWELRY<br/>Test Method resides in Tests.qwizTests<br/>Test Status: Pass<br/>About to Success executing Suite SelectJEWELRY<br/>Test Method resides in Tests.qwizTests<br/>Test Status: Pass</div></td></tr></table><p class="totop"><a href="#summary">back to summary</a></p>
<h3 id="m44">Tests.qwizTests#SelectPrints</h3><table class="result"><tr><th>Messages</th></tr><tr><td><div class="messages">About to begin executing following method : qwizTests.SelectPrints<br/>Completed executing following method : qwizTests.SelectPrints<br/>About to Success executing Suite SelectPrints<br/>Test Method resides in Tests.qwizTests<br/>Test Status: Pass<br/>About to Success executing Suite SelectPrints<br/>Test Method resides in Tests.qwizTests<br/>Test Status: Pass</div></td></tr></table><p class="totop"><a href="#summary">back to summary</a></p>
<h3 id="m45">Tests.qwizTests#SelectSize</h3><table class="result"><tr><th>Messages</th></tr><tr><td><div class="messages">About to begin executing following method : qwizTests.SelectSize<br/>Completed executing following method : qwizTests.SelectSize<br/>About to Success executing Suite SelectSize<br/>Test Method resides in Tests.qwizTests<br/>Test Status: Pass<br/>About to Success executing Suite SelectSize<br/>Test Method resides in Tests.qwizTests<br/>Test Status: Pass</div></td></tr></table><p class="totop"><a href="#summary">back to summary</a></p>
<h2>BookingTests</h2><h3 id="m46">Tests.BookingTests#CheckOutSession</h3><table class="result"><tr><th>Messages</th></tr><tr><td><div class="messages">About to begin executing following method : BookingTests.CheckOutSession<br/>Completed executing following method : BookingTests.CheckOutSession<br/>About to Failure executing Suite CheckOutSession<br/>Test Method resides in Tests.BookingTests<br/>Test Status: Failed<br/>About to Failure executing Suite CheckOutSession<br/>Test Method resides in Tests.BookingTests<br/>Test Status: Failed</div></td></tr><tr><th>Exception</th></tr><tr><td><div class="stacktrace">org.openqa.selenium.NoSuchElementException: no such element: Unable to locate element: {&quot;method&quot;:&quot;xpath&quot;,&quot;selector&quot;:&quot;//img[@src=&apos;../images/search.png&apos;]&quot;}
  (Session info: chrome=68.0.3440.91)
  (Driver info: chromedriver=2.38.552518 (183d19265345f54ce39cbb94cf81ba5f15905011),platform=Mac OS X 10.13.4 x86_64) (WARNING: The server did not provide any stacktrace information)
Command duration or timeout: 0 milliseconds
For documentation on this error, please visit: http://seleniumhq.org/exceptions/no_such_element.html
Build info: version: &apos;3.8.1&apos;, revision: &apos;6e95a6684b&apos;, time: &apos;2017-12-01T19:05:32.194Z&apos;
System info: host: &apos;yinons-MBP-2&apos;, ip: &apos;192.168.14.154&apos;, os.name: &apos;Mac OS X&apos;, os.arch: &apos;x86_64&apos;, os.version: &apos;10.13.4&apos;, java.version: &apos;1.8.0_181&apos;
Driver info: io.appium.java_client.android.AndroidDriver
Capabilities {browserName: Chrome, databaseEnabled: false, desired: {browserName: Chrome, deviceName: Nexus1, noReset: true, platformName: Android}, deviceManufacturer: samsung, deviceModel: SM-G928C, deviceName: 83f0444635375636, deviceScreenSize: 1440x2560, deviceUDID: 83f0444635375636, javascriptEnabled: true, locationContextEnabled: false, networkConnectionEnabled: true, noReset: true, platform: LINUX, platformName: LINUX, platformVersion: 7.0, takesScreenshot: true, warnings: {}, webStorageEnabled: false}
Session ID: c6fba69f-69fa-4b4d-b343-115b06fc32f0
*** Element info: {Using=xpath, value=//img[@src=&apos;../images/search.png&apos;]}
	at org.openqa.selenium.remote.ErrorHandler.createThrowable(ErrorHandler.java:214)
	at org.openqa.selenium.remote.ErrorHandler.throwIfResponseFailed(ErrorHandler.java:166)
	at org.openqa.selenium.remote.http.JsonHttpResponseCodec.reconstructValue(JsonHttpResponseCodec.java:40)
	at org.openqa.selenium.remote.http.AbstractHttpResponseCodec.decode(AbstractHttpResponseCodec.java:80)
	at org.openqa.selenium.remote.http.AbstractHttpResponseCodec.decode(AbstractHttpResponseCodec.java:44)
	at org.openqa.selenium.remote.HttpCommandExecutor.execute(HttpCommandExecutor.java:164)
	at io.appium.java_client.remote.AppiumCommandExecutor.execute(AppiumCommandExecutor.java:89)
	at org.openqa.selenium.remote.RemoteWebDriver.execute(RemoteWebDriver.java:601)
	at io.appium.java_client.DefaultGenericMobileDriver.execute(DefaultGenericMobileDriver.java:42)
	at io.appium.java_client.AppiumDriver.execute(AppiumDriver.java:1)
	at io.appium.java_client.android.AndroidDriver.execute(AndroidDriver.java:1)
	at org.openqa.selenium.remote.RemoteWebDriver.findElement(RemoteWebDriver.java:371)
	at io.appium.java_client.DefaultGenericMobileDriver.findElement(DefaultGenericMobileDriver.java:62)
	at io.appium.java_client.AppiumDriver.findElement(AppiumDriver.java:1)
	at io.appium.java_client.android.AndroidDriver.findElement(AndroidDriver.java:1)
	at org.openqa.selenium.remote.RemoteWebDriver.findElementByXPath(RemoteWebDriver.java:473)
	at io.appium.java_client.DefaultGenericMobileDriver.findElementByXPath(DefaultGenericMobileDriver.java:140)
	at io.appium.java_client.AppiumDriver.findElementByXPath(AppiumDriver.java:1)
	at io.appium.java_client.android.AndroidDriver.findElementByXPath(AndroidDriver.java:1)
	at org.openqa.selenium.By$ByXPath.findElement(By.java:361)
	at org.openqa.selenium.remote.RemoteWebDriver.findElement(RemoteWebDriver.java:363)
	at io.appium.java_client.DefaultGenericMobileDriver.findElement(DefaultGenericMobileDriver.java:58)
	at io.appium.java_client.AppiumDriver.findElement(AppiumDriver.java:1)
	at io.appium.java_client.android.AndroidDriver.findElement(AndroidDriver.java:1)
	at PageObejecs.BookingPage.ClickSearchButton(BookingPage.java:119)
	at Tests.BookingTests.CheckOutSession(BookingTests.java:62)
... Removed 29 stack frames</div></td></tr></table><p class="totop"><a href="#summary">back to summary</a></p>
<h3 id="m47">Tests.BookingTests#CheckoutUnlimitedCreditCard</h3><table class="result"><tr><th>Messages</th></tr><tr><td><div class="messages">About to begin executing following method : BookingTests.CheckoutUnlimitedCreditCard<br/>Completed executing following method : BookingTests.CheckoutUnlimitedCreditCard<br/>About to Failure executing Suite CheckoutUnlimitedCreditCard<br/>Test Method resides in Tests.BookingTests<br/>Test Status: Failed<br/>About to Failure executing Suite CheckoutUnlimitedCreditCard<br/>Test Method resides in Tests.BookingTests<br/>Test Status: Failed</div></td></tr><tr><th>Exception</th></tr><tr><td><div class="stacktrace">org.openqa.selenium.NoSuchElementException: no such element: Unable to locate element: {&quot;method&quot;:&quot;xpath&quot;,&quot;selector&quot;:&quot;//div [@class=&apos;filter-icon&apos;]&quot;}
  (Session info: chrome=68.0.3440.91)
  (Driver info: chromedriver=2.38.552518 (183d19265345f54ce39cbb94cf81ba5f15905011),platform=Mac OS X 10.13.4 x86_64) (WARNING: The server did not provide any stacktrace information)
Command duration or timeout: 0 milliseconds
For documentation on this error, please visit: http://seleniumhq.org/exceptions/no_such_element.html
Build info: version: &apos;3.8.1&apos;, revision: &apos;6e95a6684b&apos;, time: &apos;2017-12-01T19:05:32.194Z&apos;
System info: host: &apos;yinons-MBP-2&apos;, ip: &apos;192.168.14.154&apos;, os.name: &apos;Mac OS X&apos;, os.arch: &apos;x86_64&apos;, os.version: &apos;10.13.4&apos;, java.version: &apos;1.8.0_181&apos;
Driver info: io.appium.java_client.android.AndroidDriver
Capabilities {browserName: Chrome, databaseEnabled: false, desired: {browserName: Chrome, deviceName: Nexus1, noReset: true, platformName: Android}, deviceManufacturer: samsung, deviceModel: SM-G928C, deviceName: 83f0444635375636, deviceScreenSize: 1440x2560, deviceUDID: 83f0444635375636, javascriptEnabled: true, locationContextEnabled: false, networkConnectionEnabled: true, noReset: true, platform: LINUX, platformName: LINUX, platformVersion: 7.0, takesScreenshot: true, warnings: {}, webStorageEnabled: false}
Session ID: c6fba69f-69fa-4b4d-b343-115b06fc32f0
*** Element info: {Using=xpath, value=//div [@class=&apos;filter-icon&apos;]}
	at org.openqa.selenium.remote.ErrorHandler.createThrowable(ErrorHandler.java:214)
	at org.openqa.selenium.remote.ErrorHandler.throwIfResponseFailed(ErrorHandler.java:166)
	at org.openqa.selenium.remote.http.JsonHttpResponseCodec.reconstructValue(JsonHttpResponseCodec.java:40)
	at org.openqa.selenium.remote.http.AbstractHttpResponseCodec.decode(AbstractHttpResponseCodec.java:80)
	at org.openqa.selenium.remote.http.AbstractHttpResponseCodec.decode(AbstractHttpResponseCodec.java:44)
	at org.openqa.selenium.remote.HttpCommandExecutor.execute(HttpCommandExecutor.java:164)
	at io.appium.java_client.remote.AppiumCommandExecutor.execute(AppiumCommandExecutor.java:89)
	at org.openqa.selenium.remote.RemoteWebDriver.execute(RemoteWebDriver.java:601)
	at io.appium.java_client.DefaultGenericMobileDriver.execute(DefaultGenericMobileDriver.java:42)
	at io.appium.java_client.AppiumDriver.execute(AppiumDriver.java:1)
	at io.appium.java_client.android.AndroidDriver.execute(AndroidDriver.java:1)
	at org.openqa.selenium.remote.RemoteWebDriver.findElement(RemoteWebDriver.java:371)
	at io.appium.java_client.DefaultGenericMobileDriver.findElement(DefaultGenericMobileDriver.java:62)
	at io.appium.java_client.AppiumDriver.findElement(AppiumDriver.java:1)
	at io.appium.java_client.android.AndroidDriver.findElement(AndroidDriver.java:1)
	at org.openqa.selenium.remote.RemoteWebDriver.findElementByXPath(RemoteWebDriver.java:473)
	at io.appium.java_client.DefaultGenericMobileDriver.findElementByXPath(DefaultGenericMobileDriver.java:140)
	at io.appium.java_client.AppiumDriver.findElementByXPath(AppiumDriver.java:1)
	at io.appium.java_client.android.AndroidDriver.findElementByXPath(AndroidDriver.java:1)
	at org.openqa.selenium.By$ByXPath.findElement(By.java:361)
	at org.openqa.selenium.remote.RemoteWebDriver.findElement(RemoteWebDriver.java:363)
	at io.appium.java_client.DefaultGenericMobileDriver.findElement(DefaultGenericMobileDriver.java:58)
	at io.appium.java_client.AppiumDriver.findElement(AppiumDriver.java:1)
	at io.appium.java_client.android.AndroidDriver.findElement(AndroidDriver.java:1)
	at org.openqa.selenium.support.pagefactory.DefaultElementLocator.findElement(DefaultElementLocator.java:69)
	at org.openqa.selenium.support.pagefactory.internal.LocatingElementHandler.invoke(LocatingElementHandler.java:38)
	at com.sun.proxy.$Proxy9.click(Unknown Source)
	at PageObejecs.BasePage.click(BasePage.java:35)
	at PageObejecs.BookingPage.FilterIcon(BookingPage.java:177)
	at Tests.BookingTests.CheckoutUnlimitedCreditCard(BookingTests.java:77)
... Removed 29 stack frames</div></td></tr></table><p class="totop"><a href="#summary">back to summary</a></p>
<h3 id="m48">Tests.BookingTests#DoSignUp</h3><table class="result"><tr><th>Messages</th></tr><tr><td><div class="messages">About to begin executing following method : BookingTests.DoSignUp<br/>Completed executing following method : BookingTests.DoSignUp<br/>About to Failure executing Suite DoSignUp<br/>Test Method resides in Tests.BookingTests<br/>Test Status: Failed<br/>About to Failure executing Suite DoSignUp<br/>Test Method resides in Tests.BookingTests<br/>Test Status: Failed</div></td></tr><tr><th>Exception</th></tr><tr><td><div class="stacktrace">org.openqa.selenium.TimeoutException: Expected condition failed: waiting for presence of element located by: By.xpath: //div//a[@class=&apos;btn-start&apos;] (tried for 60 second(s) with 500 MILLISECONDS interval)
	at org.openqa.selenium.support.ui.WebDriverWait.timeoutException(WebDriverWait.java:82)
	at org.openqa.selenium.support.ui.FluentWait.until(FluentWait.java:231)
	at PageObejecs.BasePage.WaitElementDisplay(BasePage.java:147)
	at Tests.BookingTests.DoSignUp(BookingTests.java:27)
Caused by: org.openqa.selenium.NoSuchElementException: Cannot locate an element using By.xpath: //div//a[@class=&apos;btn-start&apos;]
For documentation on this error, please visit: http://seleniumhq.org/exceptions/no_such_element.html
Build info: version: &apos;3.8.1&apos;, revision: &apos;6e95a6684b&apos;, time: &apos;2017-12-01T19:05:32.194Z&apos;
System info: host: &apos;yinons-MBP-2&apos;, ip: &apos;192.168.14.154&apos;, os.name: &apos;Mac OS X&apos;, os.arch: &apos;x86_64&apos;, os.version: &apos;10.13.4&apos;, java.version: &apos;1.8.0_181&apos;
Driver info: driver.version: unknown
	at org.openqa.selenium.support.ui.ExpectedConditions.lambda$findElement$0(ExpectedConditions.java:882)
	at java.util.Optional.orElseThrow(Optional.java:290)
	at org.openqa.selenium.support.ui.ExpectedConditions.findElement(ExpectedConditions.java:881)
	at org.openqa.selenium.support.ui.ExpectedConditions.access$000(ExpectedConditions.java:43)
	at org.openqa.selenium.support.ui.ExpectedConditions$6.apply(ExpectedConditions.java:182)
	at org.openqa.selenium.support.ui.ExpectedConditions$6.apply(ExpectedConditions.java:179)
	at org.openqa.selenium.support.ui.FluentWait.until(FluentWait.java:208)
	... 27 more
... Removed 25 stack frames</div></td></tr></table><p class="totop"><a href="#summary">back to summary</a></p>
</body>
</html>
