<?xml version="1.0" encoding="UTF-8"?>
<testng-results skipped="0" failed="3" ignored="0" total="49" passed="46">
  <reporter-output>
    <line>
      <![CDATA[About to begin executing Test LoginWithFacbookTests]]>
    </line>
    <line>
      <![CDATA[About to begin executing Test LoginWithFacbookTests]]>
    </line>
    <line>
      <![CDATA[About to begin executing following method : BaseTest.setup]]>
    </line>
    <line>
      <![CDATA[Completed executing following method : BaseTest.setup]]>
    </line>
    <line>
      <![CDATA[About to begin executing following method : LoginWithFacbookTests.LoginWithFacbook]]>
    </line>
    <line>
      <![CDATA[Completed executing following method : LoginWithFacbookTests.LoginWithFacbook]]>
    </line>
    <line>
      <![CDATA[About to Success executing Suite LoginWithFacbook]]>
    </line>
    <line>
      <![CDATA[Test Method resides in Tests.LoginWithFacbookTests]]>
    </line>
    <line>
      <![CDATA[Test Status: Pass]]>
    </line>
    <line>
      <![CDATA[About to Success executing Suite LoginWithFacbook]]>
    </line>
    <line>
      <![CDATA[Test Method resides in Tests.LoginWithFacbookTests]]>
    </line>
    <line>
      <![CDATA[Test Status: Pass]]>
    </line>
    <line>
      <![CDATA[Completed executing test LoginWithFacbookTests]]>
    </line>
    <line>
      <![CDATA[Completed executing test LoginWithFacbookTests]]>
    </line>
    <line>
      <![CDATA[About to begin executing Test LoginWithFacbookTestsFail]]>
    </line>
    <line>
      <![CDATA[About to begin executing Test LoginWithFacbookTestsFail]]>
    </line>
    <line>
      <![CDATA[About to begin executing following method : BaseTest.setup]]>
    </line>
    <line>
      <![CDATA[Completed executing following method : BaseTest.setup]]>
    </line>
    <line>
      <![CDATA[About to begin executing following method : LoginWithFacbookTestsFail.LoginWithFacbookWrongPassword]]>
    </line>
    <line>
      <![CDATA[Completed executing following method : LoginWithFacbookTestsFail.LoginWithFacbookWrongPassword]]>
    </line>
    <line>
      <![CDATA[About to Success executing Suite LoginWithFacbookWrongPassword]]>
    </line>
    <line>
      <![CDATA[Test Method resides in Tests.LoginWithFacbookTestsFail]]>
    </line>
    <line>
      <![CDATA[Test Status: Pass]]>
    </line>
    <line>
      <![CDATA[About to Success executing Suite LoginWithFacbookWrongPassword]]>
    </line>
    <line>
      <![CDATA[Test Method resides in Tests.LoginWithFacbookTestsFail]]>
    </line>
    <line>
      <![CDATA[Test Status: Pass]]>
    </line>
    <line>
      <![CDATA[About to begin executing following method : LoginWithFacbookTestsFail.LoginWithFacbookWrongUserName]]>
    </line>
    <line>
      <![CDATA[Completed executing following method : LoginWithFacbookTestsFail.LoginWithFacbookWrongUserName]]>
    </line>
    <line>
      <![CDATA[About to Success executing Suite LoginWithFacbookWrongUserName]]>
    </line>
    <line>
      <![CDATA[Test Method resides in Tests.LoginWithFacbookTestsFail]]>
    </line>
    <line>
      <![CDATA[Test Status: Pass]]>
    </line>
    <line>
      <![CDATA[About to Success executing Suite LoginWithFacbookWrongUserName]]>
    </line>
    <line>
      <![CDATA[Test Method resides in Tests.LoginWithFacbookTestsFail]]>
    </line>
    <line>
      <![CDATA[Test Status: Pass]]>
    </line>
    <line>
      <![CDATA[Completed executing test LoginWithFacbookTestsFail]]>
    </line>
    <line>
      <![CDATA[Completed executing test LoginWithFacbookTestsFail]]>
    </line>
    <line>
      <![CDATA[About to begin executing Test SignUpByFacbookTestsFail]]>
    </line>
    <line>
      <![CDATA[About to begin executing Test SignUpByFacbookTestsFail]]>
    </line>
    <line>
      <![CDATA[About to begin executing following method : BaseTest.setup]]>
    </line>
    <line>
      <![CDATA[Completed executing following method : BaseTest.setup]]>
    </line>
    <line>
      <![CDATA[About to begin executing following method : SignUpByFacbookTestsFail.SignUpWithFacbookWitOutEmail]]>
    </line>
    <line>
      <![CDATA[Completed executing following method : SignUpByFacbookTestsFail.SignUpWithFacbookWitOutEmail]]>
    </line>
    <line>
      <![CDATA[About to Success executing Suite SignUpWithFacbookWitOutEmail]]>
    </line>
    <line>
      <![CDATA[Test Method resides in Tests.SignUpByFacbookTestsFail]]>
    </line>
    <line>
      <![CDATA[Test Status: Pass]]>
    </line>
    <line>
      <![CDATA[About to Success executing Suite SignUpWithFacbookWitOutEmail]]>
    </line>
    <line>
      <![CDATA[Test Method resides in Tests.SignUpByFacbookTestsFail]]>
    </line>
    <line>
      <![CDATA[Test Status: Pass]]>
    </line>
    <line>
      <![CDATA[About to begin executing following method : SignUpByFacbookTestsFail.SignUpWithFacbookWitOutPassword]]>
    </line>
    <line>
      <![CDATA[Completed executing following method : SignUpByFacbookTestsFail.SignUpWithFacbookWitOutPassword]]>
    </line>
    <line>
      <![CDATA[About to Success executing Suite SignUpWithFacbookWitOutPassword]]>
    </line>
    <line>
      <![CDATA[Test Method resides in Tests.SignUpByFacbookTestsFail]]>
    </line>
    <line>
      <![CDATA[Test Status: Pass]]>
    </line>
    <line>
      <![CDATA[About to Success executing Suite SignUpWithFacbookWitOutPassword]]>
    </line>
    <line>
      <![CDATA[Test Method resides in Tests.SignUpByFacbookTestsFail]]>
    </line>
    <line>
      <![CDATA[Test Status: Pass]]>
    </line>
    <line>
      <![CDATA[About to begin executing following method : SignUpByFacbookTestsFail.SignUpWithFacbookWrongPassword]]>
    </line>
    <line>
      <![CDATA[Completed executing following method : SignUpByFacbookTestsFail.SignUpWithFacbookWrongPassword]]>
    </line>
    <line>
      <![CDATA[About to Success executing Suite SignUpWithFacbookWrongPassword]]>
    </line>
    <line>
      <![CDATA[Test Method resides in Tests.SignUpByFacbookTestsFail]]>
    </line>
    <line>
      <![CDATA[Test Status: Pass]]>
    </line>
    <line>
      <![CDATA[About to Success executing Suite SignUpWithFacbookWrongPassword]]>
    </line>
    <line>
      <![CDATA[Test Method resides in Tests.SignUpByFacbookTestsFail]]>
    </line>
    <line>
      <![CDATA[Test Status: Pass]]>
    </line>
    <line>
      <![CDATA[About to begin executing following method : SignUpByFacbookTestsFail.SignUpWithFacbookWrongUserName]]>
    </line>
    <line>
      <![CDATA[Completed executing following method : SignUpByFacbookTestsFail.SignUpWithFacbookWrongUserName]]>
    </line>
    <line>
      <![CDATA[About to Success executing Suite SignUpWithFacbookWrongUserName]]>
    </line>
    <line>
      <![CDATA[Test Method resides in Tests.SignUpByFacbookTestsFail]]>
    </line>
    <line>
      <![CDATA[Test Status: Pass]]>
    </line>
    <line>
      <![CDATA[About to Success executing Suite SignUpWithFacbookWrongUserName]]>
    </line>
    <line>
      <![CDATA[Test Method resides in Tests.SignUpByFacbookTestsFail]]>
    </line>
    <line>
      <![CDATA[Test Status: Pass]]>
    </line>
    <line>
      <![CDATA[Completed executing test SignUpByFacbookTestsFail]]>
    </line>
    <line>
      <![CDATA[Completed executing test SignUpByFacbookTestsFail]]>
    </line>
    <line>
      <![CDATA[About to begin executing Test SignUpByFacbookTestsSucses]]>
    </line>
    <line>
      <![CDATA[About to begin executing Test SignUpByFacbookTestsSucses]]>
    </line>
    <line>
      <![CDATA[About to begin executing following method : BaseTest.setup]]>
    </line>
    <line>
      <![CDATA[Completed executing following method : BaseTest.setup]]>
    </line>
    <line>
      <![CDATA[About to begin executing following method : SignUpByFacbookTestsSucses.SignUpWithFacbook]]>
    </line>
    <line>
      <![CDATA[Completed executing following method : SignUpByFacbookTestsSucses.SignUpWithFacbook]]>
    </line>
    <line>
      <![CDATA[About to Success executing Suite SignUpWithFacbook]]>
    </line>
    <line>
      <![CDATA[Test Method resides in Tests.SignUpByFacbookTestsSucses]]>
    </line>
    <line>
      <![CDATA[Test Status: Pass]]>
    </line>
    <line>
      <![CDATA[About to Success executing Suite SignUpWithFacbook]]>
    </line>
    <line>
      <![CDATA[Test Method resides in Tests.SignUpByFacbookTestsSucses]]>
    </line>
    <line>
      <![CDATA[Test Status: Pass]]>
    </line>
    <line>
      <![CDATA[Completed executing test SignUpByFacbookTestsSucses]]>
    </line>
    <line>
      <![CDATA[Completed executing test SignUpByFacbookTestsSucses]]>
    </line>
    <line>
      <![CDATA[About to begin executing Test BestExpensiveMaleMatchTests]]>
    </line>
    <line>
      <![CDATA[About to begin executing Test BestExpensiveMaleMatchTests]]>
    </line>
    <line>
      <![CDATA[About to begin executing following method : BaseTest.setup]]>
    </line>
    <line>
      <![CDATA[Completed executing following method : BaseTest.setup]]>
    </line>
    <line>
      <![CDATA[About to begin executing following method : BestExpensiveMaleMatchTests.BMExpensiveMale]]>
    </line>
    <line>
      <![CDATA[Completed executing following method : BestExpensiveMaleMatchTests.BMExpensiveMale]]>
    </line>
    <line>
      <![CDATA[About to Success executing Suite BMExpensiveMale]]>
    </line>
    <line>
      <![CDATA[Test Method resides in Tests.BestExpensiveMaleMatchTests]]>
    </line>
    <line>
      <![CDATA[Test Status: Pass]]>
    </line>
    <line>
      <![CDATA[About to Success executing Suite BMExpensiveMale]]>
    </line>
    <line>
      <![CDATA[Test Method resides in Tests.BestExpensiveMaleMatchTests]]>
    </line>
    <line>
      <![CDATA[Test Status: Pass]]>
    </line>
    <line>
      <![CDATA[Completed executing test BestExpensiveMaleMatchTests]]>
    </line>
    <line>
      <![CDATA[Completed executing test BestExpensiveMaleMatchTests]]>
    </line>
    <line>
      <![CDATA[About to begin executing Test BestMatchExpensiveFeamleTests]]>
    </line>
    <line>
      <![CDATA[About to begin executing Test BestMatchExpensiveFeamleTests]]>
    </line>
    <line>
      <![CDATA[About to begin executing following method : BaseTest.setup]]>
    </line>
    <line>
      <![CDATA[Completed executing following method : BaseTest.setup]]>
    </line>
    <line>
      <![CDATA[About to begin executing following method : BestMatchExpensiveFeamleTests.BMExpensiveFeamle]]>
    </line>
    <line>
      <![CDATA[Completed executing following method : BestMatchExpensiveFeamleTests.BMExpensiveFeamle]]>
    </line>
    <line>
      <![CDATA[About to Success executing Suite BMExpensiveFeamle]]>
    </line>
    <line>
      <![CDATA[Test Method resides in Tests.BestMatchExpensiveFeamleTests]]>
    </line>
    <line>
      <![CDATA[Test Status: Pass]]>
    </line>
    <line>
      <![CDATA[About to Success executing Suite BMExpensiveFeamle]]>
    </line>
    <line>
      <![CDATA[Test Method resides in Tests.BestMatchExpensiveFeamleTests]]>
    </line>
    <line>
      <![CDATA[Test Status: Pass]]>
    </line>
    <line>
      <![CDATA[Completed executing test BestMatchExpensiveFeamleTests]]>
    </line>
    <line>
      <![CDATA[Completed executing test BestMatchExpensiveFeamleTests]]>
    </line>
    <line>
      <![CDATA[About to begin executing Test BestMatchLowFeamleTests]]>
    </line>
    <line>
      <![CDATA[About to begin executing Test BestMatchLowFeamleTests]]>
    </line>
    <line>
      <![CDATA[About to begin executing following method : BaseTest.setup]]>
    </line>
    <line>
      <![CDATA[Completed executing following method : BaseTest.setup]]>
    </line>
    <line>
      <![CDATA[About to begin executing following method : BestMatchLowFeamleTests.BMLowFeamle]]>
    </line>
    <line>
      <![CDATA[Completed executing following method : BestMatchLowFeamleTests.BMLowFeamle]]>
    </line>
    <line>
      <![CDATA[About to Success executing Suite BMLowFeamle]]>
    </line>
    <line>
      <![CDATA[Test Method resides in Tests.BestMatchLowFeamleTests]]>
    </line>
    <line>
      <![CDATA[Test Status: Pass]]>
    </line>
    <line>
      <![CDATA[About to Success executing Suite BMLowFeamle]]>
    </line>
    <line>
      <![CDATA[Test Method resides in Tests.BestMatchLowFeamleTests]]>
    </line>
    <line>
      <![CDATA[Test Status: Pass]]>
    </line>
    <line>
      <![CDATA[Completed executing test BestMatchLowFeamleTests]]>
    </line>
    <line>
      <![CDATA[Completed executing test BestMatchLowFeamleTests]]>
    </line>
    <line>
      <![CDATA[About to begin executing Test BestMatchLowMaleTests]]>
    </line>
    <line>
      <![CDATA[About to begin executing Test BestMatchLowMaleTests]]>
    </line>
    <line>
      <![CDATA[About to begin executing following method : BaseTest.setup]]>
    </line>
    <line>
      <![CDATA[Completed executing following method : BaseTest.setup]]>
    </line>
    <line>
      <![CDATA[About to begin executing following method : BestMatchLowMaleTests.BMLowMale]]>
    </line>
    <line>
      <![CDATA[Completed executing following method : BestMatchLowMaleTests.BMLowMale]]>
    </line>
    <line>
      <![CDATA[About to Success executing Suite BMLowMale]]>
    </line>
    <line>
      <![CDATA[Test Method resides in Tests.BestMatchLowMaleTests]]>
    </line>
    <line>
      <![CDATA[Test Status: Pass]]>
    </line>
    <line>
      <![CDATA[About to Success executing Suite BMLowMale]]>
    </line>
    <line>
      <![CDATA[Test Method resides in Tests.BestMatchLowMaleTests]]>
    </line>
    <line>
      <![CDATA[Test Status: Pass]]>
    </line>
    <line>
      <![CDATA[Completed executing test BestMatchLowMaleTests]]>
    </line>
    <line>
      <![CDATA[Completed executing test BestMatchLowMaleTests]]>
    </line>
    <line>
      <![CDATA[About to begin executing Test BestMatchNaturalTests]]>
    </line>
    <line>
      <![CDATA[About to begin executing Test BestMatchNaturalTests]]>
    </line>
    <line>
      <![CDATA[About to begin executing following method : BaseTest.setup]]>
    </line>
    <line>
      <![CDATA[Completed executing following method : BaseTest.setup]]>
    </line>
    <line>
      <![CDATA[About to begin executing following method : BestMatchNaturalTests.BMNatural]]>
    </line>
    <line>
      <![CDATA[Completed executing following method : BestMatchNaturalTests.BMNatural]]>
    </line>
    <line>
      <![CDATA[About to Success executing Suite BMNatural]]>
    </line>
    <line>
      <![CDATA[Test Method resides in Tests.BestMatchNaturalTests]]>
    </line>
    <line>
      <![CDATA[Test Status: Pass]]>
    </line>
    <line>
      <![CDATA[About to Success executing Suite BMNatural]]>
    </line>
    <line>
      <![CDATA[Test Method resides in Tests.BestMatchNaturalTests]]>
    </line>
    <line>
      <![CDATA[Test Status: Pass]]>
    </line>
    <line>
      <![CDATA[Completed executing test BestMatchNaturalTests]]>
    </line>
    <line>
      <![CDATA[Completed executing test BestMatchNaturalTests]]>
    </line>
    <line>
      <![CDATA[About to begin executing Test BestMatchNormalFeamleTests]]>
    </line>
    <line>
      <![CDATA[About to begin executing Test BestMatchNormalFeamleTests]]>
    </line>
    <line>
      <![CDATA[About to begin executing following method : BaseTest.setup]]>
    </line>
    <line>
      <![CDATA[Completed executing following method : BaseTest.setup]]>
    </line>
    <line>
      <![CDATA[About to begin executing following method : BestMatchNormalFeamleTests.BMNormalFeamle]]>
    </line>
    <line>
      <![CDATA[Completed executing following method : BestMatchNormalFeamleTests.BMNormalFeamle]]>
    </line>
    <line>
      <![CDATA[About to Success executing Suite BMNormalFeamle]]>
    </line>
    <line>
      <![CDATA[Test Method resides in Tests.BestMatchNormalFeamleTests]]>
    </line>
    <line>
      <![CDATA[Test Status: Pass]]>
    </line>
    <line>
      <![CDATA[About to Success executing Suite BMNormalFeamle]]>
    </line>
    <line>
      <![CDATA[Test Method resides in Tests.BestMatchNormalFeamleTests]]>
    </line>
    <line>
      <![CDATA[Test Status: Pass]]>
    </line>
    <line>
      <![CDATA[Completed executing test BestMatchNormalFeamleTests]]>
    </line>
    <line>
      <![CDATA[Completed executing test BestMatchNormalFeamleTests]]>
    </line>
    <line>
      <![CDATA[About to begin executing Test BestMatchNormalMaleTests]]>
    </line>
    <line>
      <![CDATA[About to begin executing Test BestMatchNormalMaleTests]]>
    </line>
    <line>
      <![CDATA[About to begin executing following method : BaseTest.setup]]>
    </line>
    <line>
      <![CDATA[Completed executing following method : BaseTest.setup]]>
    </line>
    <line>
      <![CDATA[About to begin executing following method : BestMatchNormalMaleTests.BMNormalMale]]>
    </line>
    <line>
      <![CDATA[Completed executing following method : BestMatchNormalMaleTests.BMNormalMale]]>
    </line>
    <line>
      <![CDATA[About to Success executing Suite BMNormalMale]]>
    </line>
    <line>
      <![CDATA[Test Method resides in Tests.BestMatchNormalMaleTests]]>
    </line>
    <line>
      <![CDATA[Test Status: Pass]]>
    </line>
    <line>
      <![CDATA[About to Success executing Suite BMNormalMale]]>
    </line>
    <line>
      <![CDATA[Test Method resides in Tests.BestMatchNormalMaleTests]]>
    </line>
    <line>
      <![CDATA[Test Status: Pass]]>
    </line>
    <line>
      <![CDATA[Completed executing test BestMatchNormalMaleTests]]>
    </line>
    <line>
      <![CDATA[Completed executing test BestMatchNormalMaleTests]]>
    </line>
    <line>
      <![CDATA[About to begin executing Test ChatTests]]>
    </line>
    <line>
      <![CDATA[About to begin executing Test ChatTests]]>
    </line>
    <line>
      <![CDATA[About to begin executing following method : BaseTest.setup]]>
    </line>
    <line>
      <![CDATA[Completed executing following method : BaseTest.setup]]>
    </line>
    <line>
      <![CDATA[About to begin executing following method : ChatTests.LoginAsStylist]]>
    </line>
    <line>
      <![CDATA[Completed executing following method : ChatTests.LoginAsStylist]]>
    </line>
    <line>
      <![CDATA[About to Success executing Suite LoginAsStylist]]>
    </line>
    <line>
      <![CDATA[Test Method resides in Tests.ChatTests]]>
    </line>
    <line>
      <![CDATA[Test Status: Pass]]>
    </line>
    <line>
      <![CDATA[About to Success executing Suite LoginAsStylist]]>
    </line>
    <line>
      <![CDATA[Test Method resides in Tests.ChatTests]]>
    </line>
    <line>
      <![CDATA[Test Status: Pass]]>
    </line>
    <line>
      <![CDATA[About to begin executing following method : ChatTests.SendChatToclient]]>
    </line>
    <line>
      <![CDATA[Completed executing following method : ChatTests.SendChatToclient]]>
    </line>
    <line>
      <![CDATA[About to Success executing Suite SendChatToclient]]>
    </line>
    <line>
      <![CDATA[Test Method resides in Tests.ChatTests]]>
    </line>
    <line>
      <![CDATA[Test Status: Pass]]>
    </line>
    <line>
      <![CDATA[About to Success executing Suite SendChatToclient]]>
    </line>
    <line>
      <![CDATA[Test Method resides in Tests.ChatTests]]>
    </line>
    <line>
      <![CDATA[Test Status: Pass]]>
    </line>
    <line>
      <![CDATA[About to begin executing following method : ChatTests.SendChatToStylist]]>
    </line>
    <line>
      <![CDATA[Completed executing following method : ChatTests.SendChatToStylist]]>
    </line>
    <line>
      <![CDATA[About to Success executing Suite SendChatToStylist]]>
    </line>
    <line>
      <![CDATA[Test Method resides in Tests.ChatTests]]>
    </line>
    <line>
      <![CDATA[Test Status: Pass]]>
    </line>
    <line>
      <![CDATA[About to Success executing Suite SendChatToStylist]]>
    </line>
    <line>
      <![CDATA[Test Method resides in Tests.ChatTests]]>
    </line>
    <line>
      <![CDATA[Test Status: Pass]]>
    </line>
    <line>
      <![CDATA[Completed executing test ChatTests]]>
    </line>
    <line>
      <![CDATA[Completed executing test ChatTests]]>
    </line>
    <line>
      <![CDATA[About to begin executing Test LoginTests2]]>
    </line>
    <line>
      <![CDATA[About to begin executing Test LoginTests2]]>
    </line>
    <line>
      <![CDATA[About to begin executing following method : BaseTest.setup]]>
    </line>
    <line>
      <![CDATA[Completed executing following method : BaseTest.setup]]>
    </line>
    <line>
      <![CDATA[About to begin executing following method : LoginTests2.LoginClickable]]>
    </line>
    <line>
      <![CDATA[Completed executing following method : LoginTests2.LoginClickable]]>
    </line>
    <line>
      <![CDATA[About to Success executing Suite LoginClickable]]>
    </line>
    <line>
      <![CDATA[Test Method resides in Tests.LoginTests2]]>
    </line>
    <line>
      <![CDATA[Test Status: Pass]]>
    </line>
    <line>
      <![CDATA[About to Success executing Suite LoginClickable]]>
    </line>
    <line>
      <![CDATA[Test Method resides in Tests.LoginTests2]]>
    </line>
    <line>
      <![CDATA[Test Status: Pass]]>
    </line>
    <line>
      <![CDATA[About to begin executing following method : LoginTests2.DoLogin]]>
    </line>
    <line>
      <![CDATA[Completed executing following method : LoginTests2.DoLogin]]>
    </line>
    <line>
      <![CDATA[About to Success executing Suite DoLogin]]>
    </line>
    <line>
      <![CDATA[Test Method resides in Tests.LoginTests2]]>
    </line>
    <line>
      <![CDATA[Test Status: Pass]]>
    </line>
    <line>
      <![CDATA[About to Success executing Suite DoLogin]]>
    </line>
    <line>
      <![CDATA[Test Method resides in Tests.LoginTests2]]>
    </line>
    <line>
      <![CDATA[Test Status: Pass]]>
    </line>
    <line>
      <![CDATA[About to begin executing following method : LoginTests2.FillPasswordWithOutToFillEmail]]>
    </line>
    <line>
      <![CDATA[Completed executing following method : LoginTests2.FillPasswordWithOutToFillEmail]]>
    </line>
    <line>
      <![CDATA[About to Success executing Suite FillPasswordWithOutToFillEmail]]>
    </line>
    <line>
      <![CDATA[Test Method resides in Tests.LoginTests2]]>
    </line>
    <line>
      <![CDATA[Test Status: Pass]]>
    </line>
    <line>
      <![CDATA[About to Success executing Suite FillPasswordWithOutToFillEmail]]>
    </line>
    <line>
      <![CDATA[Test Method resides in Tests.LoginTests2]]>
    </line>
    <line>
      <![CDATA[Test Status: Pass]]>
    </line>
    <line>
      <![CDATA[About to begin executing following method : LoginTests2.FillEmailWithOutToFillPassword]]>
    </line>
    <line>
      <![CDATA[Completed executing following method : LoginTests2.FillEmailWithOutToFillPassword]]>
    </line>
    <line>
      <![CDATA[About to Success executing Suite FillEmailWithOutToFillPassword]]>
    </line>
    <line>
      <![CDATA[Test Method resides in Tests.LoginTests2]]>
    </line>
    <line>
      <![CDATA[Test Status: Pass]]>
    </line>
    <line>
      <![CDATA[About to Success executing Suite FillEmailWithOutToFillPassword]]>
    </line>
    <line>
      <![CDATA[Test Method resides in Tests.LoginTests2]]>
    </line>
    <line>
      <![CDATA[Test Status: Pass]]>
    </line>
    <line>
      <![CDATA[About to begin executing following method : LoginTests2.ClickLoginwWithOutToFillAnyFields]]>
    </line>
    <line>
      <![CDATA[Completed executing following method : LoginTests2.ClickLoginwWithOutToFillAnyFields]]>
    </line>
    <line>
      <![CDATA[About to Success executing Suite ClickLoginwWithOutToFillAnyFields]]>
    </line>
    <line>
      <![CDATA[Test Method resides in Tests.LoginTests2]]>
    </line>
    <line>
      <![CDATA[Test Status: Pass]]>
    </line>
    <line>
      <![CDATA[About to Success executing Suite ClickLoginwWithOutToFillAnyFields]]>
    </line>
    <line>
      <![CDATA[Test Method resides in Tests.LoginTests2]]>
    </line>
    <line>
      <![CDATA[Test Status: Pass]]>
    </line>
    <line>
      <![CDATA[About to begin executing following method : LoginTests2.FillCorrectEmailWithWrongPassword]]>
    </line>
    <line>
      <![CDATA[Completed executing following method : LoginTests2.FillCorrectEmailWithWrongPassword]]>
    </line>
    <line>
      <![CDATA[About to Success executing Suite FillCorrectEmailWithWrongPassword]]>
    </line>
    <line>
      <![CDATA[Test Method resides in Tests.LoginTests2]]>
    </line>
    <line>
      <![CDATA[Test Status: Pass]]>
    </line>
    <line>
      <![CDATA[About to Success executing Suite FillCorrectEmailWithWrongPassword]]>
    </line>
    <line>
      <![CDATA[Test Method resides in Tests.LoginTests2]]>
    </line>
    <line>
      <![CDATA[Test Status: Pass]]>
    </line>
    <line>
      <![CDATA[About to begin executing following method : LoginTests2.FillCorrectPasswordWithWrongEmail]]>
    </line>
    <line>
      <![CDATA[Completed executing following method : LoginTests2.FillCorrectPasswordWithWrongEmail]]>
    </line>
    <line>
      <![CDATA[About to Success executing Suite FillCorrectPasswordWithWrongEmail]]>
    </line>
    <line>
      <![CDATA[Test Method resides in Tests.LoginTests2]]>
    </line>
    <line>
      <![CDATA[Test Status: Pass]]>
    </line>
    <line>
      <![CDATA[About to Success executing Suite FillCorrectPasswordWithWrongEmail]]>
    </line>
    <line>
      <![CDATA[Test Method resides in Tests.LoginTests2]]>
    </line>
    <line>
      <![CDATA[Test Status: Pass]]>
    </line>
    <line>
      <![CDATA[Completed executing test LoginTests2]]>
    </line>
    <line>
      <![CDATA[Completed executing test LoginTests2]]>
    </line>
    <line>
      <![CDATA[About to begin executing Test SignUpTest]]>
    </line>
    <line>
      <![CDATA[About to begin executing Test SignUpTest]]>
    </line>
    <line>
      <![CDATA[About to begin executing following method : BaseTest.setup]]>
    </line>
    <line>
      <![CDATA[Completed executing following method : BaseTest.setup]]>
    </line>
    <line>
      <![CDATA[About to begin executing following method : SignUpTest.SignUpClickable]]>
    </line>
    <line>
      <![CDATA[Completed executing following method : SignUpTest.SignUpClickable]]>
    </line>
    <line>
      <![CDATA[About to Success executing Suite SignUpClickable]]>
    </line>
    <line>
      <![CDATA[Test Method resides in Tests.SignUpTest]]>
    </line>
    <line>
      <![CDATA[Test Status: Pass]]>
    </line>
    <line>
      <![CDATA[About to Success executing Suite SignUpClickable]]>
    </line>
    <line>
      <![CDATA[Test Method resides in Tests.SignUpTest]]>
    </line>
    <line>
      <![CDATA[Test Status: Pass]]>
    </line>
    <line>
      <![CDATA[About to begin executing following method : SignUpTest.FillEmailWitoutShtudel]]>
    </line>
    <line>
      <![CDATA[Completed executing following method : SignUpTest.FillEmailWitoutShtudel]]>
    </line>
    <line>
      <![CDATA[About to Success executing Suite FillEmailWitoutShtudel]]>
    </line>
    <line>
      <![CDATA[Test Method resides in Tests.SignUpTest]]>
    </line>
    <line>
      <![CDATA[Test Status: Pass]]>
    </line>
    <line>
      <![CDATA[About to Success executing Suite FillEmailWitoutShtudel]]>
    </line>
    <line>
      <![CDATA[Test Method resides in Tests.SignUpTest]]>
    </line>
    <line>
      <![CDATA[Test Status: Pass]]>
    </line>
    <line>
      <![CDATA[About to begin executing following method : SignUpTest.FillEmailWithoutDotCom]]>
    </line>
    <line>
      <![CDATA[Completed executing following method : SignUpTest.FillEmailWithoutDotCom]]>
    </line>
    <line>
      <![CDATA[About to Success executing Suite FillEmailWithoutDotCom]]>
    </line>
    <line>
      <![CDATA[Test Method resides in Tests.SignUpTest]]>
    </line>
    <line>
      <![CDATA[Test Status: Pass]]>
    </line>
    <line>
      <![CDATA[About to Success executing Suite FillEmailWithoutDotCom]]>
    </line>
    <line>
      <![CDATA[Test Method resides in Tests.SignUpTest]]>
    </line>
    <line>
      <![CDATA[Test Status: Pass]]>
    </line>
    <line>
      <![CDATA[About to begin executing following method : SignUpTest.FillPsswordWithLessthan6Characters]]>
    </line>
    <line>
      <![CDATA[Completed executing following method : SignUpTest.FillPsswordWithLessthan6Characters]]>
    </line>
    <line>
      <![CDATA[About to Success executing Suite FillPsswordWithLessthan6Characters]]>
    </line>
    <line>
      <![CDATA[Test Method resides in Tests.SignUpTest]]>
    </line>
    <line>
      <![CDATA[Test Status: Pass]]>
    </line>
    <line>
      <![CDATA[About to Success executing Suite FillPsswordWithLessthan6Characters]]>
    </line>
    <line>
      <![CDATA[Test Method resides in Tests.SignUpTest]]>
    </line>
    <line>
      <![CDATA[Test Status: Pass]]>
    </line>
    <line>
      <![CDATA[About to begin executing following method : SignUpTest.DoSignUp]]>
    </line>
    <line>
      <![CDATA[Completed executing following method : SignUpTest.DoSignUp]]>
    </line>
    <line>
      <![CDATA[About to Success executing Suite DoSignUp]]>
    </line>
    <line>
      <![CDATA[Test Method resides in Tests.SignUpTest]]>
    </line>
    <line>
      <![CDATA[Test Status: Pass]]>
    </line>
    <line>
      <![CDATA[About to Success executing Suite DoSignUp]]>
    </line>
    <line>
      <![CDATA[Test Method resides in Tests.SignUpTest]]>
    </line>
    <line>
      <![CDATA[Test Status: Pass]]>
    </line>
    <line>
      <![CDATA[Completed executing test SignUpTest]]>
    </line>
    <line>
      <![CDATA[Completed executing test SignUpTest]]>
    </line>
    <line>
      <![CDATA[About to begin executing Test qwizTests]]>
    </line>
    <line>
      <![CDATA[About to begin executing Test qwizTests]]>
    </line>
    <line>
      <![CDATA[About to begin executing following method : BaseTest.setup]]>
    </line>
    <line>
      <![CDATA[Completed executing following method : BaseTest.setup]]>
    </line>
    <line>
      <![CDATA[About to begin executing following method : qwizTests.DoSignUp]]>
    </line>
    <line>
      <![CDATA[Completed executing following method : qwizTests.DoSignUp]]>
    </line>
    <line>
      <![CDATA[About to Success executing Suite DoSignUp]]>
    </line>
    <line>
      <![CDATA[Test Method resides in Tests.qwizTests]]>
    </line>
    <line>
      <![CDATA[Test Status: Pass]]>
    </line>
    <line>
      <![CDATA[About to Success executing Suite DoSignUp]]>
    </line>
    <line>
      <![CDATA[Test Method resides in Tests.qwizTests]]>
    </line>
    <line>
      <![CDATA[Test Status: Pass]]>
    </line>
    <line>
      <![CDATA[About to begin executing following method : qwizTests.CheckOutSession]]>
    </line>
    <line>
      <![CDATA[Completed executing following method : qwizTests.CheckOutSession]]>
    </line>
    <line>
      <![CDATA[About to Success executing Suite CheckOutSession]]>
    </line>
    <line>
      <![CDATA[Test Method resides in Tests.qwizTests]]>
    </line>
    <line>
      <![CDATA[Test Status: Pass]]>
    </line>
    <line>
      <![CDATA[About to Success executing Suite CheckOutSession]]>
    </line>
    <line>
      <![CDATA[Test Method resides in Tests.qwizTests]]>
    </line>
    <line>
      <![CDATA[Test Status: Pass]]>
    </line>
    <line>
      <![CDATA[About to begin executing following method : qwizTests.SelectEvent]]>
    </line>
    <line>
      <![CDATA[Completed executing following method : qwizTests.SelectEvent]]>
    </line>
    <line>
      <![CDATA[About to Success executing Suite SelectEvent]]>
    </line>
    <line>
      <![CDATA[Test Method resides in Tests.qwizTests]]>
    </line>
    <line>
      <![CDATA[Test Status: Pass]]>
    </line>
    <line>
      <![CDATA[About to Success executing Suite SelectEvent]]>
    </line>
    <line>
      <![CDATA[Test Method resides in Tests.qwizTests]]>
    </line>
    <line>
      <![CDATA[Test Status: Pass]]>
    </line>
    <line>
      <![CDATA[About to begin executing following method : qwizTests.SelectBodyType]]>
    </line>
    <line>
      <![CDATA[Completed executing following method : qwizTests.SelectBodyType]]>
    </line>
    <line>
      <![CDATA[About to Success executing Suite SelectBodyType]]>
    </line>
    <line>
      <![CDATA[Test Method resides in Tests.qwizTests]]>
    </line>
    <line>
      <![CDATA[Test Status: Pass]]>
    </line>
    <line>
      <![CDATA[About to Success executing Suite SelectBodyType]]>
    </line>
    <line>
      <![CDATA[Test Method resides in Tests.qwizTests]]>
    </line>
    <line>
      <![CDATA[Test Status: Pass]]>
    </line>
    <line>
      <![CDATA[About to begin executing following method : qwizTests.SelectHeight]]>
    </line>
    <line>
      <![CDATA[Completed executing following method : qwizTests.SelectHeight]]>
    </line>
    <line>
      <![CDATA[About to Success executing Suite SelectHeight]]>
    </line>
    <line>
      <![CDATA[Test Method resides in Tests.qwizTests]]>
    </line>
    <line>
      <![CDATA[Test Status: Pass]]>
    </line>
    <line>
      <![CDATA[About to Success executing Suite SelectHeight]]>
    </line>
    <line>
      <![CDATA[Test Method resides in Tests.qwizTests]]>
    </line>
    <line>
      <![CDATA[Test Status: Pass]]>
    </line>
    <line>
      <![CDATA[About to begin executing following method : qwizTests.SelectColors]]>
    </line>
    <line>
      <![CDATA[Completed executing following method : qwizTests.SelectColors]]>
    </line>
    <line>
      <![CDATA[About to Success executing Suite SelectColors]]>
    </line>
    <line>
      <![CDATA[Test Method resides in Tests.qwizTests]]>
    </line>
    <line>
      <![CDATA[Test Status: Pass]]>
    </line>
    <line>
      <![CDATA[About to Success executing Suite SelectColors]]>
    </line>
    <line>
      <![CDATA[Test Method resides in Tests.qwizTests]]>
    </line>
    <line>
      <![CDATA[Test Status: Pass]]>
    </line>
    <line>
      <![CDATA[About to begin executing following method : qwizTests.SelectHighlight]]>
    </line>
    <line>
      <![CDATA[Completed executing following method : qwizTests.SelectHighlight]]>
    </line>
    <line>
      <![CDATA[About to Success executing Suite SelectHighlight]]>
    </line>
    <line>
      <![CDATA[Test Method resides in Tests.qwizTests]]>
    </line>
    <line>
      <![CDATA[Test Status: Pass]]>
    </line>
    <line>
      <![CDATA[About to Success executing Suite SelectHighlight]]>
    </line>
    <line>
      <![CDATA[Test Method resides in Tests.qwizTests]]>
    </line>
    <line>
      <![CDATA[Test Status: Pass]]>
    </line>
    <line>
      <![CDATA[About to begin executing following method : qwizTests.SelectClothingPreferences]]>
    </line>
    <line>
      <![CDATA[Completed executing following method : qwizTests.SelectClothingPreferences]]>
    </line>
    <line>
      <![CDATA[About to Success executing Suite SelectClothingPreferences]]>
    </line>
    <line>
      <![CDATA[Test Method resides in Tests.qwizTests]]>
    </line>
    <line>
      <![CDATA[Test Status: Pass]]>
    </line>
    <line>
      <![CDATA[About to Success executing Suite SelectClothingPreferences]]>
    </line>
    <line>
      <![CDATA[Test Method resides in Tests.qwizTests]]>
    </line>
    <line>
      <![CDATA[Test Status: Pass]]>
    </line>
    <line>
      <![CDATA[About to begin executing following method : qwizTests.SelectHeels]]>
    </line>
    <line>
      <![CDATA[Completed executing following method : qwizTests.SelectHeels]]>
    </line>
    <line>
      <![CDATA[About to Success executing Suite SelectHeels]]>
    </line>
    <line>
      <![CDATA[Test Method resides in Tests.qwizTests]]>
    </line>
    <line>
      <![CDATA[Test Status: Pass]]>
    </line>
    <line>
      <![CDATA[About to Success executing Suite SelectHeels]]>
    </line>
    <line>
      <![CDATA[Test Method resides in Tests.qwizTests]]>
    </line>
    <line>
      <![CDATA[Test Status: Pass]]>
    </line>
    <line>
      <![CDATA[About to begin executing following method : qwizTests.SelectFabrics]]>
    </line>
    <line>
      <![CDATA[Completed executing following method : qwizTests.SelectFabrics]]>
    </line>
    <line>
      <![CDATA[About to Success executing Suite SelectFabrics]]>
    </line>
    <line>
      <![CDATA[Test Method resides in Tests.qwizTests]]>
    </line>
    <line>
      <![CDATA[Test Status: Pass]]>
    </line>
    <line>
      <![CDATA[About to Success executing Suite SelectFabrics]]>
    </line>
    <line>
      <![CDATA[Test Method resides in Tests.qwizTests]]>
    </line>
    <line>
      <![CDATA[Test Status: Pass]]>
    </line>
    <line>
      <![CDATA[About to begin executing following method : qwizTests.SelectPrints]]>
    </line>
    <line>
      <![CDATA[Completed executing following method : qwizTests.SelectPrints]]>
    </line>
    <line>
      <![CDATA[About to Success executing Suite SelectPrints]]>
    </line>
    <line>
      <![CDATA[Test Method resides in Tests.qwizTests]]>
    </line>
    <line>
      <![CDATA[Test Status: Pass]]>
    </line>
    <line>
      <![CDATA[About to Success executing Suite SelectPrints]]>
    </line>
    <line>
      <![CDATA[Test Method resides in Tests.qwizTests]]>
    </line>
    <line>
      <![CDATA[Test Status: Pass]]>
    </line>
    <line>
      <![CDATA[About to begin executing following method : qwizTests.SelectSize]]>
    </line>
    <line>
      <![CDATA[Completed executing following method : qwizTests.SelectSize]]>
    </line>
    <line>
      <![CDATA[About to Success executing Suite SelectSize]]>
    </line>
    <line>
      <![CDATA[Test Method resides in Tests.qwizTests]]>
    </line>
    <line>
      <![CDATA[Test Status: Pass]]>
    </line>
    <line>
      <![CDATA[About to Success executing Suite SelectSize]]>
    </line>
    <line>
      <![CDATA[Test Method resides in Tests.qwizTests]]>
    </line>
    <line>
      <![CDATA[Test Status: Pass]]>
    </line>
    <line>
      <![CDATA[About to begin executing following method : qwizTests.SelectComfortZone]]>
    </line>
    <line>
      <![CDATA[Completed executing following method : qwizTests.SelectComfortZone]]>
    </line>
    <line>
      <![CDATA[About to Success executing Suite SelectComfortZone]]>
    </line>
    <line>
      <![CDATA[Test Method resides in Tests.qwizTests]]>
    </line>
    <line>
      <![CDATA[Test Status: Pass]]>
    </line>
    <line>
      <![CDATA[About to Success executing Suite SelectComfortZone]]>
    </line>
    <line>
      <![CDATA[Test Method resides in Tests.qwizTests]]>
    </line>
    <line>
      <![CDATA[Test Status: Pass]]>
    </line>
    <line>
      <![CDATA[About to begin executing following method : qwizTests.SelectJEWELRY]]>
    </line>
    <line>
      <![CDATA[Completed executing following method : qwizTests.SelectJEWELRY]]>
    </line>
    <line>
      <![CDATA[About to Success executing Suite SelectJEWELRY]]>
    </line>
    <line>
      <![CDATA[Test Method resides in Tests.qwizTests]]>
    </line>
    <line>
      <![CDATA[Test Status: Pass]]>
    </line>
    <line>
      <![CDATA[About to Success executing Suite SelectJEWELRY]]>
    </line>
    <line>
      <![CDATA[Test Method resides in Tests.qwizTests]]>
    </line>
    <line>
      <![CDATA[Test Status: Pass]]>
    </line>
    <line>
      <![CDATA[About to begin executing following method : qwizTests.SelectBrands]]>
    </line>
    <line>
      <![CDATA[Completed executing following method : qwizTests.SelectBrands]]>
    </line>
    <line>
      <![CDATA[About to Success executing Suite SelectBrands]]>
    </line>
    <line>
      <![CDATA[Test Method resides in Tests.qwizTests]]>
    </line>
    <line>
      <![CDATA[Test Status: Pass]]>
    </line>
    <line>
      <![CDATA[About to Success executing Suite SelectBrands]]>
    </line>
    <line>
      <![CDATA[Test Method resides in Tests.qwizTests]]>
    </line>
    <line>
      <![CDATA[Test Status: Pass]]>
    </line>
    <line>
      <![CDATA[About to begin executing following method : qwizTests.SelectInventory]]>
    </line>
    <line>
      <![CDATA[Completed executing following method : qwizTests.SelectInventory]]>
    </line>
    <line>
      <![CDATA[About to Success executing Suite SelectInventory]]>
    </line>
    <line>
      <![CDATA[Test Method resides in Tests.qwizTests]]>
    </line>
    <line>
      <![CDATA[Test Status: Pass]]>
    </line>
    <line>
      <![CDATA[About to Success executing Suite SelectInventory]]>
    </line>
    <line>
      <![CDATA[Test Method resides in Tests.qwizTests]]>
    </line>
    <line>
      <![CDATA[Test Status: Pass]]>
    </line>
    <line>
      <![CDATA[Completed executing test qwizTests]]>
    </line>
    <line>
      <![CDATA[Completed executing test qwizTests]]>
    </line>
    <line>
      <![CDATA[About to begin executing Test BookingTests]]>
    </line>
    <line>
      <![CDATA[About to begin executing Test BookingTests]]>
    </line>
    <line>
      <![CDATA[About to begin executing following method : BaseTest.setup]]>
    </line>
    <line>
      <![CDATA[Completed executing following method : BaseTest.setup]]>
    </line>
    <line>
      <![CDATA[About to begin executing following method : BookingTests.DoSignUp]]>
    </line>
    <line>
      <![CDATA[Completed executing following method : BookingTests.DoSignUp]]>
    </line>
    <line>
      <![CDATA[About to Failure executing Suite DoSignUp]]>
    </line>
    <line>
      <![CDATA[Test Method resides in Tests.BookingTests]]>
    </line>
    <line>
      <![CDATA[Test Status: Failed]]>
    </line>
    <line>
      <![CDATA[About to Failure executing Suite DoSignUp]]>
    </line>
    <line>
      <![CDATA[Test Method resides in Tests.BookingTests]]>
    </line>
    <line>
      <![CDATA[Test Status: Failed]]>
    </line>
    <line>
      <![CDATA[About to begin executing following method : BookingTests.CheckOutSession]]>
    </line>
    <line>
      <![CDATA[Completed executing following method : BookingTests.CheckOutSession]]>
    </line>
    <line>
      <![CDATA[About to Failure executing Suite CheckOutSession]]>
    </line>
    <line>
      <![CDATA[Test Method resides in Tests.BookingTests]]>
    </line>
    <line>
      <![CDATA[Test Status: Failed]]>
    </line>
    <line>
      <![CDATA[About to Failure executing Suite CheckOutSession]]>
    </line>
    <line>
      <![CDATA[Test Method resides in Tests.BookingTests]]>
    </line>
    <line>
      <![CDATA[Test Status: Failed]]>
    </line>
    <line>
      <![CDATA[About to begin executing following method : BookingTests.CheckoutUnlimitedCreditCard]]>
    </line>
    <line>
      <![CDATA[Completed executing following method : BookingTests.CheckoutUnlimitedCreditCard]]>
    </line>
    <line>
      <![CDATA[About to Failure executing Suite CheckoutUnlimitedCreditCard]]>
    </line>
    <line>
      <![CDATA[Test Method resides in Tests.BookingTests]]>
    </line>
    <line>
      <![CDATA[Test Status: Failed]]>
    </line>
    <line>
      <![CDATA[About to Failure executing Suite CheckoutUnlimitedCreditCard]]>
    </line>
    <line>
      <![CDATA[Test Method resides in Tests.BookingTests]]>
    </line>
    <line>
      <![CDATA[Test Status: Failed]]>
    </line>
  </reporter-output>
  <suite name="Suite" duration-ms="1710570" started-at="2018-08-27T11:46:29Z" finished-at="2018-08-27T12:15:00Z">
    <groups>
      <group name="sanity-group">
        <method signature="LoginWithFacbookTests.LoginWithFacbook()[pri:3, instance:Tests.LoginWithFacbookTests@77ec78b9]" name="LoginWithFacbook" class="Tests.LoginWithFacbookTests"/>
        <method signature="LoginWithFacbookTestsFail.LoginWithFacbookWrongPassword()[pri:1, instance:Tests.LoginWithFacbookTestsFail@74a10858]" name="LoginWithFacbookWrongPassword" class="Tests.LoginWithFacbookTestsFail"/>
        <method signature="LoginWithFacbookTestsFail.LoginWithFacbookWrongUserName()[pri:2, instance:Tests.LoginWithFacbookTestsFail@74a10858]" name="LoginWithFacbookWrongUserName" class="Tests.LoginWithFacbookTestsFail"/>
        <method signature="SignUpByFacbookTestsFail.SignUpWithFacbookWitOutEmail()[pri:2, instance:Tests.SignUpByFacbookTestsFail@51c8530f]" name="SignUpWithFacbookWitOutEmail" class="Tests.SignUpByFacbookTestsFail"/>
        <method signature="SignUpByFacbookTestsFail.SignUpWithFacbookWitOutPassword()[pri:3, instance:Tests.SignUpByFacbookTestsFail@51c8530f]" name="SignUpWithFacbookWitOutPassword" class="Tests.SignUpByFacbookTestsFail"/>
        <method signature="SignUpByFacbookTestsFail.SignUpWithFacbookWrongPassword()[pri:4, instance:Tests.SignUpByFacbookTestsFail@51c8530f]" name="SignUpWithFacbookWrongPassword" class="Tests.SignUpByFacbookTestsFail"/>
        <method signature="SignUpByFacbookTestsFail.SignUpWithFacbookWrongUserName()[pri:5, instance:Tests.SignUpByFacbookTestsFail@51c8530f]" name="SignUpWithFacbookWrongUserName" class="Tests.SignUpByFacbookTestsFail"/>
        <method signature="SignUpByFacbookTestsSucses.SignUpWithFacbook()[pri:5, instance:Tests.SignUpByFacbookTestsSucses@17d0685f]" name="SignUpWithFacbook" class="Tests.SignUpByFacbookTestsSucses"/>
        <method signature="BestExpensiveMaleMatchTests.BMExpensiveMale()[pri:6, instance:Tests.BestExpensiveMaleMatchTests@365185bd]" name="BMExpensiveMale" class="Tests.BestExpensiveMaleMatchTests"/>
        <method signature="BestMatchExpensiveFeamleTests.BMExpensiveFeamle()[pri:3, instance:Tests.BestMatchExpensiveFeamleTests@6ec8211c]" name="BMExpensiveFeamle" class="Tests.BestMatchExpensiveFeamleTests"/>
        <method signature="BestMatchLowFeamleTests.BMLowFeamle()[pri:2, instance:Tests.BestMatchLowFeamleTests@1786f9d5]" name="BMLowFeamle" class="Tests.BestMatchLowFeamleTests"/>
        <method signature="BestMatchLowMaleTests.BMLowMale()[pri:5, instance:Tests.BestMatchLowMaleTests@10a035a0]" name="BMLowMale" class="Tests.BestMatchLowMaleTests"/>
        <method signature="BestMatchNaturalTests.BMNatural()[pri:7, instance:Tests.BestMatchNaturalTests@646007f4]" name="BMNatural" class="Tests.BestMatchNaturalTests"/>
        <method signature="BestMatchNormalFeamleTests.BMNormalFeamle()[pri:1, instance:Tests.BestMatchNormalFeamleTests@4c762604]" name="BMNormalFeamle" class="Tests.BestMatchNormalFeamleTests"/>
        <method signature="BestMatchNormalMaleTests.BMNormalMale()[pri:4, instance:Tests.BestMatchNormalMaleTests@319b92f3]" name="BMNormalMale" class="Tests.BestMatchNormalMaleTests"/>
        <method signature="ChatTests.LoginAsStylist()[pri:1, instance:Tests.ChatTests@376b4233]" name="LoginAsStylist" class="Tests.ChatTests"/>
        <method signature="ChatTests.SendChatToStylist()[pri:3, instance:Tests.ChatTests@376b4233]" name="SendChatToStylist" class="Tests.ChatTests"/>
        <method signature="ChatTests.SendChatToclient()[pri:2, instance:Tests.ChatTests@376b4233]" name="SendChatToclient" class="Tests.ChatTests"/>
        <method signature="LoginTests2.ClickLoginwWithOutToFillAnyFields()[pri:5, instance:Tests.LoginTests2@fe18270]" name="ClickLoginwWithOutToFillAnyFields" class="Tests.LoginTests2"/>
        <method signature="LoginTests2.DoLogin()[pri:2, instance:Tests.LoginTests2@fe18270]" name="DoLogin" class="Tests.LoginTests2"/>
        <method signature="LoginTests2.FillCorrectEmailWithWrongPassword()[pri:6, instance:Tests.LoginTests2@fe18270]" name="FillCorrectEmailWithWrongPassword" class="Tests.LoginTests2"/>
        <method signature="LoginTests2.FillCorrectPasswordWithWrongEmail()[pri:7, instance:Tests.LoginTests2@fe18270]" name="FillCorrectPasswordWithWrongEmail" class="Tests.LoginTests2"/>
        <method signature="LoginTests2.FillEmailWithOutToFillPassword()[pri:4, instance:Tests.LoginTests2@fe18270]" name="FillEmailWithOutToFillPassword" class="Tests.LoginTests2"/>
        <method signature="LoginTests2.FillPasswordWithOutToFillEmail()[pri:3, instance:Tests.LoginTests2@fe18270]" name="FillPasswordWithOutToFillEmail" class="Tests.LoginTests2"/>
        <method signature="LoginTests2.LoginClickable()[pri:1, instance:Tests.LoginTests2@fe18270]" name="LoginClickable" class="Tests.LoginTests2"/>
        <method signature="SignUpTest.DoSignUp()[pri:5, instance:Tests.SignUpTest@281e3708]" name="DoSignUp" class="Tests.SignUpTest"/>
        <method signature="SignUpTest.FillEmailWithoutDotCom()[pri:3, instance:Tests.SignUpTest@281e3708]" name="FillEmailWithoutDotCom" class="Tests.SignUpTest"/>
        <method signature="SignUpTest.FillEmailWitoutShtudel()[pri:2, instance:Tests.SignUpTest@281e3708]" name="FillEmailWitoutShtudel" class="Tests.SignUpTest"/>
        <method signature="SignUpTest.FillPsswordWithLessthan6Characters()[pri:4, instance:Tests.SignUpTest@281e3708]" name="FillPsswordWithLessthan6Characters" class="Tests.SignUpTest"/>
        <method signature="SignUpTest.SignUpClickable()[pri:1, instance:Tests.SignUpTest@281e3708]" name="SignUpClickable" class="Tests.SignUpTest"/>
        <method signature="qwizTests.CheckOutSession()[pri:2, instance:Tests.qwizTests@6d3af739]" name="CheckOutSession" class="Tests.qwizTests"/>
        <method signature="qwizTests.DoSignUp()[pri:1, instance:Tests.qwizTests@6d3af739]" name="DoSignUp" class="Tests.qwizTests"/>
        <method signature="qwizTests.SelectBodyType()[pri:4, instance:Tests.qwizTests@6d3af739]" name="SelectBodyType" class="Tests.qwizTests"/>
        <method signature="qwizTests.SelectBrands()[pri:15, instance:Tests.qwizTests@6d3af739]" name="SelectBrands" class="Tests.qwizTests"/>
        <method signature="qwizTests.SelectClothingPreferences()[pri:8, instance:Tests.qwizTests@6d3af739]" name="SelectClothingPreferences" class="Tests.qwizTests"/>
        <method signature="qwizTests.SelectColors()[pri:6, instance:Tests.qwizTests@6d3af739]" name="SelectColors" class="Tests.qwizTests"/>
        <method signature="qwizTests.SelectComfortZone()[pri:13, instance:Tests.qwizTests@6d3af739]" name="SelectComfortZone" class="Tests.qwizTests"/>
        <method signature="qwizTests.SelectEvent()[pri:3, instance:Tests.qwizTests@6d3af739]" name="SelectEvent" class="Tests.qwizTests"/>
        <method signature="qwizTests.SelectFabrics()[pri:10, instance:Tests.qwizTests@6d3af739]" name="SelectFabrics" class="Tests.qwizTests"/>
        <method signature="qwizTests.SelectHeels()[pri:9, instance:Tests.qwizTests@6d3af739]" name="SelectHeels" class="Tests.qwizTests"/>
        <method signature="qwizTests.SelectHeight()[pri:5, instance:Tests.qwizTests@6d3af739]" name="SelectHeight" class="Tests.qwizTests"/>
        <method signature="qwizTests.SelectHighlight()[pri:7, instance:Tests.qwizTests@6d3af739]" name="SelectHighlight" class="Tests.qwizTests"/>
        <method signature="qwizTests.SelectInventory()[pri:16, instance:Tests.qwizTests@6d3af739]" name="SelectInventory" class="Tests.qwizTests"/>
        <method signature="qwizTests.SelectJEWELRY()[pri:14, instance:Tests.qwizTests@6d3af739]" name="SelectJEWELRY" class="Tests.qwizTests"/>
        <method signature="qwizTests.SelectPrints()[pri:11, instance:Tests.qwizTests@6d3af739]" name="SelectPrints" class="Tests.qwizTests"/>
        <method signature="qwizTests.SelectSize()[pri:12, instance:Tests.qwizTests@6d3af739]" name="SelectSize" class="Tests.qwizTests"/>
        <method signature="BookingTests.CheckOutSession()[pri:2, instance:Tests.BookingTests@4b53f538]" name="CheckOutSession" class="Tests.BookingTests"/>
        <method signature="BookingTests.CheckoutUnlimitedCreditCard()[pri:3, instance:Tests.BookingTests@4b53f538]" name="CheckoutUnlimitedCreditCard" class="Tests.BookingTests"/>
        <method signature="BookingTests.DoSignUp()[pri:1, instance:Tests.BookingTests@4b53f538]" name="DoSignUp" class="Tests.BookingTests"/>
      </group> <!-- sanity-group -->
    </groups>
    <test name="LoginWithFacbookTests" duration-ms="36345" started-at="2018-08-27T11:46:29Z" finished-at="2018-08-27T11:47:06Z">
      <class name="Tests.LoginWithFacbookTests">
        <test-method status="PASS" signature="setup()[pri:0, instance:Tests.LoginWithFacbookTests@77ec78b9]" name="setup" is-config="true" duration-ms="22973" started-at="2018-08-27T11:46:29Z" finished-at="2018-08-27T11:46:52Z">
          <reporter-output>
            <line>
              <![CDATA[Completed executing following method : BaseTest.setup]]>
            </line>
          </reporter-output>
        </test-method> <!-- setup -->
        <test-method status="PASS" signature="LoginWithFacbook()[pri:3, instance:Tests.LoginWithFacbookTests@77ec78b9]" name="LoginWithFacbook" duration-ms="13356" started-at="2018-08-27T11:46:52Z" finished-at="2018-08-27T11:47:06Z">
          <reporter-output>
            <line>
              <![CDATA[About to begin executing following method : LoginWithFacbookTests.LoginWithFacbook]]>
            </line>
            <line>
              <![CDATA[Completed executing following method : LoginWithFacbookTests.LoginWithFacbook]]>
            </line>
            <line>
              <![CDATA[About to Success executing Suite LoginWithFacbook]]>
            </line>
            <line>
              <![CDATA[Test Method resides in Tests.LoginWithFacbookTests]]>
            </line>
            <line>
              <![CDATA[Test Status: Pass]]>
            </line>
            <line>
              <![CDATA[About to Success executing Suite LoginWithFacbook]]>
            </line>
            <line>
              <![CDATA[Test Method resides in Tests.LoginWithFacbookTests]]>
            </line>
            <line>
              <![CDATA[Test Status: Pass]]>
            </line>
          </reporter-output>
        </test-method> <!-- LoginWithFacbook -->
      </class> <!-- Tests.LoginWithFacbookTests -->
    </test> <!-- LoginWithFacbookTests -->
    <test name="LoginWithFacbookTestsFail" duration-ms="36261" started-at="2018-08-27T11:47:06Z" finished-at="2018-08-27T11:47:42Z">
      <class name="Tests.LoginWithFacbookTestsFail">
        <test-method status="PASS" signature="setup()[pri:0, instance:Tests.LoginWithFacbookTestsFail@74a10858]" name="setup" is-config="true" duration-ms="19414" started-at="2018-08-27T11:47:06Z" finished-at="2018-08-27T11:47:25Z">
          <reporter-output>
            <line>
              <![CDATA[Completed executing following method : BaseTest.setup]]>
            </line>
          </reporter-output>
        </test-method> <!-- setup -->
        <test-method status="PASS" signature="LoginWithFacbookWrongPassword()[pri:1, instance:Tests.LoginWithFacbookTestsFail@74a10858]" name="LoginWithFacbookWrongPassword" duration-ms="14397" started-at="2018-08-27T11:47:25Z" finished-at="2018-08-27T11:47:40Z">
          <reporter-output>
            <line>
              <![CDATA[About to begin executing following method : LoginWithFacbookTestsFail.LoginWithFacbookWrongPassword]]>
            </line>
            <line>
              <![CDATA[Completed executing following method : LoginWithFacbookTestsFail.LoginWithFacbookWrongPassword]]>
            </line>
            <line>
              <![CDATA[About to Success executing Suite LoginWithFacbookWrongPassword]]>
            </line>
            <line>
              <![CDATA[Test Method resides in Tests.LoginWithFacbookTestsFail]]>
            </line>
            <line>
              <![CDATA[Test Status: Pass]]>
            </line>
            <line>
              <![CDATA[About to Success executing Suite LoginWithFacbookWrongPassword]]>
            </line>
            <line>
              <![CDATA[Test Method resides in Tests.LoginWithFacbookTestsFail]]>
            </line>
            <line>
              <![CDATA[Test Status: Pass]]>
            </line>
          </reporter-output>
        </test-method> <!-- LoginWithFacbookWrongPassword -->
        <test-method status="PASS" signature="LoginWithFacbookWrongUserName()[pri:2, instance:Tests.LoginWithFacbookTestsFail@74a10858]" name="LoginWithFacbookWrongUserName" duration-ms="2441" started-at="2018-08-27T11:47:40Z" finished-at="2018-08-27T11:47:42Z">
          <reporter-output>
            <line>
              <![CDATA[About to begin executing following method : LoginWithFacbookTestsFail.LoginWithFacbookWrongUserName]]>
            </line>
            <line>
              <![CDATA[Completed executing following method : LoginWithFacbookTestsFail.LoginWithFacbookWrongUserName]]>
            </line>
            <line>
              <![CDATA[About to Success executing Suite LoginWithFacbookWrongUserName]]>
            </line>
            <line>
              <![CDATA[Test Method resides in Tests.LoginWithFacbookTestsFail]]>
            </line>
            <line>
              <![CDATA[Test Status: Pass]]>
            </line>
            <line>
              <![CDATA[About to Success executing Suite LoginWithFacbookWrongUserName]]>
            </line>
            <line>
              <![CDATA[Test Method resides in Tests.LoginWithFacbookTestsFail]]>
            </line>
            <line>
              <![CDATA[Test Status: Pass]]>
            </line>
          </reporter-output>
        </test-method> <!-- LoginWithFacbookWrongUserName -->
      </class> <!-- Tests.LoginWithFacbookTestsFail -->
    </test> <!-- LoginWithFacbookTestsFail -->
    <test name="SignUpByFacbookTestsFail" duration-ms="35602" started-at="2018-08-27T11:47:42Z" finished-at="2018-08-27T11:48:18Z">
      <class name="Tests.SignUpByFacbookTestsFail">
        <test-method status="PASS" signature="setup()[pri:0, instance:Tests.SignUpByFacbookTestsFail@51c8530f]" name="setup" is-config="true" duration-ms="17634" started-at="2018-08-27T11:47:42Z" finished-at="2018-08-27T11:48:00Z">
          <reporter-output>
            <line>
              <![CDATA[Completed executing following method : BaseTest.setup]]>
            </line>
          </reporter-output>
        </test-method> <!-- setup -->
        <test-method status="PASS" signature="SignUpWithFacbookWitOutEmail()[pri:2, instance:Tests.SignUpByFacbookTestsFail@51c8530f]" name="SignUpWithFacbookWitOutEmail" duration-ms="5943" started-at="2018-08-27T11:48:00Z" finished-at="2018-08-27T11:48:06Z">
          <reporter-output>
            <line>
              <![CDATA[About to begin executing following method : SignUpByFacbookTestsFail.SignUpWithFacbookWitOutEmail]]>
            </line>
            <line>
              <![CDATA[Completed executing following method : SignUpByFacbookTestsFail.SignUpWithFacbookWitOutEmail]]>
            </line>
            <line>
              <![CDATA[About to Success executing Suite SignUpWithFacbookWitOutEmail]]>
            </line>
            <line>
              <![CDATA[Test Method resides in Tests.SignUpByFacbookTestsFail]]>
            </line>
            <line>
              <![CDATA[Test Status: Pass]]>
            </line>
            <line>
              <![CDATA[About to Success executing Suite SignUpWithFacbookWitOutEmail]]>
            </line>
            <line>
              <![CDATA[Test Method resides in Tests.SignUpByFacbookTestsFail]]>
            </line>
            <line>
              <![CDATA[Test Status: Pass]]>
            </line>
          </reporter-output>
        </test-method> <!-- SignUpWithFacbookWitOutEmail -->
        <test-method status="PASS" signature="SignUpWithFacbookWitOutPassword()[pri:3, instance:Tests.SignUpByFacbookTestsFail@51c8530f]" name="SignUpWithFacbookWitOutPassword" duration-ms="1935" started-at="2018-08-27T11:48:06Z" finished-at="2018-08-27T11:48:08Z">
          <reporter-output>
            <line>
              <![CDATA[About to begin executing following method : SignUpByFacbookTestsFail.SignUpWithFacbookWitOutPassword]]>
            </line>
            <line>
              <![CDATA[Completed executing following method : SignUpByFacbookTestsFail.SignUpWithFacbookWitOutPassword]]>
            </line>
            <line>
              <![CDATA[About to Success executing Suite SignUpWithFacbookWitOutPassword]]>
            </line>
            <line>
              <![CDATA[Test Method resides in Tests.SignUpByFacbookTestsFail]]>
            </line>
            <line>
              <![CDATA[Test Status: Pass]]>
            </line>
            <line>
              <![CDATA[About to Success executing Suite SignUpWithFacbookWitOutPassword]]>
            </line>
            <line>
              <![CDATA[Test Method resides in Tests.SignUpByFacbookTestsFail]]>
            </line>
            <line>
              <![CDATA[Test Status: Pass]]>
            </line>
          </reporter-output>
        </test-method> <!-- SignUpWithFacbookWitOutPassword -->
        <test-method status="PASS" signature="SignUpWithFacbookWrongPassword()[pri:4, instance:Tests.SignUpByFacbookTestsFail@51c8530f]" name="SignUpWithFacbookWrongPassword" duration-ms="5042" started-at="2018-08-27T11:48:08Z" finished-at="2018-08-27T11:48:13Z">
          <reporter-output>
            <line>
              <![CDATA[About to begin executing following method : SignUpByFacbookTestsFail.SignUpWithFacbookWrongPassword]]>
            </line>
            <line>
              <![CDATA[Completed executing following method : SignUpByFacbookTestsFail.SignUpWithFacbookWrongPassword]]>
            </line>
            <line>
              <![CDATA[About to Success executing Suite SignUpWithFacbookWrongPassword]]>
            </line>
            <line>
              <![CDATA[Test Method resides in Tests.SignUpByFacbookTestsFail]]>
            </line>
            <line>
              <![CDATA[Test Status: Pass]]>
            </line>
            <line>
              <![CDATA[About to Success executing Suite SignUpWithFacbookWrongPassword]]>
            </line>
            <line>
              <![CDATA[Test Method resides in Tests.SignUpByFacbookTestsFail]]>
            </line>
            <line>
              <![CDATA[Test Status: Pass]]>
            </line>
          </reporter-output>
        </test-method> <!-- SignUpWithFacbookWrongPassword -->
        <test-method status="PASS" signature="SignUpWithFacbookWrongUserName()[pri:5, instance:Tests.SignUpByFacbookTestsFail@51c8530f]" name="SignUpWithFacbookWrongUserName" duration-ms="5043" started-at="2018-08-27T11:48:13Z" finished-at="2018-08-27T11:48:18Z">
          <reporter-output>
            <line>
              <![CDATA[About to begin executing following method : SignUpByFacbookTestsFail.SignUpWithFacbookWrongUserName]]>
            </line>
            <line>
              <![CDATA[Completed executing following method : SignUpByFacbookTestsFail.SignUpWithFacbookWrongUserName]]>
            </line>
            <line>
              <![CDATA[About to Success executing Suite SignUpWithFacbookWrongUserName]]>
            </line>
            <line>
              <![CDATA[Test Method resides in Tests.SignUpByFacbookTestsFail]]>
            </line>
            <line>
              <![CDATA[Test Status: Pass]]>
            </line>
            <line>
              <![CDATA[About to Success executing Suite SignUpWithFacbookWrongUserName]]>
            </line>
            <line>
              <![CDATA[Test Method resides in Tests.SignUpByFacbookTestsFail]]>
            </line>
            <line>
              <![CDATA[Test Status: Pass]]>
            </line>
          </reporter-output>
        </test-method> <!-- SignUpWithFacbookWrongUserName -->
      </class> <!-- Tests.SignUpByFacbookTestsFail -->
    </test> <!-- SignUpByFacbookTestsFail -->
    <test name="SignUpByFacbookTestsSucses" duration-ms="29772" started-at="2018-08-27T11:48:18Z" finished-at="2018-08-27T11:48:47Z">
      <class name="Tests.SignUpByFacbookTestsSucses">
        <test-method status="PASS" signature="setup()[pri:0, instance:Tests.SignUpByFacbookTestsSucses@17d0685f]" name="setup" is-config="true" duration-ms="17442" started-at="2018-08-27T11:48:18Z" finished-at="2018-08-27T11:48:35Z">
          <reporter-output>
            <line>
              <![CDATA[Completed executing following method : BaseTest.setup]]>
            </line>
          </reporter-output>
        </test-method> <!-- setup -->
        <test-method status="PASS" signature="SignUpWithFacbook()[pri:5, instance:Tests.SignUpByFacbookTestsSucses@17d0685f]" name="SignUpWithFacbook" duration-ms="12329" started-at="2018-08-27T11:48:35Z" finished-at="2018-08-27T11:48:47Z">
          <reporter-output>
            <line>
              <![CDATA[About to begin executing following method : SignUpByFacbookTestsSucses.SignUpWithFacbook]]>
            </line>
            <line>
              <![CDATA[Completed executing following method : SignUpByFacbookTestsSucses.SignUpWithFacbook]]>
            </line>
            <line>
              <![CDATA[About to Success executing Suite SignUpWithFacbook]]>
            </line>
            <line>
              <![CDATA[Test Method resides in Tests.SignUpByFacbookTestsSucses]]>
            </line>
            <line>
              <![CDATA[Test Status: Pass]]>
            </line>
            <line>
              <![CDATA[About to Success executing Suite SignUpWithFacbook]]>
            </line>
            <line>
              <![CDATA[Test Method resides in Tests.SignUpByFacbookTestsSucses]]>
            </line>
            <line>
              <![CDATA[Test Status: Pass]]>
            </line>
          </reporter-output>
        </test-method> <!-- SignUpWithFacbook -->
      </class> <!-- Tests.SignUpByFacbookTestsSucses -->
    </test> <!-- SignUpByFacbookTestsSucses -->
    <test name="BestExpensiveMaleMatchTests" duration-ms="144130" started-at="2018-08-27T11:48:47Z" finished-at="2018-08-27T11:51:12Z">
      <class name="Tests.BestExpensiveMaleMatchTests">
        <test-method status="PASS" signature="setup()[pri:0, instance:Tests.BestExpensiveMaleMatchTests@365185bd]" name="setup" is-config="true" duration-ms="18101" started-at="2018-08-27T11:48:47Z" finished-at="2018-08-27T11:49:06Z">
          <reporter-output>
            <line>
              <![CDATA[Completed executing following method : BaseTest.setup]]>
            </line>
          </reporter-output>
        </test-method> <!-- setup -->
        <test-method status="PASS" signature="BMExpensiveMale()[pri:6, instance:Tests.BestExpensiveMaleMatchTests@365185bd]" name="BMExpensiveMale" duration-ms="126028" started-at="2018-08-27T11:49:06Z" finished-at="2018-08-27T11:51:12Z">
          <reporter-output>
            <line>
              <![CDATA[About to begin executing following method : BestExpensiveMaleMatchTests.BMExpensiveMale]]>
            </line>
            <line>
              <![CDATA[Completed executing following method : BestExpensiveMaleMatchTests.BMExpensiveMale]]>
            </line>
            <line>
              <![CDATA[About to Success executing Suite BMExpensiveMale]]>
            </line>
            <line>
              <![CDATA[Test Method resides in Tests.BestExpensiveMaleMatchTests]]>
            </line>
            <line>
              <![CDATA[Test Status: Pass]]>
            </line>
            <line>
              <![CDATA[About to Success executing Suite BMExpensiveMale]]>
            </line>
            <line>
              <![CDATA[Test Method resides in Tests.BestExpensiveMaleMatchTests]]>
            </line>
            <line>
              <![CDATA[Test Status: Pass]]>
            </line>
          </reporter-output>
        </test-method> <!-- BMExpensiveMale -->
      </class> <!-- Tests.BestExpensiveMaleMatchTests -->
    </test> <!-- BestExpensiveMaleMatchTests -->
    <test name="BestMatchExpensiveFeamleTests" duration-ms="176225" started-at="2018-08-27T11:51:12Z" finished-at="2018-08-27T11:54:08Z">
      <class name="Tests.BestMatchExpensiveFeamleTests">
        <test-method status="PASS" signature="setup()[pri:0, instance:Tests.BestMatchExpensiveFeamleTests@6ec8211c]" name="setup" is-config="true" duration-ms="22087" started-at="2018-08-27T11:51:12Z" finished-at="2018-08-27T11:51:34Z">
          <reporter-output>
            <line>
              <![CDATA[Completed executing following method : BaseTest.setup]]>
            </line>
          </reporter-output>
        </test-method> <!-- setup -->
        <test-method status="PASS" signature="BMExpensiveFeamle()[pri:3, instance:Tests.BestMatchExpensiveFeamleTests@6ec8211c]" name="BMExpensiveFeamle" duration-ms="154136" started-at="2018-08-27T11:51:34Z" finished-at="2018-08-27T11:54:08Z">
          <reporter-output>
            <line>
              <![CDATA[About to begin executing following method : BestMatchExpensiveFeamleTests.BMExpensiveFeamle]]>
            </line>
            <line>
              <![CDATA[Completed executing following method : BestMatchExpensiveFeamleTests.BMExpensiveFeamle]]>
            </line>
            <line>
              <![CDATA[About to Success executing Suite BMExpensiveFeamle]]>
            </line>
            <line>
              <![CDATA[Test Method resides in Tests.BestMatchExpensiveFeamleTests]]>
            </line>
            <line>
              <![CDATA[Test Status: Pass]]>
            </line>
            <line>
              <![CDATA[About to Success executing Suite BMExpensiveFeamle]]>
            </line>
            <line>
              <![CDATA[Test Method resides in Tests.BestMatchExpensiveFeamleTests]]>
            </line>
            <line>
              <![CDATA[Test Status: Pass]]>
            </line>
          </reporter-output>
        </test-method> <!-- BMExpensiveFeamle -->
      </class> <!-- Tests.BestMatchExpensiveFeamleTests -->
    </test> <!-- BestMatchExpensiveFeamleTests -->
    <test name="BestMatchLowFeamleTests" duration-ms="168667" started-at="2018-08-27T11:54:08Z" finished-at="2018-08-27T11:56:56Z">
      <class name="Tests.BestMatchLowFeamleTests">
        <test-method status="PASS" signature="setup()[pri:0, instance:Tests.BestMatchLowFeamleTests@1786f9d5]" name="setup" is-config="true" duration-ms="17307" started-at="2018-08-27T11:54:08Z" finished-at="2018-08-27T11:54:25Z">
          <reporter-output>
            <line>
              <![CDATA[Completed executing following method : BaseTest.setup]]>
            </line>
          </reporter-output>
        </test-method> <!-- setup -->
        <test-method status="PASS" signature="BMLowFeamle()[pri:2, instance:Tests.BestMatchLowFeamleTests@1786f9d5]" name="BMLowFeamle" duration-ms="151359" started-at="2018-08-27T11:54:25Z" finished-at="2018-08-27T11:56:56Z">
          <reporter-output>
            <line>
              <![CDATA[About to begin executing following method : BestMatchLowFeamleTests.BMLowFeamle]]>
            </line>
            <line>
              <![CDATA[Completed executing following method : BestMatchLowFeamleTests.BMLowFeamle]]>
            </line>
            <line>
              <![CDATA[About to Success executing Suite BMLowFeamle]]>
            </line>
            <line>
              <![CDATA[Test Method resides in Tests.BestMatchLowFeamleTests]]>
            </line>
            <line>
              <![CDATA[Test Status: Pass]]>
            </line>
            <line>
              <![CDATA[About to Success executing Suite BMLowFeamle]]>
            </line>
            <line>
              <![CDATA[Test Method resides in Tests.BestMatchLowFeamleTests]]>
            </line>
            <line>
              <![CDATA[Test Status: Pass]]>
            </line>
          </reporter-output>
        </test-method> <!-- BMLowFeamle -->
      </class> <!-- Tests.BestMatchLowFeamleTests -->
    </test> <!-- BestMatchLowFeamleTests -->
    <test name="BestMatchLowMaleTests" duration-ms="144160" started-at="2018-08-27T11:56:56Z" finished-at="2018-08-27T11:59:21Z">
      <class name="Tests.BestMatchLowMaleTests">
        <test-method status="PASS" signature="setup()[pri:0, instance:Tests.BestMatchLowMaleTests@10a035a0]" name="setup" is-config="true" duration-ms="18773" started-at="2018-08-27T11:56:56Z" finished-at="2018-08-27T11:57:15Z">
          <reporter-output>
            <line>
              <![CDATA[Completed executing following method : BaseTest.setup]]>
            </line>
          </reporter-output>
        </test-method> <!-- setup -->
        <test-method status="PASS" signature="BMLowMale()[pri:5, instance:Tests.BestMatchLowMaleTests@10a035a0]" name="BMLowMale" duration-ms="125386" started-at="2018-08-27T11:57:15Z" finished-at="2018-08-27T11:59:21Z">
          <reporter-output>
            <line>
              <![CDATA[About to begin executing following method : BestMatchLowMaleTests.BMLowMale]]>
            </line>
            <line>
              <![CDATA[Completed executing following method : BestMatchLowMaleTests.BMLowMale]]>
            </line>
            <line>
              <![CDATA[About to Success executing Suite BMLowMale]]>
            </line>
            <line>
              <![CDATA[Test Method resides in Tests.BestMatchLowMaleTests]]>
            </line>
            <line>
              <![CDATA[Test Status: Pass]]>
            </line>
            <line>
              <![CDATA[About to Success executing Suite BMLowMale]]>
            </line>
            <line>
              <![CDATA[Test Method resides in Tests.BestMatchLowMaleTests]]>
            </line>
            <line>
              <![CDATA[Test Status: Pass]]>
            </line>
          </reporter-output>
        </test-method> <!-- BMLowMale -->
      </class> <!-- Tests.BestMatchLowMaleTests -->
    </test> <!-- BestMatchLowMaleTests -->
    <test name="BestMatchNaturalTests" duration-ms="100651" started-at="2018-08-27T11:59:21Z" finished-at="2018-08-27T12:01:01Z">
      <class name="Tests.BestMatchNaturalTests">
        <test-method status="PASS" signature="setup()[pri:0, instance:Tests.BestMatchNaturalTests@646007f4]" name="setup" is-config="true" duration-ms="18747" started-at="2018-08-27T11:59:21Z" finished-at="2018-08-27T11:59:39Z">
          <reporter-output>
            <line>
              <![CDATA[Completed executing following method : BaseTest.setup]]>
            </line>
          </reporter-output>
        </test-method> <!-- setup -->
        <test-method status="PASS" signature="BMNatural()[pri:7, instance:Tests.BestMatchNaturalTests@646007f4]" name="BMNatural" duration-ms="81902" started-at="2018-08-27T11:59:39Z" finished-at="2018-08-27T12:01:01Z">
          <reporter-output>
            <line>
              <![CDATA[About to begin executing following method : BestMatchNaturalTests.BMNatural]]>
            </line>
            <line>
              <![CDATA[Completed executing following method : BestMatchNaturalTests.BMNatural]]>
            </line>
            <line>
              <![CDATA[About to Success executing Suite BMNatural]]>
            </line>
            <line>
              <![CDATA[Test Method resides in Tests.BestMatchNaturalTests]]>
            </line>
            <line>
              <![CDATA[Test Status: Pass]]>
            </line>
            <line>
              <![CDATA[About to Success executing Suite BMNatural]]>
            </line>
            <line>
              <![CDATA[Test Method resides in Tests.BestMatchNaturalTests]]>
            </line>
            <line>
              <![CDATA[Test Status: Pass]]>
            </line>
          </reporter-output>
        </test-method> <!-- BMNatural -->
      </class> <!-- Tests.BestMatchNaturalTests -->
    </test> <!-- BestMatchNaturalTests -->
    <test name="BestMatchNormalFeamleTests" duration-ms="175239" started-at="2018-08-27T12:01:01Z" finished-at="2018-08-27T12:03:57Z">
      <class name="Tests.BestMatchNormalFeamleTests">
        <test-method status="PASS" signature="setup()[pri:0, instance:Tests.BestMatchNormalFeamleTests@4c762604]" name="setup" is-config="true" duration-ms="19234" started-at="2018-08-27T12:01:01Z" finished-at="2018-08-27T12:01:21Z">
          <reporter-output>
            <line>
              <![CDATA[Completed executing following method : BaseTest.setup]]>
            </line>
          </reporter-output>
        </test-method> <!-- setup -->
        <test-method status="PASS" signature="BMNormalFeamle()[pri:1, instance:Tests.BestMatchNormalFeamleTests@4c762604]" name="BMNormalFeamle" duration-ms="156003" started-at="2018-08-27T12:01:21Z" finished-at="2018-08-27T12:03:57Z">
          <reporter-output>
            <line>
              <![CDATA[About to begin executing following method : BestMatchNormalFeamleTests.BMNormalFeamle]]>
            </line>
            <line>
              <![CDATA[Completed executing following method : BestMatchNormalFeamleTests.BMNormalFeamle]]>
            </line>
            <line>
              <![CDATA[About to Success executing Suite BMNormalFeamle]]>
            </line>
            <line>
              <![CDATA[Test Method resides in Tests.BestMatchNormalFeamleTests]]>
            </line>
            <line>
              <![CDATA[Test Status: Pass]]>
            </line>
            <line>
              <![CDATA[About to Success executing Suite BMNormalFeamle]]>
            </line>
            <line>
              <![CDATA[Test Method resides in Tests.BestMatchNormalFeamleTests]]>
            </line>
            <line>
              <![CDATA[Test Status: Pass]]>
            </line>
          </reporter-output>
        </test-method> <!-- BMNormalFeamle -->
      </class> <!-- Tests.BestMatchNormalFeamleTests -->
    </test> <!-- BestMatchNormalFeamleTests -->
    <test name="BestMatchNormalMaleTests" duration-ms="143675" started-at="2018-08-27T12:03:57Z" finished-at="2018-08-27T12:06:20Z">
      <class name="Tests.BestMatchNormalMaleTests">
        <test-method status="PASS" signature="setup()[pri:0, instance:Tests.BestMatchNormalMaleTests@319b92f3]" name="setup" is-config="true" duration-ms="17283" started-at="2018-08-27T12:03:57Z" finished-at="2018-08-27T12:04:14Z">
          <reporter-output>
            <line>
              <![CDATA[Completed executing following method : BaseTest.setup]]>
            </line>
          </reporter-output>
        </test-method> <!-- setup -->
        <test-method status="PASS" signature="BMNormalMale()[pri:4, instance:Tests.BestMatchNormalMaleTests@319b92f3]" name="BMNormalMale" duration-ms="126390" started-at="2018-08-27T12:04:14Z" finished-at="2018-08-27T12:06:20Z">
          <reporter-output>
            <line>
              <![CDATA[About to begin executing following method : BestMatchNormalMaleTests.BMNormalMale]]>
            </line>
            <line>
              <![CDATA[Completed executing following method : BestMatchNormalMaleTests.BMNormalMale]]>
            </line>
            <line>
              <![CDATA[About to Success executing Suite BMNormalMale]]>
            </line>
            <line>
              <![CDATA[Test Method resides in Tests.BestMatchNormalMaleTests]]>
            </line>
            <line>
              <![CDATA[Test Status: Pass]]>
            </line>
            <line>
              <![CDATA[About to Success executing Suite BMNormalMale]]>
            </line>
            <line>
              <![CDATA[Test Method resides in Tests.BestMatchNormalMaleTests]]>
            </line>
            <line>
              <![CDATA[Test Status: Pass]]>
            </line>
          </reporter-output>
        </test-method> <!-- BMNormalMale -->
      </class> <!-- Tests.BestMatchNormalMaleTests -->
    </test> <!-- BestMatchNormalMaleTests -->
    <test name="ChatTests" duration-ms="104186" started-at="2018-08-27T12:06:20Z" finished-at="2018-08-27T12:08:04Z">
      <class name="Tests.ChatTests">
        <test-method status="PASS" signature="setup()[pri:0, instance:Tests.ChatTests@376b4233]" name="setup" is-config="true" duration-ms="18630" started-at="2018-08-27T12:06:20Z" finished-at="2018-08-27T12:06:39Z">
          <reporter-output>
            <line>
              <![CDATA[Completed executing following method : BaseTest.setup]]>
            </line>
          </reporter-output>
        </test-method> <!-- setup -->
        <test-method status="PASS" signature="LoginAsStylist()[pri:1, instance:Tests.ChatTests@376b4233]" name="LoginAsStylist" duration-ms="5831" started-at="2018-08-27T12:06:39Z" finished-at="2018-08-27T12:06:45Z">
          <reporter-output>
            <line>
              <![CDATA[About to begin executing following method : ChatTests.LoginAsStylist]]>
            </line>
            <line>
              <![CDATA[Completed executing following method : ChatTests.LoginAsStylist]]>
            </line>
            <line>
              <![CDATA[About to Success executing Suite LoginAsStylist]]>
            </line>
            <line>
              <![CDATA[Test Method resides in Tests.ChatTests]]>
            </line>
            <line>
              <![CDATA[Test Status: Pass]]>
            </line>
            <line>
              <![CDATA[About to Success executing Suite LoginAsStylist]]>
            </line>
            <line>
              <![CDATA[Test Method resides in Tests.ChatTests]]>
            </line>
            <line>
              <![CDATA[Test Status: Pass]]>
            </line>
          </reporter-output>
        </test-method> <!-- LoginAsStylist -->
        <test-method status="PASS" signature="SendChatToclient()[pri:2, instance:Tests.ChatTests@376b4233]" name="SendChatToclient" duration-ms="48327" started-at="2018-08-27T12:06:45Z" finished-at="2018-08-27T12:07:33Z">
          <reporter-output>
            <line>
              <![CDATA[About to begin executing following method : ChatTests.SendChatToclient]]>
            </line>
            <line>
              <![CDATA[Completed executing following method : ChatTests.SendChatToclient]]>
            </line>
            <line>
              <![CDATA[About to Success executing Suite SendChatToclient]]>
            </line>
            <line>
              <![CDATA[Test Method resides in Tests.ChatTests]]>
            </line>
            <line>
              <![CDATA[Test Status: Pass]]>
            </line>
            <line>
              <![CDATA[About to Success executing Suite SendChatToclient]]>
            </line>
            <line>
              <![CDATA[Test Method resides in Tests.ChatTests]]>
            </line>
            <line>
              <![CDATA[Test Status: Pass]]>
            </line>
          </reporter-output>
        </test-method> <!-- SendChatToclient -->
        <test-method status="PASS" signature="SendChatToStylist()[pri:3, instance:Tests.ChatTests@376b4233]" name="SendChatToStylist" duration-ms="31394" started-at="2018-08-27T12:07:33Z" finished-at="2018-08-27T12:08:04Z">
          <reporter-output>
            <line>
              <![CDATA[About to begin executing following method : ChatTests.SendChatToStylist]]>
            </line>
            <line>
              <![CDATA[Completed executing following method : ChatTests.SendChatToStylist]]>
            </line>
            <line>
              <![CDATA[About to Success executing Suite SendChatToStylist]]>
            </line>
            <line>
              <![CDATA[Test Method resides in Tests.ChatTests]]>
            </line>
            <line>
              <![CDATA[Test Status: Pass]]>
            </line>
            <line>
              <![CDATA[About to Success executing Suite SendChatToStylist]]>
            </line>
            <line>
              <![CDATA[Test Method resides in Tests.ChatTests]]>
            </line>
            <line>
              <![CDATA[Test Status: Pass]]>
            </line>
          </reporter-output>
        </test-method> <!-- SendChatToStylist -->
      </class> <!-- Tests.ChatTests -->
    </test> <!-- ChatTests -->
    <test name="LoginTests2" duration-ms="55366" started-at="2018-08-27T12:08:04Z" finished-at="2018-08-27T12:09:00Z">
      <class name="Tests.LoginTests2">
        <test-method status="PASS" signature="setup()[pri:0, instance:Tests.LoginTests2@fe18270]" name="setup" is-config="true" duration-ms="25783" started-at="2018-08-27T12:08:04Z" finished-at="2018-08-27T12:08:30Z">
          <reporter-output>
            <line>
              <![CDATA[Completed executing following method : BaseTest.setup]]>
            </line>
          </reporter-output>
        </test-method> <!-- setup -->
        <test-method status="PASS" signature="LoginClickable()[pri:1, instance:Tests.LoginTests2@fe18270]" name="LoginClickable" duration-ms="2645" started-at="2018-08-27T12:08:30Z" finished-at="2018-08-27T12:08:33Z">
          <reporter-output>
            <line>
              <![CDATA[About to begin executing following method : LoginTests2.LoginClickable]]>
            </line>
            <line>
              <![CDATA[Completed executing following method : LoginTests2.LoginClickable]]>
            </line>
            <line>
              <![CDATA[About to Success executing Suite LoginClickable]]>
            </line>
            <line>
              <![CDATA[Test Method resides in Tests.LoginTests2]]>
            </line>
            <line>
              <![CDATA[Test Status: Pass]]>
            </line>
            <line>
              <![CDATA[About to Success executing Suite LoginClickable]]>
            </line>
            <line>
              <![CDATA[Test Method resides in Tests.LoginTests2]]>
            </line>
            <line>
              <![CDATA[Test Status: Pass]]>
            </line>
          </reporter-output>
        </test-method> <!-- LoginClickable -->
        <test-method status="PASS" signature="DoLogin()[pri:2, instance:Tests.LoginTests2@fe18270]" name="DoLogin" duration-ms="4090" started-at="2018-08-27T12:08:33Z" finished-at="2018-08-27T12:08:37Z">
          <reporter-output>
            <line>
              <![CDATA[About to begin executing following method : LoginTests2.DoLogin]]>
            </line>
            <line>
              <![CDATA[Completed executing following method : LoginTests2.DoLogin]]>
            </line>
            <line>
              <![CDATA[About to Success executing Suite DoLogin]]>
            </line>
            <line>
              <![CDATA[Test Method resides in Tests.LoginTests2]]>
            </line>
            <line>
              <![CDATA[Test Status: Pass]]>
            </line>
            <line>
              <![CDATA[About to Success executing Suite DoLogin]]>
            </line>
            <line>
              <![CDATA[Test Method resides in Tests.LoginTests2]]>
            </line>
            <line>
              <![CDATA[Test Status: Pass]]>
            </line>
          </reporter-output>
        </test-method> <!-- DoLogin -->
        <test-method status="PASS" signature="FillPasswordWithOutToFillEmail()[pri:3, instance:Tests.LoginTests2@fe18270]" name="FillPasswordWithOutToFillEmail" duration-ms="4737" started-at="2018-08-27T12:08:37Z" finished-at="2018-08-27T12:08:42Z">
          <reporter-output>
            <line>
              <![CDATA[About to begin executing following method : LoginTests2.FillPasswordWithOutToFillEmail]]>
            </line>
            <line>
              <![CDATA[Completed executing following method : LoginTests2.FillPasswordWithOutToFillEmail]]>
            </line>
            <line>
              <![CDATA[About to Success executing Suite FillPasswordWithOutToFillEmail]]>
            </line>
            <line>
              <![CDATA[Test Method resides in Tests.LoginTests2]]>
            </line>
            <line>
              <![CDATA[Test Status: Pass]]>
            </line>
            <line>
              <![CDATA[About to Success executing Suite FillPasswordWithOutToFillEmail]]>
            </line>
            <line>
              <![CDATA[Test Method resides in Tests.LoginTests2]]>
            </line>
            <line>
              <![CDATA[Test Status: Pass]]>
            </line>
          </reporter-output>
        </test-method> <!-- FillPasswordWithOutToFillEmail -->
        <test-method status="PASS" signature="FillEmailWithOutToFillPassword()[pri:4, instance:Tests.LoginTests2@fe18270]" name="FillEmailWithOutToFillPassword" duration-ms="5476" started-at="2018-08-27T12:08:42Z" finished-at="2018-08-27T12:08:47Z">
          <reporter-output>
            <line>
              <![CDATA[About to begin executing following method : LoginTests2.FillEmailWithOutToFillPassword]]>
            </line>
            <line>
              <![CDATA[Completed executing following method : LoginTests2.FillEmailWithOutToFillPassword]]>
            </line>
            <line>
              <![CDATA[About to Success executing Suite FillEmailWithOutToFillPassword]]>
            </line>
            <line>
              <![CDATA[Test Method resides in Tests.LoginTests2]]>
            </line>
            <line>
              <![CDATA[Test Status: Pass]]>
            </line>
            <line>
              <![CDATA[About to Success executing Suite FillEmailWithOutToFillPassword]]>
            </line>
            <line>
              <![CDATA[Test Method resides in Tests.LoginTests2]]>
            </line>
            <line>
              <![CDATA[Test Status: Pass]]>
            </line>
          </reporter-output>
        </test-method> <!-- FillEmailWithOutToFillPassword -->
        <test-method status="PASS" signature="ClickLoginwWithOutToFillAnyFields()[pri:5, instance:Tests.LoginTests2@fe18270]" name="ClickLoginwWithOutToFillAnyFields" duration-ms="2524" started-at="2018-08-27T12:08:47Z" finished-at="2018-08-27T12:08:50Z">
          <reporter-output>
            <line>
              <![CDATA[About to begin executing following method : LoginTests2.ClickLoginwWithOutToFillAnyFields]]>
            </line>
            <line>
              <![CDATA[Completed executing following method : LoginTests2.ClickLoginwWithOutToFillAnyFields]]>
            </line>
            <line>
              <![CDATA[About to Success executing Suite ClickLoginwWithOutToFillAnyFields]]>
            </line>
            <line>
              <![CDATA[Test Method resides in Tests.LoginTests2]]>
            </line>
            <line>
              <![CDATA[Test Status: Pass]]>
            </line>
            <line>
              <![CDATA[About to Success executing Suite ClickLoginwWithOutToFillAnyFields]]>
            </line>
            <line>
              <![CDATA[Test Method resides in Tests.LoginTests2]]>
            </line>
            <line>
              <![CDATA[Test Status: Pass]]>
            </line>
          </reporter-output>
        </test-method> <!-- ClickLoginwWithOutToFillAnyFields -->
        <test-method status="PASS" signature="FillCorrectEmailWithWrongPassword()[pri:6, instance:Tests.LoginTests2@fe18270]" name="FillCorrectEmailWithWrongPassword" duration-ms="6144" started-at="2018-08-27T12:08:50Z" finished-at="2018-08-27T12:08:56Z">
          <reporter-output>
            <line>
              <![CDATA[About to begin executing following method : LoginTests2.FillCorrectEmailWithWrongPassword]]>
            </line>
            <line>
              <![CDATA[Completed executing following method : LoginTests2.FillCorrectEmailWithWrongPassword]]>
            </line>
            <line>
              <![CDATA[About to Success executing Suite FillCorrectEmailWithWrongPassword]]>
            </line>
            <line>
              <![CDATA[Test Method resides in Tests.LoginTests2]]>
            </line>
            <line>
              <![CDATA[Test Status: Pass]]>
            </line>
            <line>
              <![CDATA[About to Success executing Suite FillCorrectEmailWithWrongPassword]]>
            </line>
            <line>
              <![CDATA[Test Method resides in Tests.LoginTests2]]>
            </line>
            <line>
              <![CDATA[Test Status: Pass]]>
            </line>
          </reporter-output>
        </test-method> <!-- FillCorrectEmailWithWrongPassword -->
        <test-method status="PASS" signature="FillCorrectPasswordWithWrongEmail()[pri:7, instance:Tests.LoginTests2@fe18270]" name="FillCorrectPasswordWithWrongEmail" duration-ms="3955" started-at="2018-08-27T12:08:56Z" finished-at="2018-08-27T12:09:00Z">
          <reporter-output>
            <line>
              <![CDATA[About to begin executing following method : LoginTests2.FillCorrectPasswordWithWrongEmail]]>
            </line>
            <line>
              <![CDATA[Completed executing following method : LoginTests2.FillCorrectPasswordWithWrongEmail]]>
            </line>
            <line>
              <![CDATA[About to Success executing Suite FillCorrectPasswordWithWrongEmail]]>
            </line>
            <line>
              <![CDATA[Test Method resides in Tests.LoginTests2]]>
            </line>
            <line>
              <![CDATA[Test Status: Pass]]>
            </line>
            <line>
              <![CDATA[About to Success executing Suite FillCorrectPasswordWithWrongEmail]]>
            </line>
            <line>
              <![CDATA[Test Method resides in Tests.LoginTests2]]>
            </line>
            <line>
              <![CDATA[Test Status: Pass]]>
            </line>
          </reporter-output>
        </test-method> <!-- FillCorrectPasswordWithWrongEmail -->
      </class> <!-- Tests.LoginTests2 -->
    </test> <!-- LoginTests2 -->
    <test name="SignUpTest" duration-ms="43986" started-at="2018-08-27T12:09:00Z" finished-at="2018-08-27T12:09:44Z">
      <class name="Tests.SignUpTest">
        <test-method status="PASS" signature="setup()[pri:0, instance:Tests.SignUpTest@281e3708]" name="setup" is-config="true" duration-ms="18417" started-at="2018-08-27T12:09:00Z" finished-at="2018-08-27T12:09:18Z">
          <reporter-output>
            <line>
              <![CDATA[Completed executing following method : BaseTest.setup]]>
            </line>
          </reporter-output>
        </test-method> <!-- setup -->
        <test-method status="PASS" signature="SignUpClickable()[pri:1, instance:Tests.SignUpTest@281e3708]" name="SignUpClickable" duration-ms="1376" started-at="2018-08-27T12:09:18Z" finished-at="2018-08-27T12:09:20Z">
          <reporter-output>
            <line>
              <![CDATA[About to begin executing following method : SignUpTest.SignUpClickable]]>
            </line>
            <line>
              <![CDATA[Completed executing following method : SignUpTest.SignUpClickable]]>
            </line>
            <line>
              <![CDATA[About to Success executing Suite SignUpClickable]]>
            </line>
            <line>
              <![CDATA[Test Method resides in Tests.SignUpTest]]>
            </line>
            <line>
              <![CDATA[Test Status: Pass]]>
            </line>
            <line>
              <![CDATA[About to Success executing Suite SignUpClickable]]>
            </line>
            <line>
              <![CDATA[Test Method resides in Tests.SignUpTest]]>
            </line>
            <line>
              <![CDATA[Test Status: Pass]]>
            </line>
          </reporter-output>
        </test-method> <!-- SignUpClickable -->
        <test-method status="PASS" signature="FillEmailWitoutShtudel()[pri:2, instance:Tests.SignUpTest@281e3708]" name="FillEmailWitoutShtudel" duration-ms="4777" started-at="2018-08-27T12:09:20Z" finished-at="2018-08-27T12:09:24Z">
          <reporter-output>
            <line>
              <![CDATA[About to begin executing following method : SignUpTest.FillEmailWitoutShtudel]]>
            </line>
            <line>
              <![CDATA[Completed executing following method : SignUpTest.FillEmailWitoutShtudel]]>
            </line>
            <line>
              <![CDATA[About to Success executing Suite FillEmailWitoutShtudel]]>
            </line>
            <line>
              <![CDATA[Test Method resides in Tests.SignUpTest]]>
            </line>
            <line>
              <![CDATA[Test Status: Pass]]>
            </line>
            <line>
              <![CDATA[About to Success executing Suite FillEmailWitoutShtudel]]>
            </line>
            <line>
              <![CDATA[Test Method resides in Tests.SignUpTest]]>
            </line>
            <line>
              <![CDATA[Test Status: Pass]]>
            </line>
          </reporter-output>
        </test-method> <!-- FillEmailWitoutShtudel -->
        <test-method status="PASS" signature="FillEmailWithoutDotCom()[pri:3, instance:Tests.SignUpTest@281e3708]" name="FillEmailWithoutDotCom" duration-ms="6121" started-at="2018-08-27T12:09:24Z" finished-at="2018-08-27T12:09:30Z">
          <reporter-output>
            <line>
              <![CDATA[About to begin executing following method : SignUpTest.FillEmailWithoutDotCom]]>
            </line>
            <line>
              <![CDATA[Completed executing following method : SignUpTest.FillEmailWithoutDotCom]]>
            </line>
            <line>
              <![CDATA[About to Success executing Suite FillEmailWithoutDotCom]]>
            </line>
            <line>
              <![CDATA[Test Method resides in Tests.SignUpTest]]>
            </line>
            <line>
              <![CDATA[Test Status: Pass]]>
            </line>
            <line>
              <![CDATA[About to Success executing Suite FillEmailWithoutDotCom]]>
            </line>
            <line>
              <![CDATA[Test Method resides in Tests.SignUpTest]]>
            </line>
            <line>
              <![CDATA[Test Status: Pass]]>
            </line>
          </reporter-output>
        </test-method> <!-- FillEmailWithoutDotCom -->
        <test-method status="PASS" signature="FillPsswordWithLessthan6Characters()[pri:4, instance:Tests.SignUpTest@281e3708]" name="FillPsswordWithLessthan6Characters" duration-ms="6237" started-at="2018-08-27T12:09:30Z" finished-at="2018-08-27T12:09:37Z">
          <reporter-output>
            <line>
              <![CDATA[About to begin executing following method : SignUpTest.FillPsswordWithLessthan6Characters]]>
            </line>
            <line>
              <![CDATA[Completed executing following method : SignUpTest.FillPsswordWithLessthan6Characters]]>
            </line>
            <line>
              <![CDATA[About to Success executing Suite FillPsswordWithLessthan6Characters]]>
            </line>
            <line>
              <![CDATA[Test Method resides in Tests.SignUpTest]]>
            </line>
            <line>
              <![CDATA[Test Status: Pass]]>
            </line>
            <line>
              <![CDATA[About to Success executing Suite FillPsswordWithLessthan6Characters]]>
            </line>
            <line>
              <![CDATA[Test Method resides in Tests.SignUpTest]]>
            </line>
            <line>
              <![CDATA[Test Status: Pass]]>
            </line>
          </reporter-output>
        </test-method> <!-- FillPsswordWithLessthan6Characters -->
        <test-method status="PASS" signature="DoSignUp()[pri:5, instance:Tests.SignUpTest@281e3708]" name="DoSignUp" duration-ms="7051" started-at="2018-08-27T12:09:37Z" finished-at="2018-08-27T12:09:44Z">
          <reporter-output>
            <line>
              <![CDATA[About to begin executing following method : SignUpTest.DoSignUp]]>
            </line>
            <line>
              <![CDATA[Completed executing following method : SignUpTest.DoSignUp]]>
            </line>
            <line>
              <![CDATA[About to Success executing Suite DoSignUp]]>
            </line>
            <line>
              <![CDATA[Test Method resides in Tests.SignUpTest]]>
            </line>
            <line>
              <![CDATA[Test Status: Pass]]>
            </line>
            <line>
              <![CDATA[About to Success executing Suite DoSignUp]]>
            </line>
            <line>
              <![CDATA[Test Method resides in Tests.SignUpTest]]>
            </line>
            <line>
              <![CDATA[Test Status: Pass]]>
            </line>
          </reporter-output>
        </test-method> <!-- DoSignUp -->
      </class> <!-- Tests.SignUpTest -->
    </test> <!-- SignUpTest -->
    <test name="qwizTests" duration-ms="192105" started-at="2018-08-27T12:09:44Z" finished-at="2018-08-27T12:12:56Z">
      <class name="Tests.qwizTests">
        <test-method status="PASS" signature="setup()[pri:0, instance:Tests.qwizTests@6d3af739]" name="setup" is-config="true" duration-ms="19357" started-at="2018-08-27T12:09:44Z" finished-at="2018-08-27T12:10:03Z">
          <reporter-output>
            <line>
              <![CDATA[Completed executing following method : BaseTest.setup]]>
            </line>
          </reporter-output>
        </test-method> <!-- setup -->
        <test-method status="PASS" signature="DoSignUp()[pri:1, instance:Tests.qwizTests@6d3af739]" name="DoSignUp" duration-ms="69335" started-at="2018-08-27T12:10:03Z" finished-at="2018-08-27T12:11:12Z">
          <reporter-output>
            <line>
              <![CDATA[About to begin executing following method : qwizTests.DoSignUp]]>
            </line>
            <line>
              <![CDATA[Completed executing following method : qwizTests.DoSignUp]]>
            </line>
            <line>
              <![CDATA[About to Success executing Suite DoSignUp]]>
            </line>
            <line>
              <![CDATA[Test Method resides in Tests.qwizTests]]>
            </line>
            <line>
              <![CDATA[Test Status: Pass]]>
            </line>
            <line>
              <![CDATA[About to Success executing Suite DoSignUp]]>
            </line>
            <line>
              <![CDATA[Test Method resides in Tests.qwizTests]]>
            </line>
            <line>
              <![CDATA[Test Status: Pass]]>
            </line>
          </reporter-output>
        </test-method> <!-- DoSignUp -->
        <test-method status="PASS" signature="CheckOutSession()[pri:2, instance:Tests.qwizTests@6d3af739]" name="CheckOutSession" duration-ms="25274" started-at="2018-08-27T12:11:12Z" finished-at="2018-08-27T12:11:38Z">
          <reporter-output>
            <line>
              <![CDATA[About to begin executing following method : qwizTests.CheckOutSession]]>
            </line>
            <line>
              <![CDATA[Completed executing following method : qwizTests.CheckOutSession]]>
            </line>
            <line>
              <![CDATA[About to Success executing Suite CheckOutSession]]>
            </line>
            <line>
              <![CDATA[Test Method resides in Tests.qwizTests]]>
            </line>
            <line>
              <![CDATA[Test Status: Pass]]>
            </line>
            <line>
              <![CDATA[About to Success executing Suite CheckOutSession]]>
            </line>
            <line>
              <![CDATA[Test Method resides in Tests.qwizTests]]>
            </line>
            <line>
              <![CDATA[Test Status: Pass]]>
            </line>
          </reporter-output>
        </test-method> <!-- CheckOutSession -->
        <test-method status="PASS" signature="SelectEvent()[pri:3, instance:Tests.qwizTests@6d3af739]" name="SelectEvent" duration-ms="4951" started-at="2018-08-27T12:11:38Z" finished-at="2018-08-27T12:11:43Z">
          <reporter-output>
            <line>
              <![CDATA[About to begin executing following method : qwizTests.SelectEvent]]>
            </line>
            <line>
              <![CDATA[Completed executing following method : qwizTests.SelectEvent]]>
            </line>
            <line>
              <![CDATA[About to Success executing Suite SelectEvent]]>
            </line>
            <line>
              <![CDATA[Test Method resides in Tests.qwizTests]]>
            </line>
            <line>
              <![CDATA[Test Status: Pass]]>
            </line>
            <line>
              <![CDATA[About to Success executing Suite SelectEvent]]>
            </line>
            <line>
              <![CDATA[Test Method resides in Tests.qwizTests]]>
            </line>
            <line>
              <![CDATA[Test Status: Pass]]>
            </line>
          </reporter-output>
        </test-method> <!-- SelectEvent -->
        <test-method status="PASS" signature="SelectBodyType()[pri:4, instance:Tests.qwizTests@6d3af739]" name="SelectBodyType" duration-ms="2321" started-at="2018-08-27T12:11:43Z" finished-at="2018-08-27T12:11:45Z">
          <reporter-output>
            <line>
              <![CDATA[About to begin executing following method : qwizTests.SelectBodyType]]>
            </line>
            <line>
              <![CDATA[Completed executing following method : qwizTests.SelectBodyType]]>
            </line>
            <line>
              <![CDATA[About to Success executing Suite SelectBodyType]]>
            </line>
            <line>
              <![CDATA[Test Method resides in Tests.qwizTests]]>
            </line>
            <line>
              <![CDATA[Test Status: Pass]]>
            </line>
            <line>
              <![CDATA[About to Success executing Suite SelectBodyType]]>
            </line>
            <line>
              <![CDATA[Test Method resides in Tests.qwizTests]]>
            </line>
            <line>
              <![CDATA[Test Status: Pass]]>
            </line>
          </reporter-output>
        </test-method> <!-- SelectBodyType -->
        <test-method status="PASS" signature="SelectHeight()[pri:5, instance:Tests.qwizTests@6d3af739]" name="SelectHeight" duration-ms="5584" started-at="2018-08-27T12:11:45Z" finished-at="2018-08-27T12:11:51Z">
          <reporter-output>
            <line>
              <![CDATA[About to begin executing following method : qwizTests.SelectHeight]]>
            </line>
            <line>
              <![CDATA[Completed executing following method : qwizTests.SelectHeight]]>
            </line>
            <line>
              <![CDATA[About to Success executing Suite SelectHeight]]>
            </line>
            <line>
              <![CDATA[Test Method resides in Tests.qwizTests]]>
            </line>
            <line>
              <![CDATA[Test Status: Pass]]>
            </line>
            <line>
              <![CDATA[About to Success executing Suite SelectHeight]]>
            </line>
            <line>
              <![CDATA[Test Method resides in Tests.qwizTests]]>
            </line>
            <line>
              <![CDATA[Test Status: Pass]]>
            </line>
          </reporter-output>
        </test-method> <!-- SelectHeight -->
        <test-method status="PASS" signature="SelectColors()[pri:6, instance:Tests.qwizTests@6d3af739]" name="SelectColors" duration-ms="5537" started-at="2018-08-27T12:11:51Z" finished-at="2018-08-27T12:11:56Z">
          <reporter-output>
            <line>
              <![CDATA[About to begin executing following method : qwizTests.SelectColors]]>
            </line>
            <line>
              <![CDATA[Completed executing following method : qwizTests.SelectColors]]>
            </line>
            <line>
              <![CDATA[About to Success executing Suite SelectColors]]>
            </line>
            <line>
              <![CDATA[Test Method resides in Tests.qwizTests]]>
            </line>
            <line>
              <![CDATA[Test Status: Pass]]>
            </line>
            <line>
              <![CDATA[About to Success executing Suite SelectColors]]>
            </line>
            <line>
              <![CDATA[Test Method resides in Tests.qwizTests]]>
            </line>
            <line>
              <![CDATA[Test Status: Pass]]>
            </line>
          </reporter-output>
        </test-method> <!-- SelectColors -->
        <test-method status="PASS" signature="SelectHighlight()[pri:7, instance:Tests.qwizTests@6d3af739]" name="SelectHighlight" duration-ms="5473" started-at="2018-08-27T12:11:56Z" finished-at="2018-08-27T12:12:02Z">
          <reporter-output>
            <line>
              <![CDATA[About to begin executing following method : qwizTests.SelectHighlight]]>
            </line>
            <line>
              <![CDATA[Completed executing following method : qwizTests.SelectHighlight]]>
            </line>
            <line>
              <![CDATA[About to Success executing Suite SelectHighlight]]>
            </line>
            <line>
              <![CDATA[Test Method resides in Tests.qwizTests]]>
            </line>
            <line>
              <![CDATA[Test Status: Pass]]>
            </line>
            <line>
              <![CDATA[About to Success executing Suite SelectHighlight]]>
            </line>
            <line>
              <![CDATA[Test Method resides in Tests.qwizTests]]>
            </line>
            <line>
              <![CDATA[Test Status: Pass]]>
            </line>
          </reporter-output>
        </test-method> <!-- SelectHighlight -->
        <test-method status="PASS" signature="SelectClothingPreferences()[pri:8, instance:Tests.qwizTests@6d3af739]" name="SelectClothingPreferences" duration-ms="5475" started-at="2018-08-27T12:12:02Z" finished-at="2018-08-27T12:12:07Z">
          <reporter-output>
            <line>
              <![CDATA[About to begin executing following method : qwizTests.SelectClothingPreferences]]>
            </line>
            <line>
              <![CDATA[Completed executing following method : qwizTests.SelectClothingPreferences]]>
            </line>
            <line>
              <![CDATA[About to Success executing Suite SelectClothingPreferences]]>
            </line>
            <line>
              <![CDATA[Test Method resides in Tests.qwizTests]]>
            </line>
            <line>
              <![CDATA[Test Status: Pass]]>
            </line>
            <line>
              <![CDATA[About to Success executing Suite SelectClothingPreferences]]>
            </line>
            <line>
              <![CDATA[Test Method resides in Tests.qwizTests]]>
            </line>
            <line>
              <![CDATA[Test Status: Pass]]>
            </line>
          </reporter-output>
        </test-method> <!-- SelectClothingPreferences -->
        <test-method status="PASS" signature="SelectHeels()[pri:9, instance:Tests.qwizTests@6d3af739]" name="SelectHeels" duration-ms="5616" started-at="2018-08-27T12:12:07Z" finished-at="2018-08-27T12:12:13Z">
          <reporter-output>
            <line>
              <![CDATA[About to begin executing following method : qwizTests.SelectHeels]]>
            </line>
            <line>
              <![CDATA[Completed executing following method : qwizTests.SelectHeels]]>
            </line>
            <line>
              <![CDATA[About to Success executing Suite SelectHeels]]>
            </line>
            <line>
              <![CDATA[Test Method resides in Tests.qwizTests]]>
            </line>
            <line>
              <![CDATA[Test Status: Pass]]>
            </line>
            <line>
              <![CDATA[About to Success executing Suite SelectHeels]]>
            </line>
            <line>
              <![CDATA[Test Method resides in Tests.qwizTests]]>
            </line>
            <line>
              <![CDATA[Test Status: Pass]]>
            </line>
          </reporter-output>
        </test-method> <!-- SelectHeels -->
        <test-method status="PASS" signature="SelectFabrics()[pri:10, instance:Tests.qwizTests@6d3af739]" name="SelectFabrics" duration-ms="5339" started-at="2018-08-27T12:12:13Z" finished-at="2018-08-27T12:12:18Z">
          <reporter-output>
            <line>
              <![CDATA[About to begin executing following method : qwizTests.SelectFabrics]]>
            </line>
            <line>
              <![CDATA[Completed executing following method : qwizTests.SelectFabrics]]>
            </line>
            <line>
              <![CDATA[About to Success executing Suite SelectFabrics]]>
            </line>
            <line>
              <![CDATA[Test Method resides in Tests.qwizTests]]>
            </line>
            <line>
              <![CDATA[Test Status: Pass]]>
            </line>
            <line>
              <![CDATA[About to Success executing Suite SelectFabrics]]>
            </line>
            <line>
              <![CDATA[Test Method resides in Tests.qwizTests]]>
            </line>
            <line>
              <![CDATA[Test Status: Pass]]>
            </line>
          </reporter-output>
        </test-method> <!-- SelectFabrics -->
        <test-method status="PASS" signature="SelectPrints()[pri:11, instance:Tests.qwizTests@6d3af739]" name="SelectPrints" duration-ms="5353" started-at="2018-08-27T12:12:18Z" finished-at="2018-08-27T12:12:23Z">
          <reporter-output>
            <line>
              <![CDATA[About to begin executing following method : qwizTests.SelectPrints]]>
            </line>
            <line>
              <![CDATA[Completed executing following method : qwizTests.SelectPrints]]>
            </line>
            <line>
              <![CDATA[About to Success executing Suite SelectPrints]]>
            </line>
            <line>
              <![CDATA[Test Method resides in Tests.qwizTests]]>
            </line>
            <line>
              <![CDATA[Test Status: Pass]]>
            </line>
            <line>
              <![CDATA[About to Success executing Suite SelectPrints]]>
            </line>
            <line>
              <![CDATA[Test Method resides in Tests.qwizTests]]>
            </line>
            <line>
              <![CDATA[Test Status: Pass]]>
            </line>
          </reporter-output>
        </test-method> <!-- SelectPrints -->
        <test-method status="PASS" signature="SelectSize()[pri:12, instance:Tests.qwizTests@6d3af739]" name="SelectSize" duration-ms="6818" started-at="2018-08-27T12:12:23Z" finished-at="2018-08-27T12:12:30Z">
          <reporter-output>
            <line>
              <![CDATA[About to begin executing following method : qwizTests.SelectSize]]>
            </line>
            <line>
              <![CDATA[Completed executing following method : qwizTests.SelectSize]]>
            </line>
            <line>
              <![CDATA[About to Success executing Suite SelectSize]]>
            </line>
            <line>
              <![CDATA[Test Method resides in Tests.qwizTests]]>
            </line>
            <line>
              <![CDATA[Test Status: Pass]]>
            </line>
            <line>
              <![CDATA[About to Success executing Suite SelectSize]]>
            </line>
            <line>
              <![CDATA[Test Method resides in Tests.qwizTests]]>
            </line>
            <line>
              <![CDATA[Test Status: Pass]]>
            </line>
          </reporter-output>
        </test-method> <!-- SelectSize -->
        <test-method status="PASS" signature="SelectComfortZone()[pri:13, instance:Tests.qwizTests@6d3af739]" name="SelectComfortZone" duration-ms="5441" started-at="2018-08-27T12:12:30Z" finished-at="2018-08-27T12:12:36Z">
          <reporter-output>
            <line>
              <![CDATA[About to begin executing following method : qwizTests.SelectComfortZone]]>
            </line>
            <line>
              <![CDATA[Completed executing following method : qwizTests.SelectComfortZone]]>
            </line>
            <line>
              <![CDATA[About to Success executing Suite SelectComfortZone]]>
            </line>
            <line>
              <![CDATA[Test Method resides in Tests.qwizTests]]>
            </line>
            <line>
              <![CDATA[Test Status: Pass]]>
            </line>
            <line>
              <![CDATA[About to Success executing Suite SelectComfortZone]]>
            </line>
            <line>
              <![CDATA[Test Method resides in Tests.qwizTests]]>
            </line>
            <line>
              <![CDATA[Test Status: Pass]]>
            </line>
          </reporter-output>
        </test-method> <!-- SelectComfortZone -->
        <test-method status="PASS" signature="SelectJEWELRY()[pri:14, instance:Tests.qwizTests@6d3af739]" name="SelectJEWELRY" duration-ms="5797" started-at="2018-08-27T12:12:36Z" finished-at="2018-08-27T12:12:41Z">
          <reporter-output>
            <line>
              <![CDATA[About to begin executing following method : qwizTests.SelectJEWELRY]]>
            </line>
            <line>
              <![CDATA[Completed executing following method : qwizTests.SelectJEWELRY]]>
            </line>
            <line>
              <![CDATA[About to Success executing Suite SelectJEWELRY]]>
            </line>
            <line>
              <![CDATA[Test Method resides in Tests.qwizTests]]>
            </line>
            <line>
              <![CDATA[Test Status: Pass]]>
            </line>
            <line>
              <![CDATA[About to Success executing Suite SelectJEWELRY]]>
            </line>
            <line>
              <![CDATA[Test Method resides in Tests.qwizTests]]>
            </line>
            <line>
              <![CDATA[Test Status: Pass]]>
            </line>
          </reporter-output>
        </test-method> <!-- SelectJEWELRY -->
        <test-method status="PASS" signature="SelectBrands()[pri:15, instance:Tests.qwizTests@6d3af739]" name="SelectBrands" duration-ms="5974" started-at="2018-08-27T12:12:41Z" finished-at="2018-08-27T12:12:47Z">
          <reporter-output>
            <line>
              <![CDATA[About to begin executing following method : qwizTests.SelectBrands]]>
            </line>
            <line>
              <![CDATA[Completed executing following method : qwizTests.SelectBrands]]>
            </line>
            <line>
              <![CDATA[About to Success executing Suite SelectBrands]]>
            </line>
            <line>
              <![CDATA[Test Method resides in Tests.qwizTests]]>
            </line>
            <line>
              <![CDATA[Test Status: Pass]]>
            </line>
            <line>
              <![CDATA[About to Success executing Suite SelectBrands]]>
            </line>
            <line>
              <![CDATA[Test Method resides in Tests.qwizTests]]>
            </line>
            <line>
              <![CDATA[Test Status: Pass]]>
            </line>
          </reporter-output>
        </test-method> <!-- SelectBrands -->
        <test-method status="PASS" signature="SelectInventory()[pri:16, instance:Tests.qwizTests@6d3af739]" name="SelectInventory" duration-ms="8445" started-at="2018-08-27T12:12:47Z" finished-at="2018-08-27T12:12:56Z">
          <reporter-output>
            <line>
              <![CDATA[About to begin executing following method : qwizTests.SelectInventory]]>
            </line>
            <line>
              <![CDATA[Completed executing following method : qwizTests.SelectInventory]]>
            </line>
            <line>
              <![CDATA[About to Success executing Suite SelectInventory]]>
            </line>
            <line>
              <![CDATA[Test Method resides in Tests.qwizTests]]>
            </line>
            <line>
              <![CDATA[Test Status: Pass]]>
            </line>
            <line>
              <![CDATA[About to Success executing Suite SelectInventory]]>
            </line>
            <line>
              <![CDATA[Test Method resides in Tests.qwizTests]]>
            </line>
            <line>
              <![CDATA[Test Status: Pass]]>
            </line>
          </reporter-output>
        </test-method> <!-- SelectInventory -->
      </class> <!-- Tests.qwizTests -->
    </test> <!-- qwizTests -->
    <test name="BookingTests" duration-ms="124052" started-at="2018-08-27T12:12:56Z" finished-at="2018-08-27T12:15:00Z">
      <class name="Tests.BookingTests">
        <test-method status="PASS" signature="setup()[pri:0, instance:Tests.BookingTests@4b53f538]" name="setup" is-config="true" duration-ms="24806" started-at="2018-08-27T12:12:56Z" finished-at="2018-08-27T12:13:21Z">
          <reporter-output>
            <line>
              <![CDATA[Completed executing following method : BaseTest.setup]]>
            </line>
          </reporter-output>
        </test-method> <!-- setup -->
        <test-method status="FAIL" signature="DoSignUp()[pri:1, instance:Tests.BookingTests@4b53f538]" name="DoSignUp" duration-ms="70954" started-at="2018-08-27T12:13:21Z" finished-at="2018-08-27T12:14:32Z">
          <exception class="org.openqa.selenium.TimeoutException">
            <message>
              <![CDATA[Expected condition failed: waiting for presence of element located by: By.xpath: //div//a[@class='btn-start'] (tried for 60 second(s) with 500 MILLISECONDS interval)]]>
            </message>
            <full-stacktrace>
              <![CDATA[org.openqa.selenium.TimeoutException: Expected condition failed: waiting for presence of element located by: By.xpath: //div//a[@class='btn-start'] (tried for 60 second(s) with 500 MILLISECONDS interval)
at org.openqa.selenium.support.ui.WebDriverWait.timeoutException(WebDriverWait.java:82)
at org.openqa.selenium.support.ui.FluentWait.until(FluentWait.java:231)
at PageObejecs.BasePage.WaitElementDisplay(BasePage.java:147)
at Tests.BookingTests.DoSignUp(BookingTests.java:27)
at sun.reflect.NativeMethodAccessorImpl.invoke0(Native Method)
at sun.reflect.NativeMethodAccessorImpl.invoke(NativeMethodAccessorImpl.java:62)
at sun.reflect.DelegatingMethodAccessorImpl.invoke(DelegatingMethodAccessorImpl.java:43)
at java.lang.reflect.Method.invoke(Method.java:498)
at org.testng.internal.MethodInvocationHelper.invokeMethod(MethodInvocationHelper.java:124)
at org.testng.internal.Invoker.invokeMethod(Invoker.java:580)
at org.testng.internal.Invoker.invokeTestMethod(Invoker.java:716)
at org.testng.internal.Invoker.invokeTestMethods(Invoker.java:988)
at org.testng.internal.TestMethodWorker.invokeTestMethods(TestMethodWorker.java:125)
at org.testng.internal.TestMethodWorker.run(TestMethodWorker.java:109)
at org.testng.TestRunner.privateRun(TestRunner.java:648)
at org.testng.TestRunner.run(TestRunner.java:505)
at org.testng.SuiteRunner.runTest(SuiteRunner.java:455)
at org.testng.SuiteRunner.runSequentially(SuiteRunner.java:450)
at org.testng.SuiteRunner.privateRun(SuiteRunner.java:415)
at org.testng.SuiteRunner.run(SuiteRunner.java:364)
at org.testng.SuiteRunnerWorker.runSuite(SuiteRunnerWorker.java:52)
at org.testng.SuiteRunnerWorker.run(SuiteRunnerWorker.java:84)
at org.testng.TestNG.runSuitesSequentially(TestNG.java:1208)
at org.testng.TestNG.runSuitesLocally(TestNG.java:1137)
at org.testng.TestNG.runSuites(TestNG.java:1049)
at org.testng.TestNG.run(TestNG.java:1017)
at org.testng.remote.AbstractRemoteTestNG.run(AbstractRemoteTestNG.java:114)
at org.testng.remote.RemoteTestNG.initAndRun(RemoteTestNG.java:251)
at org.testng.remote.RemoteTestNG.main(RemoteTestNG.java:77)
Caused by: org.openqa.selenium.NoSuchElementException: Cannot locate an element using By.xpath: //div//a[@class='btn-start']
For documentation on this error, please visit: http://seleniumhq.org/exceptions/no_such_element.html
Build info: version: '3.8.1', revision: '6e95a6684b', time: '2017-12-01T19:05:32.194Z'
System info: host: 'yinons-MBP-2', ip: '192.168.14.154', os.name: 'Mac OS X', os.arch: 'x86_64', os.version: '10.13.4', java.version: '1.8.0_181'
Driver info: driver.version: unknown
at org.openqa.selenium.support.ui.ExpectedConditions.lambda$findElement$0(ExpectedConditions.java:882)
at java.util.Optional.orElseThrow(Optional.java:290)
at org.openqa.selenium.support.ui.ExpectedConditions.findElement(ExpectedConditions.java:881)
at org.openqa.selenium.support.ui.ExpectedConditions.access$000(ExpectedConditions.java:43)
at org.openqa.selenium.support.ui.ExpectedConditions$6.apply(ExpectedConditions.java:182)
at org.openqa.selenium.support.ui.ExpectedConditions$6.apply(ExpectedConditions.java:179)
at org.openqa.selenium.support.ui.FluentWait.until(FluentWait.java:208)
... 27 more
]]>
            </full-stacktrace>
          </exception> <!-- org.openqa.selenium.TimeoutException -->
          <reporter-output>
            <line>
              <![CDATA[About to begin executing following method : BookingTests.DoSignUp]]>
            </line>
            <line>
              <![CDATA[Completed executing following method : BookingTests.DoSignUp]]>
            </line>
            <line>
              <![CDATA[About to Failure executing Suite DoSignUp]]>
            </line>
            <line>
              <![CDATA[Test Method resides in Tests.BookingTests]]>
            </line>
            <line>
              <![CDATA[Test Status: Failed]]>
            </line>
            <line>
              <![CDATA[About to Failure executing Suite DoSignUp]]>
            </line>
            <line>
              <![CDATA[Test Method resides in Tests.BookingTests]]>
            </line>
            <line>
              <![CDATA[Test Status: Failed]]>
            </line>
          </reporter-output>
        </test-method> <!-- DoSignUp -->
        <test-method status="FAIL" signature="CheckOutSession()[pri:2, instance:Tests.BookingTests@4b53f538]" name="CheckOutSession" duration-ms="10137" started-at="2018-08-27T12:14:33Z" finished-at="2018-08-27T12:14:44Z">
          <exception class="org.openqa.selenium.NoSuchElementException">
            <message>
              <![CDATA[no such element: Unable to locate element: {"method":"xpath","selector":"//img[@src='../images/search.png']"}
  (Session info: chrome=68.0.3440.91)
  (Driver info: chromedriver=2.38.552518 (183d19265345f54ce39cbb94cf81ba5f15905011),platform=Mac OS X 10.13.4 x86_64) (WARNING: The server did not provide any stacktrace information)
Command duration or timeout: 0 milliseconds
For documentation on this error, please visit: http://seleniumhq.org/exceptions/no_such_element.html
Build info: version: '3.8.1', revision: '6e95a6684b', time: '2017-12-01T19:05:32.194Z'
System info: host: 'yinons-MBP-2', ip: '192.168.14.154', os.name: 'Mac OS X', os.arch: 'x86_64', os.version: '10.13.4', java.version: '1.8.0_181'
Driver info: io.appium.java_client.android.AndroidDriver
Capabilities {browserName: Chrome, databaseEnabled: false, desired: {browserName: Chrome, deviceName: Nexus1, noReset: true, platformName: Android}, deviceManufacturer: samsung, deviceModel: SM-G928C, deviceName: 83f0444635375636, deviceScreenSize: 1440x2560, deviceUDID: 83f0444635375636, javascriptEnabled: true, locationContextEnabled: false, networkConnectionEnabled: true, noReset: true, platform: LINUX, platformName: LINUX, platformVersion: 7.0, takesScreenshot: true, warnings: {}, webStorageEnabled: false}
Session ID: c6fba69f-69fa-4b4d-b343-115b06fc32f0
*** Element info: {Using=xpath, value=//img[@src='../images/search.png']}]]>
            </message>
            <full-stacktrace>
              <![CDATA[org.openqa.selenium.NoSuchElementException: no such element: Unable to locate element: {"method":"xpath","selector":"//img[@src='../images/search.png']"}
  (Session info: chrome=68.0.3440.91)
  (Driver info: chromedriver=2.38.552518 (183d19265345f54ce39cbb94cf81ba5f15905011),platform=Mac OS X 10.13.4 x86_64) (WARNING: The server did not provide any stacktrace information)
Command duration or timeout: 0 milliseconds
For documentation on this error, please visit: http://seleniumhq.org/exceptions/no_such_element.html
Build info: version: '3.8.1', revision: '6e95a6684b', time: '2017-12-01T19:05:32.194Z'
System info: host: 'yinons-MBP-2', ip: '192.168.14.154', os.name: 'Mac OS X', os.arch: 'x86_64', os.version: '10.13.4', java.version: '1.8.0_181'
Driver info: io.appium.java_client.android.AndroidDriver
Capabilities {browserName: Chrome, databaseEnabled: false, desired: {browserName: Chrome, deviceName: Nexus1, noReset: true, platformName: Android}, deviceManufacturer: samsung, deviceModel: SM-G928C, deviceName: 83f0444635375636, deviceScreenSize: 1440x2560, deviceUDID: 83f0444635375636, javascriptEnabled: true, locationContextEnabled: false, networkConnectionEnabled: true, noReset: true, platform: LINUX, platformName: LINUX, platformVersion: 7.0, takesScreenshot: true, warnings: {}, webStorageEnabled: false}
Session ID: c6fba69f-69fa-4b4d-b343-115b06fc32f0
*** Element info: {Using=xpath, value=//img[@src='../images/search.png']}
at sun.reflect.NativeConstructorAccessorImpl.newInstance0(Native Method)
at sun.reflect.NativeConstructorAccessorImpl.newInstance(NativeConstructorAccessorImpl.java:62)
at sun.reflect.DelegatingConstructorAccessorImpl.newInstance(DelegatingConstructorAccessorImpl.java:45)
at java.lang.reflect.Constructor.newInstance(Constructor.java:423)
at org.openqa.selenium.remote.ErrorHandler.createThrowable(ErrorHandler.java:214)
at org.openqa.selenium.remote.ErrorHandler.throwIfResponseFailed(ErrorHandler.java:166)
at org.openqa.selenium.remote.http.JsonHttpResponseCodec.reconstructValue(JsonHttpResponseCodec.java:40)
at org.openqa.selenium.remote.http.AbstractHttpResponseCodec.decode(AbstractHttpResponseCodec.java:80)
at org.openqa.selenium.remote.http.AbstractHttpResponseCodec.decode(AbstractHttpResponseCodec.java:44)
at org.openqa.selenium.remote.HttpCommandExecutor.execute(HttpCommandExecutor.java:164)
at io.appium.java_client.remote.AppiumCommandExecutor.execute(AppiumCommandExecutor.java:89)
at org.openqa.selenium.remote.RemoteWebDriver.execute(RemoteWebDriver.java:601)
at io.appium.java_client.DefaultGenericMobileDriver.execute(DefaultGenericMobileDriver.java:42)
at io.appium.java_client.AppiumDriver.execute(AppiumDriver.java:1)
at io.appium.java_client.android.AndroidDriver.execute(AndroidDriver.java:1)
at org.openqa.selenium.remote.RemoteWebDriver.findElement(RemoteWebDriver.java:371)
at io.appium.java_client.DefaultGenericMobileDriver.findElement(DefaultGenericMobileDriver.java:62)
at io.appium.java_client.AppiumDriver.findElement(AppiumDriver.java:1)
at io.appium.java_client.android.AndroidDriver.findElement(AndroidDriver.java:1)
at org.openqa.selenium.remote.RemoteWebDriver.findElementByXPath(RemoteWebDriver.java:473)
at io.appium.java_client.DefaultGenericMobileDriver.findElementByXPath(DefaultGenericMobileDriver.java:140)
at io.appium.java_client.AppiumDriver.findElementByXPath(AppiumDriver.java:1)
at io.appium.java_client.android.AndroidDriver.findElementByXPath(AndroidDriver.java:1)
at org.openqa.selenium.By$ByXPath.findElement(By.java:361)
at org.openqa.selenium.remote.RemoteWebDriver.findElement(RemoteWebDriver.java:363)
at io.appium.java_client.DefaultGenericMobileDriver.findElement(DefaultGenericMobileDriver.java:58)
at io.appium.java_client.AppiumDriver.findElement(AppiumDriver.java:1)
at io.appium.java_client.android.AndroidDriver.findElement(AndroidDriver.java:1)
at PageObejecs.BookingPage.ClickSearchButton(BookingPage.java:119)
at Tests.BookingTests.CheckOutSession(BookingTests.java:62)
at sun.reflect.NativeMethodAccessorImpl.invoke0(Native Method)
at sun.reflect.NativeMethodAccessorImpl.invoke(NativeMethodAccessorImpl.java:62)
at sun.reflect.DelegatingMethodAccessorImpl.invoke(DelegatingMethodAccessorImpl.java:43)
at java.lang.reflect.Method.invoke(Method.java:498)
at org.testng.internal.MethodInvocationHelper.invokeMethod(MethodInvocationHelper.java:124)
at org.testng.internal.Invoker.invokeMethod(Invoker.java:580)
at org.testng.internal.Invoker.invokeTestMethod(Invoker.java:716)
at org.testng.internal.Invoker.invokeTestMethods(Invoker.java:988)
at org.testng.internal.TestMethodWorker.invokeTestMethods(TestMethodWorker.java:125)
at org.testng.internal.TestMethodWorker.run(TestMethodWorker.java:109)
at org.testng.TestRunner.privateRun(TestRunner.java:648)
at org.testng.TestRunner.run(TestRunner.java:505)
at org.testng.SuiteRunner.runTest(SuiteRunner.java:455)
at org.testng.SuiteRunner.runSequentially(SuiteRunner.java:450)
at org.testng.SuiteRunner.privateRun(SuiteRunner.java:415)
at org.testng.SuiteRunner.run(SuiteRunner.java:364)
at org.testng.SuiteRunnerWorker.runSuite(SuiteRunnerWorker.java:52)
at org.testng.SuiteRunnerWorker.run(SuiteRunnerWorker.java:84)
at org.testng.TestNG.runSuitesSequentially(TestNG.java:1208)
at org.testng.TestNG.runSuitesLocally(TestNG.java:1137)
at org.testng.TestNG.runSuites(TestNG.java:1049)
at org.testng.TestNG.run(TestNG.java:1017)
at org.testng.remote.AbstractRemoteTestNG.run(AbstractRemoteTestNG.java:114)
at org.testng.remote.RemoteTestNG.initAndRun(RemoteTestNG.java:251)
at org.testng.remote.RemoteTestNG.main(RemoteTestNG.java:77)
]]>
            </full-stacktrace>
          </exception> <!-- org.openqa.selenium.NoSuchElementException -->
          <reporter-output>
            <line>
              <![CDATA[About to begin executing following method : BookingTests.CheckOutSession]]>
            </line>
            <line>
              <![CDATA[Completed executing following method : BookingTests.CheckOutSession]]>
            </line>
            <line>
              <![CDATA[About to Failure executing Suite CheckOutSession]]>
            </line>
            <line>
              <![CDATA[Test Method resides in Tests.BookingTests]]>
            </line>
            <line>
              <![CDATA[Test Status: Failed]]>
            </line>
            <line>
              <![CDATA[About to Failure executing Suite CheckOutSession]]>
            </line>
            <line>
              <![CDATA[Test Method resides in Tests.BookingTests]]>
            </line>
            <line>
              <![CDATA[Test Status: Failed]]>
            </line>
          </reporter-output>
        </test-method> <!-- CheckOutSession -->
        <test-method status="FAIL" signature="CheckoutUnlimitedCreditCard()[pri:3, instance:Tests.BookingTests@4b53f538]" name="CheckoutUnlimitedCreditCard" duration-ms="13094" started-at="2018-08-27T12:14:45Z" finished-at="2018-08-27T12:14:58Z">
          <exception class="org.openqa.selenium.NoSuchElementException">
            <message>
              <![CDATA[no such element: Unable to locate element: {"method":"xpath","selector":"//div [@class='filter-icon']"}
  (Session info: chrome=68.0.3440.91)
  (Driver info: chromedriver=2.38.552518 (183d19265345f54ce39cbb94cf81ba5f15905011),platform=Mac OS X 10.13.4 x86_64) (WARNING: The server did not provide any stacktrace information)
Command duration or timeout: 0 milliseconds
For documentation on this error, please visit: http://seleniumhq.org/exceptions/no_such_element.html
Build info: version: '3.8.1', revision: '6e95a6684b', time: '2017-12-01T19:05:32.194Z'
System info: host: 'yinons-MBP-2', ip: '192.168.14.154', os.name: 'Mac OS X', os.arch: 'x86_64', os.version: '10.13.4', java.version: '1.8.0_181'
Driver info: io.appium.java_client.android.AndroidDriver
Capabilities {browserName: Chrome, databaseEnabled: false, desired: {browserName: Chrome, deviceName: Nexus1, noReset: true, platformName: Android}, deviceManufacturer: samsung, deviceModel: SM-G928C, deviceName: 83f0444635375636, deviceScreenSize: 1440x2560, deviceUDID: 83f0444635375636, javascriptEnabled: true, locationContextEnabled: false, networkConnectionEnabled: true, noReset: true, platform: LINUX, platformName: LINUX, platformVersion: 7.0, takesScreenshot: true, warnings: {}, webStorageEnabled: false}
Session ID: c6fba69f-69fa-4b4d-b343-115b06fc32f0
*** Element info: {Using=xpath, value=//div [@class='filter-icon']}]]>
            </message>
            <full-stacktrace>
              <![CDATA[org.openqa.selenium.NoSuchElementException: no such element: Unable to locate element: {"method":"xpath","selector":"//div [@class='filter-icon']"}
  (Session info: chrome=68.0.3440.91)
  (Driver info: chromedriver=2.38.552518 (183d19265345f54ce39cbb94cf81ba5f15905011),platform=Mac OS X 10.13.4 x86_64) (WARNING: The server did not provide any stacktrace information)
Command duration or timeout: 0 milliseconds
For documentation on this error, please visit: http://seleniumhq.org/exceptions/no_such_element.html
Build info: version: '3.8.1', revision: '6e95a6684b', time: '2017-12-01T19:05:32.194Z'
System info: host: 'yinons-MBP-2', ip: '192.168.14.154', os.name: 'Mac OS X', os.arch: 'x86_64', os.version: '10.13.4', java.version: '1.8.0_181'
Driver info: io.appium.java_client.android.AndroidDriver
Capabilities {browserName: Chrome, databaseEnabled: false, desired: {browserName: Chrome, deviceName: Nexus1, noReset: true, platformName: Android}, deviceManufacturer: samsung, deviceModel: SM-G928C, deviceName: 83f0444635375636, deviceScreenSize: 1440x2560, deviceUDID: 83f0444635375636, javascriptEnabled: true, locationContextEnabled: false, networkConnectionEnabled: true, noReset: true, platform: LINUX, platformName: LINUX, platformVersion: 7.0, takesScreenshot: true, warnings: {}, webStorageEnabled: false}
Session ID: c6fba69f-69fa-4b4d-b343-115b06fc32f0
*** Element info: {Using=xpath, value=//div [@class='filter-icon']}
at sun.reflect.NativeConstructorAccessorImpl.newInstance0(Native Method)
at sun.reflect.NativeConstructorAccessorImpl.newInstance(NativeConstructorAccessorImpl.java:62)
at sun.reflect.DelegatingConstructorAccessorImpl.newInstance(DelegatingConstructorAccessorImpl.java:45)
at java.lang.reflect.Constructor.newInstance(Constructor.java:423)
at org.openqa.selenium.remote.ErrorHandler.createThrowable(ErrorHandler.java:214)
at org.openqa.selenium.remote.ErrorHandler.throwIfResponseFailed(ErrorHandler.java:166)
at org.openqa.selenium.remote.http.JsonHttpResponseCodec.reconstructValue(JsonHttpResponseCodec.java:40)
at org.openqa.selenium.remote.http.AbstractHttpResponseCodec.decode(AbstractHttpResponseCodec.java:80)
at org.openqa.selenium.remote.http.AbstractHttpResponseCodec.decode(AbstractHttpResponseCodec.java:44)
at org.openqa.selenium.remote.HttpCommandExecutor.execute(HttpCommandExecutor.java:164)
at io.appium.java_client.remote.AppiumCommandExecutor.execute(AppiumCommandExecutor.java:89)
at org.openqa.selenium.remote.RemoteWebDriver.execute(RemoteWebDriver.java:601)
at io.appium.java_client.DefaultGenericMobileDriver.execute(DefaultGenericMobileDriver.java:42)
at io.appium.java_client.AppiumDriver.execute(AppiumDriver.java:1)
at io.appium.java_client.android.AndroidDriver.execute(AndroidDriver.java:1)
at org.openqa.selenium.remote.RemoteWebDriver.findElement(RemoteWebDriver.java:371)
at io.appium.java_client.DefaultGenericMobileDriver.findElement(DefaultGenericMobileDriver.java:62)
at io.appium.java_client.AppiumDriver.findElement(AppiumDriver.java:1)
at io.appium.java_client.android.AndroidDriver.findElement(AndroidDriver.java:1)
at org.openqa.selenium.remote.RemoteWebDriver.findElementByXPath(RemoteWebDriver.java:473)
at io.appium.java_client.DefaultGenericMobileDriver.findElementByXPath(DefaultGenericMobileDriver.java:140)
at io.appium.java_client.AppiumDriver.findElementByXPath(AppiumDriver.java:1)
at io.appium.java_client.android.AndroidDriver.findElementByXPath(AndroidDriver.java:1)
at org.openqa.selenium.By$ByXPath.findElement(By.java:361)
at org.openqa.selenium.remote.RemoteWebDriver.findElement(RemoteWebDriver.java:363)
at io.appium.java_client.DefaultGenericMobileDriver.findElement(DefaultGenericMobileDriver.java:58)
at io.appium.java_client.AppiumDriver.findElement(AppiumDriver.java:1)
at io.appium.java_client.android.AndroidDriver.findElement(AndroidDriver.java:1)
at org.openqa.selenium.support.pagefactory.DefaultElementLocator.findElement(DefaultElementLocator.java:69)
at org.openqa.selenium.support.pagefactory.internal.LocatingElementHandler.invoke(LocatingElementHandler.java:38)
at com.sun.proxy.$Proxy9.click(Unknown Source)
at PageObejecs.BasePage.click(BasePage.java:35)
at PageObejecs.BookingPage.FilterIcon(BookingPage.java:177)
at Tests.BookingTests.CheckoutUnlimitedCreditCard(BookingTests.java:77)
at sun.reflect.NativeMethodAccessorImpl.invoke0(Native Method)
at sun.reflect.NativeMethodAccessorImpl.invoke(NativeMethodAccessorImpl.java:62)
at sun.reflect.DelegatingMethodAccessorImpl.invoke(DelegatingMethodAccessorImpl.java:43)
at java.lang.reflect.Method.invoke(Method.java:498)
at org.testng.internal.MethodInvocationHelper.invokeMethod(MethodInvocationHelper.java:124)
at org.testng.internal.Invoker.invokeMethod(Invoker.java:580)
at org.testng.internal.Invoker.invokeTestMethod(Invoker.java:716)
at org.testng.internal.Invoker.invokeTestMethods(Invoker.java:988)
at org.testng.internal.TestMethodWorker.invokeTestMethods(TestMethodWorker.java:125)
at org.testng.internal.TestMethodWorker.run(TestMethodWorker.java:109)
at org.testng.TestRunner.privateRun(TestRunner.java:648)
at org.testng.TestRunner.run(TestRunner.java:505)
at org.testng.SuiteRunner.runTest(SuiteRunner.java:455)
at org.testng.SuiteRunner.runSequentially(SuiteRunner.java:450)
at org.testng.SuiteRunner.privateRun(SuiteRunner.java:415)
at org.testng.SuiteRunner.run(SuiteRunner.java:364)
at org.testng.SuiteRunnerWorker.runSuite(SuiteRunnerWorker.java:52)
at org.testng.SuiteRunnerWorker.run(SuiteRunnerWorker.java:84)
at org.testng.TestNG.runSuitesSequentially(TestNG.java:1208)
at org.testng.TestNG.runSuitesLocally(TestNG.java:1137)
at org.testng.TestNG.runSuites(TestNG.java:1049)
at org.testng.TestNG.run(TestNG.java:1017)
at org.testng.remote.AbstractRemoteTestNG.run(AbstractRemoteTestNG.java:114)
at org.testng.remote.RemoteTestNG.initAndRun(RemoteTestNG.java:251)
at org.testng.remote.RemoteTestNG.main(RemoteTestNG.java:77)
]]>
            </full-stacktrace>
          </exception> <!-- org.openqa.selenium.NoSuchElementException -->
          <reporter-output>
            <line>
              <![CDATA[About to begin executing following method : BookingTests.CheckoutUnlimitedCreditCard]]>
            </line>
            <line>
              <![CDATA[Completed executing following method : BookingTests.CheckoutUnlimitedCreditCard]]>
            </line>
            <line>
              <![CDATA[About to Failure executing Suite CheckoutUnlimitedCreditCard]]>
            </line>
            <line>
              <![CDATA[Test Method resides in Tests.BookingTests]]>
            </line>
            <line>
              <![CDATA[Test Status: Failed]]>
            </line>
            <line>
              <![CDATA[About to Failure executing Suite CheckoutUnlimitedCreditCard]]>
            </line>
            <line>
              <![CDATA[Test Method resides in Tests.BookingTests]]>
            </line>
            <line>
              <![CDATA[Test Status: Failed]]>
            </line>
          </reporter-output>
        </test-method> <!-- CheckoutUnlimitedCreditCard -->
      </class> <!-- Tests.BookingTests -->
    </test> <!-- BookingTests -->
  </suite> <!-- Suite -->
</testng-results>
