<!DOCTYPE html PUBLIC "-//W3C//DTD XHTML 1.1//EN" "http://www.w3.org/TR/xhtml11/DTD/xhtml11.dtd">
<html xmlns="http://www.w3.org/1999/xhtml">
<head>
<meta http-equiv="content-type" content="text/html; charset=UTF-8"/>
<title>TestNG Report</title>
<style type="text/css">table {margin-bottom:10px;border-collapse:collapse;empty-cells:show}th,td {border:1px solid #009;padding:.25em .5em}th {vertical-align:bottom}td {vertical-align:top}table a {font-weight:bold}.stripe td {background-color: #E6EBF9}.num {text-align:right}.passedodd td {background-color: #3F3}.passedeven td {background-color: #0A0}.skippedodd td {background-color: #DDD}.skippedeven td {background-color: #CCC}.failedodd td,.attn {background-color: #F33}.failedeven td,.stripe .attn {background-color: #D00}.stacktrace {white-space:pre;font-family:monospace}.totop {font-size:85%;text-align:center;border-bottom:2px solid #000}.invisible {display:none}</style>
</head>
<body>
<table>
<tr><th>Test</th><th># Passed</th><th># Skipped</th><th># Failed</th><th>Time (ms)</th><th>Included Groups</th><th>Excluded Groups</th></tr>
<tr><th colspan="7">Suite</th></tr>
<tr><td><a href="#t0">BookPSTest</a></td><td class="num">12</td><td class="num">0</td><td class="num">0</td><td class="num">1,076,593</td><td></td><td></td></tr>
<tr class="stripe"><td><a href="#t1">BestMutch</a></td><td class="num">8</td><td class="num">0</td><td class="num">0</td><td class="num">1,482,972</td><td></td><td></td></tr>
<tr><td><a href="#t2">ContactStylistTest</a></td><td class="num">2</td><td class="num">0</td><td class="num">0</td><td class="num">353,155</td><td></td><td></td></tr>
<tr class="stripe"><td><a href="#t3">EditStyleForMenTests</a></td><td class="num">13</td><td class="num">0</td><td class="num">0</td><td class="num">957,579</td><td></td><td></td></tr>
<tr><td><a href="#t4">EditStyleForWomenTests</a></td><td class="num">17</td><td class="num">0</td><td class="num">0</td><td class="num">1,157,722</td><td></td><td></td></tr>
<tr class="stripe"><td><a href="#t5">CheckOutMounthTest</a></td><td class="num">5</td><td class="num">0</td><td class="num">0</td><td class="num">314,670</td><td></td><td></td></tr>
<tr><td><a href="#t6">CheckOutSingleTest</a></td><td class="num">5</td><td class="num">0</td><td class="num">0</td><td class="num">324,344</td><td></td><td></td></tr>
<tr class="stripe"><td><a href="#t7">CheckOutPSTest</a></td><td class="num">4</td><td class="num">0</td><td class="num">0</td><td class="num">217,494</td><td></td><td></td></tr>
<tr><td><a href="#t8">CheckOutByCoponTest</a></td><td class="num">4</td><td class="num">0</td><td class="num">0</td><td class="num">301,713</td><td></td><td></td></tr>
<tr class="stripe"><td><a href="#t9">LoginTests</a></td><td class="num">6</td><td class="num">0</td><td class="num">0</td><td class="num">205,933</td><td></td><td></td></tr>
<tr><td><a href="#t10">QuickQuizForWomenTest</a></td><td class="num">5</td><td class="num">0</td><td class="num">0</td><td class="num">300,756</td><td></td><td></td></tr>
<tr class="stripe"><td><a href="#t11">QuickQuizMale</a></td><td class="num">6</td><td class="num">0</td><td class="num">0</td><td class="num">289,200</td><td></td><td></td></tr>
<tr><td><a href="#t12">QuizForSelfIdentityTest</a></td><td class="num">20</td><td class="num">0</td><td class="num">0</td><td class="num">567,466</td><td></td><td></td></tr>
<tr class="stripe"><td><a href="#t13">QuizForMaleTest</a></td><td class="num">15</td><td class="num">0</td><td class="num">0</td><td class="num">552,014</td><td></td><td></td></tr>
<tr><td><a href="#t14">QuizForWomenTest</a></td><td class="num">20</td><td class="num">0</td><td class="num">0</td><td class="num">676,053</td><td></td><td></td></tr>
<tr class="stripe"><td><a href="#t15">SignUpByFacbookTest2</a></td><td class="num">5</td><td class="num">0</td><td class="num">0</td><td class="num">133,090</td><td></td><td></td></tr>
<tr><td><a href="#t16">SignUpTest</a></td><td class="num">4</td><td class="num">0</td><td class="num">0</td><td class="num">167,974</td><td></td><td></td></tr>
<tr class="stripe"><td><a href="#t17">ChatTest</a></td><td class="num">2</td><td class="num">0</td><td class="num">0</td><td class="num">351,196</td><td></td><td></td></tr>
<tr><td><a href="#t18">ReviseThirdLookTest</a></td><td class="num">9</td><td class="num">0</td><td class="num attn">11</td><td class="num">1,461,060</td><td></td><td></td></tr>
<tr><th>Total</th><th class="num">162</th><th class="num">0</th><th class="num attn">11</th><th class="num">10,890,984</th><th colspan="2"></th></tr>
</table>
<table id='summary'><thead><tr><th>Class</th><th>Method</th><th>Start</th><th>Time (ms)</th></tr></thead><tbody><tr><th colspan="4">Suite</th></tr></tbody><tbody id="t0"><tr><th colspan="4">BookPSTest &#8212; passed</th></tr><tr class="passedeven"><td rowspan="12">Tests.BookPSTest</td><td><a href="#m0">CheckOut</a></td><td rowspan="1">1538502354028</td><td rowspan="1">31262</td></tr><tr class="passedeven"><td><a href="#m1">ClientEndSession</a></td><td rowspan="1">1538503088693</td><td rowspan="1">171265</td></tr><tr class="passedeven"><td><a href="#m2">CompileBooking</a></td><td rowspan="1">1538502385292</td><td rowspan="1">59633</td></tr><tr class="passedeven"><td><a href="#m3">CreateStyle</a></td><td rowspan="1">1538502444927</td><td rowspan="1">152586</td></tr><tr class="passedeven"><td><a href="#m4">CreateStyle2</a></td><td rowspan="1">1538502717663</td><td rowspan="1">151638</td></tr><tr class="passedeven"><td><a href="#m5">DoLogin</a></td><td rowspan="1">1538502275067</td><td rowspan="1">45606</td></tr><tr class="passedeven"><td><a href="#m6">EndSession</a></td><td rowspan="1">1538503005758</td><td rowspan="1">82934</td></tr><tr class="passedeven"><td><a href="#m7">SearchStylist</a></td><td rowspan="1">1538502320677</td><td rowspan="1">19612</td></tr><tr class="passedeven"><td><a href="#m8">SelectEvents</a></td><td rowspan="1">1538502340290</td><td rowspan="1">13737</td></tr><tr class="passedeven"><td><a href="#m9">VerifyEndSession</a></td><td rowspan="1">1538503259960</td><td rowspan="1">67577</td></tr><tr class="passedeven"><td><a href="#m10">VerifyStyle1</a></td><td rowspan="1">1538502597515</td><td rowspan="1">120147</td></tr><tr class="passedeven"><td><a href="#m11">VerifyStyle2</a></td><td rowspan="1">1538502869303</td><td rowspan="1">136453</td></tr></tbody>
<tbody id="t1"><tr><th colspan="4">BestMutch &#8212; passed</th></tr><tr class="passedeven"><td rowspan="8">Tests.BestMutch</td><td><a href="#m12">BestMatchCheepFamle</a></td><td rowspan="1">1538503350584</td><td rowspan="1">180668</td></tr><tr class="passedeven"><td><a href="#m13">BestMatchCheepMale</a></td><td rowspan="1">1538504495933</td><td rowspan="1">180419</td></tr><tr class="passedeven"><td><a href="#m14">BestMatchExpensiveMale</a></td><td rowspan="1">1538504132415</td><td rowspan="1">178621</td></tr><tr class="passedeven"><td><a href="#m15">BestMatchFeMaleCheepExpensive</a></td><td rowspan="1">1538503932332</td><td rowspan="1">200082</td></tr><tr class="passedeven"><td><a href="#m16">BestMatchFeMaleExpensive</a></td><td rowspan="1">1538503531253</td><td rowspan="1">201322</td></tr><tr class="passedeven"><td><a href="#m17">BestMatchFeMaleNormal</a></td><td rowspan="1">1538503732577</td><td rowspan="1">199754</td></tr><tr class="passedeven"><td><a href="#m18">BestMatchNormalMale</a></td><td rowspan="1">1538504311037</td><td rowspan="1">184895</td></tr><tr class="passedeven"><td><a href="#m19">BestMatchSelfIdentity</a></td><td rowspan="1">1538504676353</td><td rowspan="1">134182</td></tr></tbody>
<tbody id="t2"><tr><th colspan="4">ContactStylistTest &#8212; passed</th></tr><tr class="passedeven"><td rowspan="2">Tests.ContactStylistTest</td><td><a href="#m20">ClientToStylist</a></td><td rowspan="1">1538504988337</td><td rowspan="1">175361</td></tr><tr class="passedeven"><td><a href="#m21">StylistSendToClient</a></td><td rowspan="1">1538504830475</td><td rowspan="1">157860</td></tr></tbody>
<tbody id="t3"><tr><th colspan="4">EditStyleForMenTests &#8212; passed</th></tr><tr class="passedeven"><td rowspan="13">Tests.EditStyleForMenTests</td><td><a href="#m22">DoSignUp</a></td><td rowspan="1">1538505186787</td><td rowspan="1">203726</td></tr><tr class="passedeven"><td><a href="#m23">EditBodyType</a></td><td rowspan="1">1538505539556</td><td rowspan="1">30518</td></tr><tr class="passedeven"><td><a href="#m24">EditBrands</a></td><td rowspan="1">1538505836837</td><td rowspan="1">68001</td></tr><tr class="passedeven"><td><a href="#m25">EditBudget</a></td><td rowspan="1">1538505632067</td><td rowspan="1">60439</td></tr><tr class="passedeven"><td><a href="#m26">EditColor</a></td><td rowspan="1">1538505692508</td><td rowspan="1">45714</td></tr><tr class="passedeven"><td><a href="#m27">EditFitBottom</a></td><td rowspan="1">1538505600899</td><td rowspan="1">31167</td></tr><tr class="passedeven"><td><a href="#m28">EditFitTop</a></td><td rowspan="1">1538505570075</td><td rowspan="1">30823</td></tr><tr class="passedeven"><td><a href="#m29">EditHeight</a></td><td rowspan="1">1538505509207</td><td rowspan="1">30348</td></tr><tr class="passedeven"><td><a href="#m30">EditJewelry</a></td><td rowspan="1">1538505738223</td><td rowspan="1">45715</td></tr><tr class="passedeven"><td><a href="#m31">EditSize</a></td><td rowspan="1">1538505433331</td><td rowspan="1">75874</td></tr><tr class="passedeven"><td><a href="#m32">EditSocialMedia</a></td><td rowspan="1">1538505904839</td><td rowspan="1">216444</td></tr><tr class="passedeven"><td><a href="#m33">EditStyle</a></td><td rowspan="1">1538505390514</td><td rowspan="1">42815</td></tr><tr class="passedeven"><td><a href="#m34">EditZone</a></td><td rowspan="1">1538505783939</td><td rowspan="1">52897</td></tr></tbody>
<tbody id="t4"><tr><th colspan="4">EditStyleForWomenTests &#8212; passed</th></tr><tr class="passedeven"><td rowspan="17">Tests.EditStyleForWomenTests</td><td><a href="#m35">DoSignUp</a></td><td rowspan="1">1538506140740</td><td rowspan="1">219837</td></tr><tr class="passedeven"><td><a href="#m36">EditBodyType</a></td><td rowspan="1">1538506438620</td><td rowspan="1">27809</td></tr><tr class="passedeven"><td><a href="#m37">EditBrands</a></td><td rowspan="1">1538507026539</td><td rowspan="1">68391</td></tr><tr class="passedeven"><td><a href="#m38">EditBudget</a></td><td rowspan="1">1538506778009</td><td rowspan="1">74380</td></tr><tr class="passedeven"><td><a href="#m39">EditColor</a></td><td rowspan="1">1538506852390</td><td rowspan="1">61427</td></tr><tr class="passedeven"><td><a href="#m40">EditFabric</a></td><td rowspan="1">1538506726330</td><td rowspan="1">51678</td></tr><tr class="passedeven"><td><a href="#m41">EditFitBottom</a></td><td rowspan="1">1538506593803</td><td rowspan="1">28696</td></tr><tr class="passedeven"><td><a href="#m42">EditFitTop</a></td><td rowspan="1">1538506651399</td><td rowspan="1">28868</td></tr><tr class="passedeven"><td><a href="#m43">EditHeels</a></td><td rowspan="1">1538506622500</td><td rowspan="1">28898</td></tr><tr class="passedeven"><td><a href="#m44">EditHeight</a></td><td rowspan="1">1538506466430</td><td rowspan="1">28049</td></tr><tr class="passedeven"><td><a href="#m45">EditHighlights</a></td><td rowspan="1">1538506531577</td><td rowspan="1">62225</td></tr><tr class="passedeven"><td><a href="#m46">EditJeans</a></td><td rowspan="1">1538506680268</td><td rowspan="1">46061</td></tr><tr class="passedeven"><td><a href="#m47">EditJewelry</a></td><td rowspan="1">1538506913818</td><td rowspan="1">54377</td></tr><tr class="passedeven"><td><a href="#m48">EditSize</a></td><td rowspan="1">1538506360578</td><td rowspan="1">78041</td></tr><tr class="passedeven"><td><a href="#m49">EditSocialMedia</a></td><td rowspan="1">1538507094931</td><td rowspan="1">184084</td></tr><tr class="passedeven"><td><a href="#m50">EditStyle</a></td><td rowspan="1">1538506494480</td><td rowspan="1">37096</td></tr><tr class="passedeven"><td><a href="#m51">EditZone</a></td><td rowspan="1">1538506968196</td><td rowspan="1">58342</td></tr></tbody>
<tbody id="t5"><tr><th colspan="4">CheckOutMounthTest &#8212; passed</th></tr><tr class="passedeven"><td rowspan="5">Tests.CheckOutMounthTest</td><td><a href="#m52">CompileBooking</a></td><td rowspan="1">1538507415386</td><td rowspan="1">178307</td></tr><tr class="passedeven"><td><a href="#m53">DoLogin</a></td><td rowspan="1">1538507297908</td><td rowspan="1">43041</td></tr><tr class="passedeven"><td><a href="#m54">SearchStylist</a></td><td rowspan="1">1538507340950</td><td rowspan="1">20760</td></tr><tr class="passedeven"><td><a href="#m55">SelectEvents</a></td><td rowspan="1">1538507361711</td><td rowspan="1">34100</td></tr><tr class="passedeven"><td><a href="#m56">SelectSession</a></td><td rowspan="1">1538507395812</td><td rowspan="1">19573</td></tr></tbody>
<tbody id="t6"><tr><th colspan="4">CheckOutSingleTest &#8212; passed</th></tr><tr class="passedeven"><td rowspan="5">Tests.CheckOutSingleTest</td><td><a href="#m57">CompileBooking</a></td><td rowspan="1">1538507742932</td><td rowspan="1">175113</td></tr><tr class="passedeven"><td><a href="#m58">DoLogin</a></td><td rowspan="1">1538507612479</td><td rowspan="1">43731</td></tr><tr class="passedeven"><td><a href="#m59">SearchStylist</a></td><td rowspan="1">1538507656211</td><td rowspan="1">29060</td></tr><tr class="passedeven"><td><a href="#m60">SelectEvents</a></td><td rowspan="1">1538507685272</td><td rowspan="1">33663</td></tr><tr class="passedeven"><td><a href="#m61">SelectSession</a></td><td rowspan="1">1538507718936</td><td rowspan="1">23994</td></tr></tbody>
<tbody id="t7"><tr><th colspan="4">CheckOutPSTest &#8212; passed</th></tr><tr class="passedeven"><td rowspan="4">Tests.CheckOutPSTest</td><td><a href="#m62">CheckOut</a></td><td rowspan="1">1538508022252</td><td rowspan="1">113292</td></tr><tr class="passedeven"><td><a href="#m63">DoLogin</a></td><td rowspan="1">1538507936374</td><td rowspan="1">43630</td></tr><tr class="passedeven"><td><a href="#m64">SearchStylist</a></td><td rowspan="1">1538507980005</td><td rowspan="1">28832</td></tr><tr class="passedeven"><td><a href="#m65">SelectEvents</a></td><td rowspan="1">1538508008838</td><td rowspan="1">13413</td></tr></tbody>
<tbody id="t8"><tr><th colspan="4">CheckOutByCoponTest &#8212; passed</th></tr><tr class="passedeven"><td rowspan="4">Tests.CheckOutByCoponTest</td><td><a href="#m66">DoLogin</a></td><td rowspan="1">1538508153777</td><td rowspan="1">42375</td></tr><tr class="passedeven"><td><a href="#m67">SearchStylist</a></td><td rowspan="1">1538508196154</td><td rowspan="1">22163</td></tr><tr class="passedeven"><td><a href="#m68">SelectEvents</a></td><td rowspan="1">1538508218318</td><td rowspan="1">33504</td></tr><tr class="passedeven"><td><a href="#m69">SelectSession</a></td><td rowspan="1">1538508251824</td><td rowspan="1">185439</td></tr></tbody>
<tbody id="t9"><tr><th colspan="4">LoginTests &#8212; passed</th></tr><tr class="passedeven"><td rowspan="6">Tests.LoginTests</td><td><a href="#m70">ClickLoginwWithOutToFillAnyFields</a></td><td rowspan="1">1538508565824</td><td rowspan="1">24968</td></tr><tr class="passedeven"><td><a href="#m71">DoLogin</a></td><td rowspan="1">1538508590792</td><td rowspan="1">52409</td></tr><tr class="passedeven"><td><a href="#m72">FillPasswordWithOutToFillEmail</a></td><td rowspan="1">1538508455465</td><td rowspan="1">17908</td></tr><tr class="passedeven"><td><a href="#m73">FillPasswordWithOutToFillPassword</a></td><td rowspan="1">1538508473373</td><td rowspan="1">18764</td></tr><tr class="passedeven"><td><a href="#m74">FillPasswordWithWrongEmail</a></td><td rowspan="1">1538508492137</td><td rowspan="1">35293</td></tr><tr class="passedeven"><td><a href="#m75">FillPasswordWithWrongPassword</a></td><td rowspan="1">1538508527431</td><td rowspan="1">38392</td></tr></tbody>
<tbody id="t10"><tr><th colspan="4">QuickQuizForWomenTest &#8212; passed</th></tr><tr class="passedeven"><td rowspan="5">Tests.QuickQuizForWomenTest</td><td><a href="#m76">CompileBooking</a></td><td rowspan="1">1538508780761</td><td rowspan="1">163204</td></tr><tr class="passedeven"><td><a href="#m77">DoLogin</a></td><td rowspan="1">1538508661403</td><td rowspan="1">43055</td></tr><tr class="passedeven"><td><a href="#m78">SearchStylist</a></td><td rowspan="1">1538508704460</td><td rowspan="1">26163</td></tr><tr class="passedeven"><td><a href="#m79">SelectEvents</a></td><td rowspan="1">1538508730623</td><td rowspan="1">33151</td></tr><tr class="passedeven"><td><a href="#m80">SelectSession</a></td><td rowspan="1">1538508763775</td><td rowspan="1">16985</td></tr></tbody>
<tbody id="t11"><tr><th colspan="4">QuickQuizMale &#8212; passed</th></tr><tr class="passedeven"><td rowspan="6">Tests.QuickQuizForMenTest</td><td><a href="#m81">CompileBooking</a></td><td rowspan="1">1538509069741</td><td rowspan="1">23875</td></tr><tr class="passedeven"><td><a href="#m82">DoLogin</a></td><td rowspan="1">1538508961836</td><td rowspan="1">41268</td></tr><tr class="passedeven"><td><a href="#m83">MadeQuiz</a></td><td rowspan="1">1538509093617</td><td rowspan="1">139553</td></tr><tr class="passedeven"><td><a href="#m84">SearchStylist</a></td><td rowspan="1">1538509003105</td><td rowspan="1">9981</td></tr><tr class="passedeven"><td><a href="#m85">SelectEvents</a></td><td rowspan="1">1538509013087</td><td rowspan="1">34229</td></tr><tr class="passedeven"><td><a href="#m86">SelectSession</a></td><td rowspan="1">1538509047317</td><td rowspan="1">22423</td></tr></tbody>
<tbody id="t12"><tr><th colspan="4">QuizForSelfIdentityTest &#8212; passed</th></tr><tr class="passedeven"><td rowspan="20">Tests.QuizForSelfIdentityTest</td><td><a href="#m87">DoSignUp</a></td><td rowspan="1">1538509251136</td><td rowspan="1">137039</td></tr><tr class="passedeven"><td><a href="#m88">SearchStylist</a></td><td rowspan="1">1538509388177</td><td rowspan="1">19589</td></tr><tr class="passedeven"><td><a href="#m89">SelectBodyType</a></td><td rowspan="1">1538509540488</td><td rowspan="1">6831</td></tr><tr class="passedeven"><td><a href="#m90">SelectClothingCategories</a></td><td rowspan="1">1538509739328</td><td rowspan="1">28958</td></tr><tr class="passedeven"><td><a href="#m91">SelectClothingPreferences</a></td><td rowspan="1">1538509732606</td><td rowspan="1">6721</td></tr><tr class="passedeven"><td><a href="#m92">SelectColor</a></td><td rowspan="1">1538509605715</td><td rowspan="1">25515</td></tr><tr class="passedeven"><td><a href="#m93">SelectCountry</a></td><td rowspan="1">1538509475278</td><td rowspan="1">65209</td></tr><tr class="passedeven"><td><a href="#m94">SelectEvents</a></td><td rowspan="1">1538509407767</td><td rowspan="1">34268</td></tr><tr class="passedeven"><td><a href="#m95">SelectFabrics</a></td><td rowspan="1">1538509631231</td><td rowspan="1">12242</td></tr><tr class="passedeven"><td><a href="#m96">SelectFitBottom</a></td><td rowspan="1">1538509654005</td><td rowspan="1">12210</td></tr><tr class="passedeven"><td><a href="#m97">SelectFitTop</a></td><td rowspan="1">1538509643474</td><td rowspan="1">10530</td></tr><tr class="passedeven"><td><a href="#m98">SelectHeels</a></td><td rowspan="1">1538509683988</td><td rowspan="1">6826</td></tr><tr class="passedeven"><td><a href="#m99">SelectHeight</a></td><td rowspan="1">1538509547320</td><td rowspan="1">6778</td></tr><tr class="passedeven"><td><a href="#m100">SelectHighlights</a></td><td rowspan="1">1538509708216</td><td rowspan="1">17604</td></tr><tr class="passedeven"><td><a href="#m101">SelectJeansp</a></td><td rowspan="1">1538509666216</td><td rowspan="1">17771</td></tr><tr class="passedeven"><td><a href="#m102">SelectJewelry</a></td><td rowspan="1">1538509690815</td><td rowspan="1">17400</td></tr><tr class="passedeven"><td><a href="#m103">SelectSession</a></td><td rowspan="1">1538509442036</td><td rowspan="1">33241</td></tr><tr class="passedeven"><td><a href="#m104">SelectSize</a></td><td rowspan="1">1538509554099</td><td rowspan="1">51615</td></tr><tr class="passedeven"><td><a href="#m105">SelectYourCloset</a></td><td rowspan="1">1538509768287</td><td rowspan="1">32357</td></tr><tr class="passedeven"><td><a href="#m106">SelectZone</a></td><td rowspan="1">1538509725821</td><td rowspan="1">6784</td></tr></tbody>
<tbody id="t13"><tr><th colspan="4">QuizForMaleTest &#8212; passed</th></tr><tr class="passedeven"><td rowspan="15">Tests.QuizForMaleTest</td><td><a href="#m107">DoSignUp</a></td><td rowspan="1">1538509818674</td><td rowspan="1">167419</td></tr><tr class="passedeven"><td><a href="#m108">SearchStylist</a></td><td rowspan="1">1538509986094</td><td rowspan="1">33976</td></tr><tr class="passedeven"><td><a href="#m109">SelectBodyType</a></td><td rowspan="1">1538510151979</td><td rowspan="1">6773</td></tr><tr class="passedeven"><td><a href="#m110">SelectClothingCategories</a></td><td rowspan="1">1538510296904</td><td rowspan="1">55772</td></tr><tr class="passedeven"><td><a href="#m111">SelectColor</a></td><td rowspan="1">1538510215150</td><td rowspan="1">24874</td></tr><tr class="passedeven"><td><a href="#m112">SelectCountry</a></td><td rowspan="1">1538510087672</td><td rowspan="1">64306</td></tr><tr class="passedeven"><td><a href="#m113">SelectEvents</a></td><td rowspan="1">1538510020071</td><td rowspan="1">34248</td></tr><tr class="passedeven"><td><a href="#m114">SelectFabrics</a></td><td rowspan="1">1538510240025</td><td rowspan="1">11833</td></tr><tr class="passedeven"><td><a href="#m115">SelectFitBottom</a></td><td rowspan="1">1538510262234</td><td rowspan="1">10486</td></tr><tr class="passedeven"><td><a href="#m116">SelectFitTop</a></td><td rowspan="1">1538510251859</td><td rowspan="1">10374</td></tr><tr class="passedeven"><td><a href="#m117">SelectHeight</a></td><td rowspan="1">1538510158753</td><td rowspan="1">6742</td></tr><tr class="passedeven"><td><a href="#m118">SelectJewelry</a></td><td rowspan="1">1538510272720</td><td rowspan="1">17416</td></tr><tr class="passedeven"><td><a href="#m119">SelectSession</a></td><td rowspan="1">1538510054320</td><td rowspan="1">33351</td></tr><tr class="passedeven"><td><a href="#m120">SelectSize</a></td><td rowspan="1">1538510165496</td><td rowspan="1">49653</td></tr><tr class="passedeven"><td><a href="#m121">SelectZone</a></td><td rowspan="1">1538510290137</td><td rowspan="1">6766</td></tr></tbody>
<tbody id="t14"><tr><th colspan="4">QuizForWomenTest &#8212; passed</th></tr><tr class="passedeven"><td rowspan="20">Tests.QuizForWomenTest</td><td><a href="#m122">DoSignUp</a></td><td rowspan="1">1538510370050</td><td rowspan="1">196166</td></tr><tr class="passedeven"><td><a href="#m123">SearchStylist</a></td><td rowspan="1">1538510566217</td><td rowspan="1">77596</td></tr><tr class="passedeven"><td><a href="#m124">SelectBodyType</a></td><td rowspan="1">1538510775211</td><td rowspan="1">6784</td></tr><tr class="passedeven"><td><a href="#m125">SelectClothingCategories</a></td><td rowspan="1">1538510970700</td><td rowspan="1">25919</td></tr><tr class="passedeven"><td><a href="#m126">SelectClothingPreferences</a></td><td rowspan="1">1538510963911</td><td rowspan="1">6788</td></tr><tr class="passedeven"><td><a href="#m127">SelectColor</a></td><td rowspan="1">1538510837968</td><td rowspan="1">25066</td></tr><tr class="passedeven"><td><a href="#m128">SelectCountry</a></td><td rowspan="1">1538510710780</td><td rowspan="1">64430</td></tr><tr class="passedeven"><td><a href="#m129">SelectEvents</a></td><td rowspan="1">1538510643813</td><td rowspan="1">33985</td></tr><tr class="passedeven"><td><a href="#m130">SelectFabrics</a></td><td rowspan="1">1538510863035</td><td rowspan="1">12154</td></tr><tr class="passedeven"><td><a href="#m131">SelectFitBottom</a></td><td rowspan="1">1538510885686</td><td rowspan="1">12099</td></tr><tr class="passedeven"><td><a href="#m132">SelectFitTop</a></td><td rowspan="1">1538510875190</td><td rowspan="1">10495</td></tr><tr class="passedeven"><td><a href="#m133">SelectHeels</a></td><td rowspan="1">1538510915440</td><td rowspan="1">6690</td></tr><tr class="passedeven"><td><a href="#m134">SelectHeight</a></td><td rowspan="1">1538510781996</td><td rowspan="1">6657</td></tr><tr class="passedeven"><td><a href="#m135">SelectHighlights</a></td><td rowspan="1">1538510939551</td><td rowspan="1">17685</td></tr><tr class="passedeven"><td><a href="#m136">SelectJeansp</a></td><td rowspan="1">1538510897786</td><td rowspan="1">17653</td></tr><tr class="passedeven"><td><a href="#m137">SelectJewelry</a></td><td rowspan="1">1538510922131</td><td rowspan="1">17419</td></tr><tr class="passedeven"><td><a href="#m138">SelectSession</a></td><td rowspan="1">1538510677799</td><td rowspan="1">32981</td></tr><tr class="passedeven"><td><a href="#m139">SelectSize</a></td><td rowspan="1">1538510788654</td><td rowspan="1">49314</td></tr><tr class="passedeven"><td><a href="#m140">SelectYourCloset</a></td><td rowspan="1">1538510996620</td><td rowspan="1">32124</td></tr><tr class="passedeven"><td><a href="#m141">SelectZone</a></td><td rowspan="1">1538510957237</td><td rowspan="1">6674</td></tr></tbody>
<tbody id="t15"><tr><th colspan="4">SignUpByFacbookTest2 &#8212; passed</th></tr><tr class="passedeven"><td rowspan="5">Tests.SignUpByFacbookTest2</td><td><a href="#m142">DoLoginWithFacbook</a></td><td rowspan="1">1538511138452</td><td rowspan="1">23390</td></tr><tr class="passedeven"><td><a href="#m143">LoginWithFacbookWithoutPassword</a></td><td rowspan="1">1538511127833</td><td rowspan="1">6389</td></tr><tr class="passedeven"><td><a href="#m144">LoginWithFacbookWithoutUser</a></td><td rowspan="1">1538511134223</td><td rowspan="1">4228</td></tr><tr class="passedeven"><td><a href="#m145">LoginWithFacbookWrongPassword</a></td><td rowspan="1">1538511121463</td><td rowspan="1">6369</td></tr><tr class="passedeven"><td><a href="#m146">LoginWithFacbookWrongUserName</a></td><td rowspan="1">1538511098250</td><td rowspan="1">23212</td></tr></tbody>
<tbody id="t16"><tr><th colspan="4">SignUpTest &#8212; passed</th></tr><tr class="passedeven"><td rowspan="4">Tests.SignUpTest</td><td><a href="#m147">DoSignUp</a></td><td rowspan="1">1538511280488</td><td rowspan="1">49333</td></tr><tr class="passedeven"><td><a href="#m148">FillPsswordWithLessthan6Characters</a></td><td rowspan="1">1538511227681</td><td rowspan="1">52806</td></tr><tr class="passedeven"><td><a href="#m149">SignupwithoutDotCom</a></td><td rowspan="1">1538511177236</td><td rowspan="1">25240</td></tr><tr class="passedeven"><td><a href="#m150">Signupwithoutshtudel</a></td><td rowspan="1">1538511202477</td><td rowspan="1">25203</td></tr></tbody>
<tbody id="t17"><tr><th colspan="4">ChatTest &#8212; passed</th></tr><tr class="passedeven"><td rowspan="2">Tests.ChatTest</td><td><a href="#m151">ClientToStylist</a></td><td rowspan="1">1538511513742</td><td rowspan="1">167278</td></tr><tr class="passedeven"><td><a href="#m152">StylistSendToClient</a></td><td rowspan="1">1538511345903</td><td rowspan="1">167839</td></tr></tbody>
<tbody id="t18"><tr><th colspan="4">ReviseThirdLookTest &#8212; failed</th></tr><tr class="failedeven"><td rowspan="11">Tests.ReviseThirdLookTest</td><td><a href="#m153">AskRevise1</a></td><td rowspan="1">1538512510081</td><td rowspan="1">65406</td></tr><tr class="failedeven"><td><a href="#m154">ClientEndSession</a></td><td rowspan="1">1538512996586</td><td rowspan="1">93565</td></tr><tr class="failedeven"><td><a href="#m155">CreateLook2</a></td><td rowspan="1">1538512449219</td><td rowspan="1">60419</td></tr><tr class="failedeven"><td><a href="#m156">CreateLook3</a></td><td rowspan="1">1538512689204</td><td rowspan="1">60194</td></tr><tr class="failedeven"><td><a href="#m157">CreateReviseLook1</a></td><td rowspan="1">1538512576178</td><td rowspan="1">46110</td></tr><tr class="failedeven"><td><a href="#m158">EndSession</a></td><td rowspan="1">1538512934167</td><td rowspan="1">61844</td></tr><tr class="failedeven"><td><a href="#m159">ReviseLook2</a></td><td rowspan="1">1538512816834</td><td rowspan="1">49376</td></tr><tr class="failedeven"><td><a href="#m160">VerifyCreateLook3</a></td><td rowspan="1">1538512749814</td><td rowspan="1">66438</td></tr><tr class="failedeven"><td><a href="#m161">VerifyCreateLookrevise1</a></td><td rowspan="1">1538512622855</td><td rowspan="1">65779</td></tr><tr class="failedeven"><td><a href="#m162">VerifyCreateRevise2</a></td><td rowspan="1">1538512866779</td><td rowspan="1">66795</td></tr><tr class="failedeven"><td><a href="#m163">VerifyEndSession</a></td><td rowspan="1">1538513090799</td><td rowspan="1">50703</td></tr><tr><th colspan="4">ReviseThirdLookTest &#8212; passed</th></tr><tr class="passedeven"><td rowspan="9">Tests.ReviseThirdLookTest</td><td><a href="#m164">CompileBooking</a></td><td rowspan="1">1538511827536</td><td rowspan="1">136228</td></tr><tr class="passedeven"><td><a href="#m165">CreateLook</a></td><td rowspan="1">1538512201721</td><td rowspan="1">150690</td></tr><tr class="passedeven"><td><a href="#m166">CreateMoodBoard</a></td><td rowspan="1">1538511963765</td><td rowspan="1">152187</td></tr><tr class="passedeven"><td><a href="#m167">DoLogin</a></td><td rowspan="1">1538511698980</td><td rowspan="1">39978</td></tr><tr class="passedeven"><td><a href="#m168">SearchStylist</a></td><td rowspan="1">1538511738959</td><td rowspan="1">18752</td></tr><tr class="passedeven"><td><a href="#m169">SelectEvents</a></td><td rowspan="1">1538511757712</td><td rowspan="1">31557</td></tr><tr class="passedeven"><td><a href="#m170">SelectSession</a></td><td rowspan="1">1538511789270</td><td rowspan="1">38265</td></tr><tr class="passedeven"><td><a href="#m171">VerifyCreateLook</a></td><td rowspan="1">1538512352412</td><td rowspan="1">96806</td></tr><tr class="passedeven"><td><a href="#m172">VerifyMoodBoard</a></td><td rowspan="1">1538512115953</td><td rowspan="1">85768</td></tr></tbody>
</table>
<h2>BookPSTest</h2><h3 id="m0">Tests.BookPSTest#CheckOut</h3><table class="result"><tr><th>Messages</th></tr><tr><td><div class="messages">About to begin executing following method : BookPSTest.CheckOut<br/>Completed executing following method : BookPSTest.CheckOut<br/>About to Success executing Suite CheckOut<br/>Test Method resides in Tests.BookPSTest<br/>Test Status: Pass<br/>About to Success executing Suite CheckOut<br/>Test Method resides in Tests.BookPSTest<br/>Test Status: Pass</div></td></tr></table><p class="totop"><a href="#summary">back to summary</a></p>
<h3 id="m1">Tests.BookPSTest#ClientEndSession</h3><table class="result"><tr><th>Messages</th></tr><tr><td><div class="messages">About to begin executing following method : BookPSTest.ClientEndSession<br/>Completed executing following method : BookPSTest.ClientEndSession<br/>About to Success executing Suite ClientEndSession<br/>Test Method resides in Tests.BookPSTest<br/>Test Status: Pass<br/>About to Success executing Suite ClientEndSession<br/>Test Method resides in Tests.BookPSTest<br/>Test Status: Pass</div></td></tr></table><p class="totop"><a href="#summary">back to summary</a></p>
<h3 id="m2">Tests.BookPSTest#CompileBooking</h3><table class="result"><tr><th>Messages</th></tr><tr><td><div class="messages">About to begin executing following method : BookPSTest.CompileBooking<br/>Completed executing following method : BookPSTest.CompileBooking<br/>About to Success executing Suite CompileBooking<br/>Test Method resides in Tests.BookPSTest<br/>Test Status: Pass<br/>About to Success executing Suite CompileBooking<br/>Test Method resides in Tests.BookPSTest<br/>Test Status: Pass</div></td></tr></table><p class="totop"><a href="#summary">back to summary</a></p>
<h3 id="m3">Tests.BookPSTest#CreateStyle</h3><table class="result"><tr><th>Messages</th></tr><tr><td><div class="messages">About to begin executing following method : BookPSTest.CreateStyle<br/>Completed executing following method : BookPSTest.CreateStyle<br/>About to Success executing Suite CreateStyle<br/>Test Method resides in Tests.BookPSTest<br/>Test Status: Pass<br/>About to Success executing Suite CreateStyle<br/>Test Method resides in Tests.BookPSTest<br/>Test Status: Pass</div></td></tr></table><p class="totop"><a href="#summary">back to summary</a></p>
<h3 id="m4">Tests.BookPSTest#CreateStyle2</h3><table class="result"><tr><th>Messages</th></tr><tr><td><div class="messages">About to begin executing following method : BookPSTest.CreateStyle2<br/>Completed executing following method : BookPSTest.CreateStyle2<br/>About to Success executing Suite CreateStyle2<br/>Test Method resides in Tests.BookPSTest<br/>Test Status: Pass<br/>About to Success executing Suite CreateStyle2<br/>Test Method resides in Tests.BookPSTest<br/>Test Status: Pass</div></td></tr></table><p class="totop"><a href="#summary">back to summary</a></p>
<h3 id="m5">Tests.BookPSTest#DoLogin</h3><table class="result"><tr><th>Messages</th></tr><tr><td><div class="messages">About to begin executing following method : BookPSTest.DoLogin<br/>Completed executing following method : BookPSTest.DoLogin<br/>About to Success executing Suite DoLogin<br/>Test Method resides in Tests.BookPSTest<br/>Test Status: Pass<br/>About to Success executing Suite DoLogin<br/>Test Method resides in Tests.BookPSTest<br/>Test Status: Pass</div></td></tr></table><p class="totop"><a href="#summary">back to summary</a></p>
<h3 id="m6">Tests.BookPSTest#EndSession</h3><table class="result"><tr><th>Messages</th></tr><tr><td><div class="messages">About to begin executing following method : BookPSTest.EndSession<br/>Completed executing following method : BookPSTest.EndSession<br/>About to Success executing Suite EndSession<br/>Test Method resides in Tests.BookPSTest<br/>Test Status: Pass<br/>About to Success executing Suite EndSession<br/>Test Method resides in Tests.BookPSTest<br/>Test Status: Pass</div></td></tr></table><p class="totop"><a href="#summary">back to summary</a></p>
<h3 id="m7">Tests.BookPSTest#SearchStylist</h3><table class="result"><tr><th>Messages</th></tr><tr><td><div class="messages">About to begin executing following method : BookPSTest.SearchStylist<br/>Completed executing following method : BookPSTest.SearchStylist<br/>About to Success executing Suite SearchStylist<br/>Test Method resides in Tests.BookPSTest<br/>Test Status: Pass<br/>About to Success executing Suite SearchStylist<br/>Test Method resides in Tests.BookPSTest<br/>Test Status: Pass</div></td></tr></table><p class="totop"><a href="#summary">back to summary</a></p>
<h3 id="m8">Tests.BookPSTest#SelectEvents</h3><table class="result"><tr><th>Messages</th></tr><tr><td><div class="messages">About to begin executing following method : BookPSTest.SelectEvents<br/>Completed executing following method : BookPSTest.SelectEvents<br/>About to Success executing Suite SelectEvents<br/>Test Method resides in Tests.BookPSTest<br/>Test Status: Pass<br/>About to Success executing Suite SelectEvents<br/>Test Method resides in Tests.BookPSTest<br/>Test Status: Pass</div></td></tr></table><p class="totop"><a href="#summary">back to summary</a></p>
<h3 id="m9">Tests.BookPSTest#VerifyEndSession</h3><table class="result"><tr><th>Messages</th></tr><tr><td><div class="messages">About to begin executing following method : BookPSTest.VerifyEndSession<br/>Completed executing following method : BookPSTest.VerifyEndSession<br/>About to Success executing Suite VerifyEndSession<br/>Test Method resides in Tests.BookPSTest<br/>Test Status: Pass<br/>About to Success executing Suite VerifyEndSession<br/>Test Method resides in Tests.BookPSTest<br/>Test Status: Pass</div></td></tr></table><p class="totop"><a href="#summary">back to summary</a></p>
<h3 id="m10">Tests.BookPSTest#VerifyStyle1</h3><table class="result"><tr><th>Messages</th></tr><tr><td><div class="messages">About to begin executing following method : BookPSTest.VerifyStyle1<br/>Completed executing following method : BookPSTest.VerifyStyle1<br/>About to Success executing Suite VerifyStyle1<br/>Test Method resides in Tests.BookPSTest<br/>Test Status: Pass<br/>About to Success executing Suite VerifyStyle1<br/>Test Method resides in Tests.BookPSTest<br/>Test Status: Pass</div></td></tr></table><p class="totop"><a href="#summary">back to summary</a></p>
<h3 id="m11">Tests.BookPSTest#VerifyStyle2</h3><table class="result"><tr><th>Messages</th></tr><tr><td><div class="messages">About to begin executing following method : BookPSTest.VerifyStyle2<br/>Completed executing following method : BookPSTest.VerifyStyle2<br/>About to Success executing Suite VerifyStyle2<br/>Test Method resides in Tests.BookPSTest<br/>Test Status: Pass<br/>About to Success executing Suite VerifyStyle2<br/>Test Method resides in Tests.BookPSTest<br/>Test Status: Pass</div></td></tr></table><p class="totop"><a href="#summary">back to summary</a></p>
<h2>BestMutch</h2><h3 id="m12">Tests.BestMutch#BestMatchCheepFamle</h3><table class="result"><tr><th>Messages</th></tr><tr><td><div class="messages">About to begin executing following method : BestMutch.BestMatchCheepFamle<br/>Completed executing following method : BestMutch.BestMatchCheepFamle<br/>About to Success executing Suite BestMatchCheepFamle<br/>Test Method resides in Tests.BestMutch<br/>Test Status: Pass<br/>About to Success executing Suite BestMatchCheepFamle<br/>Test Method resides in Tests.BestMutch<br/>Test Status: Pass</div></td></tr></table><p class="totop"><a href="#summary">back to summary</a></p>
<h3 id="m13">Tests.BestMutch#BestMatchCheepMale</h3><table class="result"><tr><th>Messages</th></tr><tr><td><div class="messages">About to begin executing following method : BestMutch.BestMatchCheepMale<br/>Completed executing following method : BestMutch.BestMatchCheepMale<br/>About to Success executing Suite BestMatchCheepMale<br/>Test Method resides in Tests.BestMutch<br/>Test Status: Pass<br/>About to Success executing Suite BestMatchCheepMale<br/>Test Method resides in Tests.BestMutch<br/>Test Status: Pass</div></td></tr></table><p class="totop"><a href="#summary">back to summary</a></p>
<h3 id="m14">Tests.BestMutch#BestMatchExpensiveMale</h3><table class="result"><tr><th>Messages</th></tr><tr><td><div class="messages">About to begin executing following method : BestMutch.BestMatchExpensiveMale<br/>Completed executing following method : BestMutch.BestMatchExpensiveMale<br/>About to Success executing Suite BestMatchExpensiveMale<br/>Test Method resides in Tests.BestMutch<br/>Test Status: Pass<br/>About to Success executing Suite BestMatchExpensiveMale<br/>Test Method resides in Tests.BestMutch<br/>Test Status: Pass</div></td></tr></table><p class="totop"><a href="#summary">back to summary</a></p>
<h3 id="m15">Tests.BestMutch#BestMatchFeMaleCheepExpensive</h3><table class="result"><tr><th>Messages</th></tr><tr><td><div class="messages">About to begin executing following method : BestMutch.BestMatchFeMaleCheepExpensive<br/>Completed executing following method : BestMutch.BestMatchFeMaleCheepExpensive<br/>About to Success executing Suite BestMatchFeMaleCheepExpensive<br/>Test Method resides in Tests.BestMutch<br/>Test Status: Pass<br/>About to Success executing Suite BestMatchFeMaleCheepExpensive<br/>Test Method resides in Tests.BestMutch<br/>Test Status: Pass</div></td></tr></table><p class="totop"><a href="#summary">back to summary</a></p>
<h3 id="m16">Tests.BestMutch#BestMatchFeMaleExpensive</h3><table class="result"><tr><th>Messages</th></tr><tr><td><div class="messages">About to begin executing following method : BestMutch.BestMatchFeMaleExpensive<br/>Completed executing following method : BestMutch.BestMatchFeMaleExpensive<br/>About to Success executing Suite BestMatchFeMaleExpensive<br/>Test Method resides in Tests.BestMutch<br/>Test Status: Pass<br/>About to Success executing Suite BestMatchFeMaleExpensive<br/>Test Method resides in Tests.BestMutch<br/>Test Status: Pass</div></td></tr></table><p class="totop"><a href="#summary">back to summary</a></p>
<h3 id="m17">Tests.BestMutch#BestMatchFeMaleNormal</h3><table class="result"><tr><th>Messages</th></tr><tr><td><div class="messages">About to begin executing following method : BestMutch.BestMatchFeMaleNormal<br/>Completed executing following method : BestMutch.BestMatchFeMaleNormal<br/>About to Success executing Suite BestMatchFeMaleNormal<br/>Test Method resides in Tests.BestMutch<br/>Test Status: Pass<br/>About to Success executing Suite BestMatchFeMaleNormal<br/>Test Method resides in Tests.BestMutch<br/>Test Status: Pass</div></td></tr></table><p class="totop"><a href="#summary">back to summary</a></p>
<h3 id="m18">Tests.BestMutch#BestMatchNormalMale</h3><table class="result"><tr><th>Messages</th></tr><tr><td><div class="messages">About to begin executing following method : BestMutch.BestMatchNormalMale<br/>Completed executing following method : BestMutch.BestMatchNormalMale<br/>About to Success executing Suite BestMatchNormalMale<br/>Test Method resides in Tests.BestMutch<br/>Test Status: Pass<br/>About to Success executing Suite BestMatchNormalMale<br/>Test Method resides in Tests.BestMutch<br/>Test Status: Pass</div></td></tr></table><p class="totop"><a href="#summary">back to summary</a></p>
<h3 id="m19">Tests.BestMutch#BestMatchSelfIdentity</h3><table class="result"><tr><th>Messages</th></tr><tr><td><div class="messages">About to begin executing following method : BestMutch.BestMatchSelfIdentity<br/>Completed executing following method : BestMutch.BestMatchSelfIdentity<br/>About to Success executing Suite BestMatchSelfIdentity<br/>Test Method resides in Tests.BestMutch<br/>Test Status: Pass<br/>About to Success executing Suite BestMatchSelfIdentity<br/>Test Method resides in Tests.BestMutch<br/>Test Status: Pass</div></td></tr></table><p class="totop"><a href="#summary">back to summary</a></p>
<h2>ContactStylistTest</h2><h3 id="m20">Tests.ContactStylistTest#ClientToStylist</h3><table class="result"><tr><th>Messages</th></tr><tr><td><div class="messages">About to begin executing following method : ContactStylistTest.ClientToStylist<br/>Completed executing following method : ContactStylistTest.ClientToStylist<br/>About to Success executing Suite ClientToStylist<br/>Test Method resides in Tests.ContactStylistTest<br/>Test Status: Pass<br/>About to Success executing Suite ClientToStylist<br/>Test Method resides in Tests.ContactStylistTest<br/>Test Status: Pass</div></td></tr></table><p class="totop"><a href="#summary">back to summary</a></p>
<h3 id="m21">Tests.ContactStylistTest#StylistSendToClient</h3><table class="result"><tr><th>Messages</th></tr><tr><td><div class="messages">About to begin executing following method : ContactStylistTest.StylistSendToClient<br/>Completed executing following method : ContactStylistTest.StylistSendToClient<br/>About to Success executing Suite StylistSendToClient<br/>Test Method resides in Tests.ContactStylistTest<br/>Test Status: Pass<br/>About to Success executing Suite StylistSendToClient<br/>Test Method resides in Tests.ContactStylistTest<br/>Test Status: Pass</div></td></tr></table><p class="totop"><a href="#summary">back to summary</a></p>
<h2>EditStyleForMenTests</h2><h3 id="m22">Tests.EditStyleForMenTests#DoSignUp</h3><table class="result"><tr><th>Messages</th></tr><tr><td><div class="messages">About to begin executing following method : EditStyleForMenTests.DoSignUp<br/>Completed executing following method : EditStyleForMenTests.DoSignUp<br/>About to Success executing Suite DoSignUp<br/>Test Method resides in Tests.EditStyleForMenTests<br/>Test Status: Pass<br/>About to Success executing Suite DoSignUp<br/>Test Method resides in Tests.EditStyleForMenTests<br/>Test Status: Pass</div></td></tr></table><p class="totop"><a href="#summary">back to summary</a></p>
<h3 id="m23">Tests.EditStyleForMenTests#EditBodyType</h3><table class="result"><tr><th>Messages</th></tr><tr><td><div class="messages">About to begin executing following method : EditStyleForMenTests.EditBodyType<br/>Completed executing following method : EditStyleForMenTests.EditBodyType<br/>About to Success executing Suite EditBodyType<br/>Test Method resides in Tests.EditStyleForMenTests<br/>Test Status: Pass<br/>About to Success executing Suite EditBodyType<br/>Test Method resides in Tests.EditStyleForMenTests<br/>Test Status: Pass</div></td></tr></table><p class="totop"><a href="#summary">back to summary</a></p>
<h3 id="m24">Tests.EditStyleForMenTests#EditBrands</h3><table class="result"><tr><th>Messages</th></tr><tr><td><div class="messages">About to begin executing following method : EditStyleForMenTests.EditBrands<br/>Completed executing following method : EditStyleForMenTests.EditBrands<br/>About to Success executing Suite EditBrands<br/>Test Method resides in Tests.EditStyleForMenTests<br/>Test Status: Pass<br/>About to Success executing Suite EditBrands<br/>Test Method resides in Tests.EditStyleForMenTests<br/>Test Status: Pass</div></td></tr></table><p class="totop"><a href="#summary">back to summary</a></p>
<h3 id="m25">Tests.EditStyleForMenTests#EditBudget</h3><table class="result"><tr><th>Messages</th></tr><tr><td><div class="messages">About to begin executing following method : EditStyleForMenTests.EditBudget<br/>Completed executing following method : EditStyleForMenTests.EditBudget<br/>About to Success executing Suite EditBudget<br/>Test Method resides in Tests.EditStyleForMenTests<br/>Test Status: Pass<br/>About to Success executing Suite EditBudget<br/>Test Method resides in Tests.EditStyleForMenTests<br/>Test Status: Pass</div></td></tr></table><p class="totop"><a href="#summary">back to summary</a></p>
<h3 id="m26">Tests.EditStyleForMenTests#EditColor</h3><table class="result"><tr><th>Messages</th></tr><tr><td><div class="messages">About to begin executing following method : EditStyleForMenTests.EditColor<br/>Completed executing following method : EditStyleForMenTests.EditColor<br/>About to Success executing Suite EditColor<br/>Test Method resides in Tests.EditStyleForMenTests<br/>Test Status: Pass<br/>About to Success executing Suite EditColor<br/>Test Method resides in Tests.EditStyleForMenTests<br/>Test Status: Pass</div></td></tr></table><p class="totop"><a href="#summary">back to summary</a></p>
<h3 id="m27">Tests.EditStyleForMenTests#EditFitBottom</h3><table class="result"><tr><th>Messages</th></tr><tr><td><div class="messages">About to begin executing following method : EditStyleForMenTests.EditFitBottom<br/>Completed executing following method : EditStyleForMenTests.EditFitBottom<br/>About to Success executing Suite EditFitBottom<br/>Test Method resides in Tests.EditStyleForMenTests<br/>Test Status: Pass<br/>About to Success executing Suite EditFitBottom<br/>Test Method resides in Tests.EditStyleForMenTests<br/>Test Status: Pass</div></td></tr></table><p class="totop"><a href="#summary">back to summary</a></p>
<h3 id="m28">Tests.EditStyleForMenTests#EditFitTop</h3><table class="result"><tr><th>Messages</th></tr><tr><td><div class="messages">About to begin executing following method : EditStyleForMenTests.EditFitTop<br/>Completed executing following method : EditStyleForMenTests.EditFitTop<br/>About to Success executing Suite EditFitTop<br/>Test Method resides in Tests.EditStyleForMenTests<br/>Test Status: Pass<br/>About to Success executing Suite EditFitTop<br/>Test Method resides in Tests.EditStyleForMenTests<br/>Test Status: Pass</div></td></tr></table><p class="totop"><a href="#summary">back to summary</a></p>
<h3 id="m29">Tests.EditStyleForMenTests#EditHeight</h3><table class="result"><tr><th>Messages</th></tr><tr><td><div class="messages">About to begin executing following method : EditStyleForMenTests.EditHeight<br/>Completed executing following method : EditStyleForMenTests.EditHeight<br/>About to Success executing Suite EditHeight<br/>Test Method resides in Tests.EditStyleForMenTests<br/>Test Status: Pass<br/>About to Success executing Suite EditHeight<br/>Test Method resides in Tests.EditStyleForMenTests<br/>Test Status: Pass</div></td></tr></table><p class="totop"><a href="#summary">back to summary</a></p>
<h3 id="m30">Tests.EditStyleForMenTests#EditJewelry</h3><table class="result"><tr><th>Messages</th></tr><tr><td><div class="messages">About to begin executing following method : EditStyleForMenTests.EditJewelry<br/>Completed executing following method : EditStyleForMenTests.EditJewelry<br/>About to Success executing Suite EditJewelry<br/>Test Method resides in Tests.EditStyleForMenTests<br/>Test Status: Pass<br/>About to Success executing Suite EditJewelry<br/>Test Method resides in Tests.EditStyleForMenTests<br/>Test Status: Pass</div></td></tr></table><p class="totop"><a href="#summary">back to summary</a></p>
<h3 id="m31">Tests.EditStyleForMenTests#EditSize</h3><table class="result"><tr><th>Messages</th></tr><tr><td><div class="messages">About to begin executing following method : EditStyleForMenTests.EditSize<br/>Completed executing following method : EditStyleForMenTests.EditSize<br/>About to Success executing Suite EditSize<br/>Test Method resides in Tests.EditStyleForMenTests<br/>Test Status: Pass<br/>About to Success executing Suite EditSize<br/>Test Method resides in Tests.EditStyleForMenTests<br/>Test Status: Pass</div></td></tr></table><p class="totop"><a href="#summary">back to summary</a></p>
<h3 id="m32">Tests.EditStyleForMenTests#EditSocialMedia</h3><table class="result"><tr><th>Messages</th></tr><tr><td><div class="messages">About to begin executing following method : EditStyleForMenTests.EditSocialMedia<br/>Completed executing following method : EditStyleForMenTests.EditSocialMedia<br/>About to Success executing Suite EditSocialMedia<br/>Test Method resides in Tests.EditStyleForMenTests<br/>Test Status: Pass<br/>About to Success executing Suite EditSocialMedia<br/>Test Method resides in Tests.EditStyleForMenTests<br/>Test Status: Pass</div></td></tr></table><p class="totop"><a href="#summary">back to summary</a></p>
<h3 id="m33">Tests.EditStyleForMenTests#EditStyle</h3><table class="result"><tr><th>Messages</th></tr><tr><td><div class="messages">About to begin executing following method : EditStyleForMenTests.EditStyle<br/>Completed executing following method : EditStyleForMenTests.EditStyle<br/>About to Success executing Suite EditStyle<br/>Test Method resides in Tests.EditStyleForMenTests<br/>Test Status: Pass<br/>About to Success executing Suite EditStyle<br/>Test Method resides in Tests.EditStyleForMenTests<br/>Test Status: Pass</div></td></tr></table><p class="totop"><a href="#summary">back to summary</a></p>
<h3 id="m34">Tests.EditStyleForMenTests#EditZone</h3><table class="result"><tr><th>Messages</th></tr><tr><td><div class="messages">About to begin executing following method : EditStyleForMenTests.EditZone<br/>Completed executing following method : EditStyleForMenTests.EditZone<br/>About to Success executing Suite EditZone<br/>Test Method resides in Tests.EditStyleForMenTests<br/>Test Status: Pass<br/>About to Success executing Suite EditZone<br/>Test Method resides in Tests.EditStyleForMenTests<br/>Test Status: Pass</div></td></tr></table><p class="totop"><a href="#summary">back to summary</a></p>
<h2>EditStyleForWomenTests</h2><h3 id="m35">Tests.EditStyleForWomenTests#DoSignUp</h3><table class="result"><tr><th>Messages</th></tr><tr><td><div class="messages">About to begin executing following method : EditStyleForWomenTests.DoSignUp<br/>Completed executing following method : EditStyleForWomenTests.DoSignUp<br/>About to Success executing Suite DoSignUp<br/>Test Method resides in Tests.EditStyleForWomenTests<br/>Test Status: Pass<br/>About to Success executing Suite DoSignUp<br/>Test Method resides in Tests.EditStyleForWomenTests<br/>Test Status: Pass</div></td></tr></table><p class="totop"><a href="#summary">back to summary</a></p>
<h3 id="m36">Tests.EditStyleForWomenTests#EditBodyType</h3><table class="result"><tr><th>Messages</th></tr><tr><td><div class="messages">About to begin executing following method : EditStyleForWomenTests.EditBodyType<br/>Completed executing following method : EditStyleForWomenTests.EditBodyType<br/>About to Success executing Suite EditBodyType<br/>Test Method resides in Tests.EditStyleForWomenTests<br/>Test Status: Pass<br/>About to Success executing Suite EditBodyType<br/>Test Method resides in Tests.EditStyleForWomenTests<br/>Test Status: Pass</div></td></tr></table><p class="totop"><a href="#summary">back to summary</a></p>
<h3 id="m37">Tests.EditStyleForWomenTests#EditBrands</h3><table class="result"><tr><th>Messages</th></tr><tr><td><div class="messages">About to begin executing following method : EditStyleForWomenTests.EditBrands<br/>Completed executing following method : EditStyleForWomenTests.EditBrands<br/>About to Success executing Suite EditBrands<br/>Test Method resides in Tests.EditStyleForWomenTests<br/>Test Status: Pass<br/>About to Success executing Suite EditBrands<br/>Test Method resides in Tests.EditStyleForWomenTests<br/>Test Status: Pass</div></td></tr></table><p class="totop"><a href="#summary">back to summary</a></p>
<h3 id="m38">Tests.EditStyleForWomenTests#EditBudget</h3><table class="result"><tr><th>Messages</th></tr><tr><td><div class="messages">About to begin executing following method : EditStyleForWomenTests.EditBudget<br/>Completed executing following method : EditStyleForWomenTests.EditBudget<br/>About to Success executing Suite EditBudget<br/>Test Method resides in Tests.EditStyleForWomenTests<br/>Test Status: Pass<br/>About to Success executing Suite EditBudget<br/>Test Method resides in Tests.EditStyleForWomenTests<br/>Test Status: Pass</div></td></tr></table><p class="totop"><a href="#summary">back to summary</a></p>
<h3 id="m39">Tests.EditStyleForWomenTests#EditColor</h3><table class="result"><tr><th>Messages</th></tr><tr><td><div class="messages">About to begin executing following method : EditStyleForWomenTests.EditColor<br/>Completed executing following method : EditStyleForWomenTests.EditColor<br/>About to Success executing Suite EditColor<br/>Test Method resides in Tests.EditStyleForWomenTests<br/>Test Status: Pass<br/>About to Success executing Suite EditColor<br/>Test Method resides in Tests.EditStyleForWomenTests<br/>Test Status: Pass</div></td></tr></table><p class="totop"><a href="#summary">back to summary</a></p>
<h3 id="m40">Tests.EditStyleForWomenTests#EditFabric</h3><table class="result"><tr><th>Messages</th></tr><tr><td><div class="messages">About to begin executing following method : EditStyleForWomenTests.EditFabric<br/>Completed executing following method : EditStyleForWomenTests.EditFabric<br/>About to Success executing Suite EditFabric<br/>Test Method resides in Tests.EditStyleForWomenTests<br/>Test Status: Pass<br/>About to Success executing Suite EditFabric<br/>Test Method resides in Tests.EditStyleForWomenTests<br/>Test Status: Pass</div></td></tr></table><p class="totop"><a href="#summary">back to summary</a></p>
<h3 id="m41">Tests.EditStyleForWomenTests#EditFitBottom</h3><table class="result"><tr><th>Messages</th></tr><tr><td><div class="messages">About to begin executing following method : EditStyleForWomenTests.EditFitBottom<br/>Completed executing following method : EditStyleForWomenTests.EditFitBottom<br/>About to Success executing Suite EditFitBottom<br/>Test Method resides in Tests.EditStyleForWomenTests<br/>Test Status: Pass<br/>About to Success executing Suite EditFitBottom<br/>Test Method resides in Tests.EditStyleForWomenTests<br/>Test Status: Pass</div></td></tr></table><p class="totop"><a href="#summary">back to summary</a></p>
<h3 id="m42">Tests.EditStyleForWomenTests#EditFitTop</h3><table class="result"><tr><th>Messages</th></tr><tr><td><div class="messages">About to begin executing following method : EditStyleForWomenTests.EditFitTop<br/>Completed executing following method : EditStyleForWomenTests.EditFitTop<br/>About to Success executing Suite EditFitTop<br/>Test Method resides in Tests.EditStyleForWomenTests<br/>Test Status: Pass<br/>About to Success executing Suite EditFitTop<br/>Test Method resides in Tests.EditStyleForWomenTests<br/>Test Status: Pass</div></td></tr></table><p class="totop"><a href="#summary">back to summary</a></p>
<h3 id="m43">Tests.EditStyleForWomenTests#EditHeels</h3><table class="result"><tr><th>Messages</th></tr><tr><td><div class="messages">About to begin executing following method : EditStyleForWomenTests.EditHeels<br/>Completed executing following method : EditStyleForWomenTests.EditHeels<br/>About to Success executing Suite EditHeels<br/>Test Method resides in Tests.EditStyleForWomenTests<br/>Test Status: Pass<br/>About to Success executing Suite EditHeels<br/>Test Method resides in Tests.EditStyleForWomenTests<br/>Test Status: Pass</div></td></tr></table><p class="totop"><a href="#summary">back to summary</a></p>
<h3 id="m44">Tests.EditStyleForWomenTests#EditHeight</h3><table class="result"><tr><th>Messages</th></tr><tr><td><div class="messages">About to begin executing following method : EditStyleForWomenTests.EditHeight<br/>Completed executing following method : EditStyleForWomenTests.EditHeight<br/>About to Success executing Suite EditHeight<br/>Test Method resides in Tests.EditStyleForWomenTests<br/>Test Status: Pass<br/>About to Success executing Suite EditHeight<br/>Test Method resides in Tests.EditStyleForWomenTests<br/>Test Status: Pass</div></td></tr></table><p class="totop"><a href="#summary">back to summary</a></p>
<h3 id="m45">Tests.EditStyleForWomenTests#EditHighlights</h3><table class="result"><tr><th>Messages</th></tr><tr><td><div class="messages">About to begin executing following method : EditStyleForWomenTests.EditHighlights<br/>Completed executing following method : EditStyleForWomenTests.EditHighlights<br/>About to Success executing Suite EditHighlights<br/>Test Method resides in Tests.EditStyleForWomenTests<br/>Test Status: Pass<br/>About to Success executing Suite EditHighlights<br/>Test Method resides in Tests.EditStyleForWomenTests<br/>Test Status: Pass</div></td></tr></table><p class="totop"><a href="#summary">back to summary</a></p>
<h3 id="m46">Tests.EditStyleForWomenTests#EditJeans</h3><table class="result"><tr><th>Messages</th></tr><tr><td><div class="messages">About to begin executing following method : EditStyleForWomenTests.EditJeans<br/>Completed executing following method : EditStyleForWomenTests.EditJeans<br/>About to Success executing Suite EditJeans<br/>Test Method resides in Tests.EditStyleForWomenTests<br/>Test Status: Pass<br/>About to Success executing Suite EditJeans<br/>Test Method resides in Tests.EditStyleForWomenTests<br/>Test Status: Pass</div></td></tr></table><p class="totop"><a href="#summary">back to summary</a></p>
<h3 id="m47">Tests.EditStyleForWomenTests#EditJewelry</h3><table class="result"><tr><th>Messages</th></tr><tr><td><div class="messages">About to begin executing following method : EditStyleForWomenTests.EditJewelry<br/>Completed executing following method : EditStyleForWomenTests.EditJewelry<br/>About to Success executing Suite EditJewelry<br/>Test Method resides in Tests.EditStyleForWomenTests<br/>Test Status: Pass<br/>About to Success executing Suite EditJewelry<br/>Test Method resides in Tests.EditStyleForWomenTests<br/>Test Status: Pass</div></td></tr></table><p class="totop"><a href="#summary">back to summary</a></p>
<h3 id="m48">Tests.EditStyleForWomenTests#EditSize</h3><table class="result"><tr><th>Messages</th></tr><tr><td><div class="messages">About to begin executing following method : EditStyleForWomenTests.EditSize<br/>Completed executing following method : EditStyleForWomenTests.EditSize<br/>About to Success executing Suite EditSize<br/>Test Method resides in Tests.EditStyleForWomenTests<br/>Test Status: Pass<br/>About to Success executing Suite EditSize<br/>Test Method resides in Tests.EditStyleForWomenTests<br/>Test Status: Pass</div></td></tr></table><p class="totop"><a href="#summary">back to summary</a></p>
<h3 id="m49">Tests.EditStyleForWomenTests#EditSocialMedia</h3><table class="result"><tr><th>Messages</th></tr><tr><td><div class="messages">About to begin executing following method : EditStyleForWomenTests.EditSocialMedia<br/>Completed executing following method : EditStyleForWomenTests.EditSocialMedia<br/>About to Success executing Suite EditSocialMedia<br/>Test Method resides in Tests.EditStyleForWomenTests<br/>Test Status: Pass<br/>About to Success executing Suite EditSocialMedia<br/>Test Method resides in Tests.EditStyleForWomenTests<br/>Test Status: Pass</div></td></tr></table><p class="totop"><a href="#summary">back to summary</a></p>
<h3 id="m50">Tests.EditStyleForWomenTests#EditStyle</h3><table class="result"><tr><th>Messages</th></tr><tr><td><div class="messages">About to begin executing following method : EditStyleForWomenTests.EditStyle<br/>Completed executing following method : EditStyleForWomenTests.EditStyle<br/>About to Success executing Suite EditStyle<br/>Test Method resides in Tests.EditStyleForWomenTests<br/>Test Status: Pass<br/>About to Success executing Suite EditStyle<br/>Test Method resides in Tests.EditStyleForWomenTests<br/>Test Status: Pass</div></td></tr></table><p class="totop"><a href="#summary">back to summary</a></p>
<h3 id="m51">Tests.EditStyleForWomenTests#EditZone</h3><table class="result"><tr><th>Messages</th></tr><tr><td><div class="messages">About to begin executing following method : EditStyleForWomenTests.EditZone<br/>Completed executing following method : EditStyleForWomenTests.EditZone<br/>About to Success executing Suite EditZone<br/>Test Method resides in Tests.EditStyleForWomenTests<br/>Test Status: Pass<br/>About to Success executing Suite EditZone<br/>Test Method resides in Tests.EditStyleForWomenTests<br/>Test Status: Pass</div></td></tr></table><p class="totop"><a href="#summary">back to summary</a></p>
<h2>CheckOutMounthTest</h2><h3 id="m52">Tests.CheckOutMounthTest#CompileBooking</h3><table class="result"><tr><th>Messages</th></tr><tr><td><div class="messages">About to begin executing following method : CheckOutMounthTest.CompileBooking<br/>Completed executing following method : CheckOutMounthTest.CompileBooking<br/>About to Success executing Suite CompileBooking<br/>Test Method resides in Tests.CheckOutMounthTest<br/>Test Status: Pass<br/>About to Success executing Suite CompileBooking<br/>Test Method resides in Tests.CheckOutMounthTest<br/>Test Status: Pass</div></td></tr></table><p class="totop"><a href="#summary">back to summary</a></p>
<h3 id="m53">Tests.CheckOutMounthTest#DoLogin</h3><table class="result"><tr><th>Messages</th></tr><tr><td><div class="messages">About to begin executing following method : CheckOutMounthTest.DoLogin<br/>Completed executing following method : CheckOutMounthTest.DoLogin<br/>About to Success executing Suite DoLogin<br/>Test Method resides in Tests.CheckOutMounthTest<br/>Test Status: Pass<br/>About to Success executing Suite DoLogin<br/>Test Method resides in Tests.CheckOutMounthTest<br/>Test Status: Pass</div></td></tr></table><p class="totop"><a href="#summary">back to summary</a></p>
<h3 id="m54">Tests.CheckOutMounthTest#SearchStylist</h3><table class="result"><tr><th>Messages</th></tr><tr><td><div class="messages">About to begin executing following method : CheckOutMounthTest.SearchStylist<br/>Completed executing following method : CheckOutMounthTest.SearchStylist<br/>About to Success executing Suite SearchStylist<br/>Test Method resides in Tests.CheckOutMounthTest<br/>Test Status: Pass<br/>About to Success executing Suite SearchStylist<br/>Test Method resides in Tests.CheckOutMounthTest<br/>Test Status: Pass</div></td></tr></table><p class="totop"><a href="#summary">back to summary</a></p>
<h3 id="m55">Tests.CheckOutMounthTest#SelectEvents</h3><table class="result"><tr><th>Messages</th></tr><tr><td><div class="messages">About to begin executing following method : CheckOutMounthTest.SelectEvents<br/>Completed executing following method : CheckOutMounthTest.SelectEvents<br/>About to Success executing Suite SelectEvents<br/>Test Method resides in Tests.CheckOutMounthTest<br/>Test Status: Pass<br/>About to Success executing Suite SelectEvents<br/>Test Method resides in Tests.CheckOutMounthTest<br/>Test Status: Pass</div></td></tr></table><p class="totop"><a href="#summary">back to summary</a></p>
<h3 id="m56">Tests.CheckOutMounthTest#SelectSession</h3><table class="result"><tr><th>Messages</th></tr><tr><td><div class="messages">About to begin executing following method : CheckOutMounthTest.SelectSession<br/>Completed executing following method : CheckOutMounthTest.SelectSession<br/>About to Success executing Suite SelectSession<br/>Test Method resides in Tests.CheckOutMounthTest<br/>Test Status: Pass<br/>About to Success executing Suite SelectSession<br/>Test Method resides in Tests.CheckOutMounthTest<br/>Test Status: Pass</div></td></tr></table><p class="totop"><a href="#summary">back to summary</a></p>
<h2>CheckOutSingleTest</h2><h3 id="m57">Tests.CheckOutSingleTest#CompileBooking</h3><table class="result"><tr><th>Messages</th></tr><tr><td><div class="messages">About to begin executing following method : CheckOutSingleTest.CompileBooking<br/>Completed executing following method : CheckOutSingleTest.CompileBooking<br/>About to Success executing Suite CompileBooking<br/>Test Method resides in Tests.CheckOutSingleTest<br/>Test Status: Pass<br/>About to Success executing Suite CompileBooking<br/>Test Method resides in Tests.CheckOutSingleTest<br/>Test Status: Pass</div></td></tr></table><p class="totop"><a href="#summary">back to summary</a></p>
<h3 id="m58">Tests.CheckOutSingleTest#DoLogin</h3><table class="result"><tr><th>Messages</th></tr><tr><td><div class="messages">About to begin executing following method : CheckOutSingleTest.DoLogin<br/>Completed executing following method : CheckOutSingleTest.DoLogin<br/>About to Success executing Suite DoLogin<br/>Test Method resides in Tests.CheckOutSingleTest<br/>Test Status: Pass<br/>About to Success executing Suite DoLogin<br/>Test Method resides in Tests.CheckOutSingleTest<br/>Test Status: Pass</div></td></tr></table><p class="totop"><a href="#summary">back to summary</a></p>
<h3 id="m59">Tests.CheckOutSingleTest#SearchStylist</h3><table class="result"><tr><th>Messages</th></tr><tr><td><div class="messages">About to begin executing following method : CheckOutSingleTest.SearchStylist<br/>Completed executing following method : CheckOutSingleTest.SearchStylist<br/>About to Success executing Suite SearchStylist<br/>Test Method resides in Tests.CheckOutSingleTest<br/>Test Status: Pass<br/>About to Success executing Suite SearchStylist<br/>Test Method resides in Tests.CheckOutSingleTest<br/>Test Status: Pass</div></td></tr></table><p class="totop"><a href="#summary">back to summary</a></p>
<h3 id="m60">Tests.CheckOutSingleTest#SelectEvents</h3><table class="result"><tr><th>Messages</th></tr><tr><td><div class="messages">About to begin executing following method : CheckOutSingleTest.SelectEvents<br/>Completed executing following method : CheckOutSingleTest.SelectEvents<br/>About to Success executing Suite SelectEvents<br/>Test Method resides in Tests.CheckOutSingleTest<br/>Test Status: Pass<br/>About to Success executing Suite SelectEvents<br/>Test Method resides in Tests.CheckOutSingleTest<br/>Test Status: Pass</div></td></tr></table><p class="totop"><a href="#summary">back to summary</a></p>
<h3 id="m61">Tests.CheckOutSingleTest#SelectSession</h3><table class="result"><tr><th>Messages</th></tr><tr><td><div class="messages">About to begin executing following method : CheckOutSingleTest.SelectSession<br/>Completed executing following method : CheckOutSingleTest.SelectSession<br/>About to Success executing Suite SelectSession<br/>Test Method resides in Tests.CheckOutSingleTest<br/>Test Status: Pass<br/>About to Success executing Suite SelectSession<br/>Test Method resides in Tests.CheckOutSingleTest<br/>Test Status: Pass</div></td></tr></table><p class="totop"><a href="#summary">back to summary</a></p>
<h2>CheckOutPSTest</h2><h3 id="m62">Tests.CheckOutPSTest#CheckOut</h3><table class="result"><tr><th>Messages</th></tr><tr><td><div class="messages">About to begin executing following method : CheckOutPSTest.CheckOut<br/>Completed executing following method : CheckOutPSTest.CheckOut<br/>About to Success executing Suite CheckOut<br/>Test Method resides in Tests.CheckOutPSTest<br/>Test Status: Pass<br/>About to Success executing Suite CheckOut<br/>Test Method resides in Tests.CheckOutPSTest<br/>Test Status: Pass</div></td></tr></table><p class="totop"><a href="#summary">back to summary</a></p>
<h3 id="m63">Tests.CheckOutPSTest#DoLogin</h3><table class="result"><tr><th>Messages</th></tr><tr><td><div class="messages">About to begin executing following method : CheckOutPSTest.DoLogin<br/>Completed executing following method : CheckOutPSTest.DoLogin<br/>About to Success executing Suite DoLogin<br/>Test Method resides in Tests.CheckOutPSTest<br/>Test Status: Pass<br/>About to Success executing Suite DoLogin<br/>Test Method resides in Tests.CheckOutPSTest<br/>Test Status: Pass</div></td></tr></table><p class="totop"><a href="#summary">back to summary</a></p>
<h3 id="m64">Tests.CheckOutPSTest#SearchStylist</h3><table class="result"><tr><th>Messages</th></tr><tr><td><div class="messages">About to begin executing following method : CheckOutPSTest.SearchStylist<br/>Completed executing following method : CheckOutPSTest.SearchStylist<br/>About to Success executing Suite SearchStylist<br/>Test Method resides in Tests.CheckOutPSTest<br/>Test Status: Pass<br/>About to Success executing Suite SearchStylist<br/>Test Method resides in Tests.CheckOutPSTest<br/>Test Status: Pass</div></td></tr></table><p class="totop"><a href="#summary">back to summary</a></p>
<h3 id="m65">Tests.CheckOutPSTest#SelectEvents</h3><table class="result"><tr><th>Messages</th></tr><tr><td><div class="messages">About to begin executing following method : CheckOutPSTest.SelectEvents<br/>Completed executing following method : CheckOutPSTest.SelectEvents<br/>About to Success executing Suite SelectEvents<br/>Test Method resides in Tests.CheckOutPSTest<br/>Test Status: Pass<br/>About to Success executing Suite SelectEvents<br/>Test Method resides in Tests.CheckOutPSTest<br/>Test Status: Pass</div></td></tr></table><p class="totop"><a href="#summary">back to summary</a></p>
<h2>CheckOutByCoponTest</h2><h3 id="m66">Tests.CheckOutByCoponTest#DoLogin</h3><table class="result"><tr><th>Messages</th></tr><tr><td><div class="messages">About to begin executing following method : CheckOutByCoponTest.DoLogin<br/>Completed executing following method : CheckOutByCoponTest.DoLogin<br/>About to Success executing Suite DoLogin<br/>Test Method resides in Tests.CheckOutByCoponTest<br/>Test Status: Pass<br/>About to Success executing Suite DoLogin<br/>Test Method resides in Tests.CheckOutByCoponTest<br/>Test Status: Pass</div></td></tr></table><p class="totop"><a href="#summary">back to summary</a></p>
<h3 id="m67">Tests.CheckOutByCoponTest#SearchStylist</h3><table class="result"><tr><th>Messages</th></tr><tr><td><div class="messages">About to begin executing following method : CheckOutByCoponTest.SearchStylist<br/>Completed executing following method : CheckOutByCoponTest.SearchStylist<br/>About to Success executing Suite SearchStylist<br/>Test Method resides in Tests.CheckOutByCoponTest<br/>Test Status: Pass<br/>About to Success executing Suite SearchStylist<br/>Test Method resides in Tests.CheckOutByCoponTest<br/>Test Status: Pass</div></td></tr></table><p class="totop"><a href="#summary">back to summary</a></p>
<h3 id="m68">Tests.CheckOutByCoponTest#SelectEvents</h3><table class="result"><tr><th>Messages</th></tr><tr><td><div class="messages">About to begin executing following method : CheckOutByCoponTest.SelectEvents<br/>Completed executing following method : CheckOutByCoponTest.SelectEvents<br/>About to Success executing Suite SelectEvents<br/>Test Method resides in Tests.CheckOutByCoponTest<br/>Test Status: Pass<br/>About to Success executing Suite SelectEvents<br/>Test Method resides in Tests.CheckOutByCoponTest<br/>Test Status: Pass</div></td></tr></table><p class="totop"><a href="#summary">back to summary</a></p>
<h3 id="m69">Tests.CheckOutByCoponTest#SelectSession</h3><table class="result"><tr><th>Messages</th></tr><tr><td><div class="messages">About to begin executing following method : CheckOutByCoponTest.SelectSession<br/>Completed executing following method : CheckOutByCoponTest.SelectSession<br/>About to Success executing Suite SelectSession<br/>Test Method resides in Tests.CheckOutByCoponTest<br/>Test Status: Pass<br/>About to Success executing Suite SelectSession<br/>Test Method resides in Tests.CheckOutByCoponTest<br/>Test Status: Pass</div></td></tr></table><p class="totop"><a href="#summary">back to summary</a></p>
<h2>LoginTests</h2><h3 id="m70">Tests.LoginTests#ClickLoginwWithOutToFillAnyFields</h3><table class="result"><tr><th>Messages</th></tr><tr><td><div class="messages">About to begin executing following method : LoginTests.ClickLoginwWithOutToFillAnyFields<br/>Completed executing following method : LoginTests.ClickLoginwWithOutToFillAnyFields<br/>About to Success executing Suite ClickLoginwWithOutToFillAnyFields<br/>Test Method resides in Tests.LoginTests<br/>Test Status: Pass<br/>About to Success executing Suite ClickLoginwWithOutToFillAnyFields<br/>Test Method resides in Tests.LoginTests<br/>Test Status: Pass</div></td></tr></table><p class="totop"><a href="#summary">back to summary</a></p>
<h3 id="m71">Tests.LoginTests#DoLogin</h3><table class="result"><tr><th>Messages</th></tr><tr><td><div class="messages">About to begin executing following method : LoginTests.DoLogin<br/>Completed executing following method : LoginTests.DoLogin<br/>About to Success executing Suite DoLogin<br/>Test Method resides in Tests.LoginTests<br/>Test Status: Pass<br/>About to Success executing Suite DoLogin<br/>Test Method resides in Tests.LoginTests<br/>Test Status: Pass</div></td></tr></table><p class="totop"><a href="#summary">back to summary</a></p>
<h3 id="m72">Tests.LoginTests#FillPasswordWithOutToFillEmail</h3><table class="result"><tr><th>Messages</th></tr><tr><td><div class="messages">About to begin executing following method : LoginTests.FillPasswordWithOutToFillEmail<br/>Completed executing following method : LoginTests.FillPasswordWithOutToFillEmail<br/>About to Success executing Suite FillPasswordWithOutToFillEmail<br/>Test Method resides in Tests.LoginTests<br/>Test Status: Pass<br/>About to Success executing Suite FillPasswordWithOutToFillEmail<br/>Test Method resides in Tests.LoginTests<br/>Test Status: Pass</div></td></tr></table><p class="totop"><a href="#summary">back to summary</a></p>
<h3 id="m73">Tests.LoginTests#FillPasswordWithOutToFillPassword</h3><table class="result"><tr><th>Messages</th></tr><tr><td><div class="messages">About to begin executing following method : LoginTests.FillPasswordWithOutToFillPassword<br/>Completed executing following method : LoginTests.FillPasswordWithOutToFillPassword<br/>About to Success executing Suite FillPasswordWithOutToFillPassword<br/>Test Method resides in Tests.LoginTests<br/>Test Status: Pass<br/>About to Success executing Suite FillPasswordWithOutToFillPassword<br/>Test Method resides in Tests.LoginTests<br/>Test Status: Pass</div></td></tr></table><p class="totop"><a href="#summary">back to summary</a></p>
<h3 id="m74">Tests.LoginTests#FillPasswordWithWrongEmail</h3><table class="result"><tr><th>Messages</th></tr><tr><td><div class="messages">About to begin executing following method : LoginTests.FillPasswordWithWrongEmail<br/>Completed executing following method : LoginTests.FillPasswordWithWrongEmail<br/>About to Success executing Suite FillPasswordWithWrongEmail<br/>Test Method resides in Tests.LoginTests<br/>Test Status: Pass<br/>About to Success executing Suite FillPasswordWithWrongEmail<br/>Test Method resides in Tests.LoginTests<br/>Test Status: Pass</div></td></tr></table><p class="totop"><a href="#summary">back to summary</a></p>
<h3 id="m75">Tests.LoginTests#FillPasswordWithWrongPassword</h3><table class="result"><tr><th>Messages</th></tr><tr><td><div class="messages">About to begin executing following method : LoginTests.FillPasswordWithWrongPassword<br/>Completed executing following method : LoginTests.FillPasswordWithWrongPassword<br/>About to Success executing Suite FillPasswordWithWrongPassword<br/>Test Method resides in Tests.LoginTests<br/>Test Status: Pass<br/>About to Success executing Suite FillPasswordWithWrongPassword<br/>Test Method resides in Tests.LoginTests<br/>Test Status: Pass</div></td></tr></table><p class="totop"><a href="#summary">back to summary</a></p>
<h2>QuickQuizForWomenTest</h2><h3 id="m76">Tests.QuickQuizForWomenTest#CompileBooking</h3><table class="result"><tr><th>Messages</th></tr><tr><td><div class="messages">About to begin executing following method : QuickQuizForWomenTest.CompileBooking<br/>Completed executing following method : QuickQuizForWomenTest.CompileBooking<br/>About to Success executing Suite CompileBooking<br/>Test Method resides in Tests.QuickQuizForWomenTest<br/>Test Status: Pass<br/>About to Success executing Suite CompileBooking<br/>Test Method resides in Tests.QuickQuizForWomenTest<br/>Test Status: Pass</div></td></tr></table><p class="totop"><a href="#summary">back to summary</a></p>
<h3 id="m77">Tests.QuickQuizForWomenTest#DoLogin</h3><table class="result"><tr><th>Messages</th></tr><tr><td><div class="messages">About to begin executing following method : QuickQuizForWomenTest.DoLogin<br/>Completed executing following method : QuickQuizForWomenTest.DoLogin<br/>About to Success executing Suite DoLogin<br/>Test Method resides in Tests.QuickQuizForWomenTest<br/>Test Status: Pass<br/>About to Success executing Suite DoLogin<br/>Test Method resides in Tests.QuickQuizForWomenTest<br/>Test Status: Pass</div></td></tr></table><p class="totop"><a href="#summary">back to summary</a></p>
<h3 id="m78">Tests.QuickQuizForWomenTest#SearchStylist</h3><table class="result"><tr><th>Messages</th></tr><tr><td><div class="messages">About to begin executing following method : QuickQuizForWomenTest.SearchStylist<br/>Completed executing following method : QuickQuizForWomenTest.SearchStylist<br/>About to Success executing Suite SearchStylist<br/>Test Method resides in Tests.QuickQuizForWomenTest<br/>Test Status: Pass<br/>About to Success executing Suite SearchStylist<br/>Test Method resides in Tests.QuickQuizForWomenTest<br/>Test Status: Pass</div></td></tr></table><p class="totop"><a href="#summary">back to summary</a></p>
<h3 id="m79">Tests.QuickQuizForWomenTest#SelectEvents</h3><table class="result"><tr><th>Messages</th></tr><tr><td><div class="messages">About to begin executing following method : QuickQuizForWomenTest.SelectEvents<br/>Completed executing following method : QuickQuizForWomenTest.SelectEvents<br/>About to Success executing Suite SelectEvents<br/>Test Method resides in Tests.QuickQuizForWomenTest<br/>Test Status: Pass<br/>About to Success executing Suite SelectEvents<br/>Test Method resides in Tests.QuickQuizForWomenTest<br/>Test Status: Pass</div></td></tr></table><p class="totop"><a href="#summary">back to summary</a></p>
<h3 id="m80">Tests.QuickQuizForWomenTest#SelectSession</h3><table class="result"><tr><th>Messages</th></tr><tr><td><div class="messages">About to begin executing following method : QuickQuizForWomenTest.SelectSession<br/>Completed executing following method : QuickQuizForWomenTest.SelectSession<br/>About to Success executing Suite SelectSession<br/>Test Method resides in Tests.QuickQuizForWomenTest<br/>Test Status: Pass<br/>About to Success executing Suite SelectSession<br/>Test Method resides in Tests.QuickQuizForWomenTest<br/>Test Status: Pass</div></td></tr></table><p class="totop"><a href="#summary">back to summary</a></p>
<h2>QuickQuizMale</h2><h3 id="m81">Tests.QuickQuizForMenTest#CompileBooking</h3><table class="result"><tr><th>Messages</th></tr><tr><td><div class="messages">About to begin executing following method : QuickQuizForMenTest.CompileBooking<br/>Completed executing following method : QuickQuizForMenTest.CompileBooking<br/>About to Success executing Suite CompileBooking<br/>Test Method resides in Tests.QuickQuizForMenTest<br/>Test Status: Pass<br/>About to Success executing Suite CompileBooking<br/>Test Method resides in Tests.QuickQuizForMenTest<br/>Test Status: Pass</div></td></tr></table><p class="totop"><a href="#summary">back to summary</a></p>
<h3 id="m82">Tests.QuickQuizForMenTest#DoLogin</h3><table class="result"><tr><th>Messages</th></tr><tr><td><div class="messages">About to begin executing following method : QuickQuizForMenTest.DoLogin<br/>Completed executing following method : QuickQuizForMenTest.DoLogin<br/>About to Success executing Suite DoLogin<br/>Test Method resides in Tests.QuickQuizForMenTest<br/>Test Status: Pass<br/>About to Success executing Suite DoLogin<br/>Test Method resides in Tests.QuickQuizForMenTest<br/>Test Status: Pass</div></td></tr></table><p class="totop"><a href="#summary">back to summary</a></p>
<h3 id="m83">Tests.QuickQuizForMenTest#MadeQuiz</h3><table class="result"><tr><th>Messages</th></tr><tr><td><div class="messages">About to begin executing following method : QuickQuizForMenTest.MadeQuiz<br/>Completed executing following method : QuickQuizForMenTest.MadeQuiz<br/>About to Success executing Suite MadeQuiz<br/>Test Method resides in Tests.QuickQuizForMenTest<br/>Test Status: Pass<br/>About to Success executing Suite MadeQuiz<br/>Test Method resides in Tests.QuickQuizForMenTest<br/>Test Status: Pass</div></td></tr></table><p class="totop"><a href="#summary">back to summary</a></p>
<h3 id="m84">Tests.QuickQuizForMenTest#SearchStylist</h3><table class="result"><tr><th>Messages</th></tr><tr><td><div class="messages">About to begin executing following method : QuickQuizForMenTest.SearchStylist<br/>Completed executing following method : QuickQuizForMenTest.SearchStylist<br/>About to Success executing Suite SearchStylist<br/>Test Method resides in Tests.QuickQuizForMenTest<br/>Test Status: Pass<br/>About to Success executing Suite SearchStylist<br/>Test Method resides in Tests.QuickQuizForMenTest<br/>Test Status: Pass</div></td></tr></table><p class="totop"><a href="#summary">back to summary</a></p>
<h3 id="m85">Tests.QuickQuizForMenTest#SelectEvents</h3><table class="result"><tr><th>Messages</th></tr><tr><td><div class="messages">About to begin executing following method : QuickQuizForMenTest.SelectEvents<br/>Completed executing following method : QuickQuizForMenTest.SelectEvents<br/>About to Success executing Suite SelectEvents<br/>Test Method resides in Tests.QuickQuizForMenTest<br/>Test Status: Pass<br/>About to Success executing Suite SelectEvents<br/>Test Method resides in Tests.QuickQuizForMenTest<br/>Test Status: Pass</div></td></tr></table><p class="totop"><a href="#summary">back to summary</a></p>
<h3 id="m86">Tests.QuickQuizForMenTest#SelectSession</h3><table class="result"><tr><th>Messages</th></tr><tr><td><div class="messages">About to begin executing following method : QuickQuizForMenTest.SelectSession<br/>Completed executing following method : QuickQuizForMenTest.SelectSession<br/>About to Success executing Suite SelectSession<br/>Test Method resides in Tests.QuickQuizForMenTest<br/>Test Status: Pass<br/>About to Success executing Suite SelectSession<br/>Test Method resides in Tests.QuickQuizForMenTest<br/>Test Status: Pass</div></td></tr></table><p class="totop"><a href="#summary">back to summary</a></p>
<h2>QuizForSelfIdentityTest</h2><h3 id="m87">Tests.QuizForSelfIdentityTest#DoSignUp</h3><table class="result"><tr><th>Messages</th></tr><tr><td><div class="messages">About to begin executing following method : QuizForSelfIdentityTest.DoSignUp<br/>Completed executing following method : QuizForSelfIdentityTest.DoSignUp<br/>About to Success executing Suite DoSignUp<br/>Test Method resides in Tests.QuizForSelfIdentityTest<br/>Test Status: Pass<br/>About to Success executing Suite DoSignUp<br/>Test Method resides in Tests.QuizForSelfIdentityTest<br/>Test Status: Pass</div></td></tr></table><p class="totop"><a href="#summary">back to summary</a></p>
<h3 id="m88">Tests.QuizForSelfIdentityTest#SearchStylist</h3><table class="result"><tr><th>Messages</th></tr><tr><td><div class="messages">About to begin executing following method : QuizForSelfIdentityTest.SearchStylist<br/>Completed executing following method : QuizForSelfIdentityTest.SearchStylist<br/>About to Success executing Suite SearchStylist<br/>Test Method resides in Tests.QuizForSelfIdentityTest<br/>Test Status: Pass<br/>About to Success executing Suite SearchStylist<br/>Test Method resides in Tests.QuizForSelfIdentityTest<br/>Test Status: Pass</div></td></tr></table><p class="totop"><a href="#summary">back to summary</a></p>
<h3 id="m89">Tests.QuizForSelfIdentityTest#SelectBodyType</h3><table class="result"><tr><th>Messages</th></tr><tr><td><div class="messages">About to begin executing following method : QuizForSelfIdentityTest.SelectBodyType<br/>Completed executing following method : QuizForSelfIdentityTest.SelectBodyType<br/>About to Success executing Suite SelectBodyType<br/>Test Method resides in Tests.QuizForSelfIdentityTest<br/>Test Status: Pass<br/>About to Success executing Suite SelectBodyType<br/>Test Method resides in Tests.QuizForSelfIdentityTest<br/>Test Status: Pass</div></td></tr></table><p class="totop"><a href="#summary">back to summary</a></p>
<h3 id="m90">Tests.QuizForSelfIdentityTest#SelectClothingCategories</h3><table class="result"><tr><th>Messages</th></tr><tr><td><div class="messages">About to begin executing following method : QuizForSelfIdentityTest.SelectClothingCategories<br/>Completed executing following method : QuizForSelfIdentityTest.SelectClothingCategories<br/>About to Success executing Suite SelectClothingCategories<br/>Test Method resides in Tests.QuizForSelfIdentityTest<br/>Test Status: Pass<br/>About to Success executing Suite SelectClothingCategories<br/>Test Method resides in Tests.QuizForSelfIdentityTest<br/>Test Status: Pass</div></td></tr></table><p class="totop"><a href="#summary">back to summary</a></p>
<h3 id="m91">Tests.QuizForSelfIdentityTest#SelectClothingPreferences</h3><table class="result"><tr><th>Messages</th></tr><tr><td><div class="messages">About to begin executing following method : QuizForSelfIdentityTest.SelectClothingPreferences<br/>Completed executing following method : QuizForSelfIdentityTest.SelectClothingPreferences<br/>About to Success executing Suite SelectClothingPreferences<br/>Test Method resides in Tests.QuizForSelfIdentityTest<br/>Test Status: Pass<br/>About to Success executing Suite SelectClothingPreferences<br/>Test Method resides in Tests.QuizForSelfIdentityTest<br/>Test Status: Pass</div></td></tr></table><p class="totop"><a href="#summary">back to summary</a></p>
<h3 id="m92">Tests.QuizForSelfIdentityTest#SelectColor</h3><table class="result"><tr><th>Messages</th></tr><tr><td><div class="messages">About to begin executing following method : QuizForSelfIdentityTest.SelectColor<br/>Completed executing following method : QuizForSelfIdentityTest.SelectColor<br/>About to Success executing Suite SelectColor<br/>Test Method resides in Tests.QuizForSelfIdentityTest<br/>Test Status: Pass<br/>About to Success executing Suite SelectColor<br/>Test Method resides in Tests.QuizForSelfIdentityTest<br/>Test Status: Pass</div></td></tr></table><p class="totop"><a href="#summary">back to summary</a></p>
<h3 id="m93">Tests.QuizForSelfIdentityTest#SelectCountry</h3><table class="result"><tr><th>Messages</th></tr><tr><td><div class="messages">About to begin executing following method : QuizForSelfIdentityTest.SelectCountry<br/>Completed executing following method : QuizForSelfIdentityTest.SelectCountry<br/>About to Success executing Suite SelectCountry<br/>Test Method resides in Tests.QuizForSelfIdentityTest<br/>Test Status: Pass<br/>About to Success executing Suite SelectCountry<br/>Test Method resides in Tests.QuizForSelfIdentityTest<br/>Test Status: Pass</div></td></tr></table><p class="totop"><a href="#summary">back to summary</a></p>
<h3 id="m94">Tests.QuizForSelfIdentityTest#SelectEvents</h3><table class="result"><tr><th>Messages</th></tr><tr><td><div class="messages">About to begin executing following method : QuizForSelfIdentityTest.SelectEvents<br/>Completed executing following method : QuizForSelfIdentityTest.SelectEvents<br/>About to Success executing Suite SelectEvents<br/>Test Method resides in Tests.QuizForSelfIdentityTest<br/>Test Status: Pass<br/>About to Success executing Suite SelectEvents<br/>Test Method resides in Tests.QuizForSelfIdentityTest<br/>Test Status: Pass</div></td></tr></table><p class="totop"><a href="#summary">back to summary</a></p>
<h3 id="m95">Tests.QuizForSelfIdentityTest#SelectFabrics</h3><table class="result"><tr><th>Messages</th></tr><tr><td><div class="messages">About to begin executing following method : QuizForSelfIdentityTest.SelectFabrics<br/>Completed executing following method : QuizForSelfIdentityTest.SelectFabrics<br/>About to Success executing Suite SelectFabrics<br/>Test Method resides in Tests.QuizForSelfIdentityTest<br/>Test Status: Pass<br/>About to Success executing Suite SelectFabrics<br/>Test Method resides in Tests.QuizForSelfIdentityTest<br/>Test Status: Pass</div></td></tr></table><p class="totop"><a href="#summary">back to summary</a></p>
<h3 id="m96">Tests.QuizForSelfIdentityTest#SelectFitBottom</h3><table class="result"><tr><th>Messages</th></tr><tr><td><div class="messages">About to begin executing following method : QuizForSelfIdentityTest.SelectFitBottom<br/>Completed executing following method : QuizForSelfIdentityTest.SelectFitBottom<br/>About to Success executing Suite SelectFitBottom<br/>Test Method resides in Tests.QuizForSelfIdentityTest<br/>Test Status: Pass<br/>About to Success executing Suite SelectFitBottom<br/>Test Method resides in Tests.QuizForSelfIdentityTest<br/>Test Status: Pass</div></td></tr></table><p class="totop"><a href="#summary">back to summary</a></p>
<h3 id="m97">Tests.QuizForSelfIdentityTest#SelectFitTop</h3><table class="result"><tr><th>Messages</th></tr><tr><td><div class="messages">About to begin executing following method : QuizForSelfIdentityTest.SelectFitTop<br/>Completed executing following method : QuizForSelfIdentityTest.SelectFitTop<br/>About to Success executing Suite SelectFitTop<br/>Test Method resides in Tests.QuizForSelfIdentityTest<br/>Test Status: Pass<br/>About to Success executing Suite SelectFitTop<br/>Test Method resides in Tests.QuizForSelfIdentityTest<br/>Test Status: Pass</div></td></tr></table><p class="totop"><a href="#summary">back to summary</a></p>
<h3 id="m98">Tests.QuizForSelfIdentityTest#SelectHeels</h3><table class="result"><tr><th>Messages</th></tr><tr><td><div class="messages">About to begin executing following method : QuizForSelfIdentityTest.SelectHeels<br/>Completed executing following method : QuizForSelfIdentityTest.SelectHeels<br/>About to Success executing Suite SelectHeels<br/>Test Method resides in Tests.QuizForSelfIdentityTest<br/>Test Status: Pass<br/>About to Success executing Suite SelectHeels<br/>Test Method resides in Tests.QuizForSelfIdentityTest<br/>Test Status: Pass</div></td></tr></table><p class="totop"><a href="#summary">back to summary</a></p>
<h3 id="m99">Tests.QuizForSelfIdentityTest#SelectHeight</h3><table class="result"><tr><th>Messages</th></tr><tr><td><div class="messages">About to begin executing following method : QuizForSelfIdentityTest.SelectHeight<br/>Completed executing following method : QuizForSelfIdentityTest.SelectHeight<br/>About to Success executing Suite SelectHeight<br/>Test Method resides in Tests.QuizForSelfIdentityTest<br/>Test Status: Pass<br/>About to Success executing Suite SelectHeight<br/>Test Method resides in Tests.QuizForSelfIdentityTest<br/>Test Status: Pass</div></td></tr></table><p class="totop"><a href="#summary">back to summary</a></p>
<h3 id="m100">Tests.QuizForSelfIdentityTest#SelectHighlights</h3><table class="result"><tr><th>Messages</th></tr><tr><td><div class="messages">About to begin executing following method : QuizForSelfIdentityTest.SelectHighlights<br/>Completed executing following method : QuizForSelfIdentityTest.SelectHighlights<br/>About to Success executing Suite SelectHighlights<br/>Test Method resides in Tests.QuizForSelfIdentityTest<br/>Test Status: Pass<br/>About to Success executing Suite SelectHighlights<br/>Test Method resides in Tests.QuizForSelfIdentityTest<br/>Test Status: Pass</div></td></tr></table><p class="totop"><a href="#summary">back to summary</a></p>
<h3 id="m101">Tests.QuizForSelfIdentityTest#SelectJeansp</h3><table class="result"><tr><th>Messages</th></tr><tr><td><div class="messages">About to begin executing following method : QuizForSelfIdentityTest.SelectJeansp<br/>Completed executing following method : QuizForSelfIdentityTest.SelectJeansp<br/>About to Success executing Suite SelectJeansp<br/>Test Method resides in Tests.QuizForSelfIdentityTest<br/>Test Status: Pass<br/>About to Success executing Suite SelectJeansp<br/>Test Method resides in Tests.QuizForSelfIdentityTest<br/>Test Status: Pass</div></td></tr></table><p class="totop"><a href="#summary">back to summary</a></p>
<h3 id="m102">Tests.QuizForSelfIdentityTest#SelectJewelry</h3><table class="result"><tr><th>Messages</th></tr><tr><td><div class="messages">About to begin executing following method : QuizForSelfIdentityTest.SelectJewelry<br/>Completed executing following method : QuizForSelfIdentityTest.SelectJewelry<br/>About to Success executing Suite SelectJewelry<br/>Test Method resides in Tests.QuizForSelfIdentityTest<br/>Test Status: Pass<br/>About to Success executing Suite SelectJewelry<br/>Test Method resides in Tests.QuizForSelfIdentityTest<br/>Test Status: Pass</div></td></tr></table><p class="totop"><a href="#summary">back to summary</a></p>
<h3 id="m103">Tests.QuizForSelfIdentityTest#SelectSession</h3><table class="result"><tr><th>Messages</th></tr><tr><td><div class="messages">About to begin executing following method : QuizForSelfIdentityTest.SelectSession<br/>Completed executing following method : QuizForSelfIdentityTest.SelectSession<br/>About to Success executing Suite SelectSession<br/>Test Method resides in Tests.QuizForSelfIdentityTest<br/>Test Status: Pass<br/>About to Success executing Suite SelectSession<br/>Test Method resides in Tests.QuizForSelfIdentityTest<br/>Test Status: Pass</div></td></tr></table><p class="totop"><a href="#summary">back to summary</a></p>
<h3 id="m104">Tests.QuizForSelfIdentityTest#SelectSize</h3><table class="result"><tr><th>Messages</th></tr><tr><td><div class="messages">About to begin executing following method : QuizForSelfIdentityTest.SelectSize<br/>Completed executing following method : QuizForSelfIdentityTest.SelectSize<br/>About to Success executing Suite SelectSize<br/>Test Method resides in Tests.QuizForSelfIdentityTest<br/>Test Status: Pass<br/>About to Success executing Suite SelectSize<br/>Test Method resides in Tests.QuizForSelfIdentityTest<br/>Test Status: Pass</div></td></tr></table><p class="totop"><a href="#summary">back to summary</a></p>
<h3 id="m105">Tests.QuizForSelfIdentityTest#SelectYourCloset</h3><table class="result"><tr><th>Messages</th></tr><tr><td><div class="messages">About to begin executing following method : QuizForSelfIdentityTest.SelectYourCloset<br/>Completed executing following method : QuizForSelfIdentityTest.SelectYourCloset<br/>About to Success executing Suite SelectYourCloset<br/>Test Method resides in Tests.QuizForSelfIdentityTest<br/>Test Status: Pass<br/>About to Success executing Suite SelectYourCloset<br/>Test Method resides in Tests.QuizForSelfIdentityTest<br/>Test Status: Pass</div></td></tr></table><p class="totop"><a href="#summary">back to summary</a></p>
<h3 id="m106">Tests.QuizForSelfIdentityTest#SelectZone</h3><table class="result"><tr><th>Messages</th></tr><tr><td><div class="messages">About to begin executing following method : QuizForSelfIdentityTest.SelectZone<br/>Completed executing following method : QuizForSelfIdentityTest.SelectZone<br/>About to Success executing Suite SelectZone<br/>Test Method resides in Tests.QuizForSelfIdentityTest<br/>Test Status: Pass<br/>About to Success executing Suite SelectZone<br/>Test Method resides in Tests.QuizForSelfIdentityTest<br/>Test Status: Pass</div></td></tr></table><p class="totop"><a href="#summary">back to summary</a></p>
<h2>QuizForMaleTest</h2><h3 id="m107">Tests.QuizForMaleTest#DoSignUp</h3><table class="result"><tr><th>Messages</th></tr><tr><td><div class="messages">About to begin executing following method : QuizForMaleTest.DoSignUp<br/>Completed executing following method : QuizForMaleTest.DoSignUp<br/>About to Success executing Suite DoSignUp<br/>Test Method resides in Tests.QuizForMaleTest<br/>Test Status: Pass<br/>About to Success executing Suite DoSignUp<br/>Test Method resides in Tests.QuizForMaleTest<br/>Test Status: Pass</div></td></tr></table><p class="totop"><a href="#summary">back to summary</a></p>
<h3 id="m108">Tests.QuizForMaleTest#SearchStylist</h3><table class="result"><tr><th>Messages</th></tr><tr><td><div class="messages">About to begin executing following method : QuizForMaleTest.SearchStylist<br/>Completed executing following method : QuizForMaleTest.SearchStylist<br/>About to Success executing Suite SearchStylist<br/>Test Method resides in Tests.QuizForMaleTest<br/>Test Status: Pass<br/>About to Success executing Suite SearchStylist<br/>Test Method resides in Tests.QuizForMaleTest<br/>Test Status: Pass</div></td></tr></table><p class="totop"><a href="#summary">back to summary</a></p>
<h3 id="m109">Tests.QuizForMaleTest#SelectBodyType</h3><table class="result"><tr><th>Messages</th></tr><tr><td><div class="messages">About to begin executing following method : QuizForMaleTest.SelectBodyType<br/>Completed executing following method : QuizForMaleTest.SelectBodyType<br/>About to Success executing Suite SelectBodyType<br/>Test Method resides in Tests.QuizForMaleTest<br/>Test Status: Pass<br/>About to Success executing Suite SelectBodyType<br/>Test Method resides in Tests.QuizForMaleTest<br/>Test Status: Pass</div></td></tr></table><p class="totop"><a href="#summary">back to summary</a></p>
<h3 id="m110">Tests.QuizForMaleTest#SelectClothingCategories</h3><table class="result"><tr><th>Messages</th></tr><tr><td><div class="messages">About to begin executing following method : QuizForMaleTest.SelectClothingCategories<br/>Completed executing following method : QuizForMaleTest.SelectClothingCategories<br/>About to Success executing Suite SelectClothingCategories<br/>Test Method resides in Tests.QuizForMaleTest<br/>Test Status: Pass<br/>About to Success executing Suite SelectClothingCategories<br/>Test Method resides in Tests.QuizForMaleTest<br/>Test Status: Pass</div></td></tr></table><p class="totop"><a href="#summary">back to summary</a></p>
<h3 id="m111">Tests.QuizForMaleTest#SelectColor</h3><table class="result"><tr><th>Messages</th></tr><tr><td><div class="messages">About to begin executing following method : QuizForMaleTest.SelectColor<br/>Completed executing following method : QuizForMaleTest.SelectColor<br/>About to Success executing Suite SelectColor<br/>Test Method resides in Tests.QuizForMaleTest<br/>Test Status: Pass<br/>About to Success executing Suite SelectColor<br/>Test Method resides in Tests.QuizForMaleTest<br/>Test Status: Pass</div></td></tr></table><p class="totop"><a href="#summary">back to summary</a></p>
<h3 id="m112">Tests.QuizForMaleTest#SelectCountry</h3><table class="result"><tr><th>Messages</th></tr><tr><td><div class="messages">About to begin executing following method : QuizForMaleTest.SelectCountry<br/>Completed executing following method : QuizForMaleTest.SelectCountry<br/>About to Success executing Suite SelectCountry<br/>Test Method resides in Tests.QuizForMaleTest<br/>Test Status: Pass<br/>About to Success executing Suite SelectCountry<br/>Test Method resides in Tests.QuizForMaleTest<br/>Test Status: Pass</div></td></tr></table><p class="totop"><a href="#summary">back to summary</a></p>
<h3 id="m113">Tests.QuizForMaleTest#SelectEvents</h3><table class="result"><tr><th>Messages</th></tr><tr><td><div class="messages">About to begin executing following method : QuizForMaleTest.SelectEvents<br/>Completed executing following method : QuizForMaleTest.SelectEvents<br/>About to Success executing Suite SelectEvents<br/>Test Method resides in Tests.QuizForMaleTest<br/>Test Status: Pass<br/>About to Success executing Suite SelectEvents<br/>Test Method resides in Tests.QuizForMaleTest<br/>Test Status: Pass</div></td></tr></table><p class="totop"><a href="#summary">back to summary</a></p>
<h3 id="m114">Tests.QuizForMaleTest#SelectFabrics</h3><table class="result"><tr><th>Messages</th></tr><tr><td><div class="messages">About to begin executing following method : QuizForMaleTest.SelectFabrics<br/>Completed executing following method : QuizForMaleTest.SelectFabrics<br/>About to Success executing Suite SelectFabrics<br/>Test Method resides in Tests.QuizForMaleTest<br/>Test Status: Pass<br/>About to Success executing Suite SelectFabrics<br/>Test Method resides in Tests.QuizForMaleTest<br/>Test Status: Pass</div></td></tr></table><p class="totop"><a href="#summary">back to summary</a></p>
<h3 id="m115">Tests.QuizForMaleTest#SelectFitBottom</h3><table class="result"><tr><th>Messages</th></tr><tr><td><div class="messages">About to begin executing following method : QuizForMaleTest.SelectFitBottom<br/>Completed executing following method : QuizForMaleTest.SelectFitBottom<br/>About to Success executing Suite SelectFitBottom<br/>Test Method resides in Tests.QuizForMaleTest<br/>Test Status: Pass<br/>About to Success executing Suite SelectFitBottom<br/>Test Method resides in Tests.QuizForMaleTest<br/>Test Status: Pass</div></td></tr></table><p class="totop"><a href="#summary">back to summary</a></p>
<h3 id="m116">Tests.QuizForMaleTest#SelectFitTop</h3><table class="result"><tr><th>Messages</th></tr><tr><td><div class="messages">About to begin executing following method : QuizForMaleTest.SelectFitTop<br/>Completed executing following method : QuizForMaleTest.SelectFitTop<br/>About to Success executing Suite SelectFitTop<br/>Test Method resides in Tests.QuizForMaleTest<br/>Test Status: Pass<br/>About to Success executing Suite SelectFitTop<br/>Test Method resides in Tests.QuizForMaleTest<br/>Test Status: Pass</div></td></tr></table><p class="totop"><a href="#summary">back to summary</a></p>
<h3 id="m117">Tests.QuizForMaleTest#SelectHeight</h3><table class="result"><tr><th>Messages</th></tr><tr><td><div class="messages">About to begin executing following method : QuizForMaleTest.SelectHeight<br/>Completed executing following method : QuizForMaleTest.SelectHeight<br/>About to Success executing Suite SelectHeight<br/>Test Method resides in Tests.QuizForMaleTest<br/>Test Status: Pass<br/>About to Success executing Suite SelectHeight<br/>Test Method resides in Tests.QuizForMaleTest<br/>Test Status: Pass</div></td></tr></table><p class="totop"><a href="#summary">back to summary</a></p>
<h3 id="m118">Tests.QuizForMaleTest#SelectJewelry</h3><table class="result"><tr><th>Messages</th></tr><tr><td><div class="messages">About to begin executing following method : QuizForMaleTest.SelectJewelry<br/>Completed executing following method : QuizForMaleTest.SelectJewelry<br/>About to Success executing Suite SelectJewelry<br/>Test Method resides in Tests.QuizForMaleTest<br/>Test Status: Pass<br/>About to Success executing Suite SelectJewelry<br/>Test Method resides in Tests.QuizForMaleTest<br/>Test Status: Pass</div></td></tr></table><p class="totop"><a href="#summary">back to summary</a></p>
<h3 id="m119">Tests.QuizForMaleTest#SelectSession</h3><table class="result"><tr><th>Messages</th></tr><tr><td><div class="messages">About to begin executing following method : QuizForMaleTest.SelectSession<br/>Completed executing following method : QuizForMaleTest.SelectSession<br/>About to Success executing Suite SelectSession<br/>Test Method resides in Tests.QuizForMaleTest<br/>Test Status: Pass<br/>About to Success executing Suite SelectSession<br/>Test Method resides in Tests.QuizForMaleTest<br/>Test Status: Pass</div></td></tr></table><p class="totop"><a href="#summary">back to summary</a></p>
<h3 id="m120">Tests.QuizForMaleTest#SelectSize</h3><table class="result"><tr><th>Messages</th></tr><tr><td><div class="messages">About to begin executing following method : QuizForMaleTest.SelectSize<br/>Completed executing following method : QuizForMaleTest.SelectSize<br/>About to Success executing Suite SelectSize<br/>Test Method resides in Tests.QuizForMaleTest<br/>Test Status: Pass<br/>About to Success executing Suite SelectSize<br/>Test Method resides in Tests.QuizForMaleTest<br/>Test Status: Pass</div></td></tr></table><p class="totop"><a href="#summary">back to summary</a></p>
<h3 id="m121">Tests.QuizForMaleTest#SelectZone</h3><table class="result"><tr><th>Messages</th></tr><tr><td><div class="messages">About to begin executing following method : QuizForMaleTest.SelectZone<br/>Completed executing following method : QuizForMaleTest.SelectZone<br/>About to Success executing Suite SelectZone<br/>Test Method resides in Tests.QuizForMaleTest<br/>Test Status: Pass<br/>About to Success executing Suite SelectZone<br/>Test Method resides in Tests.QuizForMaleTest<br/>Test Status: Pass</div></td></tr></table><p class="totop"><a href="#summary">back to summary</a></p>
<h2>QuizForWomenTest</h2><h3 id="m122">Tests.QuizForWomenTest#DoSignUp</h3><table class="result"><tr><th>Messages</th></tr><tr><td><div class="messages">About to begin executing following method : QuizForWomenTest.DoSignUp<br/>Completed executing following method : QuizForWomenTest.DoSignUp<br/>About to Success executing Suite DoSignUp<br/>Test Method resides in Tests.QuizForWomenTest<br/>Test Status: Pass<br/>About to Success executing Suite DoSignUp<br/>Test Method resides in Tests.QuizForWomenTest<br/>Test Status: Pass</div></td></tr></table><p class="totop"><a href="#summary">back to summary</a></p>
<h3 id="m123">Tests.QuizForWomenTest#SearchStylist</h3><table class="result"><tr><th>Messages</th></tr><tr><td><div class="messages">About to begin executing following method : QuizForWomenTest.SearchStylist<br/>Completed executing following method : QuizForWomenTest.SearchStylist<br/>About to Success executing Suite SearchStylist<br/>Test Method resides in Tests.QuizForWomenTest<br/>Test Status: Pass<br/>About to Success executing Suite SearchStylist<br/>Test Method resides in Tests.QuizForWomenTest<br/>Test Status: Pass</div></td></tr></table><p class="totop"><a href="#summary">back to summary</a></p>
<h3 id="m124">Tests.QuizForWomenTest#SelectBodyType</h3><table class="result"><tr><th>Messages</th></tr><tr><td><div class="messages">About to begin executing following method : QuizForWomenTest.SelectBodyType<br/>Completed executing following method : QuizForWomenTest.SelectBodyType<br/>About to Success executing Suite SelectBodyType<br/>Test Method resides in Tests.QuizForWomenTest<br/>Test Status: Pass<br/>About to Success executing Suite SelectBodyType<br/>Test Method resides in Tests.QuizForWomenTest<br/>Test Status: Pass</div></td></tr></table><p class="totop"><a href="#summary">back to summary</a></p>
<h3 id="m125">Tests.QuizForWomenTest#SelectClothingCategories</h3><table class="result"><tr><th>Messages</th></tr><tr><td><div class="messages">About to begin executing following method : QuizForWomenTest.SelectClothingCategories<br/>Completed executing following method : QuizForWomenTest.SelectClothingCategories<br/>About to Success executing Suite SelectClothingCategories<br/>Test Method resides in Tests.QuizForWomenTest<br/>Test Status: Pass<br/>About to Success executing Suite SelectClothingCategories<br/>Test Method resides in Tests.QuizForWomenTest<br/>Test Status: Pass</div></td></tr></table><p class="totop"><a href="#summary">back to summary</a></p>
<h3 id="m126">Tests.QuizForWomenTest#SelectClothingPreferences</h3><table class="result"><tr><th>Messages</th></tr><tr><td><div class="messages">About to begin executing following method : QuizForWomenTest.SelectClothingPreferences<br/>Completed executing following method : QuizForWomenTest.SelectClothingPreferences<br/>About to Success executing Suite SelectClothingPreferences<br/>Test Method resides in Tests.QuizForWomenTest<br/>Test Status: Pass<br/>About to Success executing Suite SelectClothingPreferences<br/>Test Method resides in Tests.QuizForWomenTest<br/>Test Status: Pass</div></td></tr></table><p class="totop"><a href="#summary">back to summary</a></p>
<h3 id="m127">Tests.QuizForWomenTest#SelectColor</h3><table class="result"><tr><th>Messages</th></tr><tr><td><div class="messages">About to begin executing following method : QuizForWomenTest.SelectColor<br/>Completed executing following method : QuizForWomenTest.SelectColor<br/>About to Success executing Suite SelectColor<br/>Test Method resides in Tests.QuizForWomenTest<br/>Test Status: Pass<br/>About to Success executing Suite SelectColor<br/>Test Method resides in Tests.QuizForWomenTest<br/>Test Status: Pass</div></td></tr></table><p class="totop"><a href="#summary">back to summary</a></p>
<h3 id="m128">Tests.QuizForWomenTest#SelectCountry</h3><table class="result"><tr><th>Messages</th></tr><tr><td><div class="messages">About to begin executing following method : QuizForWomenTest.SelectCountry<br/>Completed executing following method : QuizForWomenTest.SelectCountry<br/>About to Success executing Suite SelectCountry<br/>Test Method resides in Tests.QuizForWomenTest<br/>Test Status: Pass<br/>About to Success executing Suite SelectCountry<br/>Test Method resides in Tests.QuizForWomenTest<br/>Test Status: Pass</div></td></tr></table><p class="totop"><a href="#summary">back to summary</a></p>
<h3 id="m129">Tests.QuizForWomenTest#SelectEvents</h3><table class="result"><tr><th>Messages</th></tr><tr><td><div class="messages">About to begin executing following method : QuizForWomenTest.SelectEvents<br/>Completed executing following method : QuizForWomenTest.SelectEvents<br/>About to Success executing Suite SelectEvents<br/>Test Method resides in Tests.QuizForWomenTest<br/>Test Status: Pass<br/>About to Success executing Suite SelectEvents<br/>Test Method resides in Tests.QuizForWomenTest<br/>Test Status: Pass</div></td></tr></table><p class="totop"><a href="#summary">back to summary</a></p>
<h3 id="m130">Tests.QuizForWomenTest#SelectFabrics</h3><table class="result"><tr><th>Messages</th></tr><tr><td><div class="messages">About to begin executing following method : QuizForWomenTest.SelectFabrics<br/>Completed executing following method : QuizForWomenTest.SelectFabrics<br/>About to Success executing Suite SelectFabrics<br/>Test Method resides in Tests.QuizForWomenTest<br/>Test Status: Pass<br/>About to Success executing Suite SelectFabrics<br/>Test Method resides in Tests.QuizForWomenTest<br/>Test Status: Pass</div></td></tr></table><p class="totop"><a href="#summary">back to summary</a></p>
<h3 id="m131">Tests.QuizForWomenTest#SelectFitBottom</h3><table class="result"><tr><th>Messages</th></tr><tr><td><div class="messages">About to begin executing following method : QuizForWomenTest.SelectFitBottom<br/>Completed executing following method : QuizForWomenTest.SelectFitBottom<br/>About to Success executing Suite SelectFitBottom<br/>Test Method resides in Tests.QuizForWomenTest<br/>Test Status: Pass<br/>About to Success executing Suite SelectFitBottom<br/>Test Method resides in Tests.QuizForWomenTest<br/>Test Status: Pass</div></td></tr></table><p class="totop"><a href="#summary">back to summary</a></p>
<h3 id="m132">Tests.QuizForWomenTest#SelectFitTop</h3><table class="result"><tr><th>Messages</th></tr><tr><td><div class="messages">About to begin executing following method : QuizForWomenTest.SelectFitTop<br/>Completed executing following method : QuizForWomenTest.SelectFitTop<br/>About to Success executing Suite SelectFitTop<br/>Test Method resides in Tests.QuizForWomenTest<br/>Test Status: Pass<br/>About to Success executing Suite SelectFitTop<br/>Test Method resides in Tests.QuizForWomenTest<br/>Test Status: Pass</div></td></tr></table><p class="totop"><a href="#summary">back to summary</a></p>
<h3 id="m133">Tests.QuizForWomenTest#SelectHeels</h3><table class="result"><tr><th>Messages</th></tr><tr><td><div class="messages">About to begin executing following method : QuizForWomenTest.SelectHeels<br/>Completed executing following method : QuizForWomenTest.SelectHeels<br/>About to Success executing Suite SelectHeels<br/>Test Method resides in Tests.QuizForWomenTest<br/>Test Status: Pass<br/>About to Success executing Suite SelectHeels<br/>Test Method resides in Tests.QuizForWomenTest<br/>Test Status: Pass</div></td></tr></table><p class="totop"><a href="#summary">back to summary</a></p>
<h3 id="m134">Tests.QuizForWomenTest#SelectHeight</h3><table class="result"><tr><th>Messages</th></tr><tr><td><div class="messages">About to begin executing following method : QuizForWomenTest.SelectHeight<br/>Completed executing following method : QuizForWomenTest.SelectHeight<br/>About to Success executing Suite SelectHeight<br/>Test Method resides in Tests.QuizForWomenTest<br/>Test Status: Pass<br/>About to Success executing Suite SelectHeight<br/>Test Method resides in Tests.QuizForWomenTest<br/>Test Status: Pass</div></td></tr></table><p class="totop"><a href="#summary">back to summary</a></p>
<h3 id="m135">Tests.QuizForWomenTest#SelectHighlights</h3><table class="result"><tr><th>Messages</th></tr><tr><td><div class="messages">About to begin executing following method : QuizForWomenTest.SelectHighlights<br/>Completed executing following method : QuizForWomenTest.SelectHighlights<br/>About to Success executing Suite SelectHighlights<br/>Test Method resides in Tests.QuizForWomenTest<br/>Test Status: Pass<br/>About to Success executing Suite SelectHighlights<br/>Test Method resides in Tests.QuizForWomenTest<br/>Test Status: Pass</div></td></tr></table><p class="totop"><a href="#summary">back to summary</a></p>
<h3 id="m136">Tests.QuizForWomenTest#SelectJeansp</h3><table class="result"><tr><th>Messages</th></tr><tr><td><div class="messages">About to begin executing following method : QuizForWomenTest.SelectJeansp<br/>Completed executing following method : QuizForWomenTest.SelectJeansp<br/>About to Success executing Suite SelectJeansp<br/>Test Method resides in Tests.QuizForWomenTest<br/>Test Status: Pass<br/>About to Success executing Suite SelectJeansp<br/>Test Method resides in Tests.QuizForWomenTest<br/>Test Status: Pass</div></td></tr></table><p class="totop"><a href="#summary">back to summary</a></p>
<h3 id="m137">Tests.QuizForWomenTest#SelectJewelry</h3><table class="result"><tr><th>Messages</th></tr><tr><td><div class="messages">About to begin executing following method : QuizForWomenTest.SelectJewelry<br/>Completed executing following method : QuizForWomenTest.SelectJewelry<br/>About to Success executing Suite SelectJewelry<br/>Test Method resides in Tests.QuizForWomenTest<br/>Test Status: Pass<br/>About to Success executing Suite SelectJewelry<br/>Test Method resides in Tests.QuizForWomenTest<br/>Test Status: Pass</div></td></tr></table><p class="totop"><a href="#summary">back to summary</a></p>
<h3 id="m138">Tests.QuizForWomenTest#SelectSession</h3><table class="result"><tr><th>Messages</th></tr><tr><td><div class="messages">About to begin executing following method : QuizForWomenTest.SelectSession<br/>Completed executing following method : QuizForWomenTest.SelectSession<br/>About to Success executing Suite SelectSession<br/>Test Method resides in Tests.QuizForWomenTest<br/>Test Status: Pass<br/>About to Success executing Suite SelectSession<br/>Test Method resides in Tests.QuizForWomenTest<br/>Test Status: Pass</div></td></tr></table><p class="totop"><a href="#summary">back to summary</a></p>
<h3 id="m139">Tests.QuizForWomenTest#SelectSize</h3><table class="result"><tr><th>Messages</th></tr><tr><td><div class="messages">About to begin executing following method : QuizForWomenTest.SelectSize<br/>Completed executing following method : QuizForWomenTest.SelectSize<br/>About to Success executing Suite SelectSize<br/>Test Method resides in Tests.QuizForWomenTest<br/>Test Status: Pass<br/>About to Success executing Suite SelectSize<br/>Test Method resides in Tests.QuizForWomenTest<br/>Test Status: Pass</div></td></tr></table><p class="totop"><a href="#summary">back to summary</a></p>
<h3 id="m140">Tests.QuizForWomenTest#SelectYourCloset</h3><table class="result"><tr><th>Messages</th></tr><tr><td><div class="messages">About to begin executing following method : QuizForWomenTest.SelectYourCloset<br/>Completed executing following method : QuizForWomenTest.SelectYourCloset<br/>About to Success executing Suite SelectYourCloset<br/>Test Method resides in Tests.QuizForWomenTest<br/>Test Status: Pass<br/>About to Success executing Suite SelectYourCloset<br/>Test Method resides in Tests.QuizForWomenTest<br/>Test Status: Pass</div></td></tr></table><p class="totop"><a href="#summary">back to summary</a></p>
<h3 id="m141">Tests.QuizForWomenTest#SelectZone</h3><table class="result"><tr><th>Messages</th></tr><tr><td><div class="messages">About to begin executing following method : QuizForWomenTest.SelectZone<br/>Completed executing following method : QuizForWomenTest.SelectZone<br/>About to Success executing Suite SelectZone<br/>Test Method resides in Tests.QuizForWomenTest<br/>Test Status: Pass<br/>About to Success executing Suite SelectZone<br/>Test Method resides in Tests.QuizForWomenTest<br/>Test Status: Pass</div></td></tr></table><p class="totop"><a href="#summary">back to summary</a></p>
<h2>SignUpByFacbookTest2</h2><h3 id="m142">Tests.SignUpByFacbookTest2#DoLoginWithFacbook</h3><table class="result"><tr><th>Messages</th></tr><tr><td><div class="messages">About to begin executing following method : SignUpByFacbookTest2.DoLoginWithFacbook<br/>Completed executing following method : SignUpByFacbookTest2.DoLoginWithFacbook<br/>About to Success executing Suite DoLoginWithFacbook<br/>Test Method resides in Tests.SignUpByFacbookTest2<br/>Test Status: Pass<br/>About to Success executing Suite DoLoginWithFacbook<br/>Test Method resides in Tests.SignUpByFacbookTest2<br/>Test Status: Pass</div></td></tr></table><p class="totop"><a href="#summary">back to summary</a></p>
<h3 id="m143">Tests.SignUpByFacbookTest2#LoginWithFacbookWithoutPassword</h3><table class="result"><tr><th>Messages</th></tr><tr><td><div class="messages">About to begin executing following method : SignUpByFacbookTest2.LoginWithFacbookWithoutPassword<br/>Completed executing following method : SignUpByFacbookTest2.LoginWithFacbookWithoutPassword<br/>About to Success executing Suite LoginWithFacbookWithoutPassword<br/>Test Method resides in Tests.SignUpByFacbookTest2<br/>Test Status: Pass<br/>About to Success executing Suite LoginWithFacbookWithoutPassword<br/>Test Method resides in Tests.SignUpByFacbookTest2<br/>Test Status: Pass</div></td></tr></table><p class="totop"><a href="#summary">back to summary</a></p>
<h3 id="m144">Tests.SignUpByFacbookTest2#LoginWithFacbookWithoutUser</h3><table class="result"><tr><th>Messages</th></tr><tr><td><div class="messages">About to begin executing following method : SignUpByFacbookTest2.LoginWithFacbookWithoutUser<br/>Completed executing following method : SignUpByFacbookTest2.LoginWithFacbookWithoutUser<br/>About to Success executing Suite LoginWithFacbookWithoutUser<br/>Test Method resides in Tests.SignUpByFacbookTest2<br/>Test Status: Pass<br/>About to Success executing Suite LoginWithFacbookWithoutUser<br/>Test Method resides in Tests.SignUpByFacbookTest2<br/>Test Status: Pass</div></td></tr></table><p class="totop"><a href="#summary">back to summary</a></p>
<h3 id="m145">Tests.SignUpByFacbookTest2#LoginWithFacbookWrongPassword</h3><table class="result"><tr><th>Messages</th></tr><tr><td><div class="messages">About to begin executing following method : SignUpByFacbookTest2.LoginWithFacbookWrongPassword<br/>Completed executing following method : SignUpByFacbookTest2.LoginWithFacbookWrongPassword<br/>About to Success executing Suite LoginWithFacbookWrongPassword<br/>Test Method resides in Tests.SignUpByFacbookTest2<br/>Test Status: Pass<br/>About to Success executing Suite LoginWithFacbookWrongPassword<br/>Test Method resides in Tests.SignUpByFacbookTest2<br/>Test Status: Pass</div></td></tr></table><p class="totop"><a href="#summary">back to summary</a></p>
<h3 id="m146">Tests.SignUpByFacbookTest2#LoginWithFacbookWrongUserName</h3><table class="result"><tr><th>Messages</th></tr><tr><td><div class="messages">About to begin executing following method : SignUpByFacbookTest2.LoginWithFacbookWrongUserName<br/>Completed executing following method : SignUpByFacbookTest2.LoginWithFacbookWrongUserName<br/>About to Success executing Suite LoginWithFacbookWrongUserName<br/>Test Method resides in Tests.SignUpByFacbookTest2<br/>Test Status: Pass<br/>About to Success executing Suite LoginWithFacbookWrongUserName<br/>Test Method resides in Tests.SignUpByFacbookTest2<br/>Test Status: Pass</div></td></tr></table><p class="totop"><a href="#summary">back to summary</a></p>
<h2>SignUpTest</h2><h3 id="m147">Tests.SignUpTest#DoSignUp</h3><table class="result"><tr><th>Messages</th></tr><tr><td><div class="messages">About to begin executing following method : SignUpTest.DoSignUp<br/>Completed executing following method : SignUpTest.DoSignUp<br/>About to Success executing Suite DoSignUp<br/>Test Method resides in Tests.SignUpTest<br/>Test Status: Pass<br/>About to Success executing Suite DoSignUp<br/>Test Method resides in Tests.SignUpTest<br/>Test Status: Pass</div></td></tr></table><p class="totop"><a href="#summary">back to summary</a></p>
<h3 id="m148">Tests.SignUpTest#FillPsswordWithLessthan6Characters</h3><table class="result"><tr><th>Messages</th></tr><tr><td><div class="messages">About to begin executing following method : SignUpTest.FillPsswordWithLessthan6Characters<br/>Completed executing following method : SignUpTest.FillPsswordWithLessthan6Characters<br/>About to Success executing Suite FillPsswordWithLessthan6Characters<br/>Test Method resides in Tests.SignUpTest<br/>Test Status: Pass<br/>About to Success executing Suite FillPsswordWithLessthan6Characters<br/>Test Method resides in Tests.SignUpTest<br/>Test Status: Pass</div></td></tr></table><p class="totop"><a href="#summary">back to summary</a></p>
<h3 id="m149">Tests.SignUpTest#SignupwithoutDotCom</h3><table class="result"><tr><th>Messages</th></tr><tr><td><div class="messages">About to begin executing following method : SignUpTest.SignupwithoutDotCom<br/>Completed executing following method : SignUpTest.SignupwithoutDotCom<br/>About to Success executing Suite SignupwithoutDotCom<br/>Test Method resides in Tests.SignUpTest<br/>Test Status: Pass<br/>About to Success executing Suite SignupwithoutDotCom<br/>Test Method resides in Tests.SignUpTest<br/>Test Status: Pass</div></td></tr></table><p class="totop"><a href="#summary">back to summary</a></p>
<h3 id="m150">Tests.SignUpTest#Signupwithoutshtudel</h3><table class="result"><tr><th>Messages</th></tr><tr><td><div class="messages">About to begin executing following method : SignUpTest.Signupwithoutshtudel<br/>Completed executing following method : SignUpTest.Signupwithoutshtudel<br/>About to Success executing Suite Signupwithoutshtudel<br/>Test Method resides in Tests.SignUpTest<br/>Test Status: Pass<br/>About to Success executing Suite Signupwithoutshtudel<br/>Test Method resides in Tests.SignUpTest<br/>Test Status: Pass</div></td></tr></table><p class="totop"><a href="#summary">back to summary</a></p>
<h2>ChatTest</h2><h3 id="m151">Tests.ChatTest#ClientToStylist</h3><table class="result"><tr><th>Messages</th></tr><tr><td><div class="messages">About to begin executing following method : ChatTest.ClientToStylist<br/>Completed executing following method : ChatTest.ClientToStylist<br/>About to Success executing Suite ClientToStylist<br/>Test Method resides in Tests.ChatTest<br/>Test Status: Pass<br/>About to Success executing Suite ClientToStylist<br/>Test Method resides in Tests.ChatTest<br/>Test Status: Pass</div></td></tr></table><p class="totop"><a href="#summary">back to summary</a></p>
<h3 id="m152">Tests.ChatTest#StylistSendToClient</h3><table class="result"><tr><th>Messages</th></tr><tr><td><div class="messages">About to begin executing following method : ChatTest.StylistSendToClient<br/>Completed executing following method : ChatTest.StylistSendToClient<br/>About to Success executing Suite StylistSendToClient<br/>Test Method resides in Tests.ChatTest<br/>Test Status: Pass<br/>About to Success executing Suite StylistSendToClient<br/>Test Method resides in Tests.ChatTest<br/>Test Status: Pass</div></td></tr></table><p class="totop"><a href="#summary">back to summary</a></p>
<h2>ReviseThirdLookTest</h2><h3 id="m153">Tests.ReviseThirdLookTest#AskRevise1</h3><table class="result"><tr><th>Messages</th></tr><tr><td><div class="messages">About to begin executing following method : ReviseThirdLookTest.AskRevise1<br/>Completed executing following method : ReviseThirdLookTest.AskRevise1<br/>About to Failure executing Suite AskRevise1<br/>Test Method resides in Tests.ReviseThirdLookTest<br/>Test Status: Failed<br/>About to Failure executing Suite AskRevise1<br/>Test Method resides in Tests.ReviseThirdLookTest<br/>Test Status: Failed</div></td></tr><tr><th>Exception</th></tr><tr><td><div class="stacktrace">org.openqa.selenium.NoSuchElementException: An element could not be located on the page using the given search parameters. (WARNING: The server did not provide any stacktrace information)
Command duration or timeout: 0 milliseconds
For documentation on this error, please visit: http://seleniumhq.org/exceptions/no_such_element.html
Build info: version: &apos;3.8.1&apos;, revision: &apos;6e95a6684b&apos;, time: &apos;2017-12-01T19:05:32.194Z&apos;
System info: host: &apos;yinons-MBP-2&apos;, ip: &apos;fe80:0:0:0:1019:7b27:b1b7:21b5%en0&apos;, os.name: &apos;Mac OS X&apos;, os.arch: &apos;x86_64&apos;, os.version: &apos;10.13.4&apos;, java.version: &apos;1.8.0_151&apos;
Driver info: io.appium.java_client.ios.IOSDriver
Capabilities {app: /Users/yinonwishi/Desktop/W..., automationName: XCuiTest, browserName: , databaseEnabled: false, deviceName: iPhone 8 Plus, javascriptEnabled: true, locationContextEnabled: false, networkConnectionEnabled: false, newCommandTimeout: 5000, platform: MAC, platformName: MAC, platformVersion: 11.3, startIWDP: true, takesScreenshot: true, udid: 5B321DD7-CF13-4D1F-A5AE-6E3..., webStorageEnabled: false}
Session ID: 4e18f583-2b3c-413a-b66e-edcf589ca6a6
*** Element info: {Using=xpath, value=//*[contains(@name, &apos;look2&apos;)]}
	at org.openqa.selenium.remote.ErrorHandler.createThrowable(ErrorHandler.java:214)
	at org.openqa.selenium.remote.ErrorHandler.throwIfResponseFailed(ErrorHandler.java:166)
	at org.openqa.selenium.remote.http.JsonHttpResponseCodec.reconstructValue(JsonHttpResponseCodec.java:40)
	at org.openqa.selenium.remote.http.AbstractHttpResponseCodec.decode(AbstractHttpResponseCodec.java:80)
	at org.openqa.selenium.remote.http.AbstractHttpResponseCodec.decode(AbstractHttpResponseCodec.java:44)
	at org.openqa.selenium.remote.HttpCommandExecutor.execute(HttpCommandExecutor.java:164)
	at io.appium.java_client.remote.AppiumCommandExecutor.execute(AppiumCommandExecutor.java:129)
	at org.openqa.selenium.remote.RemoteWebDriver.execute(RemoteWebDriver.java:601)
	at io.appium.java_client.DefaultGenericMobileDriver.execute(DefaultGenericMobileDriver.java:42)
	at io.appium.java_client.AppiumDriver.execute(AppiumDriver.java:1)
	at io.appium.java_client.ios.IOSDriver.execute(IOSDriver.java:1)
	at org.openqa.selenium.remote.RemoteWebDriver.findElement(RemoteWebDriver.java:371)
	at io.appium.java_client.DefaultGenericMobileDriver.findElement(DefaultGenericMobileDriver.java:62)
	at io.appium.java_client.AppiumDriver.findElement(AppiumDriver.java:1)
	at io.appium.java_client.ios.IOSDriver.findElement(IOSDriver.java:1)
	at org.openqa.selenium.remote.RemoteWebDriver.findElementByXPath(RemoteWebDriver.java:473)
	at io.appium.java_client.DefaultGenericMobileDriver.findElementByXPath(DefaultGenericMobileDriver.java:152)
	at io.appium.java_client.AppiumDriver.findElementByXPath(AppiumDriver.java:1)
	at io.appium.java_client.ios.IOSDriver.findElementByXPath(IOSDriver.java:1)
	at org.openqa.selenium.By$ByXPath.findElement(By.java:361)
	at org.openqa.selenium.remote.RemoteWebDriver.findElement(RemoteWebDriver.java:363)
	at io.appium.java_client.DefaultGenericMobileDriver.findElement(DefaultGenericMobileDriver.java:58)
	at io.appium.java_client.AppiumDriver.findElement(AppiumDriver.java:1)
	at io.appium.java_client.ios.IOSDriver.findElement(IOSDriver.java:1)
	at PageObjects.BasePage.ElementDisplay(BasePage.java:60)
	at Tests.ReviseThirdLookTest.AskRevise1(ReviseThirdLookTest.java:347)
... Removed 29 stack frames</div></td></tr></table><p class="totop"><a href="#summary">back to summary</a></p>
<h3 id="m154">Tests.ReviseThirdLookTest#ClientEndSession</h3><table class="result"><tr><th>Messages</th></tr><tr><td><div class="messages">About to begin executing following method : ReviseThirdLookTest.ClientEndSession<br/>Completed executing following method : ReviseThirdLookTest.ClientEndSession<br/>About to Failure executing Suite ClientEndSession<br/>Test Method resides in Tests.ReviseThirdLookTest<br/>Test Status: Failed<br/>About to Failure executing Suite ClientEndSession<br/>Test Method resides in Tests.ReviseThirdLookTest<br/>Test Status: Failed</div></td></tr><tr><th>Exception</th></tr><tr><td><div class="stacktrace">java.lang.ArrayIndexOutOfBoundsException
</div></td></tr></table><p class="totop"><a href="#summary">back to summary</a></p>
<h3 id="m155">Tests.ReviseThirdLookTest#CreateLook2</h3><table class="result"><tr><th>Messages</th></tr><tr><td><div class="messages">About to begin executing following method : ReviseThirdLookTest.CreateLook2<br/>Completed executing following method : ReviseThirdLookTest.CreateLook2<br/>About to Failure executing Suite CreateLook2<br/>Test Method resides in Tests.ReviseThirdLookTest<br/>Test Status: Failed<br/>About to Failure executing Suite CreateLook2<br/>Test Method resides in Tests.ReviseThirdLookTest<br/>Test Status: Failed</div></td></tr><tr><th>Exception</th></tr><tr><td><div class="stacktrace">org.openqa.selenium.NoSuchElementException: An element could not be located on the page using the given search parameters. (WARNING: The server did not provide any stacktrace information)
Command duration or timeout: 0 milliseconds
For documentation on this error, please visit: http://seleniumhq.org/exceptions/no_such_element.html
Build info: version: &apos;3.8.1&apos;, revision: &apos;6e95a6684b&apos;, time: &apos;2017-12-01T19:05:32.194Z&apos;
System info: host: &apos;yinons-MBP-2&apos;, ip: &apos;fe80:0:0:0:1019:7b27:b1b7:21b5%en0&apos;, os.name: &apos;Mac OS X&apos;, os.arch: &apos;x86_64&apos;, os.version: &apos;10.13.4&apos;, java.version: &apos;1.8.0_151&apos;
Driver info: io.appium.java_client.ios.IOSDriver
Capabilities {app: /Users/yinonwishi/Desktop/W..., automationName: XCuiTest, browserName: , databaseEnabled: false, deviceName: iPhone 8 Plus, javascriptEnabled: true, locationContextEnabled: false, networkConnectionEnabled: false, newCommandTimeout: 5000, platform: MAC, platformName: MAC, platformVersion: 11.3, startIWDP: true, takesScreenshot: true, udid: 5B321DD7-CF13-4D1F-A5AE-6E3..., webStorageEnabled: false}
Session ID: fa502292-c6da-4fb0-b525-5af1349dec42
*** Element info: {Using=xpath, value=//*[@name=&apos;Amazing!&apos;]}
	at org.openqa.selenium.remote.ErrorHandler.createThrowable(ErrorHandler.java:214)
	at org.openqa.selenium.remote.ErrorHandler.throwIfResponseFailed(ErrorHandler.java:166)
	at org.openqa.selenium.remote.http.JsonHttpResponseCodec.reconstructValue(JsonHttpResponseCodec.java:40)
	at org.openqa.selenium.remote.http.AbstractHttpResponseCodec.decode(AbstractHttpResponseCodec.java:80)
	at org.openqa.selenium.remote.http.AbstractHttpResponseCodec.decode(AbstractHttpResponseCodec.java:44)
	at org.openqa.selenium.remote.HttpCommandExecutor.execute(HttpCommandExecutor.java:164)
	at io.appium.java_client.remote.AppiumCommandExecutor.execute(AppiumCommandExecutor.java:129)
	at org.openqa.selenium.remote.RemoteWebDriver.execute(RemoteWebDriver.java:601)
	at io.appium.java_client.DefaultGenericMobileDriver.execute(DefaultGenericMobileDriver.java:42)
	at io.appium.java_client.AppiumDriver.execute(AppiumDriver.java:1)
	at io.appium.java_client.ios.IOSDriver.execute(IOSDriver.java:1)
	at org.openqa.selenium.remote.RemoteWebDriver.findElement(RemoteWebDriver.java:371)
	at io.appium.java_client.DefaultGenericMobileDriver.findElement(DefaultGenericMobileDriver.java:62)
	at io.appium.java_client.AppiumDriver.findElement(AppiumDriver.java:1)
	at io.appium.java_client.ios.IOSDriver.findElement(IOSDriver.java:1)
	at org.openqa.selenium.remote.RemoteWebDriver.findElementByXPath(RemoteWebDriver.java:473)
	at io.appium.java_client.DefaultGenericMobileDriver.findElementByXPath(DefaultGenericMobileDriver.java:152)
	at io.appium.java_client.AppiumDriver.findElementByXPath(AppiumDriver.java:1)
	at io.appium.java_client.ios.IOSDriver.findElementByXPath(IOSDriver.java:1)
	at org.openqa.selenium.By$ByXPath.findElement(By.java:361)
	at org.openqa.selenium.remote.RemoteWebDriver.findElement(RemoteWebDriver.java:363)
	at io.appium.java_client.DefaultGenericMobileDriver.findElement(DefaultGenericMobileDriver.java:58)
	at io.appium.java_client.AppiumDriver.findElement(AppiumDriver.java:1)
	at io.appium.java_client.ios.IOSDriver.findElement(IOSDriver.java:1)
	at Tests.ReviseThirdLookTest.CreateLook2(ReviseThirdLookTest.java:314)
... Removed 29 stack frames</div></td></tr></table><p class="totop"><a href="#summary">back to summary</a></p>
<h3 id="m156">Tests.ReviseThirdLookTest#CreateLook3</h3><table class="result"><tr><th>Messages</th></tr><tr><td><div class="messages">About to begin executing following method : ReviseThirdLookTest.CreateLook3<br/>Completed executing following method : ReviseThirdLookTest.CreateLook3<br/>About to Failure executing Suite CreateLook3<br/>Test Method resides in Tests.ReviseThirdLookTest<br/>Test Status: Failed<br/>About to Failure executing Suite CreateLook3<br/>Test Method resides in Tests.ReviseThirdLookTest<br/>Test Status: Failed</div></td></tr><tr><th>Exception</th></tr><tr><td><div class="stacktrace">org.openqa.selenium.NoSuchElementException: An element could not be located on the page using the given search parameters. (WARNING: The server did not provide any stacktrace information)
Command duration or timeout: 0 milliseconds
For documentation on this error, please visit: http://seleniumhq.org/exceptions/no_such_element.html
Build info: version: &apos;3.8.1&apos;, revision: &apos;6e95a6684b&apos;, time: &apos;2017-12-01T19:05:32.194Z&apos;
System info: host: &apos;yinons-MBP-2&apos;, ip: &apos;fe80:0:0:0:1019:7b27:b1b7:21b5%en0&apos;, os.name: &apos;Mac OS X&apos;, os.arch: &apos;x86_64&apos;, os.version: &apos;10.13.4&apos;, java.version: &apos;1.8.0_151&apos;
Driver info: io.appium.java_client.ios.IOSDriver
Capabilities {app: /Users/yinonwishi/Desktop/W..., automationName: XCuiTest, browserName: , databaseEnabled: false, deviceName: iPhone 8 Plus, javascriptEnabled: true, locationContextEnabled: false, networkConnectionEnabled: false, newCommandTimeout: 5000, platform: MAC, platformName: MAC, platformVersion: 11.3, startIWDP: true, takesScreenshot: true, udid: 5B321DD7-CF13-4D1F-A5AE-6E3..., webStorageEnabled: false}
Session ID: 2865d9b1-910d-463d-bde9-680c2a955c1d
*** Element info: {Using=xpath, value=//*[@name=&apos;Amazing!&apos;]}
	at org.openqa.selenium.remote.ErrorHandler.createThrowable(ErrorHandler.java:214)
	at org.openqa.selenium.remote.ErrorHandler.throwIfResponseFailed(ErrorHandler.java:166)
	at org.openqa.selenium.remote.http.JsonHttpResponseCodec.reconstructValue(JsonHttpResponseCodec.java:40)
	at org.openqa.selenium.remote.http.AbstractHttpResponseCodec.decode(AbstractHttpResponseCodec.java:80)
	at org.openqa.selenium.remote.http.AbstractHttpResponseCodec.decode(AbstractHttpResponseCodec.java:44)
	at org.openqa.selenium.remote.HttpCommandExecutor.execute(HttpCommandExecutor.java:164)
	at io.appium.java_client.remote.AppiumCommandExecutor.execute(AppiumCommandExecutor.java:129)
	at org.openqa.selenium.remote.RemoteWebDriver.execute(RemoteWebDriver.java:601)
	at io.appium.java_client.DefaultGenericMobileDriver.execute(DefaultGenericMobileDriver.java:42)
	at io.appium.java_client.AppiumDriver.execute(AppiumDriver.java:1)
	at io.appium.java_client.ios.IOSDriver.execute(IOSDriver.java:1)
	at org.openqa.selenium.remote.RemoteWebDriver.findElement(RemoteWebDriver.java:371)
	at io.appium.java_client.DefaultGenericMobileDriver.findElement(DefaultGenericMobileDriver.java:62)
	at io.appium.java_client.AppiumDriver.findElement(AppiumDriver.java:1)
	at io.appium.java_client.ios.IOSDriver.findElement(IOSDriver.java:1)
	at org.openqa.selenium.remote.RemoteWebDriver.findElementByXPath(RemoteWebDriver.java:473)
	at io.appium.java_client.DefaultGenericMobileDriver.findElementByXPath(DefaultGenericMobileDriver.java:152)
	at io.appium.java_client.AppiumDriver.findElementByXPath(AppiumDriver.java:1)
	at io.appium.java_client.ios.IOSDriver.findElementByXPath(IOSDriver.java:1)
	at org.openqa.selenium.By$ByXPath.findElement(By.java:361)
	at org.openqa.selenium.remote.RemoteWebDriver.findElement(RemoteWebDriver.java:363)
	at io.appium.java_client.DefaultGenericMobileDriver.findElement(DefaultGenericMobileDriver.java:58)
	at io.appium.java_client.AppiumDriver.findElement(AppiumDriver.java:1)
	at io.appium.java_client.ios.IOSDriver.findElement(IOSDriver.java:1)
	at Tests.ReviseThirdLookTest.CreateLook3(ReviseThirdLookTest.java:499)
... Removed 29 stack frames</div></td></tr></table><p class="totop"><a href="#summary">back to summary</a></p>
<h3 id="m157">Tests.ReviseThirdLookTest#CreateReviseLook1</h3><table class="result"><tr><th>Messages</th></tr><tr><td><div class="messages">About to begin executing following method : ReviseThirdLookTest.CreateReviseLook1<br/>Completed executing following method : ReviseThirdLookTest.CreateReviseLook1<br/>About to Failure executing Suite CreateReviseLook1<br/>Test Method resides in Tests.ReviseThirdLookTest<br/>Test Status: Failed<br/>About to Failure executing Suite CreateReviseLook1<br/>Test Method resides in Tests.ReviseThirdLookTest<br/>Test Status: Failed</div></td></tr><tr><th>Exception</th></tr><tr><td><div class="stacktrace">java.lang.ArrayIndexOutOfBoundsException: -1
	at java.util.ArrayList.elementData(ArrayList.java:422)
	at java.util.ArrayList.get(ArrayList.java:435)
	at PageObjects.BookingPage.ClickReviseLookStylist(BookingPage.java:226)
	at Tests.ReviseThirdLookTest.CreateReviseLook1(ReviseThirdLookTest.java:374)
... Removed 25 stack frames</div></td></tr></table><p class="totop"><a href="#summary">back to summary</a></p>
<h3 id="m158">Tests.ReviseThirdLookTest#EndSession</h3><table class="result"><tr><th>Messages</th></tr><tr><td><div class="messages">About to begin executing following method : ReviseThirdLookTest.EndSession<br/>Completed executing following method : ReviseThirdLookTest.EndSession<br/>About to Failure executing Suite EndSession<br/>Test Method resides in Tests.ReviseThirdLookTest<br/>Test Status: Failed<br/>About to Failure executing Suite EndSession<br/>Test Method resides in Tests.ReviseThirdLookTest<br/>Test Status: Failed</div></td></tr><tr><th>Exception</th></tr><tr><td><div class="stacktrace">org.openqa.selenium.NoSuchElementException: An element could not be located on the page using the given search parameters. (WARNING: The server did not provide any stacktrace information)
Command duration or timeout: 0 milliseconds
For documentation on this error, please visit: http://seleniumhq.org/exceptions/no_such_element.html
Build info: version: &apos;3.8.1&apos;, revision: &apos;6e95a6684b&apos;, time: &apos;2017-12-01T19:05:32.194Z&apos;
System info: host: &apos;yinons-MBP-2&apos;, ip: &apos;fe80:0:0:0:1019:7b27:b1b7:21b5%en0&apos;, os.name: &apos;Mac OS X&apos;, os.arch: &apos;x86_64&apos;, os.version: &apos;10.13.4&apos;, java.version: &apos;1.8.0_151&apos;
Driver info: io.appium.java_client.ios.IOSDriver
Capabilities {app: /Users/yinonwishi/Desktop/W..., automationName: XCuiTest, browserName: , databaseEnabled: false, deviceName: iPhone 8 Plus, javascriptEnabled: true, locationContextEnabled: false, networkConnectionEnabled: false, newCommandTimeout: 5000, platform: MAC, platformName: MAC, platformVersion: 11.3, startIWDP: true, takesScreenshot: true, udid: 5B321DD7-CF13-4D1F-A5AE-6E3..., webStorageEnabled: false}
Session ID: 230411e5-f58b-42dc-b21f-bfd117eba81b
*** Element info: {Using=xpath, value=//*[@name=&apos;Send&apos;]}
	at org.openqa.selenium.remote.ErrorHandler.createThrowable(ErrorHandler.java:214)
	at org.openqa.selenium.remote.ErrorHandler.throwIfResponseFailed(ErrorHandler.java:166)
	at org.openqa.selenium.remote.http.JsonHttpResponseCodec.reconstructValue(JsonHttpResponseCodec.java:40)
	at org.openqa.selenium.remote.http.AbstractHttpResponseCodec.decode(AbstractHttpResponseCodec.java:80)
	at org.openqa.selenium.remote.http.AbstractHttpResponseCodec.decode(AbstractHttpResponseCodec.java:44)
	at org.openqa.selenium.remote.HttpCommandExecutor.execute(HttpCommandExecutor.java:164)
	at io.appium.java_client.remote.AppiumCommandExecutor.execute(AppiumCommandExecutor.java:129)
	at org.openqa.selenium.remote.RemoteWebDriver.execute(RemoteWebDriver.java:601)
	at io.appium.java_client.DefaultGenericMobileDriver.execute(DefaultGenericMobileDriver.java:42)
	at io.appium.java_client.AppiumDriver.execute(AppiumDriver.java:1)
	at io.appium.java_client.ios.IOSDriver.execute(IOSDriver.java:1)
	at org.openqa.selenium.remote.RemoteWebDriver.findElement(RemoteWebDriver.java:371)
	at io.appium.java_client.DefaultGenericMobileDriver.findElement(DefaultGenericMobileDriver.java:62)
	at io.appium.java_client.AppiumDriver.findElement(AppiumDriver.java:1)
	at io.appium.java_client.ios.IOSDriver.findElement(IOSDriver.java:1)
	at org.openqa.selenium.remote.RemoteWebDriver.findElementByXPath(RemoteWebDriver.java:473)
	at io.appium.java_client.DefaultGenericMobileDriver.findElementByXPath(DefaultGenericMobileDriver.java:152)
	at io.appium.java_client.AppiumDriver.findElementByXPath(AppiumDriver.java:1)
	at io.appium.java_client.ios.IOSDriver.findElementByXPath(IOSDriver.java:1)
	at org.openqa.selenium.By$ByXPath.findElement(By.java:361)
	at org.openqa.selenium.remote.RemoteWebDriver.findElement(RemoteWebDriver.java:363)
	at io.appium.java_client.DefaultGenericMobileDriver.findElement(DefaultGenericMobileDriver.java:58)
	at io.appium.java_client.AppiumDriver.findElement(AppiumDriver.java:1)
	at io.appium.java_client.ios.IOSDriver.findElement(IOSDriver.java:1)
	at org.openqa.selenium.support.pagefactory.DefaultElementLocator.findElement(DefaultElementLocator.java:69)
	at org.openqa.selenium.support.pagefactory.internal.LocatingElementHandler.invoke(LocatingElementHandler.java:38)
	at com.sun.proxy.$Proxy9.click(Unknown Source)
	at PageObjects.BasePage.click(BasePage.java:37)
	at PageObjects.BookingPage.ClickSendEndSession(BookingPage.java:348)
	at Tests.ReviseThirdLookTest.EndSession(ReviseThirdLookTest.java:693)
... Removed 29 stack frames</div></td></tr></table><p class="totop"><a href="#summary">back to summary</a></p>
<h3 id="m159">Tests.ReviseThirdLookTest#ReviseLook2</h3><table class="result"><tr><th>Messages</th></tr><tr><td><div class="messages">About to begin executing following method : ReviseThirdLookTest.ReviseLook2<br/>Completed executing following method : ReviseThirdLookTest.ReviseLook2<br/>About to Failure executing Suite ReviseLook2<br/>Test Method resides in Tests.ReviseThirdLookTest<br/>Test Status: Failed<br/>About to Failure executing Suite ReviseLook2<br/>Test Method resides in Tests.ReviseThirdLookTest<br/>Test Status: Failed</div></td></tr><tr><th>Exception</th></tr><tr><td><div class="stacktrace">java.lang.ArrayIndexOutOfBoundsException: -1
	at java.util.ArrayList.elementData(ArrayList.java:422)
	at java.util.ArrayList.get(ArrayList.java:435)
	at PageObjects.BookingPage.ClickReviseLookStylist(BookingPage.java:226)
	at Tests.ReviseThirdLookTest.ReviseLook2(ReviseThirdLookTest.java:626)
... Removed 25 stack frames</div></td></tr></table><p class="totop"><a href="#summary">back to summary</a></p>
<h3 id="m160">Tests.ReviseThirdLookTest#VerifyCreateLook3</h3><table class="result"><tr><th>Messages</th></tr><tr><td><div class="messages">About to begin executing following method : ReviseThirdLookTest.VerifyCreateLook3<br/>Completed executing following method : ReviseThirdLookTest.VerifyCreateLook3<br/>About to Failure executing Suite VerifyCreateLook3<br/>Test Method resides in Tests.ReviseThirdLookTest<br/>Test Status: Failed<br/>About to Failure executing Suite VerifyCreateLook3<br/>Test Method resides in Tests.ReviseThirdLookTest<br/>Test Status: Failed</div></td></tr><tr><th>Exception</th></tr><tr><td><div class="stacktrace">org.openqa.selenium.NoSuchElementException: An element could not be located on the page using the given search parameters. (WARNING: The server did not provide any stacktrace information)
Command duration or timeout: 0 milliseconds
For documentation on this error, please visit: http://seleniumhq.org/exceptions/no_such_element.html
Build info: version: &apos;3.8.1&apos;, revision: &apos;6e95a6684b&apos;, time: &apos;2017-12-01T19:05:32.194Z&apos;
System info: host: &apos;yinons-MBP-2&apos;, ip: &apos;fe80:0:0:0:1019:7b27:b1b7:21b5%en0&apos;, os.name: &apos;Mac OS X&apos;, os.arch: &apos;x86_64&apos;, os.version: &apos;10.13.4&apos;, java.version: &apos;1.8.0_151&apos;
Driver info: io.appium.java_client.ios.IOSDriver
Capabilities {app: /Users/yinonwishi/Desktop/W..., automationName: XCuiTest, browserName: , databaseEnabled: false, deviceName: iPhone 8 Plus, javascriptEnabled: true, locationContextEnabled: false, networkConnectionEnabled: false, newCommandTimeout: 5000, platform: MAC, platformName: MAC, platformVersion: 11.3, startIWDP: true, takesScreenshot: true, udid: 5B321DD7-CF13-4D1F-A5AE-6E3..., webStorageEnabled: false}
Session ID: db3a4ba9-463b-46f5-b4f3-e2b0bd3b8c98
*** Element info: {Using=xpath, value=//*[contains(@name, &apos;look3&apos;)]}
	at org.openqa.selenium.remote.ErrorHandler.createThrowable(ErrorHandler.java:214)
	at org.openqa.selenium.remote.ErrorHandler.throwIfResponseFailed(ErrorHandler.java:166)
	at org.openqa.selenium.remote.http.JsonHttpResponseCodec.reconstructValue(JsonHttpResponseCodec.java:40)
	at org.openqa.selenium.remote.http.AbstractHttpResponseCodec.decode(AbstractHttpResponseCodec.java:80)
	at org.openqa.selenium.remote.http.AbstractHttpResponseCodec.decode(AbstractHttpResponseCodec.java:44)
	at org.openqa.selenium.remote.HttpCommandExecutor.execute(HttpCommandExecutor.java:164)
	at io.appium.java_client.remote.AppiumCommandExecutor.execute(AppiumCommandExecutor.java:129)
	at org.openqa.selenium.remote.RemoteWebDriver.execute(RemoteWebDriver.java:601)
	at io.appium.java_client.DefaultGenericMobileDriver.execute(DefaultGenericMobileDriver.java:42)
	at io.appium.java_client.AppiumDriver.execute(AppiumDriver.java:1)
	at io.appium.java_client.ios.IOSDriver.execute(IOSDriver.java:1)
	at org.openqa.selenium.remote.RemoteWebDriver.findElement(RemoteWebDriver.java:371)
	at io.appium.java_client.DefaultGenericMobileDriver.findElement(DefaultGenericMobileDriver.java:62)
	at io.appium.java_client.AppiumDriver.findElement(AppiumDriver.java:1)
	at io.appium.java_client.ios.IOSDriver.findElement(IOSDriver.java:1)
	at org.openqa.selenium.remote.RemoteWebDriver.findElementByXPath(RemoteWebDriver.java:473)
	at io.appium.java_client.DefaultGenericMobileDriver.findElementByXPath(DefaultGenericMobileDriver.java:152)
	at io.appium.java_client.AppiumDriver.findElementByXPath(AppiumDriver.java:1)
	at io.appium.java_client.ios.IOSDriver.findElementByXPath(IOSDriver.java:1)
	at org.openqa.selenium.By$ByXPath.findElement(By.java:361)
	at org.openqa.selenium.remote.RemoteWebDriver.findElement(RemoteWebDriver.java:363)
	at io.appium.java_client.DefaultGenericMobileDriver.findElement(DefaultGenericMobileDriver.java:58)
	at io.appium.java_client.AppiumDriver.findElement(AppiumDriver.java:1)
	at io.appium.java_client.ios.IOSDriver.findElement(IOSDriver.java:1)
	at PageObjects.BasePage.ElementDisplay(BasePage.java:60)
	at Tests.ReviseThirdLookTest.VerifyCreateLook3(ReviseThirdLookTest.java:532)
... Removed 29 stack frames</div></td></tr></table><p class="totop"><a href="#summary">back to summary</a></p>
<h3 id="m161">Tests.ReviseThirdLookTest#VerifyCreateLookrevise1</h3><table class="result"><tr><th>Messages</th></tr><tr><td><div class="messages">About to begin executing following method : ReviseThirdLookTest.VerifyCreateLookrevise1<br/>Completed executing following method : ReviseThirdLookTest.VerifyCreateLookrevise1<br/>About to Failure executing Suite VerifyCreateLookrevise1<br/>Test Method resides in Tests.ReviseThirdLookTest<br/>Test Status: Failed<br/>About to Failure executing Suite VerifyCreateLookrevise1<br/>Test Method resides in Tests.ReviseThirdLookTest<br/>Test Status: Failed</div></td></tr><tr><th>Exception</th></tr><tr><td><div class="stacktrace">org.openqa.selenium.NoSuchElementException: An element could not be located on the page using the given search parameters. (WARNING: The server did not provide any stacktrace information)
Command duration or timeout: 0 milliseconds
For documentation on this error, please visit: http://seleniumhq.org/exceptions/no_such_element.html
Build info: version: &apos;3.8.1&apos;, revision: &apos;6e95a6684b&apos;, time: &apos;2017-12-01T19:05:32.194Z&apos;
System info: host: &apos;yinons-MBP-2&apos;, ip: &apos;fe80:0:0:0:1019:7b27:b1b7:21b5%en0&apos;, os.name: &apos;Mac OS X&apos;, os.arch: &apos;x86_64&apos;, os.version: &apos;10.13.4&apos;, java.version: &apos;1.8.0_151&apos;
Driver info: io.appium.java_client.ios.IOSDriver
Capabilities {app: /Users/yinonwishi/Desktop/W..., automationName: XCuiTest, browserName: , databaseEnabled: false, deviceName: iPhone 8 Plus, javascriptEnabled: true, locationContextEnabled: false, networkConnectionEnabled: false, newCommandTimeout: 5000, platform: MAC, platformName: MAC, platformVersion: 11.3, startIWDP: true, takesScreenshot: true, udid: 5B321DD7-CF13-4D1F-A5AE-6E3..., webStorageEnabled: false}
Session ID: 7c00445a-5679-4d47-ae84-d71d5c830bd2
*** Element info: {Using=xpath, value=//*[contains(@name, &apos;revise2&apos;)]}
	at org.openqa.selenium.remote.ErrorHandler.createThrowable(ErrorHandler.java:214)
	at org.openqa.selenium.remote.ErrorHandler.throwIfResponseFailed(ErrorHandler.java:166)
	at org.openqa.selenium.remote.http.JsonHttpResponseCodec.reconstructValue(JsonHttpResponseCodec.java:40)
	at org.openqa.selenium.remote.http.AbstractHttpResponseCodec.decode(AbstractHttpResponseCodec.java:80)
	at org.openqa.selenium.remote.http.AbstractHttpResponseCodec.decode(AbstractHttpResponseCodec.java:44)
	at org.openqa.selenium.remote.HttpCommandExecutor.execute(HttpCommandExecutor.java:164)
	at io.appium.java_client.remote.AppiumCommandExecutor.execute(AppiumCommandExecutor.java:129)
	at org.openqa.selenium.remote.RemoteWebDriver.execute(RemoteWebDriver.java:601)
	at io.appium.java_client.DefaultGenericMobileDriver.execute(DefaultGenericMobileDriver.java:42)
	at io.appium.java_client.AppiumDriver.execute(AppiumDriver.java:1)
	at io.appium.java_client.ios.IOSDriver.execute(IOSDriver.java:1)
	at org.openqa.selenium.remote.RemoteWebDriver.findElement(RemoteWebDriver.java:371)
	at io.appium.java_client.DefaultGenericMobileDriver.findElement(DefaultGenericMobileDriver.java:62)
	at io.appium.java_client.AppiumDriver.findElement(AppiumDriver.java:1)
	at io.appium.java_client.ios.IOSDriver.findElement(IOSDriver.java:1)
	at org.openqa.selenium.remote.RemoteWebDriver.findElementByXPath(RemoteWebDriver.java:473)
	at io.appium.java_client.DefaultGenericMobileDriver.findElementByXPath(DefaultGenericMobileDriver.java:152)
	at io.appium.java_client.AppiumDriver.findElementByXPath(AppiumDriver.java:1)
	at io.appium.java_client.ios.IOSDriver.findElementByXPath(IOSDriver.java:1)
	at org.openqa.selenium.By$ByXPath.findElement(By.java:361)
	at org.openqa.selenium.remote.RemoteWebDriver.findElement(RemoteWebDriver.java:363)
	at io.appium.java_client.DefaultGenericMobileDriver.findElement(DefaultGenericMobileDriver.java:58)
	at io.appium.java_client.AppiumDriver.findElement(AppiumDriver.java:1)
	at io.appium.java_client.ios.IOSDriver.findElement(IOSDriver.java:1)
	at PageObjects.BasePage.ElementDisplay(BasePage.java:60)
	at Tests.ReviseThirdLookTest.VerifyCreateLookrevise1(ReviseThirdLookTest.java:415)
... Removed 29 stack frames</div></td></tr></table><p class="totop"><a href="#summary">back to summary</a></p>
<h3 id="m162">Tests.ReviseThirdLookTest#VerifyCreateRevise2</h3><table class="result"><tr><th>Messages</th></tr><tr><td><div class="messages">About to begin executing following method : ReviseThirdLookTest.VerifyCreateRevise2<br/>Completed executing following method : ReviseThirdLookTest.VerifyCreateRevise2<br/>About to Failure executing Suite VerifyCreateRevise2<br/>Test Method resides in Tests.ReviseThirdLookTest<br/>Test Status: Failed<br/>About to Failure executing Suite VerifyCreateRevise2<br/>Test Method resides in Tests.ReviseThirdLookTest<br/>Test Status: Failed</div></td></tr><tr><th>Exception</th></tr><tr><td><div class="stacktrace">org.openqa.selenium.NoSuchElementException: An element could not be located on the page using the given search parameters. (WARNING: The server did not provide any stacktrace information)
Command duration or timeout: 0 milliseconds
For documentation on this error, please visit: http://seleniumhq.org/exceptions/no_such_element.html
Build info: version: &apos;3.8.1&apos;, revision: &apos;6e95a6684b&apos;, time: &apos;2017-12-01T19:05:32.194Z&apos;
System info: host: &apos;yinons-MBP-2&apos;, ip: &apos;fe80:0:0:0:1019:7b27:b1b7:21b5%en0&apos;, os.name: &apos;Mac OS X&apos;, os.arch: &apos;x86_64&apos;, os.version: &apos;10.13.4&apos;, java.version: &apos;1.8.0_151&apos;
Driver info: io.appium.java_client.ios.IOSDriver
Capabilities {app: /Users/yinonwishi/Desktop/W..., automationName: XCuiTest, browserName: , databaseEnabled: false, deviceName: iPhone 8 Plus, javascriptEnabled: true, locationContextEnabled: false, networkConnectionEnabled: false, newCommandTimeout: 5000, platform: MAC, platformName: MAC, platformVersion: 11.3, startIWDP: true, takesScreenshot: true, udid: 5B321DD7-CF13-4D1F-A5AE-6E3..., webStorageEnabled: false}
Session ID: b379f79f-dd2b-4e7a-852a-beb12c0c2873
*** Element info: {Using=xpath, value=//*[contains(@name, &apos;revise2&apos;)]}
	at org.openqa.selenium.remote.ErrorHandler.createThrowable(ErrorHandler.java:214)
	at org.openqa.selenium.remote.ErrorHandler.throwIfResponseFailed(ErrorHandler.java:166)
	at org.openqa.selenium.remote.http.JsonHttpResponseCodec.reconstructValue(JsonHttpResponseCodec.java:40)
	at org.openqa.selenium.remote.http.AbstractHttpResponseCodec.decode(AbstractHttpResponseCodec.java:80)
	at org.openqa.selenium.remote.http.AbstractHttpResponseCodec.decode(AbstractHttpResponseCodec.java:44)
	at org.openqa.selenium.remote.HttpCommandExecutor.execute(HttpCommandExecutor.java:164)
	at io.appium.java_client.remote.AppiumCommandExecutor.execute(AppiumCommandExecutor.java:129)
	at org.openqa.selenium.remote.RemoteWebDriver.execute(RemoteWebDriver.java:601)
	at io.appium.java_client.DefaultGenericMobileDriver.execute(DefaultGenericMobileDriver.java:42)
	at io.appium.java_client.AppiumDriver.execute(AppiumDriver.java:1)
	at io.appium.java_client.ios.IOSDriver.execute(IOSDriver.java:1)
	at org.openqa.selenium.remote.RemoteWebDriver.findElement(RemoteWebDriver.java:371)
	at io.appium.java_client.DefaultGenericMobileDriver.findElement(DefaultGenericMobileDriver.java:62)
	at io.appium.java_client.AppiumDriver.findElement(AppiumDriver.java:1)
	at io.appium.java_client.ios.IOSDriver.findElement(IOSDriver.java:1)
	at org.openqa.selenium.remote.RemoteWebDriver.findElementByXPath(RemoteWebDriver.java:473)
	at io.appium.java_client.DefaultGenericMobileDriver.findElementByXPath(DefaultGenericMobileDriver.java:152)
	at io.appium.java_client.AppiumDriver.findElementByXPath(AppiumDriver.java:1)
	at io.appium.java_client.ios.IOSDriver.findElementByXPath(IOSDriver.java:1)
	at org.openqa.selenium.By$ByXPath.findElement(By.java:361)
	at org.openqa.selenium.remote.RemoteWebDriver.findElement(RemoteWebDriver.java:363)
	at io.appium.java_client.DefaultGenericMobileDriver.findElement(DefaultGenericMobileDriver.java:58)
	at io.appium.java_client.AppiumDriver.findElement(AppiumDriver.java:1)
	at io.appium.java_client.ios.IOSDriver.findElement(IOSDriver.java:1)
	at PageObjects.BasePage.ElementDisplay(BasePage.java:60)
	at Tests.ReviseThirdLookTest.VerifyCreateRevise2(ReviseThirdLookTest.java:668)
... Removed 29 stack frames</div></td></tr></table><p class="totop"><a href="#summary">back to summary</a></p>
<h3 id="m163">Tests.ReviseThirdLookTest#VerifyEndSession</h3><table class="result"><tr><th>Messages</th></tr><tr><td><div class="messages">About to begin executing following method : ReviseThirdLookTest.VerifyEndSession<br/>Completed executing following method : ReviseThirdLookTest.VerifyEndSession<br/>About to Failure executing Suite VerifyEndSession<br/>Test Method resides in Tests.ReviseThirdLookTest<br/>Test Status: Failed<br/>About to Failure executing Suite VerifyEndSession<br/>Test Method resides in Tests.ReviseThirdLookTest<br/>Test Status: Failed</div></td></tr><tr><th>Exception</th></tr><tr><td><div class="stacktrace">org.openqa.selenium.NoSuchElementException: An element could not be located on the page using the given search parameters. (WARNING: The server did not provide any stacktrace information)
Command duration or timeout: 0 milliseconds
For documentation on this error, please visit: http://seleniumhq.org/exceptions/no_such_element.html
Build info: version: &apos;3.8.1&apos;, revision: &apos;6e95a6684b&apos;, time: &apos;2017-12-01T19:05:32.194Z&apos;
System info: host: &apos;yinons-MBP-2&apos;, ip: &apos;fe80:0:0:0:1019:7b27:b1b7:21b5%en0&apos;, os.name: &apos;Mac OS X&apos;, os.arch: &apos;x86_64&apos;, os.version: &apos;10.13.4&apos;, java.version: &apos;1.8.0_151&apos;
Driver info: io.appium.java_client.ios.IOSDriver
Capabilities {app: /Users/yinonwishi/Desktop/W..., automationName: XCuiTest, browserName: , databaseEnabled: false, deviceName: iPhone 8 Plus, javascriptEnabled: true, locationContextEnabled: false, networkConnectionEnabled: false, newCommandTimeout: 5000, platform: MAC, platformName: MAC, platformVersion: 11.3, startIWDP: true, takesScreenshot: true, udid: 5B321DD7-CF13-4D1F-A5AE-6E3..., webStorageEnabled: false}
Session ID: 48133515-e349-4b14-8b4d-55ea4f24b95b
*** Element info: {Using=xpath, value=//*[contains(@name, &apos;Payment Sent&apos;)]}
	at org.openqa.selenium.remote.ErrorHandler.createThrowable(ErrorHandler.java:214)
	at org.openqa.selenium.remote.ErrorHandler.throwIfResponseFailed(ErrorHandler.java:166)
	at org.openqa.selenium.remote.http.JsonHttpResponseCodec.reconstructValue(JsonHttpResponseCodec.java:40)
	at org.openqa.selenium.remote.http.AbstractHttpResponseCodec.decode(AbstractHttpResponseCodec.java:80)
	at org.openqa.selenium.remote.http.AbstractHttpResponseCodec.decode(AbstractHttpResponseCodec.java:44)
	at org.openqa.selenium.remote.HttpCommandExecutor.execute(HttpCommandExecutor.java:164)
	at io.appium.java_client.remote.AppiumCommandExecutor.execute(AppiumCommandExecutor.java:129)
	at org.openqa.selenium.remote.RemoteWebDriver.execute(RemoteWebDriver.java:601)
	at io.appium.java_client.DefaultGenericMobileDriver.execute(DefaultGenericMobileDriver.java:42)
	at io.appium.java_client.AppiumDriver.execute(AppiumDriver.java:1)
	at io.appium.java_client.ios.IOSDriver.execute(IOSDriver.java:1)
	at org.openqa.selenium.remote.RemoteWebDriver.findElement(RemoteWebDriver.java:371)
	at io.appium.java_client.DefaultGenericMobileDriver.findElement(DefaultGenericMobileDriver.java:62)
	at io.appium.java_client.AppiumDriver.findElement(AppiumDriver.java:1)
	at io.appium.java_client.ios.IOSDriver.findElement(IOSDriver.java:1)
	at org.openqa.selenium.remote.RemoteWebDriver.findElementByXPath(RemoteWebDriver.java:473)
	at io.appium.java_client.DefaultGenericMobileDriver.findElementByXPath(DefaultGenericMobileDriver.java:152)
	at io.appium.java_client.AppiumDriver.findElementByXPath(AppiumDriver.java:1)
	at io.appium.java_client.ios.IOSDriver.findElementByXPath(IOSDriver.java:1)
	at org.openqa.selenium.By$ByXPath.findElement(By.java:361)
	at org.openqa.selenium.remote.RemoteWebDriver.findElement(RemoteWebDriver.java:363)
	at io.appium.java_client.DefaultGenericMobileDriver.findElement(DefaultGenericMobileDriver.java:58)
	at io.appium.java_client.AppiumDriver.findElement(AppiumDriver.java:1)
	at io.appium.java_client.ios.IOSDriver.findElement(IOSDriver.java:1)
	at PageObjects.BasePage.ElementDisplay(BasePage.java:60)
	at Tests.ReviseThirdLookTest.VerifyEndSession(ReviseThirdLookTest.java:737)
... Removed 29 stack frames</div></td></tr></table><p class="totop"><a href="#summary">back to summary</a></p>
<h3 id="m164">Tests.ReviseThirdLookTest#CompileBooking</h3><table class="result"><tr><th>Messages</th></tr><tr><td><div class="messages">About to begin executing following method : ReviseThirdLookTest.CompileBooking<br/>Completed executing following method : ReviseThirdLookTest.CompileBooking<br/>About to Success executing Suite CompileBooking<br/>Test Method resides in Tests.ReviseThirdLookTest<br/>Test Status: Pass<br/>About to Success executing Suite CompileBooking<br/>Test Method resides in Tests.ReviseThirdLookTest<br/>Test Status: Pass</div></td></tr></table><p class="totop"><a href="#summary">back to summary</a></p>
<h3 id="m165">Tests.ReviseThirdLookTest#CreateLook</h3><table class="result"><tr><th>Messages</th></tr><tr><td><div class="messages">About to begin executing following method : ReviseThirdLookTest.CreateLook<br/>Completed executing following method : ReviseThirdLookTest.CreateLook<br/>About to Success executing Suite CreateLook<br/>Test Method resides in Tests.ReviseThirdLookTest<br/>Test Status: Pass<br/>About to Success executing Suite CreateLook<br/>Test Method resides in Tests.ReviseThirdLookTest<br/>Test Status: Pass</div></td></tr></table><p class="totop"><a href="#summary">back to summary</a></p>
<h3 id="m166">Tests.ReviseThirdLookTest#CreateMoodBoard</h3><table class="result"><tr><th>Messages</th></tr><tr><td><div class="messages">About to begin executing following method : ReviseThirdLookTest.CreateMoodBoard<br/>Completed executing following method : ReviseThirdLookTest.CreateMoodBoard<br/>About to Success executing Suite CreateMoodBoard<br/>Test Method resides in Tests.ReviseThirdLookTest<br/>Test Status: Pass<br/>About to Success executing Suite CreateMoodBoard<br/>Test Method resides in Tests.ReviseThirdLookTest<br/>Test Status: Pass</div></td></tr></table><p class="totop"><a href="#summary">back to summary</a></p>
<h3 id="m167">Tests.ReviseThirdLookTest#DoLogin</h3><table class="result"><tr><th>Messages</th></tr><tr><td><div class="messages">About to begin executing following method : ReviseThirdLookTest.DoLogin<br/>Completed executing following method : ReviseThirdLookTest.DoLogin<br/>About to Success executing Suite DoLogin<br/>Test Method resides in Tests.ReviseThirdLookTest<br/>Test Status: Pass<br/>About to Success executing Suite DoLogin<br/>Test Method resides in Tests.ReviseThirdLookTest<br/>Test Status: Pass</div></td></tr></table><p class="totop"><a href="#summary">back to summary</a></p>
<h3 id="m168">Tests.ReviseThirdLookTest#SearchStylist</h3><table class="result"><tr><th>Messages</th></tr><tr><td><div class="messages">About to begin executing following method : ReviseThirdLookTest.SearchStylist<br/>Completed executing following method : ReviseThirdLookTest.SearchStylist<br/>About to Success executing Suite SearchStylist<br/>Test Method resides in Tests.ReviseThirdLookTest<br/>Test Status: Pass<br/>About to Success executing Suite SearchStylist<br/>Test Method resides in Tests.ReviseThirdLookTest<br/>Test Status: Pass</div></td></tr></table><p class="totop"><a href="#summary">back to summary</a></p>
<h3 id="m169">Tests.ReviseThirdLookTest#SelectEvents</h3><table class="result"><tr><th>Messages</th></tr><tr><td><div class="messages">About to begin executing following method : ReviseThirdLookTest.SelectEvents<br/>Completed executing following method : ReviseThirdLookTest.SelectEvents<br/>About to Success executing Suite SelectEvents<br/>Test Method resides in Tests.ReviseThirdLookTest<br/>Test Status: Pass<br/>About to Success executing Suite SelectEvents<br/>Test Method resides in Tests.ReviseThirdLookTest<br/>Test Status: Pass</div></td></tr></table><p class="totop"><a href="#summary">back to summary</a></p>
<h3 id="m170">Tests.ReviseThirdLookTest#SelectSession</h3><table class="result"><tr><th>Messages</th></tr><tr><td><div class="messages">About to begin executing following method : ReviseThirdLookTest.SelectSession<br/>Completed executing following method : ReviseThirdLookTest.SelectSession<br/>About to Success executing Suite SelectSession<br/>Test Method resides in Tests.ReviseThirdLookTest<br/>Test Status: Pass<br/>About to Success executing Suite SelectSession<br/>Test Method resides in Tests.ReviseThirdLookTest<br/>Test Status: Pass</div></td></tr></table><p class="totop"><a href="#summary">back to summary</a></p>
<h3 id="m171">Tests.ReviseThirdLookTest#VerifyCreateLook</h3><table class="result"><tr><th>Messages</th></tr><tr><td><div class="messages">About to begin executing following method : ReviseThirdLookTest.VerifyCreateLook<br/>Completed executing following method : ReviseThirdLookTest.VerifyCreateLook<br/>About to Success executing Suite VerifyCreateLook<br/>Test Method resides in Tests.ReviseThirdLookTest<br/>Test Status: Pass<br/>About to Success executing Suite VerifyCreateLook<br/>Test Method resides in Tests.ReviseThirdLookTest<br/>Test Status: Pass</div></td></tr></table><p class="totop"><a href="#summary">back to summary</a></p>
<h3 id="m172">Tests.ReviseThirdLookTest#VerifyMoodBoard</h3><table class="result"><tr><th>Messages</th></tr><tr><td><div class="messages">About to begin executing following method : ReviseThirdLookTest.VerifyMoodBoard<br/>Completed executing following method : ReviseThirdLookTest.VerifyMoodBoard<br/>About to Success executing Suite VerifyMoodBoard<br/>Test Method resides in Tests.ReviseThirdLookTest<br/>Test Status: Pass<br/>About to Success executing Suite VerifyMoodBoard<br/>Test Method resides in Tests.ReviseThirdLookTest<br/>Test Status: Pass</div></td></tr></table><p class="totop"><a href="#summary">back to summary</a></p>
</body>
</html>
