<html>
<head>
<title>TestNG:  BookingCCTests</title>
<link href="../testng.css" rel="stylesheet" type="text/css" />
<link href="../my-testng.css" rel="stylesheet" type="text/css" />

<style type="text/css">
.log { display: none;} 
.stack-trace { display: none;} 
</style>
<script type="text/javascript">
<!--
function flip(e) {
  current = e.style.display;
  if (current == 'block') {
    e.style.display = 'none';
    return 0;
  }
  else {
    e.style.display = 'block';
    return 1;
  }
}

function toggleBox(szDivId, elem, msg1, msg2)
{
  var res = -1;  if (document.getElementById) {
    res = flip(document.getElementById(szDivId));
  }
  else if (document.all) {
    // this is the way old msie versions work
    res = flip(document.all[szDivId]);
  }
  if(elem) {
    if(res == 0) elem.innerHTML = msg1; else elem.innerHTML = msg2;
  }

}

function toggleAllBoxes() {
  if (document.getElementsByTagName) {
    d = document.getElementsByTagName('div');
    for (i = 0; i < d.length; i++) {
      if (d[i].className == 'log') {
        flip(d[i]);
      }
    }
  }
}

// -->
</script>

</head>
<body>
<h2 align='center'>BookingCCTests</h2><table border='1' align="center">
<tr>
<td>Tests passed/Failed/Skipped:</td><td>1/1/0</td>
</tr><tr>
<td>Started on:</td><td>Thu Nov 15 13:44:57 IST 2018</td>
</tr>
<tr><td>Total time:</td><td>101 seconds (101551 ms)</td>
</tr><tr>
<td>Included groups:</td><td></td>
</tr><tr>
<td>Excluded groups:</td><td></td>
</tr>
</table><p/>
<small><i>(Hover the method name to see the test class name)</i></small><p/>
<table width='100%' border='1' class='invocation-failed'>
<tr><td colspan='4' align='center'><b>FAILED TESTS</b></td></tr>
<tr><td><b>Test method</b></td>
<td width="30%"><b>Exception</b></td>
<td width="10%"><b>Time (seconds)</b></td>
<td><b>Instance</b></td>
</tr>
<tr>
<td title='Tests.BookingCCTests.CheckoutUnlimitedCreditCard()'><b>CheckoutUnlimitedCreditCard</b><br>Test class: Tests.BookingCCTests<br/>
<a href="#Output-1375394559" onClick='toggleBox("Output-1375394559", this, "Show output", "Hide output");'>Show output</a>

<a href="#Output-1375394559" onClick="toggleAllBoxes();">Show all outputs</a>
<div class='log' id="Output-1375394559">
About to begin executing following method : BookingCCTests.CheckoutUnlimitedCreditCard<br/>
Completed executing following method : BookingCCTests.CheckoutUnlimitedCreditCard<br/>
About to Failure executing Suite CheckoutUnlimitedCreditCard<br/>
Test Method resides in Tests.BookingCCTests<br/>
Test Status: Failed<br/>
About to Failure executing Suite CheckoutUnlimitedCreditCard<br/>
Test Method resides in Tests.BookingCCTests<br/>
Test Status: Failed<br/>
</div>
</td>
<td><div><pre>org.openqa.selenium.WebDriverException: An unknown server-side error occurred while processing the command. Original error: unknown error: Element &lt;button ng-hide=&quot;total===0&quot; ng-disabled=&quot;!valid_card&quot; class=&quot;btn mobileBookme_payment_form_button ng-binding&quot; ng-click=&quot;submitPaymentForm($event)&quot; disabled=&quot;disabled&quot;&gt;...&lt;/button&gt; is not clickable at point (206, 627). Other element would receive the click: &lt;div class=&quot;loader_fade ng-isolate-scope show_loader_fade&quot; ng-class=&quot;{show_loader_fade: !condition}&quot; condition=&quot;notSubmitted&quot; style=&quot;&quot;&gt;...&lt;/div&gt;
  (Session info: chrome=70.0.3538.80)
  (Driver info: chromedriver=2.42.591059 (a3d9684d10d61aa0c45f6723b327283be1ebaad8),platform=Mac OS X 10.13.6 x86_64)
Build info: version: &apos;3.8.1&apos;, revision: &apos;6e95a6684b&apos;, time: &apos;2017-12-01T19:05:32.194Z&apos;
System info: host: &apos;yinons-MBP-2&apos;, ip: &apos;fe80:0:0:0:1041:16e6:8531:af3b%en0&apos;, os.name: &apos;Mac OS X&apos;, os.arch: &apos;x86_64&apos;, os.version: &apos;10.13.6&apos;, java.version: &apos;1.8.0_181&apos;
Driver info: io.appium.java_client.android.AndroidDriver
Capabilities {browserName: Chrome, databaseEnabled: false, desired: {browserName: Chrome, deviceName: Android device, noReset: true, platformName: android}, deviceManufacturer: samsung, deviceModel: SM-G928C, deviceName: 83f0444635375636, deviceScreenSize: 1440x2560, deviceUDID: 83f0444635375636, javascriptEnabled: true, locationContextEnabled: false, networkConnectionEnabled: true, noReset: true, platform: LINUX, platformName: LINUX, platformVersion: 7.0, takesScreenshot: true, warnings: {}, webStorageEnabled: false}
Session ID: f7842cdc-77f8-46d5-9e5e-c0843791617c
	at org.openqa.selenium.remote.http.W3CHttpResponseCodec.createException(W3CHttpResponseCodec.java:187)
	at org.openqa.selenium.remote.http.W3CHttpResponseCodec.decode(W3CHttpResponseCodec.java:122)
	at org.openqa.selenium.remote.http.W3CHttpResponseCodec.decode(W3CHttpResponseCodec.java:49)
	at org.openqa.selenium.remote.HttpCommandExecutor.execute(HttpCommandExecutor.java:164)
	at io.appium.java_client.remote.AppiumCommandExecutor.execute(AppiumCommandExecutor.java:129)
	at org.openqa.selenium.remote.RemoteWebDriver.execute(RemoteWebDriver.java:601)
	at io.appium.java_client.DefaultGenericMobileDriver.execute(DefaultGenericMobileDriver.java:42)
	at io.appium.java_client.AppiumDriver.execute(AppiumDriver.java:1)
	at io.appium.java_client.android.AndroidDriver.execute(AndroidDriver.java:1)
	at org.openqa.selenium.remote.RemoteWebElement.execute(RemoteWebElement.java:279)
	at io.appium.java_client.DefaultGenericMobileElement.execute(DefaultGenericMobileElement.java:45)
	at io.appium.java_client.MobileElement.execute(MobileElement.java:1)
	at io.appium.java_client.android.AndroidElement.execute(AndroidElement.java:1)
	at org.openqa.selenium.remote.RemoteWebElement.click(RemoteWebElement.java:83)
	at PageObejecs.BookingPage.FillCardCVC(BookingPage.java:272)
	at Tests.BookingCCTests.CheckoutUnlimitedCreditCard(BookingCCTests.java:74)
... Removed 29 stack frames</pre></div><a href='#' onClick='toggleBox("stack-trace1375394559", this, "Click to show all stack frames", "Click to hide stack frames")'>Click to show all stack frames</a>
<div class='stack-trace' id='stack-trace1375394559'><pre>org.openqa.selenium.WebDriverException: An unknown server-side error occurred while processing the command. Original error: unknown error: Element &lt;button ng-hide=&quot;total===0&quot; ng-disabled=&quot;!valid_card&quot; class=&quot;btn mobileBookme_payment_form_button ng-binding&quot; ng-click=&quot;submitPaymentForm($event)&quot; disabled=&quot;disabled&quot;&gt;...&lt;/button&gt; is not clickable at point (206, 627). Other element would receive the click: &lt;div class=&quot;loader_fade ng-isolate-scope show_loader_fade&quot; ng-class=&quot;{show_loader_fade: !condition}&quot; condition=&quot;notSubmitted&quot; style=&quot;&quot;&gt;...&lt;/div&gt;
  (Session info: chrome=70.0.3538.80)
  (Driver info: chromedriver=2.42.591059 (a3d9684d10d61aa0c45f6723b327283be1ebaad8),platform=Mac OS X 10.13.6 x86_64)
Build info: version: &apos;3.8.1&apos;, revision: &apos;6e95a6684b&apos;, time: &apos;2017-12-01T19:05:32.194Z&apos;
System info: host: &apos;yinons-MBP-2&apos;, ip: &apos;fe80:0:0:0:1041:16e6:8531:af3b%en0&apos;, os.name: &apos;Mac OS X&apos;, os.arch: &apos;x86_64&apos;, os.version: &apos;10.13.6&apos;, java.version: &apos;1.8.0_181&apos;
Driver info: io.appium.java_client.android.AndroidDriver
Capabilities {browserName: Chrome, databaseEnabled: false, desired: {browserName: Chrome, deviceName: Android device, noReset: true, platformName: android}, deviceManufacturer: samsung, deviceModel: SM-G928C, deviceName: 83f0444635375636, deviceScreenSize: 1440x2560, deviceUDID: 83f0444635375636, javascriptEnabled: true, locationContextEnabled: false, networkConnectionEnabled: true, noReset: true, platform: LINUX, platformName: LINUX, platformVersion: 7.0, takesScreenshot: true, warnings: {}, webStorageEnabled: false}
Session ID: f7842cdc-77f8-46d5-9e5e-c0843791617c
	at sun.reflect.NativeConstructorAccessorImpl.newInstance0(Native Method)
	at sun.reflect.NativeConstructorAccessorImpl.newInstance(NativeConstructorAccessorImpl.java:62)
	at sun.reflect.DelegatingConstructorAccessorImpl.newInstance(DelegatingConstructorAccessorImpl.java:45)
	at java.lang.reflect.Constructor.newInstance(Constructor.java:423)
	at org.openqa.selenium.remote.http.W3CHttpResponseCodec.createException(W3CHttpResponseCodec.java:187)
	at org.openqa.selenium.remote.http.W3CHttpResponseCodec.decode(W3CHttpResponseCodec.java:122)
	at org.openqa.selenium.remote.http.W3CHttpResponseCodec.decode(W3CHttpResponseCodec.java:49)
	at org.openqa.selenium.remote.HttpCommandExecutor.execute(HttpCommandExecutor.java:164)
	at io.appium.java_client.remote.AppiumCommandExecutor.execute(AppiumCommandExecutor.java:129)
	at org.openqa.selenium.remote.RemoteWebDriver.execute(RemoteWebDriver.java:601)
	at io.appium.java_client.DefaultGenericMobileDriver.execute(DefaultGenericMobileDriver.java:42)
	at io.appium.java_client.AppiumDriver.execute(AppiumDriver.java:1)
	at io.appium.java_client.android.AndroidDriver.execute(AndroidDriver.java:1)
	at org.openqa.selenium.remote.RemoteWebElement.execute(RemoteWebElement.java:279)
	at io.appium.java_client.DefaultGenericMobileElement.execute(DefaultGenericMobileElement.java:45)
	at io.appium.java_client.MobileElement.execute(MobileElement.java:1)
	at io.appium.java_client.android.AndroidElement.execute(AndroidElement.java:1)
	at org.openqa.selenium.remote.RemoteWebElement.click(RemoteWebElement.java:83)
	at PageObejecs.BookingPage.FillCardCVC(BookingPage.java:272)
	at Tests.BookingCCTests.CheckoutUnlimitedCreditCard(BookingCCTests.java:74)
	at sun.reflect.NativeMethodAccessorImpl.invoke0(Native Method)
	at sun.reflect.NativeMethodAccessorImpl.invoke(NativeMethodAccessorImpl.java:62)
	at sun.reflect.DelegatingMethodAccessorImpl.invoke(DelegatingMethodAccessorImpl.java:43)
	at java.lang.reflect.Method.invoke(Method.java:498)
	at org.testng.internal.MethodInvocationHelper.invokeMethod(MethodInvocationHelper.java:124)
	at org.testng.internal.Invoker.invokeMethod(Invoker.java:580)
	at org.testng.internal.Invoker.invokeTestMethod(Invoker.java:716)
	at org.testng.internal.Invoker.invokeTestMethods(Invoker.java:988)
	at org.testng.internal.TestMethodWorker.invokeTestMethods(TestMethodWorker.java:125)
	at org.testng.internal.TestMethodWorker.run(TestMethodWorker.java:109)
	at org.testng.TestRunner.privateRun(TestRunner.java:648)
	at org.testng.TestRunner.run(TestRunner.java:505)
	at org.testng.SuiteRunner.runTest(SuiteRunner.java:455)
	at org.testng.SuiteRunner.runSequentially(SuiteRunner.java:450)
	at org.testng.SuiteRunner.privateRun(SuiteRunner.java:415)
	at org.testng.SuiteRunner.run(SuiteRunner.java:364)
	at org.testng.SuiteRunnerWorker.runSuite(SuiteRunnerWorker.java:52)
	at org.testng.SuiteRunnerWorker.run(SuiteRunnerWorker.java:84)
	at org.testng.TestNG.runSuitesSequentially(TestNG.java:1208)
	at org.testng.TestNG.runSuitesLocally(TestNG.java:1137)
	at org.testng.TestNG.runSuites(TestNG.java:1049)
	at org.testng.TestNG.run(TestNG.java:1017)
	at org.testng.remote.AbstractRemoteTestNG.run(AbstractRemoteTestNG.java:114)
	at org.testng.remote.RemoteTestNG.initAndRun(RemoteTestNG.java:251)
	at org.testng.remote.RemoteTestNG.main(RemoteTestNG.java:77)
</pre></div></td>
<td>24</td>
<td>Tests.BookingCCTests@51c8530f</td></tr>
</table><p>
<table width='100%' border='1' class='invocation-passed'>
<tr><td colspan='4' align='center'><b>PASSED TESTS</b></td></tr>
<tr><td><b>Test method</b></td>
<td width="30%"><b>Exception</b></td>
<td width="10%"><b>Time (seconds)</b></td>
<td><b>Instance</b></td>
</tr>
<tr>
<td title='Tests.BookingCCTests.DoSignUp()'><b>DoSignUp</b><br>Test class: Tests.BookingCCTests<br/>
<a href="#Output-1489933928" onClick='toggleBox("Output-1489933928", this, "Show output", "Hide output");'>Show output</a>

<a href="#Output-1489933928" onClick="toggleAllBoxes();">Show all outputs</a>
<div class='log' id="Output-1489933928">
About to begin executing following method : BookingCCTests.DoSignUp<br/>
Completed executing following method : BookingCCTests.DoSignUp<br/>
About to Success executing Suite DoSignUp<br/>
Test Method resides in Tests.BookingCCTests<br/>
Test Status: Pass<br/>
About to Success executing Suite DoSignUp<br/>
Test Method resides in Tests.BookingCCTests<br/>
Test Status: Pass<br/>
</div>
</td>
<td></td>
<td>57</td>
<td>Tests.BookingCCTests@51c8530f</td></tr>
</table><p>
</body>
</html>