<html>
<head>
<title>TestNG:  LoginTests2</title>
<link href="../testng.css" rel="stylesheet" type="text/css" />
<link href="../my-testng.css" rel="stylesheet" type="text/css" />

<style type="text/css">
.log { display: none;} 
.stack-trace { display: none;} 
</style>
<script type="text/javascript">
<!--
function flip(e) {
  current = e.style.display;
  if (current == 'block') {
    e.style.display = 'none';
    return 0;
  }
  else {
    e.style.display = 'block';
    return 1;
  }
}

function toggleBox(szDivId, elem, msg1, msg2)
{
  var res = -1;  if (document.getElementById) {
    res = flip(document.getElementById(szDivId));
  }
  else if (document.all) {
    // this is the way old msie versions work
    res = flip(document.all[szDivId]);
  }
  if(elem) {
    if(res == 0) elem.innerHTML = msg1; else elem.innerHTML = msg2;
  }

}

function toggleAllBoxes() {
  if (document.getElementsByTagName) {
    d = document.getElementsByTagName('div');
    for (i = 0; i < d.length; i++) {
      if (d[i].className == 'log') {
        flip(d[i]);
      }
    }
  }
}

// -->
</script>

</head>
<body>
<h2 align='center'>LoginTests2</h2><table border='1' align="center">
<tr>
<td>Tests passed/Failed/Skipped:</td><td>6/1/0</td>
</tr><tr>
<td>Started on:</td><td>Thu Nov 15 15:55:02 IST 2018</td>
</tr>
<tr><td>Total time:</td><td>76 seconds (76434 ms)</td>
</tr><tr>
<td>Included groups:</td><td></td>
</tr><tr>
<td>Excluded groups:</td><td></td>
</tr>
</table><p/>
<small><i>(Hover the method name to see the test class name)</i></small><p/>
<table width='100%' border='1' class='invocation-failed'>
<tr><td colspan='4' align='center'><b>FAILED TESTS</b></td></tr>
<tr><td><b>Test method</b></td>
<td width="30%"><b>Exception</b></td>
<td width="10%"><b>Time (seconds)</b></td>
<td><b>Instance</b></td>
</tr>
<tr>
<td title='Tests.LoginTests2.FillCorrectEmailWithWrongPassword()'><b>FillCorrectEmailWithWrongPassword</b><br>Test class: Tests.LoginTests2<br/>
<a href="#Output-479459041" onClick='toggleBox("Output-479459041", this, "Show output", "Hide output");'>Show output</a>

<a href="#Output-479459041" onClick="toggleAllBoxes();">Show all outputs</a>
<div class='log' id="Output-479459041">
About to begin executing following method : LoginTests2.FillCorrectEmailWithWrongPassword<br/>
Completed executing following method : LoginTests2.FillCorrectEmailWithWrongPassword<br/>
About to Failure executing Suite FillCorrectEmailWithWrongPassword<br/>
Test Method resides in Tests.LoginTests2<br/>
Test Status: Failed<br/>
About to Failure executing Suite FillCorrectEmailWithWrongPassword<br/>
Test Method resides in Tests.LoginTests2<br/>
Test Status: Failed<br/>
</div>
</td>
<td><div><pre>org.openqa.selenium.NoSuchElementException: no such element: Unable to locate element: {&quot;method&quot;:&quot;xpath&quot;,&quot;selector&quot;:&quot;//div[text()[contains(.,&apos;The password you entered is incorrect&apos;)]]&quot;}
  (Session info: chrome=70.0.3538.80)
  (Driver info: chromedriver=2.42.591059 (a3d9684d10d61aa0c45f6723b327283be1ebaad8),platform=Mac OS X 10.13.6 x86_64)
For documentation on this error, please visit: http://seleniumhq.org/exceptions/no_such_element.html
Build info: version: &apos;3.8.1&apos;, revision: &apos;6e95a6684b&apos;, time: &apos;2017-12-01T19:05:32.194Z&apos;
System info: host: &apos;yinons-MBP-2&apos;, ip: &apos;fe80:0:0:0:1041:16e6:8531:af3b%en0&apos;, os.name: &apos;Mac OS X&apos;, os.arch: &apos;x86_64&apos;, os.version: &apos;10.13.6&apos;, java.version: &apos;1.8.0_181&apos;
Driver info: io.appium.java_client.android.AndroidDriver
Capabilities {browserName: Chrome, databaseEnabled: false, desired: {browserName: Chrome, deviceName: Android device, noReset: true, platformName: android}, deviceManufacturer: vernee, deviceModel: MIX 2, deviceName: K600A71511000001, deviceScreenSize: 1080x2160, deviceUDID: K600A71511000001, javascriptEnabled: true, locationContextEnabled: false, networkConnectionEnabled: true, noReset: true, platform: LINUX, platformName: LINUX, platformVersion: 7.0, takesScreenshot: true, warnings: {}, webStorageEnabled: false}
Session ID: a626d97a-5110-4711-9677-6e7d8459d809
*** Element info: {Using=xpath, value=//div[text()[contains(.,&apos;The password you entered is incorrect&apos;)]]}
	at org.openqa.selenium.remote.http.W3CHttpResponseCodec.createException(W3CHttpResponseCodec.java:187)
	at org.openqa.selenium.remote.http.W3CHttpResponseCodec.decode(W3CHttpResponseCodec.java:122)
	at org.openqa.selenium.remote.http.W3CHttpResponseCodec.decode(W3CHttpResponseCodec.java:49)
	at org.openqa.selenium.remote.HttpCommandExecutor.execute(HttpCommandExecutor.java:164)
	at io.appium.java_client.remote.AppiumCommandExecutor.execute(AppiumCommandExecutor.java:129)
	at org.openqa.selenium.remote.RemoteWebDriver.execute(RemoteWebDriver.java:601)
	at io.appium.java_client.DefaultGenericMobileDriver.execute(DefaultGenericMobileDriver.java:42)
	at io.appium.java_client.AppiumDriver.execute(AppiumDriver.java:1)
	at io.appium.java_client.android.AndroidDriver.execute(AndroidDriver.java:1)
	at org.openqa.selenium.remote.RemoteWebDriver.findElement(RemoteWebDriver.java:371)
	at io.appium.java_client.DefaultGenericMobileDriver.findElement(DefaultGenericMobileDriver.java:62)
	at io.appium.java_client.AppiumDriver.findElement(AppiumDriver.java:1)
	at io.appium.java_client.android.AndroidDriver.findElement(AndroidDriver.java:1)
	at org.openqa.selenium.remote.RemoteWebDriver.findElementByXPath(RemoteWebDriver.java:473)
	at io.appium.java_client.DefaultGenericMobileDriver.findElementByXPath(DefaultGenericMobileDriver.java:152)
	at io.appium.java_client.AppiumDriver.findElementByXPath(AppiumDriver.java:1)
	at io.appium.java_client.android.AndroidDriver.findElementByXPath(AndroidDriver.java:1)
	at org.openqa.selenium.By$ByXPath.findElement(By.java:361)
	at org.openqa.selenium.remote.RemoteWebDriver.findElement(RemoteWebDriver.java:363)
	at io.appium.java_client.DefaultGenericMobileDriver.findElement(DefaultGenericMobileDriver.java:58)
	at io.appium.java_client.AppiumDriver.findElement(AppiumDriver.java:1)
	at io.appium.java_client.android.AndroidDriver.findElement(AndroidDriver.java:1)
	at PageObejecs.BasePage.ElementIsDisplyed(BasePage.java:60)
	at PageObejecs.BasePage.ElementDisplay(BasePage.java:65)
	at Tests.LoginTests2.FillCorrectEmailWithWrongPassword(LoginTests2.java:80)
... Removed 29 stack frames</pre></div><a href='#' onClick='toggleBox("stack-trace479459041", this, "Click to show all stack frames", "Click to hide stack frames")'>Click to show all stack frames</a>
<div class='stack-trace' id='stack-trace479459041'><pre>org.openqa.selenium.NoSuchElementException: no such element: Unable to locate element: {&quot;method&quot;:&quot;xpath&quot;,&quot;selector&quot;:&quot;//div[text()[contains(.,&apos;The password you entered is incorrect&apos;)]]&quot;}
  (Session info: chrome=70.0.3538.80)
  (Driver info: chromedriver=2.42.591059 (a3d9684d10d61aa0c45f6723b327283be1ebaad8),platform=Mac OS X 10.13.6 x86_64)
For documentation on this error, please visit: http://seleniumhq.org/exceptions/no_such_element.html
Build info: version: &apos;3.8.1&apos;, revision: &apos;6e95a6684b&apos;, time: &apos;2017-12-01T19:05:32.194Z&apos;
System info: host: &apos;yinons-MBP-2&apos;, ip: &apos;fe80:0:0:0:1041:16e6:8531:af3b%en0&apos;, os.name: &apos;Mac OS X&apos;, os.arch: &apos;x86_64&apos;, os.version: &apos;10.13.6&apos;, java.version: &apos;1.8.0_181&apos;
Driver info: io.appium.java_client.android.AndroidDriver
Capabilities {browserName: Chrome, databaseEnabled: false, desired: {browserName: Chrome, deviceName: Android device, noReset: true, platformName: android}, deviceManufacturer: vernee, deviceModel: MIX 2, deviceName: K600A71511000001, deviceScreenSize: 1080x2160, deviceUDID: K600A71511000001, javascriptEnabled: true, locationContextEnabled: false, networkConnectionEnabled: true, noReset: true, platform: LINUX, platformName: LINUX, platformVersion: 7.0, takesScreenshot: true, warnings: {}, webStorageEnabled: false}
Session ID: a626d97a-5110-4711-9677-6e7d8459d809
*** Element info: {Using=xpath, value=//div[text()[contains(.,&apos;The password you entered is incorrect&apos;)]]}
	at sun.reflect.NativeConstructorAccessorImpl.newInstance0(Native Method)
	at sun.reflect.NativeConstructorAccessorImpl.newInstance(NativeConstructorAccessorImpl.java:62)
	at sun.reflect.DelegatingConstructorAccessorImpl.newInstance(DelegatingConstructorAccessorImpl.java:45)
	at java.lang.reflect.Constructor.newInstance(Constructor.java:423)
	at org.openqa.selenium.remote.http.W3CHttpResponseCodec.createException(W3CHttpResponseCodec.java:187)
	at org.openqa.selenium.remote.http.W3CHttpResponseCodec.decode(W3CHttpResponseCodec.java:122)
	at org.openqa.selenium.remote.http.W3CHttpResponseCodec.decode(W3CHttpResponseCodec.java:49)
	at org.openqa.selenium.remote.HttpCommandExecutor.execute(HttpCommandExecutor.java:164)
	at io.appium.java_client.remote.AppiumCommandExecutor.execute(AppiumCommandExecutor.java:129)
	at org.openqa.selenium.remote.RemoteWebDriver.execute(RemoteWebDriver.java:601)
	at io.appium.java_client.DefaultGenericMobileDriver.execute(DefaultGenericMobileDriver.java:42)
	at io.appium.java_client.AppiumDriver.execute(AppiumDriver.java:1)
	at io.appium.java_client.android.AndroidDriver.execute(AndroidDriver.java:1)
	at org.openqa.selenium.remote.RemoteWebDriver.findElement(RemoteWebDriver.java:371)
	at io.appium.java_client.DefaultGenericMobileDriver.findElement(DefaultGenericMobileDriver.java:62)
	at io.appium.java_client.AppiumDriver.findElement(AppiumDriver.java:1)
	at io.appium.java_client.android.AndroidDriver.findElement(AndroidDriver.java:1)
	at org.openqa.selenium.remote.RemoteWebDriver.findElementByXPath(RemoteWebDriver.java:473)
	at io.appium.java_client.DefaultGenericMobileDriver.findElementByXPath(DefaultGenericMobileDriver.java:152)
	at io.appium.java_client.AppiumDriver.findElementByXPath(AppiumDriver.java:1)
	at io.appium.java_client.android.AndroidDriver.findElementByXPath(AndroidDriver.java:1)
	at org.openqa.selenium.By$ByXPath.findElement(By.java:361)
	at org.openqa.selenium.remote.RemoteWebDriver.findElement(RemoteWebDriver.java:363)
	at io.appium.java_client.DefaultGenericMobileDriver.findElement(DefaultGenericMobileDriver.java:58)
	at io.appium.java_client.AppiumDriver.findElement(AppiumDriver.java:1)
	at io.appium.java_client.android.AndroidDriver.findElement(AndroidDriver.java:1)
	at PageObejecs.BasePage.ElementIsDisplyed(BasePage.java:60)
	at PageObejecs.BasePage.ElementDisplay(BasePage.java:65)
	at Tests.LoginTests2.FillCorrectEmailWithWrongPassword(LoginTests2.java:80)
	at sun.reflect.NativeMethodAccessorImpl.invoke0(Native Method)
	at sun.reflect.NativeMethodAccessorImpl.invoke(NativeMethodAccessorImpl.java:62)
	at sun.reflect.DelegatingMethodAccessorImpl.invoke(DelegatingMethodAccessorImpl.java:43)
	at java.lang.reflect.Method.invoke(Method.java:498)
	at org.testng.internal.MethodInvocationHelper.invokeMethod(MethodInvocationHelper.java:124)
	at org.testng.internal.Invoker.invokeMethod(Invoker.java:580)
	at org.testng.internal.Invoker.invokeTestMethod(Invoker.java:716)
	at org.testng.internal.Invoker.invokeTestMethods(Invoker.java:988)
	at org.testng.internal.TestMethodWorker.invokeTestMethods(TestMethodWorker.java:125)
	at org.testng.internal.TestMethodWorker.run(TestMethodWorker.java:109)
	at org.testng.TestRunner.privateRun(TestRunner.java:648)
	at org.testng.TestRunner.run(TestRunner.java:505)
	at org.testng.SuiteRunner.runTest(SuiteRunner.java:455)
	at org.testng.SuiteRunner.runSequentially(SuiteRunner.java:450)
	at org.testng.SuiteRunner.privateRun(SuiteRunner.java:415)
	at org.testng.SuiteRunner.run(SuiteRunner.java:364)
	at org.testng.SuiteRunnerWorker.runSuite(SuiteRunnerWorker.java:52)
	at org.testng.SuiteRunnerWorker.run(SuiteRunnerWorker.java:84)
	at org.testng.TestNG.runSuitesSequentially(TestNG.java:1208)
	at org.testng.TestNG.runSuitesLocally(TestNG.java:1137)
	at org.testng.TestNG.runSuites(TestNG.java:1049)
	at org.testng.TestNG.run(TestNG.java:1017)
	at org.testng.remote.AbstractRemoteTestNG.run(AbstractRemoteTestNG.java:114)
	at org.testng.remote.RemoteTestNG.initAndRun(RemoteTestNG.java:251)
	at org.testng.remote.RemoteTestNG.main(RemoteTestNG.java:77)
</pre></div></td>
<td>15</td>
<td>Tests.LoginTests2@1786f9d5</td></tr>
</table><p>
<table width='100%' border='1' class='invocation-passed'>
<tr><td colspan='4' align='center'><b>PASSED TESTS</b></td></tr>
<tr><td><b>Test method</b></td>
<td width="30%"><b>Exception</b></td>
<td width="10%"><b>Time (seconds)</b></td>
<td><b>Instance</b></td>
</tr>
<tr>
<td title='Tests.LoginTests2.ClickLoginwWithOutToFillAnyFields()'><b>ClickLoginwWithOutToFillAnyFields</b><br>Test class: Tests.LoginTests2<br/>
<a href="#Output-1663888181" onClick='toggleBox("Output-1663888181", this, "Show output", "Hide output");'>Show output</a>

<a href="#Output-1663888181" onClick="toggleAllBoxes();">Show all outputs</a>
<div class='log' id="Output-1663888181">
About to begin executing following method : LoginTests2.ClickLoginwWithOutToFillAnyFields<br/>
Completed executing following method : LoginTests2.ClickLoginwWithOutToFillAnyFields<br/>
About to Success executing Suite ClickLoginwWithOutToFillAnyFields<br/>
Test Method resides in Tests.LoginTests2<br/>
Test Status: Pass<br/>
About to Success executing Suite ClickLoginwWithOutToFillAnyFields<br/>
Test Method resides in Tests.LoginTests2<br/>
Test Status: Pass<br/>
</div>
</td>
<td></td>
<td>2</td>
<td>Tests.LoginTests2@1786f9d5</td></tr>
<tr>
<td title='Tests.LoginTests2.DoLogin()'><b>DoLogin</b><br>Test class: Tests.LoginTests2<br/>
<a href="#Output-22004208" onClick='toggleBox("Output-22004208", this, "Show output", "Hide output");'>Show output</a>

<a href="#Output-22004208" onClick="toggleAllBoxes();">Show all outputs</a>
<div class='log' id="Output-22004208">
About to begin executing following method : LoginTests2.DoLogin<br/>
Completed executing following method : LoginTests2.DoLogin<br/>
About to Success executing Suite DoLogin<br/>
Test Method resides in Tests.LoginTests2<br/>
Test Status: Pass<br/>
About to Success executing Suite DoLogin<br/>
Test Method resides in Tests.LoginTests2<br/>
Test Status: Pass<br/>
</div>
</td>
<td></td>
<td>4</td>
<td>Tests.LoginTests2@1786f9d5</td></tr>
<tr>
<td title='Tests.LoginTests2.FillCorrectPasswordWithWrongEmail()'><b>FillCorrectPasswordWithWrongEmail</b><br>Test class: Tests.LoginTests2<br/>
<a href="#Output-1932597611" onClick='toggleBox("Output-1932597611", this, "Show output", "Hide output");'>Show output</a>

<a href="#Output-1932597611" onClick="toggleAllBoxes();">Show all outputs</a>
<div class='log' id="Output-1932597611">
About to begin executing following method : LoginTests2.FillCorrectPasswordWithWrongEmail<br/>
Completed executing following method : LoginTests2.FillCorrectPasswordWithWrongEmail<br/>
About to Success executing Suite FillCorrectPasswordWithWrongEmail<br/>
Test Method resides in Tests.LoginTests2<br/>
Test Status: Pass<br/>
About to Success executing Suite FillCorrectPasswordWithWrongEmail<br/>
Test Method resides in Tests.LoginTests2<br/>
Test Status: Pass<br/>
</div>
</td>
<td></td>
<td>6</td>
<td>Tests.LoginTests2@1786f9d5</td></tr>
<tr>
<td title='Tests.LoginTests2.FillEmailWithOutToFillPassword()'><b>FillEmailWithOutToFillPassword</b><br>Test class: Tests.LoginTests2<br/>
<a href="#Output-1361817590" onClick='toggleBox("Output-1361817590", this, "Show output", "Hide output");'>Show output</a>

<a href="#Output-1361817590" onClick="toggleAllBoxes();">Show all outputs</a>
<div class='log' id="Output-1361817590">
About to begin executing following method : LoginTests2.FillEmailWithOutToFillPassword<br/>
Completed executing following method : LoginTests2.FillEmailWithOutToFillPassword<br/>
About to Success executing Suite FillEmailWithOutToFillPassword<br/>
Test Method resides in Tests.LoginTests2<br/>
Test Status: Pass<br/>
About to Success executing Suite FillEmailWithOutToFillPassword<br/>
Test Method resides in Tests.LoginTests2<br/>
Test Status: Pass<br/>
</div>
</td>
<td></td>
<td>6</td>
<td>Tests.LoginTests2@1786f9d5</td></tr>
<tr>
<td title='Tests.LoginTests2.FillPasswordWithOutToFillEmail()'><b>FillPasswordWithOutToFillEmail</b><br>Test class: Tests.LoginTests2<br/>
<a href="#Output-1256837057" onClick='toggleBox("Output-1256837057", this, "Show output", "Hide output");'>Show output</a>

<a href="#Output-1256837057" onClick="toggleAllBoxes();">Show all outputs</a>
<div class='log' id="Output-1256837057">
About to begin executing following method : LoginTests2.FillPasswordWithOutToFillEmail<br/>
Completed executing following method : LoginTests2.FillPasswordWithOutToFillEmail<br/>
About to Success executing Suite FillPasswordWithOutToFillEmail<br/>
Test Method resides in Tests.LoginTests2<br/>
Test Status: Pass<br/>
About to Success executing Suite FillPasswordWithOutToFillEmail<br/>
Test Method resides in Tests.LoginTests2<br/>
Test Status: Pass<br/>
</div>
</td>
<td></td>
<td>3</td>
<td>Tests.LoginTests2@1786f9d5</td></tr>
<tr>
<td title='Tests.LoginTests2.LoginClickable()'><b>LoginClickable</b><br>Test class: Tests.LoginTests2<br/>
<a href="#Output-557023099" onClick='toggleBox("Output-557023099", this, "Show output", "Hide output");'>Show output</a>

<a href="#Output-557023099" onClick="toggleAllBoxes();">Show all outputs</a>
<div class='log' id="Output-557023099">
About to begin executing following method : LoginTests2.LoginClickable<br/>
Completed executing following method : LoginTests2.LoginClickable<br/>
About to Success executing Suite LoginClickable<br/>
Test Method resides in Tests.LoginTests2<br/>
Test Status: Pass<br/>
About to Success executing Suite LoginClickable<br/>
Test Method resides in Tests.LoginTests2<br/>
Test Status: Pass<br/>
</div>
</td>
<td></td>
<td>4</td>
<td>Tests.LoginTests2@1786f9d5</td></tr>
</table><p>
</body>
</html>