<?xml version="1.0" encoding="UTF-8"?>
<!-- Generated by org.testng.reporters.JUnitXMLReporter -->
<testsuite hostname="yinons-MBP-2" ignored="20" name="Default test" tests="1" failures="1" timestamp="01 Aug 2019 21:32:25 GMT" time="448.466" errors="0">
  <testcase name="ClientEndSession" time="433.196" classname="Tests.BookMajorMonthlyPlanFSTest">
    <failure type="org.openqa.selenium.TimeoutException" message="Expected condition failed: waiting for presence of element located by: By.xpath: (//*[@name=&amp;apos;Rating&amp;apos;])[1] (tried for 250 second(s) with 500 MILLISECONDS interval)">
      <![CDATA[org.openqa.selenium.TimeoutException: Expected condition failed: waiting for presence of element located by: By.xpath: (//*[@name='Rating'])[1] (tried for 250 second(s) with 500 MILLISECONDS interval)
at org.openqa.selenium.support.ui.WebDriverWait.timeoutException(WebDriverWait.java:82)
at org.openqa.selenium.support.ui.FluentWait.until(FluentWait.java:231)
at PageObjects.BasePage.WaitElementDisplay(BasePage.java:110)
at PageObjects.BookingPage.ApproveEndSession(BookingPage.java:376)
at Tests.BookMajorMonthlyPlanFSTest.ClientEndSession(BookMajorMonthlyPlanFSTest.java:633)
at sun.reflect.NativeMethodAccessorImpl.invoke0(Native Method)
at sun.reflect.NativeMethodAccessorImpl.invoke(NativeMethodAccessorImpl.java:62)
at sun.reflect.DelegatingMethodAccessorImpl.invoke(DelegatingMethodAccessorImpl.java:43)
at java.lang.reflect.Method.invoke(Method.java:498)
at org.testng.internal.MethodInvocationHelper.invokeMethod(MethodInvocationHelper.java:124)
at org.testng.internal.Invoker.invokeMethod(Invoker.java:580)
at org.testng.internal.Invoker.invokeTestMethod(Invoker.java:716)
at org.testng.internal.Invoker.invokeTestMethods(Invoker.java:988)
at org.testng.internal.TestMethodWorker.invokeTestMethods(TestMethodWorker.java:125)
at org.testng.internal.TestMethodWorker.run(TestMethodWorker.java:109)
at org.testng.TestRunner.privateRun(TestRunner.java:648)
at org.testng.TestRunner.run(TestRunner.java:505)
at org.testng.SuiteRunner.runTest(SuiteRunner.java:455)
at org.testng.SuiteRunner.runSequentially(SuiteRunner.java:450)
at org.testng.SuiteRunner.privateRun(SuiteRunner.java:415)
at org.testng.SuiteRunner.run(SuiteRunner.java:364)
at org.testng.SuiteRunnerWorker.runSuite(SuiteRunnerWorker.java:52)
at org.testng.SuiteRunnerWorker.run(SuiteRunnerWorker.java:84)
at org.testng.TestNG.runSuitesSequentially(TestNG.java:1208)
at org.testng.TestNG.runSuitesLocally(TestNG.java:1137)
at org.testng.TestNG.runSuites(TestNG.java:1049)
at org.testng.TestNG.run(TestNG.java:1017)
at org.testng.remote.AbstractRemoteTestNG.run(AbstractRemoteTestNG.java:114)
at org.testng.remote.RemoteTestNG.initAndRun(RemoteTestNG.java:251)
at org.testng.remote.RemoteTestNG.main(RemoteTestNG.java:77)
Caused by: org.openqa.selenium.NoSuchElementException: Cannot locate an element using By.xpath: (//*[@name='Rating'])[1]
For documentation on this error, please visit: http://seleniumhq.org/exceptions/no_such_element.html
Build info: version: '3.8.1', revision: '6e95a6684b', time: '2017-12-01T19:05:32.194Z'
System info: host: 'yinons-MBP-2', ip: '10.0.0.18', os.name: 'Mac OS X', os.arch: 'x86_64', os.version: '10.14.5', java.version: '1.8.0_151'
Driver info: driver.version: unknown
at org.openqa.selenium.support.ui.ExpectedConditions.lambda$findElement$0(ExpectedConditions.java:882)
at java.util.Optional.orElseThrow(Optional.java:290)
at org.openqa.selenium.support.ui.ExpectedConditions.findElement(ExpectedConditions.java:881)
at org.openqa.selenium.support.ui.ExpectedConditions.access$000(ExpectedConditions.java:43)
at org.openqa.selenium.support.ui.ExpectedConditions$6.apply(ExpectedConditions.java:182)
at org.openqa.selenium.support.ui.ExpectedConditions$6.apply(ExpectedConditions.java:179)
at org.openqa.selenium.support.ui.FluentWait.until(FluentWait.java:208)
... 28 more
]]>
    </failure>
  </testcase> <!-- ClientEndSession -->
  <testcase name="CreateMoodBoard" time="0.0" classname="Tests.BookMajorMonthlyPlanFSTest">
    <ignored/>
  </testcase> <!-- CreateMoodBoard -->
  <testcase name="VerifyCreateLook5" time="0.0" classname="Tests.BookMajorMonthlyPlanFSTest">
    <ignored/>
  </testcase> <!-- VerifyCreateLook5 -->
  <testcase name="VerifyCreateLook4" time="0.0" classname="Tests.BookMajorMonthlyPlanFSTest">
    <ignored/>
  </testcase> <!-- VerifyCreateLook4 -->
  <testcase name="CreateLook2" time="0.0" classname="Tests.BookMajorMonthlyPlanFSTest">
    <ignored/>
  </testcase> <!-- CreateLook2 -->
  <testcase name="DoLogin" time="0.0" classname="Tests.BookMajorMonthlyPlanFSTest">
    <ignored/>
  </testcase> <!-- DoLogin -->
  <testcase name="VerifyCreateLook" time="0.0" classname="Tests.BookMajorMonthlyPlanFSTest">
    <ignored/>
  </testcase> <!-- VerifyCreateLook -->
  <testcase name="AskRevise1" time="0.0" classname="Tests.BookMajorMonthlyPlanFSTest">
    <ignored/>
  </testcase> <!-- AskRevise1 -->
  <testcase name="CreateLook5" time="0.0" classname="Tests.BookMajorMonthlyPlanFSTest">
    <ignored/>
  </testcase> <!-- CreateLook5 -->
  <testcase name="CreateLook3" time="0.0" classname="Tests.BookMajorMonthlyPlanFSTest">
    <ignored/>
  </testcase> <!-- CreateLook3 -->
  <testcase name="EndSession" time="0.0" classname="Tests.BookMajorMonthlyPlanFSTest">
    <ignored/>
  </testcase> <!-- EndSession -->
  <testcase name="CreateLook4" time="0.0" classname="Tests.BookMajorMonthlyPlanFSTest">
    <ignored/>
  </testcase> <!-- CreateLook4 -->
  <testcase name="CreateLook" time="0.0" classname="Tests.BookMajorMonthlyPlanFSTest">
    <ignored/>
  </testcase> <!-- CreateLook -->
  <testcase name="VerifyMoodBoard" time="0.0" classname="Tests.BookMajorMonthlyPlanFSTest">
    <ignored/>
  </testcase> <!-- VerifyMoodBoard -->
  <testcase name="VerifyEndSession" time="0.0" classname="Tests.BookMajorMonthlyPlanFSTest">
    <ignored/>
  </testcase> <!-- VerifyEndSession -->
  <testcase name="SelectPlan" time="0.0" classname="Tests.BookMajorMonthlyPlanFSTest">
    <ignored/>
  </testcase> <!-- SelectPlan -->
  <testcase name="SelectSession" time="0.0" classname="Tests.BookMajorMonthlyPlanFSTest">
    <ignored/>
  </testcase> <!-- SelectSession -->
  <testcase name="VerifyCreateLookrevise1" time="0.0" classname="Tests.BookMajorMonthlyPlanFSTest">
    <ignored/>
  </testcase> <!-- VerifyCreateLookrevise1 -->
  <testcase name="CreateReviseLook1" time="0.0" classname="Tests.BookMajorMonthlyPlanFSTest">
    <ignored/>
  </testcase> <!-- CreateReviseLook1 -->
  <testcase name="VerifyCreateLook3" time="0.0" classname="Tests.BookMajorMonthlyPlanFSTest">
    <ignored/>
  </testcase> <!-- VerifyCreateLook3 -->
  <testcase name="SearchStylist" time="0.0" classname="Tests.BookMajorMonthlyPlanFSTest">
    <ignored/>
  </testcase> <!-- SearchStylist -->
</testsuite> <!-- Default test -->
