<?xml version="1.0" encoding="UTF-8"?>
<testng-results skipped="0" failed="2" ignored="0" total="6" passed="4">
  <reporter-output>
    <line>
      <![CDATA[About to begin executing Test Default test]]>
    </line>
    <line>
      <![CDATA[About to begin executing following method : BaseTest.setup]]>
    </line>
    <line>
      <![CDATA[Completed executing following method : BaseTest.setup]]>
    </line>
    <line>
      <![CDATA[About to begin executing following method : LoginTest.FillPasswordWithOutToFillEmail]]>
    </line>
    <line>
      <![CDATA[Completed executing following method : LoginTest.FillPasswordWithOutToFillEmail]]>
    </line>
    <line>
      <![CDATA[About to Failure executing Suite FillPasswordWithOutToFillEmail]]>
    </line>
    <line>
      <![CDATA[Test Method resides in WishiTests.LoginTest]]>
    </line>
    <line>
      <![CDATA[Test Status: Failed]]>
    </line>
    <line>
      <![CDATA[About to begin executing following method : LoginTest.FillEmailWithOutToFillPassword]]>
    </line>
    <line>
      <![CDATA[Completed executing following method : LoginTest.FillEmailWithOutToFillPassword]]>
    </line>
    <line>
      <![CDATA[About to Success executing Suite FillEmailWithOutToFillPassword]]>
    </line>
    <line>
      <![CDATA[Test Method resides in WishiTests.LoginTest]]>
    </line>
    <line>
      <![CDATA[Test Status: Pass]]>
    </line>
    <line>
      <![CDATA[About to begin executing following method : LoginTest.ClickLoginwWithOutToFillAnyFields]]>
    </line>
    <line>
      <![CDATA[Completed executing following method : LoginTest.ClickLoginwWithOutToFillAnyFields]]>
    </line>
    <line>
      <![CDATA[About to Failure executing Suite ClickLoginwWithOutToFillAnyFields]]>
    </line>
    <line>
      <![CDATA[Test Method resides in WishiTests.LoginTest]]>
    </line>
    <line>
      <![CDATA[Test Status: Failed]]>
    </line>
    <line>
      <![CDATA[About to begin executing following method : LoginTest.FillCorrectEmailWithWrongPassword]]>
    </line>
    <line>
      <![CDATA[Completed executing following method : LoginTest.FillCorrectEmailWithWrongPassword]]>
    </line>
    <line>
      <![CDATA[About to Success executing Suite FillCorrectEmailWithWrongPassword]]>
    </line>
    <line>
      <![CDATA[Test Method resides in WishiTests.LoginTest]]>
    </line>
    <line>
      <![CDATA[Test Status: Pass]]>
    </line>
    <line>
      <![CDATA[About to begin executing following method : LoginTest.FillCorrectPasswordWithWrongEmail]]>
    </line>
    <line>
      <![CDATA[Completed executing following method : LoginTest.FillCorrectPasswordWithWrongEmail]]>
    </line>
    <line>
      <![CDATA[About to Success executing Suite FillCorrectPasswordWithWrongEmail]]>
    </line>
    <line>
      <![CDATA[Test Method resides in WishiTests.LoginTest]]>
    </line>
    <line>
      <![CDATA[Test Status: Pass]]>
    </line>
    <line>
      <![CDATA[About to begin executing following method : LoginTest.DoLogin]]>
    </line>
    <line>
      <![CDATA[Completed executing following method : LoginTest.DoLogin]]>
    </line>
    <line>
      <![CDATA[About to Success executing Suite DoLogin]]>
    </line>
    <line>
      <![CDATA[Test Method resides in WishiTests.LoginTest]]>
    </line>
    <line>
      <![CDATA[Test Status: Pass]]>
    </line>
    <line>
      <![CDATA[About to begin executing following method : BaseTest.tearDown]]>
    </line>
    <line>
      <![CDATA[Completed executing following method : BaseTest.tearDown]]>
    </line>
  </reporter-output>
  <suite name="Default suite" duration-ms="172528" started-at="2020-04-12T11:20:45Z" finished-at="2020-04-12T11:23:37Z">
    <groups>
      <group name="sanity-group">
        <method signature="LoginTest.ClickLoginwWithOutToFillAnyFields()[pri:5, instance:WishiTests.LoginTest@3cb1ffe6]" name="ClickLoginwWithOutToFillAnyFields" class="WishiTests.LoginTest"/>
        <method signature="LoginTest.DoLogin()[pri:8, instance:WishiTests.LoginTest@3cb1ffe6]" name="DoLogin" class="WishiTests.LoginTest"/>
        <method signature="LoginTest.FillCorrectEmailWithWrongPassword()[pri:6, instance:WishiTests.LoginTest@3cb1ffe6]" name="FillCorrectEmailWithWrongPassword" class="WishiTests.LoginTest"/>
        <method signature="LoginTest.FillCorrectPasswordWithWrongEmail()[pri:7, instance:WishiTests.LoginTest@3cb1ffe6]" name="FillCorrectPasswordWithWrongEmail" class="WishiTests.LoginTest"/>
        <method signature="LoginTest.FillEmailWithOutToFillPassword()[pri:4, instance:WishiTests.LoginTest@3cb1ffe6]" name="FillEmailWithOutToFillPassword" class="WishiTests.LoginTest"/>
        <method signature="LoginTest.FillPasswordWithOutToFillEmail()[pri:3, instance:WishiTests.LoginTest@3cb1ffe6]" name="FillPasswordWithOutToFillEmail" class="WishiTests.LoginTest"/>
      </group> <!-- sanity-group -->
    </groups>
    <test name="Default test" duration-ms="172528" started-at="2020-04-12T11:20:45Z" finished-at="2020-04-12T11:23:37Z">
      <class name="WishiTests.LoginTest">
        <test-method status="PASS" signature="setup()[pri:0, instance:WishiTests.LoginTest@3cb1ffe6]" name="setup" is-config="true" duration-ms="10408" started-at="2020-04-12T11:20:45Z" finished-at="2020-04-12T11:20:55Z">
          <reporter-output>
            <line>
              <![CDATA[Completed executing following method : BaseTest.setup]]>
            </line>
          </reporter-output>
        </test-method> <!-- setup -->
        <test-method status="FAIL" signature="FillPasswordWithOutToFillEmail()[pri:3, instance:WishiTests.LoginTest@3cb1ffe6]" name="FillPasswordWithOutToFillEmail" duration-ms="60979" started-at="2020-04-12T11:20:55Z" finished-at="2020-04-12T11:21:56Z">
          <exception class="org.openqa.selenium.NoSuchElementException">
            <message>
              <![CDATA[no such element: Unable to locate element: {"method":"xpath","selector":"//div[text()[contains(.,'Email is required')]]"}
  (Session info: chrome=80.0.3987.163)
For documentation on this error, please visit: http://seleniumhq.org/exceptions/no_such_element.html
Build info: version: '3.13.0', revision: '2f0d292', time: '2018-06-25T15:32:14.902Z'
System info: host: 'yinons-MacBook-Pro-2.local', ip: '127.0.0.1', os.name: 'Mac OS X', os.arch: 'x86_64', os.version: '10.15.3', java.version: '1.8.0_151'
Driver info: org.openqa.selenium.chrome.ChromeDriver
Capabilities {acceptInsecureCerts: false, browserName: chrome, browserVersion: 80.0.3987.163, chrome: {chromedriverVersion: 80.0.3987.106 (f68069574609..., userDataDir: /var/folders/xz/jk5hy2jd3sb...}, goog:chromeOptions: {debuggerAddress: localhost:57340}, javascriptEnabled: true, networkConnectionEnabled: false, pageLoadStrategy: normal, platform: MAC, platformName: MAC, proxy: Proxy(), setWindowRect: true, strictFileInteractability: false, timeouts: {implicit: 0, pageLoad: 300000, script: 30000}, unhandledPromptBehavior: dismiss and notify}
Session ID: 7c861f32b668b90dbc210eae31cef3a4
*** Element info: {Using=xpath, value=//div[text()[contains(.,'Email is required')]]}]]>
            </message>
            <full-stacktrace>
              <![CDATA[org.openqa.selenium.NoSuchElementException: no such element: Unable to locate element: {"method":"xpath","selector":"//div[text()[contains(.,'Email is required')]]"}
  (Session info: chrome=80.0.3987.163)
For documentation on this error, please visit: http://seleniumhq.org/exceptions/no_such_element.html
Build info: version: '3.13.0', revision: '2f0d292', time: '2018-06-25T15:32:14.902Z'
System info: host: 'yinons-MacBook-Pro-2.local', ip: '127.0.0.1', os.name: 'Mac OS X', os.arch: 'x86_64', os.version: '10.15.3', java.version: '1.8.0_151'
Driver info: org.openqa.selenium.chrome.ChromeDriver
Capabilities {acceptInsecureCerts: false, browserName: chrome, browserVersion: 80.0.3987.163, chrome: {chromedriverVersion: 80.0.3987.106 (f68069574609..., userDataDir: /var/folders/xz/jk5hy2jd3sb...}, goog:chromeOptions: {debuggerAddress: localhost:57340}, javascriptEnabled: true, networkConnectionEnabled: false, pageLoadStrategy: normal, platform: MAC, platformName: MAC, proxy: Proxy(), setWindowRect: true, strictFileInteractability: false, timeouts: {implicit: 0, pageLoad: 300000, script: 30000}, unhandledPromptBehavior: dismiss and notify}
Session ID: 7c861f32b668b90dbc210eae31cef3a4
*** Element info: {Using=xpath, value=//div[text()[contains(.,'Email is required')]]}
at sun.reflect.NativeConstructorAccessorImpl.newInstance0(Native Method)
at sun.reflect.NativeConstructorAccessorImpl.newInstance(NativeConstructorAccessorImpl.java:62)
at sun.reflect.DelegatingConstructorAccessorImpl.newInstance(DelegatingConstructorAccessorImpl.java:45)
at java.lang.reflect.Constructor.newInstance(Constructor.java:423)
at org.openqa.selenium.remote.http.W3CHttpResponseCodec.createException(W3CHttpResponseCodec.java:187)
at org.openqa.selenium.remote.http.W3CHttpResponseCodec.decode(W3CHttpResponseCodec.java:122)
at org.openqa.selenium.remote.http.W3CHttpResponseCodec.decode(W3CHttpResponseCodec.java:49)
at org.openqa.selenium.remote.HttpCommandExecutor.execute(HttpCommandExecutor.java:158)
at org.openqa.selenium.remote.service.DriverCommandExecutor.execute(DriverCommandExecutor.java:83)
at org.openqa.selenium.remote.RemoteWebDriver.execute(RemoteWebDriver.java:548)
at org.openqa.selenium.remote.RemoteWebDriver.findElement(RemoteWebDriver.java:322)
at org.openqa.selenium.remote.RemoteWebDriver.findElementByXPath(RemoteWebDriver.java:424)
at org.openqa.selenium.By$ByXPath.findElement(By.java:353)
at org.openqa.selenium.remote.RemoteWebDriver.findElement(RemoteWebDriver.java:314)
at org.openqa.selenium.support.pagefactory.DefaultElementLocator.findElement(DefaultElementLocator.java:69)
at org.openqa.selenium.support.pagefactory.internal.LocatingElementHandler.invoke(LocatingElementHandler.java:38)
at com.sun.proxy.$Proxy10.isDisplayed(Unknown Source)
at PageObject.BasePage.ElementDisplay(BasePage.java:128)
at PageObject.LoginPage.EmaileRequired(LoginPage.java:105)
at WishiTests.LoginTest.FillPasswordWithOutToFillEmail(LoginTest.java:38)
at sun.reflect.NativeMethodAccessorImpl.invoke0(Native Method)
at sun.reflect.NativeMethodAccessorImpl.invoke(NativeMethodAccessorImpl.java:62)
at sun.reflect.DelegatingMethodAccessorImpl.invoke(DelegatingMethodAccessorImpl.java:43)
at java.lang.reflect.Method.invoke(Method.java:498)
at org.testng.internal.MethodInvocationHelper.invokeMethod(MethodInvocationHelper.java:124)
at org.testng.internal.Invoker.invokeMethod(Invoker.java:580)
at org.testng.internal.Invoker.invokeTestMethod(Invoker.java:716)
at org.testng.internal.Invoker.invokeTestMethods(Invoker.java:988)
at org.testng.internal.TestMethodWorker.invokeTestMethods(TestMethodWorker.java:125)
at org.testng.internal.TestMethodWorker.run(TestMethodWorker.java:109)
at org.testng.TestRunner.privateRun(TestRunner.java:648)
at org.testng.TestRunner.run(TestRunner.java:505)
at org.testng.SuiteRunner.runTest(SuiteRunner.java:455)
at org.testng.SuiteRunner.runSequentially(SuiteRunner.java:450)
at org.testng.SuiteRunner.privateRun(SuiteRunner.java:415)
at org.testng.SuiteRunner.run(SuiteRunner.java:364)
at org.testng.SuiteRunnerWorker.runSuite(SuiteRunnerWorker.java:52)
at org.testng.SuiteRunnerWorker.run(SuiteRunnerWorker.java:84)
at org.testng.TestNG.runSuitesSequentially(TestNG.java:1208)
at org.testng.TestNG.runSuitesLocally(TestNG.java:1137)
at org.testng.TestNG.runSuites(TestNG.java:1049)
at org.testng.TestNG.run(TestNG.java:1017)
at org.testng.remote.AbstractRemoteTestNG.run(AbstractRemoteTestNG.java:114)
at org.testng.remote.RemoteTestNG.initAndRun(RemoteTestNG.java:251)
at org.testng.remote.RemoteTestNG.main(RemoteTestNG.java:77)
]]>
            </full-stacktrace>
          </exception> <!-- org.openqa.selenium.NoSuchElementException -->
          <reporter-output>
            <line>
              <![CDATA[About to begin executing following method : LoginTest.FillPasswordWithOutToFillEmail]]>
            </line>
            <line>
              <![CDATA[Completed executing following method : LoginTest.FillPasswordWithOutToFillEmail]]>
            </line>
            <line>
              <![CDATA[About to Failure executing Suite FillPasswordWithOutToFillEmail]]>
            </line>
            <line>
              <![CDATA[Test Method resides in WishiTests.LoginTest]]>
            </line>
            <line>
              <![CDATA[Test Status: Failed]]>
            </line>
          </reporter-output>
        </test-method> <!-- FillPasswordWithOutToFillEmail -->
        <test-method status="PASS" signature="FillEmailWithOutToFillPassword()[pri:4, instance:WishiTests.LoginTest@3cb1ffe6]" name="FillEmailWithOutToFillPassword" duration-ms="787" started-at="2020-04-12T11:21:59Z" finished-at="2020-04-12T11:22:00Z">
          <reporter-output>
            <line>
              <![CDATA[About to begin executing following method : LoginTest.FillEmailWithOutToFillPassword]]>
            </line>
            <line>
              <![CDATA[Completed executing following method : LoginTest.FillEmailWithOutToFillPassword]]>
            </line>
            <line>
              <![CDATA[About to Success executing Suite FillEmailWithOutToFillPassword]]>
            </line>
            <line>
              <![CDATA[Test Method resides in WishiTests.LoginTest]]>
            </line>
            <line>
              <![CDATA[Test Status: Pass]]>
            </line>
          </reporter-output>
        </test-method> <!-- FillEmailWithOutToFillPassword -->
        <test-method status="FAIL" signature="ClickLoginwWithOutToFillAnyFields()[pri:5, instance:WishiTests.LoginTest@3cb1ffe6]" name="ClickLoginwWithOutToFillAnyFields" duration-ms="60614" started-at="2020-04-12T11:22:00Z" finished-at="2020-04-12T11:23:01Z">
          <exception class="org.openqa.selenium.NoSuchElementException">
            <message>
              <![CDATA[no such element: Unable to locate element: {"method":"xpath","selector":"//div[text()[contains(.,'Email is required')]]"}
  (Session info: chrome=80.0.3987.163)
For documentation on this error, please visit: http://seleniumhq.org/exceptions/no_such_element.html
Build info: version: '3.13.0', revision: '2f0d292', time: '2018-06-25T15:32:14.902Z'
System info: host: 'yinons-MacBook-Pro-2.local', ip: '127.0.0.1', os.name: 'Mac OS X', os.arch: 'x86_64', os.version: '10.15.3', java.version: '1.8.0_151'
Driver info: org.openqa.selenium.chrome.ChromeDriver
Capabilities {acceptInsecureCerts: false, browserName: chrome, browserVersion: 80.0.3987.163, chrome: {chromedriverVersion: 80.0.3987.106 (f68069574609..., userDataDir: /var/folders/xz/jk5hy2jd3sb...}, goog:chromeOptions: {debuggerAddress: localhost:57340}, javascriptEnabled: true, networkConnectionEnabled: false, pageLoadStrategy: normal, platform: MAC, platformName: MAC, proxy: Proxy(), setWindowRect: true, strictFileInteractability: false, timeouts: {implicit: 0, pageLoad: 300000, script: 30000}, unhandledPromptBehavior: dismiss and notify}
Session ID: 7c861f32b668b90dbc210eae31cef3a4
*** Element info: {Using=xpath, value=//div[text()[contains(.,'Email is required')]]}]]>
            </message>
            <full-stacktrace>
              <![CDATA[org.openqa.selenium.NoSuchElementException: no such element: Unable to locate element: {"method":"xpath","selector":"//div[text()[contains(.,'Email is required')]]"}
  (Session info: chrome=80.0.3987.163)
For documentation on this error, please visit: http://seleniumhq.org/exceptions/no_such_element.html
Build info: version: '3.13.0', revision: '2f0d292', time: '2018-06-25T15:32:14.902Z'
System info: host: 'yinons-MacBook-Pro-2.local', ip: '127.0.0.1', os.name: 'Mac OS X', os.arch: 'x86_64', os.version: '10.15.3', java.version: '1.8.0_151'
Driver info: org.openqa.selenium.chrome.ChromeDriver
Capabilities {acceptInsecureCerts: false, browserName: chrome, browserVersion: 80.0.3987.163, chrome: {chromedriverVersion: 80.0.3987.106 (f68069574609..., userDataDir: /var/folders/xz/jk5hy2jd3sb...}, goog:chromeOptions: {debuggerAddress: localhost:57340}, javascriptEnabled: true, networkConnectionEnabled: false, pageLoadStrategy: normal, platform: MAC, platformName: MAC, proxy: Proxy(), setWindowRect: true, strictFileInteractability: false, timeouts: {implicit: 0, pageLoad: 300000, script: 30000}, unhandledPromptBehavior: dismiss and notify}
Session ID: 7c861f32b668b90dbc210eae31cef3a4
*** Element info: {Using=xpath, value=//div[text()[contains(.,'Email is required')]]}
at sun.reflect.NativeConstructorAccessorImpl.newInstance0(Native Method)
at sun.reflect.NativeConstructorAccessorImpl.newInstance(NativeConstructorAccessorImpl.java:62)
at sun.reflect.DelegatingConstructorAccessorImpl.newInstance(DelegatingConstructorAccessorImpl.java:45)
at java.lang.reflect.Constructor.newInstance(Constructor.java:423)
at org.openqa.selenium.remote.http.W3CHttpResponseCodec.createException(W3CHttpResponseCodec.java:187)
at org.openqa.selenium.remote.http.W3CHttpResponseCodec.decode(W3CHttpResponseCodec.java:122)
at org.openqa.selenium.remote.http.W3CHttpResponseCodec.decode(W3CHttpResponseCodec.java:49)
at org.openqa.selenium.remote.HttpCommandExecutor.execute(HttpCommandExecutor.java:158)
at org.openqa.selenium.remote.service.DriverCommandExecutor.execute(DriverCommandExecutor.java:83)
at org.openqa.selenium.remote.RemoteWebDriver.execute(RemoteWebDriver.java:548)
at org.openqa.selenium.remote.RemoteWebDriver.findElement(RemoteWebDriver.java:322)
at org.openqa.selenium.remote.RemoteWebDriver.findElementByXPath(RemoteWebDriver.java:424)
at org.openqa.selenium.By$ByXPath.findElement(By.java:353)
at org.openqa.selenium.remote.RemoteWebDriver.findElement(RemoteWebDriver.java:314)
at org.openqa.selenium.support.pagefactory.DefaultElementLocator.findElement(DefaultElementLocator.java:69)
at org.openqa.selenium.support.pagefactory.internal.LocatingElementHandler.invoke(LocatingElementHandler.java:38)
at com.sun.proxy.$Proxy10.isDisplayed(Unknown Source)
at PageObject.BasePage.ElementDisplay(BasePage.java:128)
at PageObject.LoginPage.EmaileRequired(LoginPage.java:105)
at WishiTests.LoginTest.ClickLoginwWithOutToFillAnyFields(LoginTest.java:61)
at sun.reflect.NativeMethodAccessorImpl.invoke0(Native Method)
at sun.reflect.NativeMethodAccessorImpl.invoke(NativeMethodAccessorImpl.java:62)
at sun.reflect.DelegatingMethodAccessorImpl.invoke(DelegatingMethodAccessorImpl.java:43)
at java.lang.reflect.Method.invoke(Method.java:498)
at org.testng.internal.MethodInvocationHelper.invokeMethod(MethodInvocationHelper.java:124)
at org.testng.internal.Invoker.invokeMethod(Invoker.java:580)
at org.testng.internal.Invoker.invokeTestMethod(Invoker.java:716)
at org.testng.internal.Invoker.invokeTestMethods(Invoker.java:988)
at org.testng.internal.TestMethodWorker.invokeTestMethods(TestMethodWorker.java:125)
at org.testng.internal.TestMethodWorker.run(TestMethodWorker.java:109)
at org.testng.TestRunner.privateRun(TestRunner.java:648)
at org.testng.TestRunner.run(TestRunner.java:505)
at org.testng.SuiteRunner.runTest(SuiteRunner.java:455)
at org.testng.SuiteRunner.runSequentially(SuiteRunner.java:450)
at org.testng.SuiteRunner.privateRun(SuiteRunner.java:415)
at org.testng.SuiteRunner.run(SuiteRunner.java:364)
at org.testng.SuiteRunnerWorker.runSuite(SuiteRunnerWorker.java:52)
at org.testng.SuiteRunnerWorker.run(SuiteRunnerWorker.java:84)
at org.testng.TestNG.runSuitesSequentially(TestNG.java:1208)
at org.testng.TestNG.runSuitesLocally(TestNG.java:1137)
at org.testng.TestNG.runSuites(TestNG.java:1049)
at org.testng.TestNG.run(TestNG.java:1017)
at org.testng.remote.AbstractRemoteTestNG.run(AbstractRemoteTestNG.java:114)
at org.testng.remote.RemoteTestNG.initAndRun(RemoteTestNG.java:251)
at org.testng.remote.RemoteTestNG.main(RemoteTestNG.java:77)
]]>
            </full-stacktrace>
          </exception> <!-- org.openqa.selenium.NoSuchElementException -->
          <reporter-output>
            <line>
              <![CDATA[About to begin executing following method : LoginTest.ClickLoginwWithOutToFillAnyFields]]>
            </line>
            <line>
              <![CDATA[Completed executing following method : LoginTest.ClickLoginwWithOutToFillAnyFields]]>
            </line>
            <line>
              <![CDATA[About to Failure executing Suite ClickLoginwWithOutToFillAnyFields]]>
            </line>
            <line>
              <![CDATA[Test Method resides in WishiTests.LoginTest]]>
            </line>
            <line>
              <![CDATA[Test Status: Failed]]>
            </line>
          </reporter-output>
        </test-method> <!-- ClickLoginwWithOutToFillAnyFields -->
        <test-method status="PASS" signature="FillCorrectEmailWithWrongPassword()[pri:6, instance:WishiTests.LoginTest@3cb1ffe6]" name="FillCorrectEmailWithWrongPassword" duration-ms="1611" started-at="2020-04-12T11:23:04Z" finished-at="2020-04-12T11:23:06Z">
          <reporter-output>
            <line>
              <![CDATA[About to begin executing following method : LoginTest.FillCorrectEmailWithWrongPassword]]>
            </line>
            <line>
              <![CDATA[Completed executing following method : LoginTest.FillCorrectEmailWithWrongPassword]]>
            </line>
            <line>
              <![CDATA[About to Success executing Suite FillCorrectEmailWithWrongPassword]]>
            </line>
            <line>
              <![CDATA[Test Method resides in WishiTests.LoginTest]]>
            </line>
            <line>
              <![CDATA[Test Status: Pass]]>
            </line>
          </reporter-output>
        </test-method> <!-- FillCorrectEmailWithWrongPassword -->
        <test-method status="PASS" signature="FillCorrectPasswordWithWrongEmail()[pri:7, instance:WishiTests.LoginTest@3cb1ffe6]" name="FillCorrectPasswordWithWrongEmail" duration-ms="1024" started-at="2020-04-12T11:23:06Z" finished-at="2020-04-12T11:23:07Z">
          <reporter-output>
            <line>
              <![CDATA[About to begin executing following method : LoginTest.FillCorrectPasswordWithWrongEmail]]>
            </line>
            <line>
              <![CDATA[Completed executing following method : LoginTest.FillCorrectPasswordWithWrongEmail]]>
            </line>
            <line>
              <![CDATA[About to Success executing Suite FillCorrectPasswordWithWrongEmail]]>
            </line>
            <line>
              <![CDATA[Test Method resides in WishiTests.LoginTest]]>
            </line>
            <line>
              <![CDATA[Test Status: Pass]]>
            </line>
          </reporter-output>
        </test-method> <!-- FillCorrectPasswordWithWrongEmail -->
        <test-method status="PASS" signature="DoLogin()[pri:8, instance:WishiTests.LoginTest@3cb1ffe6]" name="DoLogin" duration-ms="30529" started-at="2020-04-12T11:23:07Z" finished-at="2020-04-12T11:23:37Z">
          <reporter-output>
            <line>
              <![CDATA[About to begin executing following method : LoginTest.DoLogin]]>
            </line>
            <line>
              <![CDATA[Completed executing following method : LoginTest.DoLogin]]>
            </line>
            <line>
              <![CDATA[About to Success executing Suite DoLogin]]>
            </line>
            <line>
              <![CDATA[Test Method resides in WishiTests.LoginTest]]>
            </line>
            <line>
              <![CDATA[Test Status: Pass]]>
            </line>
          </reporter-output>
        </test-method> <!-- DoLogin -->
        <test-method status="PASS" signature="tearDown()[pri:0, instance:WishiTests.LoginTest@3cb1ffe6]" name="tearDown" is-config="true" duration-ms="0" started-at="2020-04-12T11:23:37Z" finished-at="2020-04-12T11:23:37Z">
          <reporter-output>
            <line>
              <![CDATA[Completed executing following method : BaseTest.tearDown]]>
            </line>
          </reporter-output>
        </test-method> <!-- tearDown -->
      </class> <!-- WishiTests.LoginTest -->
    </test> <!-- Default test -->
  </suite> <!-- Default suite -->
</testng-results>
