<?xml version="1.0" encoding="UTF-8"?>
<!-- Generated by org.testng.reporters.JUnitXMLReporter -->
<testsuite ignored="0" hostname="yinons-MBP" failures="0" tests="16" name="QwizTests" time="0.019" errors="0" timestamp="17 Jul 2018 10:17:49 GMT">
  <testcase classname="WishiTests.BaseTest" name="@BeforeClass setup" time="0.001">
    <failure type="java.lang.IllegalStateException" message="The driver executable does not exist: /Users/yinonwishi/git/yinonAuto/workspace/WishiProjectss/C:\Users\inon\Downloads\Wishi\chromedriver.exe">
      <![CDATA[java.lang.IllegalStateException: The driver executable does not exist: /Users/yinonwishi/git/yinonAuto/workspace/WishiProjectss/C:\Users\inon\Downloads\Wishi\chromedriver.exe
at com.google.common.base.Preconditions.checkState(Preconditions.java:585)
at org.openqa.selenium.remote.service.DriverService.checkExecutable(DriverService.java:137)
at org.openqa.selenium.remote.service.DriverService.findExecutable(DriverService.java:132)
at org.openqa.selenium.chrome.ChromeDriverService.access$000(ChromeDriverService.java:35)
at org.openqa.selenium.chrome.ChromeDriverService$Builder.findDefaultExecutable(ChromeDriverService.java:156)
at org.openqa.selenium.remote.service.DriverService$Builder.build(DriverService.java:346)
at org.openqa.selenium.chrome.ChromeDriverService.createDefaultService(ChromeDriverService.java:91)
at org.openqa.selenium.chrome.ChromeDriver.<init>(ChromeDriver.java:123)
at WishiTests.BaseTest.setup(BaseTest.java:25)
... Removed 26 stack frames]]>
    </failure>
  </testcase> <!-- @BeforeClass setup -->
  <testcase classname="WishiTests.BaseTest" name="@AfterClass tearDown" time="0.0">
    <skipped/>
  </testcase> <!-- @AfterClass tearDown -->
  <testcase classname="WishiTests.QwizTests" name="DoSignUp" time="0.0">
    <skipped/>
  </testcase> <!-- DoSignUp -->
  <testcase classname="WishiTests.QwizTests" name="CheckOutSession" time="0.0">
    <skipped/>
  </testcase> <!-- CheckOutSession -->
  <testcase classname="WishiTests.QwizTests" name="SelectEvent" time="0.0">
    <skipped/>
  </testcase> <!-- SelectEvent -->
  <testcase classname="WishiTests.QwizTests" name="SelectBodyType" time="0.0">
    <skipped/>
  </testcase> <!-- SelectBodyType -->
  <testcase classname="WishiTests.QwizTests" name="SelectHeight" time="0.0">
    <skipped/>
  </testcase> <!-- SelectHeight -->
  <testcase classname="WishiTests.QwizTests" name="SelectColors" time="0.0">
    <skipped/>
  </testcase> <!-- SelectColors -->
  <testcase classname="WishiTests.QwizTests" name="SelectHighlight" time="0.0">
    <skipped/>
  </testcase> <!-- SelectHighlight -->
  <testcase classname="WishiTests.QwizTests" name="SelectClothingPreferences" time="0.0">
    <skipped/>
  </testcase> <!-- SelectClothingPreferences -->
  <testcase classname="WishiTests.QwizTests" name="SelectHeels" time="0.0">
    <skipped/>
  </testcase> <!-- SelectHeels -->
  <testcase classname="WishiTests.QwizTests" name="SelectFabrics" time="0.0">
    <skipped/>
  </testcase> <!-- SelectFabrics -->
  <testcase classname="WishiTests.QwizTests" name="SelectPrints" time="0.0">
    <skipped/>
  </testcase> <!-- SelectPrints -->
  <testcase classname="WishiTests.QwizTests" name="SelectSize" time="0.0">
    <skipped/>
  </testcase> <!-- SelectSize -->
  <testcase classname="WishiTests.QwizTests" name="SelectComfortZone" time="0.0">
    <skipped/>
  </testcase> <!-- SelectComfortZone -->
  <testcase classname="WishiTests.QwizTests" name="SelectJEWELRY" time="0.0">
    <skipped/>
  </testcase> <!-- SelectJEWELRY -->
  <testcase classname="WishiTests.QwizTests" name="SelectBrands" time="0.0">
    <skipped/>
  </testcase> <!-- SelectBrands -->
  <testcase classname="WishiTests.QwizTests" name="SelectInventory" time="0.0">
    <skipped/>
  </testcase> <!-- SelectInventory -->
</testsuite> <!-- QwizTests -->
