<?xml version="1.0" encoding="UTF-8"?>
<!-- Generated by org.testng.reporters.JUnitXMLReporter -->
<testsuite ignored="0" hostname="yinons-MBP" failures="0" tests="2" name="UploadItemTest" time="0.006" errors="0" timestamp="17 Jul 2018 10:17:49 GMT">
  <testcase classname="WishiTests.BaseTest" name="@BeforeClass setup" time="0.002">
    <failure type="java.lang.IllegalStateException" message="The driver executable does not exist: /Users/yinonwishi/git/yinonAuto/workspace/WishiProjectss/C:\Users\inon\Downloads\Wishi\chromedriver.exe">
      <![CDATA[java.lang.IllegalStateException: The driver executable does not exist: /Users/yinonwishi/git/yinonAuto/workspace/WishiProjectss/C:\Users\inon\Downloads\Wishi\chromedriver.exe
at com.google.common.base.Preconditions.checkState(Preconditions.java:585)
at org.openqa.selenium.remote.service.DriverService.checkExecutable(DriverService.java:137)
at org.openqa.selenium.remote.service.DriverService.findExecutable(DriverService.java:132)
at org.openqa.selenium.chrome.ChromeDriverService.access$000(ChromeDriverService.java:35)
at org.openqa.selenium.chrome.ChromeDriverService$Builder.findDefaultExecutable(ChromeDriverService.java:156)
at org.openqa.selenium.remote.service.DriverService$Builder.build(DriverService.java:346)
at org.openqa.selenium.chrome.ChromeDriverService.createDefaultService(ChromeDriverService.java:91)
at org.openqa.selenium.chrome.ChromeDriver.<init>(ChromeDriver.java:123)
at WishiTests.BaseTest.setup(BaseTest.java:25)
... Removed 26 stack frames]]>
    </failure>
  </testcase> <!-- @BeforeClass setup -->
  <testcase classname="WishiTests.BaseTest" name="@AfterClass tearDown" time="0.0">
    <skipped/>
  </testcase> <!-- @AfterClass tearDown -->
  <testcase classname="WishiTests.UploadItemTest" name="DoLogin" time="0.0">
    <skipped/>
  </testcase> <!-- DoLogin -->
  <testcase classname="WishiTests.UploadItemTest" name="Uploaditem" time="0.0">
    <skipped/>
  </testcase> <!-- Uploaditem -->
</testsuite> <!-- UploadItemTest -->
