<html>
<head>
<title>TestNG:  BookMajorSingleTests</title>
<link href="../testng.css" rel="stylesheet" type="text/css" />
<link href="../my-testng.css" rel="stylesheet" type="text/css" />

<style type="text/css">
.log { display: none;} 
.stack-trace { display: none;} 
</style>
<script type="text/javascript">
<!--
function flip(e) {
  current = e.style.display;
  if (current == 'block') {
    e.style.display = 'none';
    return 0;
  }
  else {
    e.style.display = 'block';
    return 1;
  }
}

function toggleBox(szDivId, elem, msg1, msg2)
{
  var res = -1;  if (document.getElementById) {
    res = flip(document.getElementById(szDivId));
  }
  else if (document.all) {
    // this is the way old msie versions work
    res = flip(document.all[szDivId]);
  }
  if(elem) {
    if(res == 0) elem.innerHTML = msg1; else elem.innerHTML = msg2;
  }

}

function toggleAllBoxes() {
  if (document.getElementsByTagName) {
    d = document.getElementsByTagName('div');
    for (i = 0; i < d.length; i++) {
      if (d[i].className == 'log') {
        flip(d[i]);
      }
    }
  }
}

// -->
</script>

</head>
<body>
<h2 align='center'>BookMajorSingleTests</h2><table border='1' align="center">
<tr>
<td>Tests passed/Failed/Skipped:</td><td>19/1/0</td>
</tr><tr>
<td>Started on:</td><td>Thu Jun 20 16:24:09 IDT 2019</td>
</tr>
<tr><td>Total time:</td><td>700 seconds (700958 ms)</td>
</tr><tr>
<td>Included groups:</td><td></td>
</tr><tr>
<td>Excluded groups:</td><td></td>
</tr>
</table><p/>
<small><i>(Hover the method name to see the test class name)</i></small><p/>
<table width='100%' border='1' class='invocation-failed'>
<tr><td colspan='4' align='center'><b>FAILED TESTS</b></td></tr>
<tr><td><b>Test method</b></td>
<td width="30%"><b>Exception</b></td>
<td width="10%"><b>Time (seconds)</b></td>
<td><b>Instance</b></td>
</tr>
<tr>
<td title='WishiTests.BookMajorSingleTests.VerifyEndSession()'><b>VerifyEndSession</b><br>Test class: WishiTests.BookMajorSingleTests<br/>
<a href="#Output-1378734258" onClick='toggleBox("Output-1378734258", this, "Show output", "Hide output");'>Show output</a>

<a href="#Output-1378734258" onClick="toggleAllBoxes();">Show all outputs</a>
<div class='log' id="Output-1378734258">
About to begin executing following method : BookMajorSingleTests.VerifyEndSession<br/>
Completed executing following method : BookMajorSingleTests.VerifyEndSession<br/>
About to Failure executing Suite VerifyEndSession<br/>
Test Method resides in WishiTests.BookMajorSingleTests<br/>
Test Status: Failed<br/>
About to Failure executing Suite VerifyEndSession<br/>
Test Method resides in WishiTests.BookMajorSingleTests<br/>
Test Status: Failed<br/>
</div>
</td>
<td><div><pre>org.openqa.selenium.NoSuchElementException: no such element: Unable to locate element: {&quot;method&quot;:&quot;xpath&quot;,&quot;selector&quot;:&quot;(//p[text()[contains(.,&apos;thanks for booking me, you were a pleasure to work with!&apos;)]])[1]&quot;}
  (Session info: chrome=74.0.3729.169)
  (Driver info: chromedriver=2.43.600229 (3fae4d0cda5334b4f533bede5a4787f7b832d052),platform=Mac OS X 10.13.6 x86_64) (WARNING: The server did not provide any stacktrace information)
Command duration or timeout: 0 milliseconds
For documentation on this error, please visit: http://seleniumhq.org/exceptions/no_such_element.html
Build info: version: &apos;3.13.0&apos;, revision: &apos;2f0d292&apos;, time: &apos;2018-06-25T15:32:14.902Z&apos;
System info: host: &apos;yinons-MBP-2&apos;, ip: &apos;10.0.0.17&apos;, os.name: &apos;Mac OS X&apos;, os.arch: &apos;x86_64&apos;, os.version: &apos;10.13.6&apos;, java.version: &apos;1.8.0_151&apos;
Driver info: org.openqa.selenium.chrome.ChromeDriver
Capabilities {acceptInsecureCerts: false, acceptSslCerts: false, applicationCacheEnabled: false, browserConnectionEnabled: false, browserName: chrome, chrome: {chromedriverVersion: 2.43.600229 (3fae4d0cda5334..., userDataDir: /var/folders/xz/jk5hy2jd3sb...}, cssSelectorsEnabled: true, databaseEnabled: false, goog:chromeOptions: {debuggerAddress: localhost:58096}, handlesAlerts: true, hasTouchScreen: false, javascriptEnabled: true, locationContextEnabled: true, mobileEmulationEnabled: false, nativeEvents: true, networkConnectionEnabled: false, pageLoadStrategy: normal, platform: MAC, platformName: MAC, rotatable: false, setWindowRect: true, takesHeapSnapshot: true, takesScreenshot: true, unexpectedAlertBehaviour: , unhandledPromptBehavior: , version: 74.0.3729.169, webStorageEnabled: true}
Session ID: 4f33037e0840891a341153d064f56010
*** Element info: {Using=xpath, value=(//p[text()[contains(.,&apos;thanks for booking me, you were a pleasure to work with!&apos;)]])[1]}
	at org.openqa.selenium.remote.ErrorHandler.createThrowable(ErrorHandler.java:214)
	at org.openqa.selenium.remote.ErrorHandler.throwIfResponseFailed(ErrorHandler.java:166)
	at org.openqa.selenium.remote.http.JsonHttpResponseCodec.reconstructValue(JsonHttpResponseCodec.java:40)
	at org.openqa.selenium.remote.http.AbstractHttpResponseCodec.decode(AbstractHttpResponseCodec.java:80)
	at org.openqa.selenium.remote.http.AbstractHttpResponseCodec.decode(AbstractHttpResponseCodec.java:44)
	at org.openqa.selenium.remote.HttpCommandExecutor.execute(HttpCommandExecutor.java:158)
	at org.openqa.selenium.remote.service.DriverCommandExecutor.execute(DriverCommandExecutor.java:83)
	at org.openqa.selenium.remote.RemoteWebDriver.execute(RemoteWebDriver.java:548)
	at org.openqa.selenium.remote.RemoteWebDriver.findElement(RemoteWebDriver.java:322)
	at org.openqa.selenium.remote.RemoteWebDriver.findElementByXPath(RemoteWebDriver.java:424)
	at org.openqa.selenium.By$ByXPath.findElement(By.java:353)
	at org.openqa.selenium.remote.RemoteWebDriver.findElement(RemoteWebDriver.java:314)
	at PageObject.BasePage.ElementDisplay(BasePage.java:122)
	at WishiTests.BookMajorSingleTests.VerifyEndSession(BookMajorSingleTests.java:626)
... Removed 29 stack frames</pre></div><a href='#' onClick='toggleBox("stack-trace1378734258", this, "Click to show all stack frames", "Click to hide stack frames")'>Click to show all stack frames</a>
<div class='stack-trace' id='stack-trace1378734258'><pre>org.openqa.selenium.NoSuchElementException: no such element: Unable to locate element: {&quot;method&quot;:&quot;xpath&quot;,&quot;selector&quot;:&quot;(//p[text()[contains(.,&apos;thanks for booking me, you were a pleasure to work with!&apos;)]])[1]&quot;}
  (Session info: chrome=74.0.3729.169)
  (Driver info: chromedriver=2.43.600229 (3fae4d0cda5334b4f533bede5a4787f7b832d052),platform=Mac OS X 10.13.6 x86_64) (WARNING: The server did not provide any stacktrace information)
Command duration or timeout: 0 milliseconds
For documentation on this error, please visit: http://seleniumhq.org/exceptions/no_such_element.html
Build info: version: &apos;3.13.0&apos;, revision: &apos;2f0d292&apos;, time: &apos;2018-06-25T15:32:14.902Z&apos;
System info: host: &apos;yinons-MBP-2&apos;, ip: &apos;10.0.0.17&apos;, os.name: &apos;Mac OS X&apos;, os.arch: &apos;x86_64&apos;, os.version: &apos;10.13.6&apos;, java.version: &apos;1.8.0_151&apos;
Driver info: org.openqa.selenium.chrome.ChromeDriver
Capabilities {acceptInsecureCerts: false, acceptSslCerts: false, applicationCacheEnabled: false, browserConnectionEnabled: false, browserName: chrome, chrome: {chromedriverVersion: 2.43.600229 (3fae4d0cda5334..., userDataDir: /var/folders/xz/jk5hy2jd3sb...}, cssSelectorsEnabled: true, databaseEnabled: false, goog:chromeOptions: {debuggerAddress: localhost:58096}, handlesAlerts: true, hasTouchScreen: false, javascriptEnabled: true, locationContextEnabled: true, mobileEmulationEnabled: false, nativeEvents: true, networkConnectionEnabled: false, pageLoadStrategy: normal, platform: MAC, platformName: MAC, rotatable: false, setWindowRect: true, takesHeapSnapshot: true, takesScreenshot: true, unexpectedAlertBehaviour: , unhandledPromptBehavior: , version: 74.0.3729.169, webStorageEnabled: true}
Session ID: 4f33037e0840891a341153d064f56010
*** Element info: {Using=xpath, value=(//p[text()[contains(.,&apos;thanks for booking me, you were a pleasure to work with!&apos;)]])[1]}
	at sun.reflect.NativeConstructorAccessorImpl.newInstance0(Native Method)
	at sun.reflect.NativeConstructorAccessorImpl.newInstance(NativeConstructorAccessorImpl.java:62)
	at sun.reflect.DelegatingConstructorAccessorImpl.newInstance(DelegatingConstructorAccessorImpl.java:45)
	at java.lang.reflect.Constructor.newInstance(Constructor.java:423)
	at org.openqa.selenium.remote.ErrorHandler.createThrowable(ErrorHandler.java:214)
	at org.openqa.selenium.remote.ErrorHandler.throwIfResponseFailed(ErrorHandler.java:166)
	at org.openqa.selenium.remote.http.JsonHttpResponseCodec.reconstructValue(JsonHttpResponseCodec.java:40)
	at org.openqa.selenium.remote.http.AbstractHttpResponseCodec.decode(AbstractHttpResponseCodec.java:80)
	at org.openqa.selenium.remote.http.AbstractHttpResponseCodec.decode(AbstractHttpResponseCodec.java:44)
	at org.openqa.selenium.remote.HttpCommandExecutor.execute(HttpCommandExecutor.java:158)
	at org.openqa.selenium.remote.service.DriverCommandExecutor.execute(DriverCommandExecutor.java:83)
	at org.openqa.selenium.remote.RemoteWebDriver.execute(RemoteWebDriver.java:548)
	at org.openqa.selenium.remote.RemoteWebDriver.findElement(RemoteWebDriver.java:322)
	at org.openqa.selenium.remote.RemoteWebDriver.findElementByXPath(RemoteWebDriver.java:424)
	at org.openqa.selenium.By$ByXPath.findElement(By.java:353)
	at org.openqa.selenium.remote.RemoteWebDriver.findElement(RemoteWebDriver.java:314)
	at PageObject.BasePage.ElementDisplay(BasePage.java:122)
	at WishiTests.BookMajorSingleTests.VerifyEndSession(BookMajorSingleTests.java:626)
	at sun.reflect.NativeMethodAccessorImpl.invoke0(Native Method)
	at sun.reflect.NativeMethodAccessorImpl.invoke(NativeMethodAccessorImpl.java:62)
	at sun.reflect.DelegatingMethodAccessorImpl.invoke(DelegatingMethodAccessorImpl.java:43)
	at java.lang.reflect.Method.invoke(Method.java:498)
	at org.testng.internal.MethodInvocationHelper.invokeMethod(MethodInvocationHelper.java:124)
	at org.testng.internal.Invoker.invokeMethod(Invoker.java:580)
	at org.testng.internal.Invoker.invokeTestMethod(Invoker.java:716)
	at org.testng.internal.Invoker.invokeTestMethods(Invoker.java:988)
	at org.testng.internal.TestMethodWorker.invokeTestMethods(TestMethodWorker.java:125)
	at org.testng.internal.TestMethodWorker.run(TestMethodWorker.java:109)
	at org.testng.TestRunner.privateRun(TestRunner.java:648)
	at org.testng.TestRunner.run(TestRunner.java:505)
	at org.testng.SuiteRunner.runTest(SuiteRunner.java:455)
	at org.testng.SuiteRunner.runSequentially(SuiteRunner.java:450)
	at org.testng.SuiteRunner.privateRun(SuiteRunner.java:415)
	at org.testng.SuiteRunner.run(SuiteRunner.java:364)
	at org.testng.SuiteRunnerWorker.runSuite(SuiteRunnerWorker.java:52)
	at org.testng.SuiteRunnerWorker.run(SuiteRunnerWorker.java:84)
	at org.testng.TestNG.runSuitesSequentially(TestNG.java:1208)
	at org.testng.TestNG.runSuitesLocally(TestNG.java:1137)
	at org.testng.TestNG.runSuites(TestNG.java:1049)
	at org.testng.TestNG.run(TestNG.java:1017)
	at org.testng.remote.AbstractRemoteTestNG.run(AbstractRemoteTestNG.java:114)
	at org.testng.remote.RemoteTestNG.initAndRun(RemoteTestNG.java:251)
	at org.testng.remote.RemoteTestNG.main(RemoteTestNG.java:77)
</pre></div></td>
<td>131</td>
<td>WishiTests.BookMajorSingleTests@44f75083</td></tr>
</table><p>
<table width='100%' border='1' class='invocation-passed'>
<tr><td colspan='4' align='center'><b>PASSED TESTS</b></td></tr>
<tr><td><b>Test method</b></td>
<td width="30%"><b>Exception</b></td>
<td width="10%"><b>Time (seconds)</b></td>
<td><b>Instance</b></td>
</tr>
<tr>
<td title='WishiTests.BookMajorSingleTests.AskEndSession()'><b>AskEndSession</b><br>Test class: WishiTests.BookMajorSingleTests<br/>
<a href="#Output-141779077" onClick='toggleBox("Output-141779077", this, "Show output", "Hide output");'>Show output</a>

<a href="#Output-141779077" onClick="toggleAllBoxes();">Show all outputs</a>
<div class='log' id="Output-141779077">
About to begin executing following method : BookMajorSingleTests.AskEndSession<br/>
Completed executing following method : BookMajorSingleTests.AskEndSession<br/>
About to Success executing Suite AskEndSession<br/>
Test Method resides in WishiTests.BookMajorSingleTests<br/>
Test Status: Pass<br/>
About to Success executing Suite AskEndSession<br/>
Test Method resides in WishiTests.BookMajorSingleTests<br/>
Test Status: Pass<br/>
</div>
</td>
<td></td>
<td>14</td>
<td>WishiTests.BookMajorSingleTests@44f75083</td></tr>
<tr>
<td title='WishiTests.BookMajorSingleTests.AskRevise()'><b>AskRevise</b><br>Test class: WishiTests.BookMajorSingleTests<br/>
<a href="#Output-1133862773" onClick='toggleBox("Output-1133862773", this, "Show output", "Hide output");'>Show output</a>

<a href="#Output-1133862773" onClick="toggleAllBoxes();">Show all outputs</a>
<div class='log' id="Output-1133862773">
About to begin executing following method : BookMajorSingleTests.AskRevise<br/>
Completed executing following method : BookMajorSingleTests.AskRevise<br/>
About to Success executing Suite AskRevise<br/>
Test Method resides in WishiTests.BookMajorSingleTests<br/>
Test Status: Pass<br/>
About to Success executing Suite AskRevise<br/>
Test Method resides in WishiTests.BookMajorSingleTests<br/>
Test Status: Pass<br/>
</div>
</td>
<td></td>
<td>16</td>
<td>WishiTests.BookMajorSingleTests@44f75083</td></tr>
<tr>
<td title='WishiTests.BookMajorSingleTests.CheckOutSession()'><b>CheckOutSession</b><br>Test class: WishiTests.BookMajorSingleTests<br/>
<a href="#Output-202895224" onClick='toggleBox("Output-202895224", this, "Show output", "Hide output");'>Show output</a>

<a href="#Output-202895224" onClick="toggleAllBoxes();">Show all outputs</a>
<div class='log' id="Output-202895224">
About to begin executing following method : BookMajorSingleTests.CheckOutSession<br/>
Completed executing following method : BookMajorSingleTests.CheckOutSession<br/>
About to Success executing Suite CheckOutSession<br/>
Test Method resides in WishiTests.BookMajorSingleTests<br/>
Test Status: Pass<br/>
About to Success executing Suite CheckOutSession<br/>
Test Method resides in WishiTests.BookMajorSingleTests<br/>
Test Status: Pass<br/>
</div>
</td>
<td></td>
<td>29</td>
<td>WishiTests.BookMajorSingleTests@44f75083</td></tr>
<tr>
<td title='WishiTests.BookMajorSingleTests.ClientEndSession()'><b>ClientEndSession</b><br>Test class: WishiTests.BookMajorSingleTests<br/>
<a href="#Output-743918653" onClick='toggleBox("Output-743918653", this, "Show output", "Hide output");'>Show output</a>

<a href="#Output-743918653" onClick="toggleAllBoxes();">Show all outputs</a>
<div class='log' id="Output-743918653">
About to begin executing following method : BookMajorSingleTests.ClientEndSession<br/>
Completed executing following method : BookMajorSingleTests.ClientEndSession<br/>
About to Success executing Suite ClientEndSession<br/>
Test Method resides in WishiTests.BookMajorSingleTests<br/>
Test Status: Pass<br/>
About to Success executing Suite ClientEndSession<br/>
Test Method resides in WishiTests.BookMajorSingleTests<br/>
Test Status: Pass<br/>
</div>
</td>
<td></td>
<td>25</td>
<td>WishiTests.BookMajorSingleTests@44f75083</td></tr>
<tr>
<td title='WishiTests.BookMajorSingleTests.CreateLook1()'><b>CreateLook1</b><br>Test class: WishiTests.BookMajorSingleTests<br/>
<a href="#Output-1407697981" onClick='toggleBox("Output-1407697981", this, "Show output", "Hide output");'>Show output</a>

<a href="#Output-1407697981" onClick="toggleAllBoxes();">Show all outputs</a>
<div class='log' id="Output-1407697981">
About to begin executing following method : BookMajorSingleTests.CreateLook1<br/>
Completed executing following method : BookMajorSingleTests.CreateLook1<br/>
About to Success executing Suite CreateLook1<br/>
Test Method resides in WishiTests.BookMajorSingleTests<br/>
Test Status: Pass<br/>
About to Success executing Suite CreateLook1<br/>
Test Method resides in WishiTests.BookMajorSingleTests<br/>
Test Status: Pass<br/>
</div>
</td>
<td></td>
<td>49</td>
<td>WishiTests.BookMajorSingleTests@44f75083</td></tr>
<tr>
<td title='WishiTests.BookMajorSingleTests.CreateLook2()'><b>CreateLook2</b><br>Test class: WishiTests.BookMajorSingleTests<br/>
<a href="#Output-1207441734" onClick='toggleBox("Output-1207441734", this, "Show output", "Hide output");'>Show output</a>

<a href="#Output-1207441734" onClick="toggleAllBoxes();">Show all outputs</a>
<div class='log' id="Output-1207441734">
About to begin executing following method : BookMajorSingleTests.CreateLook2<br/>
Completed executing following method : BookMajorSingleTests.CreateLook2<br/>
About to Success executing Suite CreateLook2<br/>
Test Method resides in WishiTests.BookMajorSingleTests<br/>
Test Status: Pass<br/>
About to Success executing Suite CreateLook2<br/>
Test Method resides in WishiTests.BookMajorSingleTests<br/>
Test Status: Pass<br/>
</div>
</td>
<td></td>
<td>50</td>
<td>WishiTests.BookMajorSingleTests@44f75083</td></tr>
<tr>
<td title='WishiTests.BookMajorSingleTests.CreateLook3()'><b>CreateLook3</b><br>Test class: WishiTests.BookMajorSingleTests<br/>
<a href="#Output-1594692482" onClick='toggleBox("Output-1594692482", this, "Show output", "Hide output");'>Show output</a>

<a href="#Output-1594692482" onClick="toggleAllBoxes();">Show all outputs</a>
<div class='log' id="Output-1594692482">
About to begin executing following method : BookMajorSingleTests.CreateLook3<br/>
Completed executing following method : BookMajorSingleTests.CreateLook3<br/>
About to Success executing Suite CreateLook3<br/>
Test Method resides in WishiTests.BookMajorSingleTests<br/>
Test Status: Pass<br/>
About to Success executing Suite CreateLook3<br/>
Test Method resides in WishiTests.BookMajorSingleTests<br/>
Test Status: Pass<br/>
</div>
</td>
<td></td>
<td>49</td>
<td>WishiTests.BookMajorSingleTests@44f75083</td></tr>
<tr>
<td title='WishiTests.BookMajorSingleTests.CreateLook4()'><b>CreateLook4</b><br>Test class: WishiTests.BookMajorSingleTests<br/>
<a href="#Output-1986069179" onClick='toggleBox("Output-1986069179", this, "Show output", "Hide output");'>Show output</a>

<a href="#Output-1986069179" onClick="toggleAllBoxes();">Show all outputs</a>
<div class='log' id="Output-1986069179">
About to begin executing following method : BookMajorSingleTests.CreateLook4<br/>
Completed executing following method : BookMajorSingleTests.CreateLook4<br/>
About to Success executing Suite CreateLook4<br/>
Test Method resides in WishiTests.BookMajorSingleTests<br/>
Test Status: Pass<br/>
About to Success executing Suite CreateLook4<br/>
Test Method resides in WishiTests.BookMajorSingleTests<br/>
Test Status: Pass<br/>
</div>
</td>
<td></td>
<td>50</td>
<td>WishiTests.BookMajorSingleTests@44f75083</td></tr>
<tr>
<td title='WishiTests.BookMajorSingleTests.CreateLook5()'><b>CreateLook5</b><br>Test class: WishiTests.BookMajorSingleTests<br/>
<a href="#Output-429969299" onClick='toggleBox("Output-429969299", this, "Show output", "Hide output");'>Show output</a>

<a href="#Output-429969299" onClick="toggleAllBoxes();">Show all outputs</a>
<div class='log' id="Output-429969299">
About to begin executing following method : BookMajorSingleTests.CreateLook5<br/>
Completed executing following method : BookMajorSingleTests.CreateLook5<br/>
About to Success executing Suite CreateLook5<br/>
Test Method resides in WishiTests.BookMajorSingleTests<br/>
Test Status: Pass<br/>
About to Success executing Suite CreateLook5<br/>
Test Method resides in WishiTests.BookMajorSingleTests<br/>
Test Status: Pass<br/>
</div>
</td>
<td></td>
<td>49</td>
<td>WishiTests.BookMajorSingleTests@44f75083</td></tr>
<tr>
<td title='WishiTests.BookMajorSingleTests.CreateMoodBoard()'><b>CreateMoodBoard</b><br>Test class: WishiTests.BookMajorSingleTests<br/>
<a href="#Output-1031696743" onClick='toggleBox("Output-1031696743", this, "Show output", "Hide output");'>Show output</a>

<a href="#Output-1031696743" onClick="toggleAllBoxes();">Show all outputs</a>
<div class='log' id="Output-1031696743">
About to begin executing following method : BookMajorSingleTests.CreateMoodBoard<br/>
Completed executing following method : BookMajorSingleTests.CreateMoodBoard<br/>
About to Success executing Suite CreateMoodBoard<br/>
Test Method resides in WishiTests.BookMajorSingleTests<br/>
Test Status: Pass<br/>
About to Success executing Suite CreateMoodBoard<br/>
Test Method resides in WishiTests.BookMajorSingleTests<br/>
Test Status: Pass<br/>
</div>
</td>
<td></td>
<td>39</td>
<td>WishiTests.BookMajorSingleTests@44f75083</td></tr>
<tr>
<td title='WishiTests.BookMajorSingleTests.CreatePS()'><b>CreatePS</b><br>Test class: WishiTests.BookMajorSingleTests<br/>
<a href="#Output-603777746" onClick='toggleBox("Output-603777746", this, "Show output", "Hide output");'>Show output</a>

<a href="#Output-603777746" onClick="toggleAllBoxes();">Show all outputs</a>
<div class='log' id="Output-603777746">
About to begin executing following method : BookMajorSingleTests.CreatePS<br/>
Completed executing following method : BookMajorSingleTests.CreatePS<br/>
About to Success executing Suite CreatePS<br/>
Test Method resides in WishiTests.BookMajorSingleTests<br/>
Test Status: Pass<br/>
About to Success executing Suite CreatePS<br/>
Test Method resides in WishiTests.BookMajorSingleTests<br/>
Test Status: Pass<br/>
</div>
</td>
<td></td>
<td>49</td>
<td>WishiTests.BookMajorSingleTests@44f75083</td></tr>
<tr>
<td title='WishiTests.BookMajorSingleTests.LoginAsClient()'><b>LoginAsClient</b><br>Test class: WishiTests.BookMajorSingleTests<br/>
<a href="#Output-1109320940" onClick='toggleBox("Output-1109320940", this, "Show output", "Hide output");'>Show output</a>

<a href="#Output-1109320940" onClick="toggleAllBoxes();">Show all outputs</a>
<div class='log' id="Output-1109320940">
About to begin executing following method : BookMajorSingleTests.LoginAsClient<br/>
Completed executing following method : BookMajorSingleTests.LoginAsClient<br/>
About to Success executing Suite LoginAsClient<br/>
Test Method resides in WishiTests.BookMajorSingleTests<br/>
Test Status: Pass<br/>
About to Success executing Suite LoginAsClient<br/>
Test Method resides in WishiTests.BookMajorSingleTests<br/>
Test Status: Pass<br/>
</div>
</td>
<td></td>
<td>10</td>
<td>WishiTests.BookMajorSingleTests@44f75083</td></tr>
<tr>
<td title='WishiTests.BookMajorSingleTests.LoginAsStylist()'><b>LoginAsStylist</b><br>Test class: WishiTests.BookMajorSingleTests<br/>
<a href="#Output-992902072" onClick='toggleBox("Output-992902072", this, "Show output", "Hide output");'>Show output</a>

<a href="#Output-992902072" onClick="toggleAllBoxes();">Show all outputs</a>
<div class='log' id="Output-992902072">
About to begin executing following method : BookMajorSingleTests.LoginAsStylist<br/>
Completed executing following method : BookMajorSingleTests.LoginAsStylist<br/>
About to Success executing Suite LoginAsStylist<br/>
Test Method resides in WishiTests.BookMajorSingleTests<br/>
Test Status: Pass<br/>
About to Success executing Suite LoginAsStylist<br/>
Test Method resides in WishiTests.BookMajorSingleTests<br/>
Test Status: Pass<br/>
</div>
</td>
<td></td>
<td>13</td>
<td>WishiTests.BookMajorSingleTests@44f75083</td></tr>
<tr>
<td title='WishiTests.BookMajorSingleTests.VerifyLook1()'><b>VerifyLook1</b><br>Test class: WishiTests.BookMajorSingleTests<br/>
<a href="#Output-40478645" onClick='toggleBox("Output-40478645", this, "Show output", "Hide output");'>Show output</a>

<a href="#Output-40478645" onClick="toggleAllBoxes();">Show all outputs</a>
<div class='log' id="Output-40478645">
About to begin executing following method : BookMajorSingleTests.VerifyLook1<br/>
Completed executing following method : BookMajorSingleTests.VerifyLook1<br/>
About to Success executing Suite VerifyLook1<br/>
Test Method resides in WishiTests.BookMajorSingleTests<br/>
Test Status: Pass<br/>
About to Success executing Suite VerifyLook1<br/>
Test Method resides in WishiTests.BookMajorSingleTests<br/>
Test Status: Pass<br/>
</div>
</td>
<td></td>
<td>16</td>
<td>WishiTests.BookMajorSingleTests@44f75083</td></tr>
<tr>
<td title='WishiTests.BookMajorSingleTests.VerifyLook2()'><b>VerifyLook2</b><br>Test class: WishiTests.BookMajorSingleTests<br/>
<a href="#Output-534965117" onClick='toggleBox("Output-534965117", this, "Show output", "Hide output");'>Show output</a>

<a href="#Output-534965117" onClick="toggleAllBoxes();">Show all outputs</a>
<div class='log' id="Output-534965117">
About to begin executing following method : BookMajorSingleTests.VerifyLook2<br/>
Completed executing following method : BookMajorSingleTests.VerifyLook2<br/>
About to Success executing Suite VerifyLook2<br/>
Test Method resides in WishiTests.BookMajorSingleTests<br/>
Test Status: Pass<br/>
About to Success executing Suite VerifyLook2<br/>
Test Method resides in WishiTests.BookMajorSingleTests<br/>
Test Status: Pass<br/>
</div>
</td>
<td></td>
<td>15</td>
<td>WishiTests.BookMajorSingleTests@44f75083</td></tr>
<tr>
<td title='WishiTests.BookMajorSingleTests.VerifyLook3()'><b>VerifyLook3</b><br>Test class: WishiTests.BookMajorSingleTests<br/>
<a href="#Output-2055120401" onClick='toggleBox("Output-2055120401", this, "Show output", "Hide output");'>Show output</a>

<a href="#Output-2055120401" onClick="toggleAllBoxes();">Show all outputs</a>
<div class='log' id="Output-2055120401">
About to begin executing following method : BookMajorSingleTests.VerifyLook3<br/>
Completed executing following method : BookMajorSingleTests.VerifyLook3<br/>
About to Success executing Suite VerifyLook3<br/>
Test Method resides in WishiTests.BookMajorSingleTests<br/>
Test Status: Pass<br/>
About to Success executing Suite VerifyLook3<br/>
Test Method resides in WishiTests.BookMajorSingleTests<br/>
Test Status: Pass<br/>
</div>
</td>
<td></td>
<td>17</td>
<td>WishiTests.BookMajorSingleTests@44f75083</td></tr>
<tr>
<td title='WishiTests.BookMajorSingleTests.VerifyLook4()'><b>VerifyLook4</b><br>Test class: WishiTests.BookMajorSingleTests<br/>
<a href="#Output-1570726501" onClick='toggleBox("Output-1570726501", this, "Show output", "Hide output");'>Show output</a>

<a href="#Output-1570726501" onClick="toggleAllBoxes();">Show all outputs</a>
<div class='log' id="Output-1570726501">
About to begin executing following method : BookMajorSingleTests.VerifyLook4<br/>
Completed executing following method : BookMajorSingleTests.VerifyLook4<br/>
About to Success executing Suite VerifyLook4<br/>
Test Method resides in WishiTests.BookMajorSingleTests<br/>
Test Status: Pass<br/>
About to Success executing Suite VerifyLook4<br/>
Test Method resides in WishiTests.BookMajorSingleTests<br/>
Test Status: Pass<br/>
</div>
</td>
<td></td>
<td>16</td>
<td>WishiTests.BookMajorSingleTests@44f75083</td></tr>
<tr>
<td title='WishiTests.BookMajorSingleTests.VerifyLook5()'><b>VerifyLook5</b><br>Test class: WishiTests.BookMajorSingleTests<br/>
<a href="#Output-905311792" onClick='toggleBox("Output-905311792", this, "Show output", "Hide output");'>Show output</a>

<a href="#Output-905311792" onClick="toggleAllBoxes();">Show all outputs</a>
<div class='log' id="Output-905311792">
About to begin executing following method : BookMajorSingleTests.VerifyLook5<br/>
Completed executing following method : BookMajorSingleTests.VerifyLook5<br/>
About to Success executing Suite VerifyLook5<br/>
Test Method resides in WishiTests.BookMajorSingleTests<br/>
Test Status: Pass<br/>
About to Success executing Suite VerifyLook5<br/>
Test Method resides in WishiTests.BookMajorSingleTests<br/>
Test Status: Pass<br/>
</div>
</td>
<td></td>
<td>16</td>
<td>WishiTests.BookMajorSingleTests@44f75083</td></tr>
<tr>
<td title='WishiTests.BookMajorSingleTests.VerifyMoodBoard()'><b>VerifyMoodBoard</b><br>Test class: WishiTests.BookMajorSingleTests<br/>
<a href="#Output-2409680" onClick='toggleBox("Output-2409680", this, "Show output", "Hide output");'>Show output</a>

<a href="#Output-2409680" onClick="toggleAllBoxes();">Show all outputs</a>
<div class='log' id="Output-2409680">
About to begin executing following method : BookMajorSingleTests.VerifyMoodBoard<br/>
Completed executing following method : BookMajorSingleTests.VerifyMoodBoard<br/>
About to Success executing Suite VerifyMoodBoard<br/>
Test Method resides in WishiTests.BookMajorSingleTests<br/>
Test Status: Pass<br/>
About to Success executing Suite VerifyMoodBoard<br/>
Test Method resides in WishiTests.BookMajorSingleTests<br/>
Test Status: Pass<br/>
</div>
</td>
<td></td>
<td>16</td>
<td>WishiTests.BookMajorSingleTests@44f75083</td></tr>
</table><p>
</body>
</html>