<?xml version="1.0" encoding="UTF-8"?>
<!-- Generated by org.testng.reporters.JUnitXMLReporter -->
<testsuite hostname="yinons-MBP-2" ignored="0" name="BookMajotSubTests" tests="4" failures="1" timestamp="16 Jul 2019 14:55:13 GMT" time="333.525" errors="0">
  <testcase name="LoginAsClient" time="10.422" classname="WishiTests.BookMajotSubTests"/>
  <testcase name="CheckOutSession" time="37.3" classname="WishiTests.BookMajotSubTests"/>
  <testcase name="LoginAsStylist" time="13.111" classname="WishiTests.BookMajotSubTests"/>
  <testcase name="CreateMoodBoard" time="120.064" classname="WishiTests.BookMajotSubTests">
    <failure type="org.openqa.selenium.TimeoutException" message="Expected condition failed: waiting for presence of element located by: By.xpath: (//button[@class=&amp;apos;create-look-btn ng-scope cta-btn big&amp;apos;])[1] (tried for 60 second(s) with 500 milliseconds interval)">
      <![CDATA[org.openqa.selenium.TimeoutException: Expected condition failed: waiting for presence of element located by: By.xpath: (//button[@class='create-look-btn ng-scope cta-btn big'])[1] (tried for 60 second(s) with 500 milliseconds interval)
at org.openqa.selenium.support.ui.WebDriverWait.timeoutException(WebDriverWait.java:81)
at org.openqa.selenium.support.ui.FluentWait.until(FluentWait.java:271)
at PageObject.BasePage.WaitElementDisplay(BasePage.java:79)
at WishiTests.BookMajotSubTests.CreateMoodBoard(BookMajotSubTests.java:75)
Caused by: org.openqa.selenium.NoSuchElementException: Cannot locate an element using By.xpath: (//button[@class='create-look-btn ng-scope cta-btn big'])[1]
For documentation on this error, please visit: http://seleniumhq.org/exceptions/no_such_element.html
Build info: version: '3.13.0', revision: '2f0d292', time: '2018-06-25T15:32:14.902Z'
System info: host: 'yinons-MBP-2', ip: 'fe80:0:0:0:1859:f7e2:5107:fd49%en0', os.name: 'Mac OS X', os.arch: 'x86_64', os.version: '10.14.5', java.version: '1.8.0_151'
Driver info: driver.version: unknown
at org.openqa.selenium.support.ui.ExpectedConditions.lambda$findElement$0(ExpectedConditions.java:896)
at java.util.Optional.orElseThrow(Optional.java:290)
at org.openqa.selenium.support.ui.ExpectedConditions.findElement(ExpectedConditions.java:895)
at org.openqa.selenium.support.ui.ExpectedConditions.access$000(ExpectedConditions.java:44)
at org.openqa.selenium.support.ui.ExpectedConditions$6.apply(ExpectedConditions.java:183)
at org.openqa.selenium.support.ui.ExpectedConditions$6.apply(ExpectedConditions.java:180)
at org.openqa.selenium.support.ui.FluentWait.until(FluentWait.java:248)
... 27 more
... Removed 25 stack frames]]>
    </failure>
  </testcase> <!-- CreateMoodBoard -->
</testsuite> <!-- BookMajotSubTests -->
