<?xml version="1.0" encoding="UTF-8"?>
<!-- Generated by org.testng.reporters.JUnitXMLReporter -->
<testsuite hostname="yinons-MBP-2" ignored="0" name="BookMajorSingleTests" tests="20" failures="1" timestamp="20 Jun 2019 13:35:50 GMT" time="700.958" errors="0">
  <testcase name="LoginAsClient" time="10.453" classname="WishiTests.BookMajorSingleTests"/>
  <testcase name="CheckOutSession" time="29.902" classname="WishiTests.BookMajorSingleTests"/>
  <testcase name="LoginAsStylist" time="13.115" classname="WishiTests.BookMajorSingleTests"/>
  <testcase name="CreateMoodBoard" time="39.838" classname="WishiTests.BookMajorSingleTests"/>
  <testcase name="VerifyMoodBoard" time="16.231" classname="WishiTests.BookMajorSingleTests"/>
  <testcase name="CreatePS" time="49.469" classname="WishiTests.BookMajorSingleTests"/>
  <testcase name="AskRevise" time="16.428" classname="WishiTests.BookMajorSingleTests"/>
  <testcase name="CreateLook1" time="49.794" classname="WishiTests.BookMajorSingleTests"/>
  <testcase name="VerifyLook1" time="16.806" classname="WishiTests.BookMajorSingleTests"/>
  <testcase name="CreateLook2" time="50.312" classname="WishiTests.BookMajorSingleTests"/>
  <testcase name="VerifyLook2" time="15.287" classname="WishiTests.BookMajorSingleTests"/>
  <testcase name="CreateLook3" time="49.354" classname="WishiTests.BookMajorSingleTests"/>
  <testcase name="VerifyLook3" time="17.251" classname="WishiTests.BookMajorSingleTests"/>
  <testcase name="CreateLook4" time="50.562" classname="WishiTests.BookMajorSingleTests"/>
  <testcase name="VerifyLook4" time="16.702" classname="WishiTests.BookMajorSingleTests"/>
  <testcase name="CreateLook5" time="49.91" classname="WishiTests.BookMajorSingleTests"/>
  <testcase name="VerifyLook5" time="16.633" classname="WishiTests.BookMajorSingleTests"/>
  <testcase name="AskEndSession" time="14.611" classname="WishiTests.BookMajorSingleTests"/>
  <testcase name="ClientEndSession" time="25.577" classname="WishiTests.BookMajorSingleTests"/>
  <testcase name="VerifyEndSession" time="131.408" classname="WishiTests.BookMajorSingleTests">
    <failure type="org.openqa.selenium.NoSuchElementException" message="no such element: Unable to locate element: {&amp;quot;method&amp;quot;:&amp;quot;xpath&amp;quot;,&amp;quot;selector&amp;quot;:&amp;quot;(//p[text()[contains(.,&amp;apos;thanks for booking me, you were a pleasure to work with!&amp;apos;)]])[1]&amp;quot;}
  (Session info: chrome=74.0.3729.169)
  (Driver info: chromedriver=2.43.600229 (3fae4d0cda5334b4f533bede5a4787f7b832d052),platform=Mac OS X 10.13.6 x86_64) (WARNING: The server did not provide any stacktrace information)
Command duration or timeout: 0 milliseconds
For documentation on this error, please visit: http://seleniumhq.org/exceptions/no_such_element.html
Build info: version: &amp;apos;3.13.0&amp;apos;, revision: &amp;apos;2f0d292&amp;apos;, time: &amp;apos;2018-06-25T15:32:14.902Z&amp;apos;
System info: host: &amp;apos;yinons-MBP-2&amp;apos;, ip: &amp;apos;10.0.0.17&amp;apos;, os.name: &amp;apos;Mac OS X&amp;apos;, os.arch: &amp;apos;x86_64&amp;apos;, os.version: &amp;apos;10.13.6&amp;apos;, java.version: &amp;apos;1.8.0_151&amp;apos;
Driver info: org.openqa.selenium.chrome.ChromeDriver
Capabilities {acceptInsecureCerts: false, acceptSslCerts: false, applicationCacheEnabled: false, browserConnectionEnabled: false, browserName: chrome, chrome: {chromedriverVersion: 2.43.600229 (3fae4d0cda5334..., userDataDir: /var/folders/xz/jk5hy2jd3sb...}, cssSelectorsEnabled: true, databaseEnabled: false, goog:chromeOptions: {debuggerAddress: localhost:58096}, handlesAlerts: true, hasTouchScreen: false, javascriptEnabled: true, locationContextEnabled: true, mobileEmulationEnabled: false, nativeEvents: true, networkConnectionEnabled: false, pageLoadStrategy: normal, platform: MAC, platformName: MAC, rotatable: false, setWindowRect: true, takesHeapSnapshot: true, takesScreenshot: true, unexpectedAlertBehaviour: , unhandledPromptBehavior: , version: 74.0.3729.169, webStorageEnabled: true}
Session ID: 4f33037e0840891a341153d064f56010
*** Element info: {Using=xpath, value=(//p[text()[contains(.,&amp;apos;thanks for booking me, you were a pleasure to work with!&amp;apos;)]])[1]}">
      <![CDATA[org.openqa.selenium.NoSuchElementException: no such element: Unable to locate element: {"method":"xpath","selector":"(//p[text()[contains(.,'thanks for booking me, you were a pleasure to work with!')]])[1]"}
  (Session info: chrome=74.0.3729.169)
  (Driver info: chromedriver=2.43.600229 (3fae4d0cda5334b4f533bede5a4787f7b832d052),platform=Mac OS X 10.13.6 x86_64) (WARNING: The server did not provide any stacktrace information)
Command duration or timeout: 0 milliseconds
For documentation on this error, please visit: http://seleniumhq.org/exceptions/no_such_element.html
Build info: version: '3.13.0', revision: '2f0d292', time: '2018-06-25T15:32:14.902Z'
System info: host: 'yinons-MBP-2', ip: '10.0.0.17', os.name: 'Mac OS X', os.arch: 'x86_64', os.version: '10.13.6', java.version: '1.8.0_151'
Driver info: org.openqa.selenium.chrome.ChromeDriver
Capabilities {acceptInsecureCerts: false, acceptSslCerts: false, applicationCacheEnabled: false, browserConnectionEnabled: false, browserName: chrome, chrome: {chromedriverVersion: 2.43.600229 (3fae4d0cda5334..., userDataDir: /var/folders/xz/jk5hy2jd3sb...}, cssSelectorsEnabled: true, databaseEnabled: false, goog:chromeOptions: {debuggerAddress: localhost:58096}, handlesAlerts: true, hasTouchScreen: false, javascriptEnabled: true, locationContextEnabled: true, mobileEmulationEnabled: false, nativeEvents: true, networkConnectionEnabled: false, pageLoadStrategy: normal, platform: MAC, platformName: MAC, rotatable: false, setWindowRect: true, takesHeapSnapshot: true, takesScreenshot: true, unexpectedAlertBehaviour: , unhandledPromptBehavior: , version: 74.0.3729.169, webStorageEnabled: true}
Session ID: 4f33037e0840891a341153d064f56010
*** Element info: {Using=xpath, value=(//p[text()[contains(.,'thanks for booking me, you were a pleasure to work with!')]])[1]}
at org.openqa.selenium.remote.ErrorHandler.createThrowable(ErrorHandler.java:214)
at org.openqa.selenium.remote.ErrorHandler.throwIfResponseFailed(ErrorHandler.java:166)
at org.openqa.selenium.remote.http.JsonHttpResponseCodec.reconstructValue(JsonHttpResponseCodec.java:40)
at org.openqa.selenium.remote.http.AbstractHttpResponseCodec.decode(AbstractHttpResponseCodec.java:80)
at org.openqa.selenium.remote.http.AbstractHttpResponseCodec.decode(AbstractHttpResponseCodec.java:44)
at org.openqa.selenium.remote.HttpCommandExecutor.execute(HttpCommandExecutor.java:158)
at org.openqa.selenium.remote.service.DriverCommandExecutor.execute(DriverCommandExecutor.java:83)
at org.openqa.selenium.remote.RemoteWebDriver.execute(RemoteWebDriver.java:548)
at org.openqa.selenium.remote.RemoteWebDriver.findElement(RemoteWebDriver.java:322)
at org.openqa.selenium.remote.RemoteWebDriver.findElementByXPath(RemoteWebDriver.java:424)
at org.openqa.selenium.By$ByXPath.findElement(By.java:353)
at org.openqa.selenium.remote.RemoteWebDriver.findElement(RemoteWebDriver.java:314)
at PageObject.BasePage.ElementDisplay(BasePage.java:122)
at WishiTests.BookMajorSingleTests.VerifyEndSession(BookMajorSingleTests.java:626)
... Removed 29 stack frames]]>
    </failure>
  </testcase> <!-- VerifyEndSession -->
</testsuite> <!-- BookMajorSingleTests -->
