<?xml version="1.0" encoding="UTF-8"?>
<!-- Generated by org.testng.reporters.JUnitXMLReporter -->
<testsuite hostname="yinons-MBP-2" ignored="0" name="Login" tests="7" failures="1" timestamp="20 Jun 2019 13:07:12 GMT" time="50.82" errors="0">
  <testcase name="LoginClickable" time="3.113" classname="WishiTests.LoginTest"/>
  <testcase name="FillPasswordWithOutToFillEmail" time="1.613" classname="WishiTests.LoginTest"/>
  <testcase name="FillEmailWithOutToFillPassword" time="0.31" classname="WishiTests.LoginTest">
    <failure type="java.lang.AssertionError" message="expected [true] but found [false]">
      <![CDATA[java.lang.AssertionError: expected [true] but found [false]
at WishiTests.LoginTest.FillEmailWithOutToFillPassword(LoginTest.java:71)
... Removed 29 stack frames]]>
    </failure>
  </testcase> <!-- FillEmailWithOutToFillPassword -->
  <testcase name="ClickLoginwWithOutToFillAnyFields" time="1.453" classname="WishiTests.LoginTest"/>
  <testcase name="FillCorrectEmailWithWrongPassword" time="2.348" classname="WishiTests.LoginTest"/>
  <testcase name="FillCorrectPasswordWithWrongEmail" time="2.439" classname="WishiTests.LoginTest"/>
  <testcase name="DoLogin" time="13.85" classname="WishiTests.LoginTest"/>
</testsuite> <!-- Login -->
