<?xml version="1.0" encoding="UTF-8"?>
<!-- Generated by org.testng.reporters.JUnitXMLReporter -->
<testsuite hostname="LAPTOP-2ER69HLS" ignored="0" name="qwizTests" tests="16" failures="0" timestamp="20 Dec 2017 16:17:07 GMT" time="1.036" errors="0">
  <testcase name="@BeforeTest setup" time="1.011" classname="Tests.BaseTest">
    <failure type="org.openqa.selenium.WebDriverException" message="Connection refused: connect
Build info: version: &amp;apos;3.6.0&amp;apos;, revision: &amp;apos;6fbf3ec767&amp;apos;, time: &amp;apos;2017-09-27T16:15:26.402Z&amp;apos;
System info: host: &amp;apos;LAPTOP-2ER69HLS&amp;apos;, ip: &amp;apos;192.168.0.123&amp;apos;, os.name: &amp;apos;Windows 10&amp;apos;, os.arch: &amp;apos;amd64&amp;apos;, os.version: &amp;apos;10.0&amp;apos;, java.version: &amp;apos;1.8.0_131&amp;apos;
Driver info: driver.version: AndroidDriver">
      <![CDATA[org.openqa.selenium.WebDriverException: Connection refused: connect
Build info: version: '3.6.0', revision: '6fbf3ec767', time: '2017-09-27T16:15:26.402Z'
System info: host: 'LAPTOP-2ER69HLS', ip: '192.168.0.123', os.name: 'Windows 10', os.arch: 'amd64', os.version: '10.0', java.version: '1.8.0_131'
Driver info: driver.version: AndroidDriver
	at io.appium.java_client.remote.AppiumCommandExecutor.lambda$2(AppiumCommandExecutor.java:101)
	at java.util.Optional.orElseGet(Optional.java:267)
	at io.appium.java_client.remote.AppiumCommandExecutor.execute(AppiumCommandExecutor.java:100)
	at org.openqa.selenium.remote.RemoteWebDriver.execute(RemoteWebDriver.java:586)
	at io.appium.java_client.DefaultGenericMobileDriver.execute(DefaultGenericMobileDriver.java:42)
	at io.appium.java_client.AppiumDriver.execute(AppiumDriver.java:1)
	at io.appium.java_client.android.AndroidDriver.execute(AndroidDriver.java:1)
	at org.openqa.selenium.remote.RemoteWebDriver.startSession(RemoteWebDriver.java:217)
	at org.openqa.selenium.remote.RemoteWebDriver.<init>(RemoteWebDriver.java:140)
	at io.appium.java_client.DefaultGenericMobileDriver.<init>(DefaultGenericMobileDriver.java:38)
	at io.appium.java_client.AppiumDriver.<init>(AppiumDriver.java:83)
	at io.appium.java_client.AppiumDriver.<init>(AppiumDriver.java:93)
	at io.appium.java_client.android.AndroidDriver.<init>(AndroidDriver.java:72)
	at Tests.BaseTest.Capabilities(BaseTest.java:34)
	at Tests.BaseTest.setup(BaseTest.java:41)
Caused by: java.net.ConnectException: Connection refused: connect
	at java.net.DualStackPlainSocketImpl.waitForConnect(Native Method)
	at java.net.DualStackPlainSocketImpl.socketConnect(DualStackPlainSocketImpl.java:85)
	at java.net.AbstractPlainSocketImpl.doConnect(AbstractPlainSocketImpl.java:350)
	at java.net.AbstractPlainSocketImpl.connectToAddress(AbstractPlainSocketImpl.java:206)
	at java.net.AbstractPlainSocketImpl.connect(AbstractPlainSocketImpl.java:188)
	at java.net.PlainSocketImpl.connect(PlainSocketImpl.java:172)
	at java.net.SocksSocketImpl.connect(SocksSocketImpl.java:392)
	at java.net.Socket.connect(Socket.java:589)
	at org.apache.http.conn.socket.PlainConnectionSocketFactory.connectSocket(PlainConnectionSocketFactory.java:75)
	at org.apache.http.impl.conn.DefaultHttpClientConnectionOperator.connect(DefaultHttpClientConnectionOperator.java:142)
	at org.apache.http.impl.conn.PoolingHttpClientConnectionManager.connect(PoolingHttpClientConnectionManager.java:359)
	at org.apache.http.impl.execchain.MainClientExec.establishRoute(MainClientExec.java:381)
	at org.apache.http.impl.execchain.MainClientExec.execute(MainClientExec.java:237)
	at org.apache.http.impl.execchain.ProtocolExec.execute(ProtocolExec.java:185)
	at org.apache.http.impl.execchain.RetryExec.execute(RetryExec.java:89)
	at org.apache.http.impl.execchain.RedirectExec.execute(RedirectExec.java:111)
	at org.apache.http.impl.client.InternalHttpClient.doExecute(InternalHttpClient.java:185)
	at org.apache.http.impl.client.CloseableHttpClient.execute(CloseableHttpClient.java:72)
	at org.apache.http.impl.client.CloseableHttpClient.execute(CloseableHttpClient.java:56)
	at org.openqa.selenium.remote.internal.ApacheHttpClient.fallBackExecute(ApacheHttpClient.java:138)
	at org.openqa.selenium.remote.internal.ApacheHttpClient.execute(ApacheHttpClient.java:86)
	at org.openqa.selenium.remote.ProtocolHandshake.createSession(ProtocolHandshake.java:337)
	at org.openqa.selenium.remote.ProtocolHandshake.createSession(ProtocolHandshake.java:136)
	at org.openqa.selenium.remote.HttpCommandExecutor.execute(HttpCommandExecutor.java:142)
	at io.appium.java_client.remote.AppiumCommandExecutor.execute(AppiumCommandExecutor.java:89)
	... 35 more
... Removed 23 stack frames]]>
    </failure>
  </testcase> <!-- @BeforeTest setup -->
  <testcase name="DoSignUp" time="0.0" classname="Tests.qwizTests">
    <skipped/>
  </testcase> <!-- DoSignUp -->
  <testcase name="CheckOutSession" time="0.0" classname="Tests.qwizTests">
    <skipped/>
  </testcase> <!-- CheckOutSession -->
  <testcase name="SelectEvent" time="0.0" classname="Tests.qwizTests">
    <skipped/>
  </testcase> <!-- SelectEvent -->
  <testcase name="SelectBodyType" time="0.0" classname="Tests.qwizTests">
    <skipped/>
  </testcase> <!-- SelectBodyType -->
  <testcase name="SelectHeight" time="0.0" classname="Tests.qwizTests">
    <skipped/>
  </testcase> <!-- SelectHeight -->
  <testcase name="SelectColors" time="0.0" classname="Tests.qwizTests">
    <skipped/>
  </testcase> <!-- SelectColors -->
  <testcase name="SelectHighlight" time="0.0" classname="Tests.qwizTests">
    <skipped/>
  </testcase> <!-- SelectHighlight -->
  <testcase name="SelectClothingPreferences" time="0.0" classname="Tests.qwizTests">
    <skipped/>
  </testcase> <!-- SelectClothingPreferences -->
  <testcase name="SelectHeels" time="0.0" classname="Tests.qwizTests">
    <skipped/>
  </testcase> <!-- SelectHeels -->
  <testcase name="SelectFabrics" time="0.0" classname="Tests.qwizTests">
    <skipped/>
  </testcase> <!-- SelectFabrics -->
  <testcase name="SelectPrints" time="0.0" classname="Tests.qwizTests">
    <skipped/>
  </testcase> <!-- SelectPrints -->
  <testcase name="SelectSize" time="0.0" classname="Tests.qwizTests">
    <skipped/>
  </testcase> <!-- SelectSize -->
  <testcase name="SelectComfortZone" time="0.001" classname="Tests.qwizTests">
    <skipped/>
  </testcase> <!-- SelectComfortZone -->
  <testcase name="SelectJEWELRY" time="0.0" classname="Tests.qwizTests">
    <skipped/>
  </testcase> <!-- SelectJEWELRY -->
  <testcase name="SelectBrands" time="0.0" classname="Tests.qwizTests">
    <skipped/>
  </testcase> <!-- SelectBrands -->
  <testcase name="SelectInventory" time="0.0" classname="Tests.qwizTests">
    <skipped/>
  </testcase> <!-- SelectInventory -->
</testsuite> <!-- qwizTests -->
